[0.069s] Invoking command in '/home/aisd/RL_lab5/create3_ws/build/irobot_create_ignition_plugins': CMAKE_PREFIX_PATH=${CMAKE_PREFIX_PATH}:/opt/ros/humble /usr/bin/cmake --build /home/aisd/RL_lab5/create3_ws/build/irobot_create_ignition_plugins -- -j4 -l4
[0.238s] [ 16%] [34m[1mAutomatic MOC for target Create3Hmi[0m
[0.256s] [ 16%] Built target Create3Hmi_autogen
[0.292s] [35m[1mConsolidate compiler generated dependencies of target Create3Hmi[0m
[0.358s] [100%] Built target Create3Hmi
[0.417s] Invoked command in '/home/aisd/RL_lab5/create3_ws/build/irobot_create_ignition_plugins' returned '0': CMAKE_PREFIX_PATH=${CMAKE_PREFIX_PATH}:/opt/ros/humble /usr/bin/cmake --build /home/aisd/RL_lab5/create3_ws/build/irobot_create_ignition_plugins -- -j4 -l4
[0.420s] Invoking command in '/home/aisd/RL_lab5/create3_ws/build/irobot_create_ignition_plugins': CMAKE_PREFIX_PATH=${CMAKE_PREFIX_PATH}:/opt/ros/humble /usr/bin/cmake --install /home/aisd/RL_lab5/create3_ws/build/irobot_create_ignition_plugins
[0.436s] -- Install configuration: ""
[0.437s] -- Execute custom install script
[0.437s] -- Up-to-date symlink: /home/aisd/RL_lab5/create3_ws/install/irobot_create_ignition_plugins/share/irobot_create_ignition_plugins/lib/libCreate3Hmi.so
[0.438s] -- Up-to-date symlink: /home/aisd/RL_lab5/create3_ws/install/irobot_create_ignition_plugins/share/ament_index/resource_index/package_run_dependencies/irobot_create_ignition_plugins
[0.438s] -- Up-to-date symlink: /home/aisd/RL_lab5/create3_ws/install/irobot_create_ignition_plugins/share/ament_index/resource_index/parent_prefix_path/irobot_create_ignition_plugins
[0.438s] -- Up-to-date symlink: /home/aisd/RL_lab5/create3_ws/install/irobot_create_ignition_plugins/share/irobot_create_ignition_plugins/environment/ament_prefix_path.sh
[0.439s] -- Up-to-date symlink: /home/aisd/RL_lab5/create3_ws/install/irobot_create_ignition_plugins/share/irobot_create_ignition_plugins/environment/ament_prefix_path.dsv
[0.439s] -- Up-to-date symlink: /home/aisd/RL_lab5/create3_ws/install/irobot_create_ignition_plugins/share/irobot_create_ignition_plugins/environment/path.sh
[0.442s] -- Up-to-date symlink: /home/aisd/RL_lab5/create3_ws/install/irobot_create_ignition_plugins/share/irobot_create_ignition_plugins/environment/path.dsv
[0.442s] -- Up-to-date symlink: /home/aisd/RL_lab5/create3_ws/install/irobot_create_ignition_plugins/share/irobot_create_ignition_plugins/local_setup.bash
[0.442s] -- Up-to-date symlink: /home/aisd/RL_lab5/create3_ws/install/irobot_create_ignition_plugins/share/irobot_create_ignition_plugins/local_setup.sh
[0.442s] -- Up-to-date symlink: /home/aisd/RL_lab5/create3_ws/install/irobot_create_ignition_plugins/share/irobot_create_ignition_plugins/local_setup.zsh
[0.442s] -- Up-to-date symlink: /home/aisd/RL_lab5/create3_ws/install/irobot_create_ignition_plugins/share/irobot_create_ignition_plugins/local_setup.dsv
[0.443s] -- Symlinking: /home/aisd/RL_lab5/create3_ws/install/irobot_create_ignition_plugins/share/irobot_create_ignition_plugins/package.dsv
[0.471s] -- Up-to-date symlink: /home/aisd/RL_lab5/create3_ws/install/irobot_create_ignition_plugins/share/ament_index/resource_index/packages/irobot_create_ignition_plugins
[0.471s] -- Up-to-date symlink: /home/aisd/RL_lab5/create3_ws/install/irobot_create_ignition_plugins/share/irobot_create_ignition_plugins/cmake/irobot_create_ignition_pluginsConfig.cmake
[0.471s] -- Up-to-date symlink: /home/aisd/RL_lab5/create3_ws/install/irobot_create_ignition_plugins/share/irobot_create_ignition_plugins/cmake/irobot_create_ignition_pluginsConfig-version.cmake
[0.472s] -- Up-to-date symlink: /home/aisd/RL_lab5/create3_ws/install/irobot_create_ignition_plugins/share/irobot_create_ignition_plugins/package.xml
[0.479s] Invoked command in '/home/aisd/RL_lab5/create3_ws/build/irobot_create_ignition_plugins' returned '0': CMAKE_PREFIX_PATH=${CMAKE_PREFIX_PATH}:/opt/ros/humble /usr/bin/cmake --install /home/aisd/RL_lab5/create3_ws/build/irobot_create_ignition_plugins
