[0.090s] Invoking command in '/home/aisd/RL_lab5/build/irobot_create_control': CMAKE_PREFIX_PATH=${CMAKE_PREFIX_PATH}:/opt/ros/humble /usr/bin/cmake --build /home/aisd/RL_lab5/build/irobot_create_control -- -j4 -l4
[0.221s] Invoked command in '/home/aisd/RL_lab5/build/irobot_create_control' returned '0': CMAKE_PREFIX_PATH=${CMAKE_PREFIX_PATH}:/opt/ros/humble /usr/bin/cmake --build /home/aisd/RL_lab5/build/irobot_create_control -- -j4 -l4
[0.255s] Invoking command in '/home/aisd/RL_lab5/build/irobot_create_control': CMAKE_PREFIX_PATH=${CMAKE_PREFIX_PATH}:/opt/ros/humble /usr/bin/cmake --install /home/aisd/RL_lab5/build/irobot_create_control
[0.284s] -- Install configuration: ""
[0.284s] -- Up-to-date: /home/aisd/RL_lab5/install/irobot_create_control/share/irobot_create_control//launch
[0.285s] -- Up-to-date: /home/aisd/RL_lab5/install/irobot_create_control/share/irobot_create_control//launch/include
[0.285s] -- Up-to-date: /home/aisd/RL_lab5/install/irobot_create_control/share/irobot_create_control//launch/include/control.py
[0.285s] -- Up-to-date: /home/aisd/RL_lab5/install/irobot_create_control/share/irobot_create_control//config
[0.285s] -- Up-to-date: /home/aisd/RL_lab5/install/irobot_create_control/share/irobot_create_control//config/control.yaml
[0.285s] -- Up-to-date: /home/aisd/RL_lab5/install/irobot_create_control/share/ament_index/resource_index/package_run_dependencies/irobot_create_control
[0.285s] -- Up-to-date: /home/aisd/RL_lab5/install/irobot_create_control/share/ament_index/resource_index/parent_prefix_path/irobot_create_control
[0.285s] -- Up-to-date: /home/aisd/RL_lab5/install/irobot_create_control/share/irobot_create_control/environment/ament_prefix_path.sh
[0.286s] -- Up-to-date: /home/aisd/RL_lab5/install/irobot_create_control/share/irobot_create_control/environment/ament_prefix_path.dsv
[0.286s] -- Up-to-date: /home/aisd/RL_lab5/install/irobot_create_control/share/irobot_create_control/environment/path.sh
[0.286s] -- Up-to-date: /home/aisd/RL_lab5/install/irobot_create_control/share/irobot_create_control/environment/path.dsv
[0.286s] -- Up-to-date: /home/aisd/RL_lab5/install/irobot_create_control/share/irobot_create_control/local_setup.bash
[0.286s] -- Up-to-date: /home/aisd/RL_lab5/install/irobot_create_control/share/irobot_create_control/local_setup.sh
[0.286s] -- Up-to-date: /home/aisd/RL_lab5/install/irobot_create_control/share/irobot_create_control/local_setup.zsh
[0.286s] -- Up-to-date: /home/aisd/RL_lab5/install/irobot_create_control/share/irobot_create_control/local_setup.dsv
[0.290s] -- Up-to-date: /home/aisd/RL_lab5/install/irobot_create_control/share/irobot_create_control/package.dsv
[0.290s] -- Up-to-date: /home/aisd/RL_lab5/install/irobot_create_control/share/ament_index/resource_index/packages/irobot_create_control
[0.290s] -- Up-to-date: /home/aisd/RL_lab5/install/irobot_create_control/share/irobot_create_control/cmake/irobot_create_controlConfig.cmake
[0.290s] -- Up-to-date: /home/aisd/RL_lab5/install/irobot_create_control/share/irobot_create_control/cmake/irobot_create_controlConfig-version.cmake
[0.290s] -- Up-to-date: /home/aisd/RL_lab5/install/irobot_create_control/share/irobot_create_control/package.xml
[0.296s] Invoked command in '/home/aisd/RL_lab5/build/irobot_create_control' returned '0': CMAKE_PREFIX_PATH=${CMAKE_PREFIX_PATH}:/opt/ros/humble /usr/bin/cmake --install /home/aisd/RL_lab5/build/irobot_create_control
