[0.041s] Invoking command in '/home/aisd/RL_lab5/create3_ws/build/irobot_create_toolbox': CMAKE_PREFIX_PATH=${CMAKE_PREFIX_PATH}:/opt/ros/humble /usr/bin/cmake /home/aisd/RL_lab5/create3_ws/src/create3_sim/irobot_create_common/irobot_create_toolbox -DAMENT_CMAKE_SYMLINK_INSTALL=1 -DCMAKE_INSTALL_PREFIX=/home/aisd/RL_lab5/create3_ws/install/irobot_create_toolbox
[0.188s] -- The C compiler identification is GNU 11.4.0
[0.372s] -- The CXX compiler identification is GNU 11.4.0
[0.398s] -- Detecting C compiler ABI info
[0.558s] -- Detecting C compiler ABI info - done
[0.579s] -- Check for working C compiler: /usr/bin/cc - skipped
[0.580s] -- Detecting C compile features
[0.581s] -- Detecting C compile features - done
[0.587s] -- Detecting CXX compiler ABI info
[0.773s] -- Detecting CXX compiler ABI info - done
[0.818s] -- Check for working CXX compiler: /usr/bin/c++ - skipped
[0.818s] -- Detecting CXX compile features
[0.819s] -- Detecting CXX compile features - done
[0.845s] -- Found ament_cmake: 1.3.11 (/opt/ros/humble/share/ament_cmake/cmake)
[1.197s] -- Found Python3: /usr/bin/python3 (found version "3.10.12") found components: Interpreter 
[1.357s] -- Override CMake install command with custom implementation using symlinks instead of copying resources
[1.436s] -- Looking for ignition-math6 -- found version 6.15.1
[1.451s] -- Searching for dependencies of ignition-math6
[1.456s] -- Found rclcpp: 16.0.12 (/opt/ros/humble/share/rclcpp/cmake)
[1.566s] -- Found rosidl_generator_c: 3.1.6 (/opt/ros/humble/share/rosidl_generator_c/cmake)
[1.579s] -- Found rosidl_adapter: 3.1.6 (/opt/ros/humble/share/rosidl_adapter/cmake)
[1.608s] -- Found rosidl_generator_cpp: 3.1.6 (/opt/ros/humble/share/rosidl_generator_cpp/cmake)
[1.654s] -- Using all available rosidl_typesupport_c: rosidl_typesupport_fastrtps_c;rosidl_typesupport_introspection_c
[1.700s] -- Using all available rosidl_typesupport_cpp: rosidl_typesupport_fastrtps_cpp;rosidl_typesupport_introspection_cpp
[1.821s] -- Found rmw_implementation_cmake: 6.1.2 (/opt/ros/humble/share/rmw_implementation_cmake/cmake)
[1.829s] -- Found rmw_cyclonedds_cpp: 1.3.4 (/opt/ros/humble/share/rmw_cyclonedds_cpp/cmake)
[1.891s] -- Using RMW implementation 'rmw_cyclonedds_cpp' as default
[1.911s] -- Looking for pthread.h
[2.070s] -- Looking for pthread.h - found
[2.070s] -- Performing Test CMAKE_HAVE_LIBC_PTHREAD
[2.223s] -- Performing Test CMAKE_HAVE_LIBC_PTHREAD - Success
[2.224s] -- Found Threads: TRUE  
[2.372s] -- Found ament_lint_auto: 0.12.12 (/opt/ros/humble/share/ament_lint_auto/cmake)
[2.526s] -- Added test 'cppcheck' to perform static code analysis on C / C++ code
[2.526s] -- Configured cppcheck include dirs: /home/aisd/RL_lab5/create3_ws/src/create3_sim/irobot_create_common/irobot_create_toolbox/include
[2.526s] -- Configured cppcheck exclude dirs and/or files: 
[2.529s] -- Added test 'cpplint' to check C / C++ code against the Google style
[2.529s] -- Configured cpplint exclude dirs and/or files: 
[2.532s] -- Added test 'lint_cmake' to check CMake code style
[2.535s] -- Added test 'uncrustify' to check C / C++ code style
[2.535s] -- Configured uncrustify additional arguments: 
[2.536s] -- Added test 'xmllint' to check XML markup files
[2.542s] -- Configuring done
[2.559s] -- Generating done
[2.565s] -- Build files have been written to: /home/aisd/RL_lab5/create3_ws/build/irobot_create_toolbox
[2.579s] Invoked command in '/home/aisd/RL_lab5/create3_ws/build/irobot_create_toolbox' returned '0': CMAKE_PREFIX_PATH=${CMAKE_PREFIX_PATH}:/opt/ros/humble /usr/bin/cmake /home/aisd/RL_lab5/create3_ws/src/create3_sim/irobot_create_common/irobot_create_toolbox -DAMENT_CMAKE_SYMLINK_INSTALL=1 -DCMAKE_INSTALL_PREFIX=/home/aisd/RL_lab5/create3_ws/install/irobot_create_toolbox
[2.581s] Invoking command in '/home/aisd/RL_lab5/create3_ws/build/irobot_create_toolbox': CMAKE_PREFIX_PATH=${CMAKE_PREFIX_PATH}:/opt/ros/humble /usr/bin/cmake --build /home/aisd/RL_lab5/create3_ws/build/irobot_create_toolbox -- -j4 -l4
[2.650s] [ 50%] [32mBuilding CXX object CMakeFiles/irobot_create_toolbox.dir/src/polar_coordinates.cpp.o[0m
[6.996s] [100%] [32m[1mLinking CXX shared library libirobot_create_toolbox.so[0m
[7.270s] [100%] Built target irobot_create_toolbox
[7.292s] Invoked command in '/home/aisd/RL_lab5/create3_ws/build/irobot_create_toolbox' returned '0': CMAKE_PREFIX_PATH=${CMAKE_PREFIX_PATH}:/opt/ros/humble /usr/bin/cmake --build /home/aisd/RL_lab5/create3_ws/build/irobot_create_toolbox -- -j4 -l4
[7.293s] Invoking command in '/home/aisd/RL_lab5/create3_ws/build/irobot_create_toolbox': CMAKE_PREFIX_PATH=${CMAKE_PREFIX_PATH}:/opt/ros/humble /usr/bin/cmake --install /home/aisd/RL_lab5/create3_ws/build/irobot_create_toolbox
[7.305s] -- Install configuration: ""
[7.306s] -- Execute custom install script
[7.306s] -- Symlinking: /home/aisd/RL_lab5/create3_ws/install/irobot_create_toolbox/lib/libirobot_create_toolbox.so
[7.322s] -- Symlinking: /home/aisd/RL_lab5/create3_ws/install/irobot_create_toolbox/include/irobot_create_toolbox/math.hpp
[7.337s] -- Symlinking: /home/aisd/RL_lab5/create3_ws/install/irobot_create_toolbox/include/irobot_create_toolbox/polar_coordinates.hpp
[7.355s] -- Symlinking: /home/aisd/RL_lab5/create3_ws/install/irobot_create_toolbox/include/irobot_create_toolbox/sensors/bumpers.hpp
[7.371s] -- Symlinking: /home/aisd/RL_lab5/create3_ws/install/irobot_create_toolbox/share/irobot_create_toolbox/environment/library_path.sh
[7.387s] -- Symlinking: /home/aisd/RL_lab5/create3_ws/install/irobot_create_toolbox/share/irobot_create_toolbox/environment/library_path.dsv
[7.403s] -- Symlinking: /home/aisd/RL_lab5/create3_ws/install/irobot_create_toolbox/share/ament_index/resource_index/package_run_dependencies/irobot_create_toolbox
[7.419s] -- Symlinking: /home/aisd/RL_lab5/create3_ws/install/irobot_create_toolbox/share/ament_index/resource_index/parent_prefix_path/irobot_create_toolbox
[7.434s] -- Symlinking: /home/aisd/RL_lab5/create3_ws/install/irobot_create_toolbox/share/irobot_create_toolbox/environment/ament_prefix_path.sh
[7.451s] -- Symlinking: /home/aisd/RL_lab5/create3_ws/install/irobot_create_toolbox/share/irobot_create_toolbox/environment/ament_prefix_path.dsv
[7.467s] -- Symlinking: /home/aisd/RL_lab5/create3_ws/install/irobot_create_toolbox/share/irobot_create_toolbox/environment/path.sh
[7.482s] -- Symlinking: /home/aisd/RL_lab5/create3_ws/install/irobot_create_toolbox/share/irobot_create_toolbox/environment/path.dsv
[7.497s] -- Symlinking: /home/aisd/RL_lab5/create3_ws/install/irobot_create_toolbox/share/irobot_create_toolbox/local_setup.bash
[7.512s] -- Symlinking: /home/aisd/RL_lab5/create3_ws/install/irobot_create_toolbox/share/irobot_create_toolbox/local_setup.sh
[7.526s] -- Symlinking: /home/aisd/RL_lab5/create3_ws/install/irobot_create_toolbox/share/irobot_create_toolbox/local_setup.zsh
[7.543s] -- Symlinking: /home/aisd/RL_lab5/create3_ws/install/irobot_create_toolbox/share/irobot_create_toolbox/local_setup.dsv
[7.559s] -- Symlinking: /home/aisd/RL_lab5/create3_ws/install/irobot_create_toolbox/share/irobot_create_toolbox/package.dsv
[7.574s] -- Symlinking: /home/aisd/RL_lab5/create3_ws/install/irobot_create_toolbox/share/ament_index/resource_index/packages/irobot_create_toolbox
[7.589s] -- Symlinking: /home/aisd/RL_lab5/create3_ws/install/irobot_create_toolbox/share/irobot_create_toolbox/cmake/ament_cmake_export_include_directories-extras.cmake
[7.605s] -- Symlinking: /home/aisd/RL_lab5/create3_ws/install/irobot_create_toolbox/share/irobot_create_toolbox/cmake/ament_cmake_export_libraries-extras.cmake
[7.619s] -- Symlinking: /home/aisd/RL_lab5/create3_ws/install/irobot_create_toolbox/share/irobot_create_toolbox/cmake/ament_cmake_export_dependencies-extras.cmake
[7.634s] -- Symlinking: /home/aisd/RL_lab5/create3_ws/install/irobot_create_toolbox/share/irobot_create_toolbox/cmake/irobot_create_toolboxConfig.cmake
[7.654s] -- Symlinking: /home/aisd/RL_lab5/create3_ws/install/irobot_create_toolbox/share/irobot_create_toolbox/cmake/irobot_create_toolboxConfig-version.cmake
[7.671s] -- Symlinking: /home/aisd/RL_lab5/create3_ws/install/irobot_create_toolbox/share/irobot_create_toolbox/package.xml
[7.697s] Invoked command in '/home/aisd/RL_lab5/create3_ws/build/irobot_create_toolbox' returned '0': CMAKE_PREFIX_PATH=${CMAKE_PREFIX_PATH}:/opt/ros/humble /usr/bin/cmake --install /home/aisd/RL_lab5/create3_ws/build/irobot_create_toolbox
