[0.054s] Invoking command in '/home/aisd/RL_lab5/build/irobot_create_ignition_toolbox': AMENT_PREFIX_PATH=/home/aisd/RL_lab5/install/irobot_create_toolbox:${AMENT_PREFIX_PATH} CMAKE_PREFIX_PATH=/home/aisd/RL_lab5/install/irobot_create_toolbox:/opt/ros/humble LD_LIBRARY_PATH=/home/aisd/RL_lab5/install/irobot_create_toolbox/lib:${LD_LIBRARY_PATH} /usr/bin/cmake /home/aisd/RL_lab5/create3_ws/src/create3_sim/irobot_create_ignition/irobot_create_ignition_toolbox -DCMAKE_INSTALL_PREFIX=/home/aisd/RL_lab5/install/irobot_create_ignition_toolbox
[0.249s] -- The C compiler identification is GNU 11.4.0
[0.425s] -- The CXX compiler identification is GNU 11.4.0
[0.445s] -- Detecting C compiler ABI info
[0.697s] -- Detecting C compiler ABI info - done
[0.719s] -- Check for working C compiler: /usr/bin/cc - skipped
[0.720s] -- Detecting C compile features
[0.722s] -- Detecting C compile features - done
[0.732s] -- Detecting CXX compiler ABI info
[1.081s] -- Detecting CXX compiler ABI info - done
[1.114s] -- Check for working CXX compiler: /usr/bin/c++ - skipped
[1.115s] -- Detecting CXX compile features
[1.117s] -- Detecting CXX compile features - done
[1.126s] -- Found ament_cmake: 1.3.11 (/opt/ros/humble/share/ament_cmake/cmake)
[1.632s] -- Found Python3: /usr/bin/python3 (found version "3.10.12") found components: Interpreter 
[2.006s] -- Found control_msgs: 4.8.0 (/opt/ros/humble/share/control_msgs/cmake)
[2.146s] -- Found rosidl_generator_c: 3.1.6 (/opt/ros/humble/share/rosidl_generator_c/cmake)
[2.180s] -- Found rosidl_adapter: 3.1.6 (/opt/ros/humble/share/rosidl_adapter/cmake)
[2.225s] -- Found rosidl_generator_cpp: 3.1.6 (/opt/ros/humble/share/rosidl_generator_cpp/cmake)
[2.281s] -- Using all available rosidl_typesupport_c: rosidl_typesupport_fastrtps_c;rosidl_typesupport_introspection_c
[2.360s] -- Using all available rosidl_typesupport_cpp: rosidl_typesupport_fastrtps_cpp;rosidl_typesupport_introspection_cpp
[2.838s] -- Found nav_msgs: 4.9.0 (/opt/ros/humble/share/nav_msgs/cmake)
[2.905s] -- Found irobot_create_msgs: 2.1.0 (/opt/ros/humble/share/irobot_create_msgs/cmake)
[2.960s] -- Found rclcpp: 16.0.12 (/opt/ros/humble/share/rclcpp/cmake)
[3.061s] -- Found rmw_implementation_cmake: 6.1.2 (/opt/ros/humble/share/rmw_implementation_cmake/cmake)
[3.073s] -- Found rmw_cyclonedds_cpp: 1.3.4 (/opt/ros/humble/share/rmw_cyclonedds_cpp/cmake)
[3.131s] -- Using RMW implementation 'rmw_cyclonedds_cpp' as default
[3.153s] -- Looking for pthread.h
[3.363s] -- Looking for pthread.h - found
[3.364s] -- Performing Test CMAKE_HAVE_LIBC_PTHREAD
[3.540s] -- Performing Test CMAKE_HAVE_LIBC_PTHREAD - Success
[3.540s] -- Found Threads: TRUE  
[3.688s] -- Found rclcpp_action: 16.0.12 (/opt/ros/humble/share/rclcpp_action/cmake)
[3.806s] -- Found tf2: 0.25.13 (/opt/ros/humble/share/tf2/cmake)
[3.873s] -- Found tf2_geometry_msgs: 0.25.13 (/opt/ros/humble/share/tf2_geometry_msgs/cmake)
[3.918s] -- Found eigen3_cmake_module: 0.1.1 (/opt/ros/humble/share/eigen3_cmake_module/cmake)
[3.922s] -- Found Eigen3: TRUE (found version "3.4.0") 
[3.923s] -- Ensuring Eigen3 include directory is part of orocos-kdl CMake target
[4.166s] -- Found irobot_create_toolbox: 2.1.0 (/home/aisd/RL_lab5/install/irobot_create_toolbox/share/irobot_create_toolbox/cmake)
[4.446s] -- Found ament_lint_auto: 0.12.12 (/opt/ros/humble/share/ament_lint_auto/cmake)
[4.759s] -- Added test 'cppcheck' to perform static code analysis on C / C++ code
[4.766s] -- Configured cppcheck include dirs: /home/aisd/RL_lab5/create3_ws/src/create3_sim/irobot_create_ignition/irobot_create_ignition_toolbox/include
[4.767s] -- Configured cppcheck exclude dirs and/or files: 
[4.784s] -- Added test 'cpplint' to check C / C++ code against the Google style
[4.785s] -- Configured cpplint exclude dirs and/or files: 
[4.787s] -- Added test 'lint_cmake' to check CMake code style
[4.804s] -- Added test 'uncrustify' to check C / C++ code style
[4.805s] -- Configured uncrustify additional arguments: 
[4.806s] -- Added test 'xmllint' to check XML markup files
[4.824s] -- Configuring done
[5.080s] -- Generating done
[5.160s] -- Build files have been written to: /home/aisd/RL_lab5/build/irobot_create_ignition_toolbox
[5.208s] Invoked command in '/home/aisd/RL_lab5/build/irobot_create_ignition_toolbox' returned '0': AMENT_PREFIX_PATH=/home/aisd/RL_lab5/install/irobot_create_toolbox:${AMENT_PREFIX_PATH} CMAKE_PREFIX_PATH=/home/aisd/RL_lab5/install/irobot_create_toolbox:/opt/ros/humble LD_LIBRARY_PATH=/home/aisd/RL_lab5/install/irobot_create_toolbox/lib:${LD_LIBRARY_PATH} /usr/bin/cmake /home/aisd/RL_lab5/create3_ws/src/create3_sim/irobot_create_ignition/irobot_create_ignition_toolbox -DCMAKE_INSTALL_PREFIX=/home/aisd/RL_lab5/install/irobot_create_ignition_toolbox
[5.210s] Invoking command in '/home/aisd/RL_lab5/build/irobot_create_ignition_toolbox': AMENT_PREFIX_PATH=/home/aisd/RL_lab5/install/irobot_create_toolbox:${AMENT_PREFIX_PATH} CMAKE_PREFIX_PATH=/home/aisd/RL_lab5/install/irobot_create_toolbox:/opt/ros/humble LD_LIBRARY_PATH=/home/aisd/RL_lab5/install/irobot_create_toolbox/lib:${LD_LIBRARY_PATH} /usr/bin/cmake --build /home/aisd/RL_lab5/build/irobot_create_ignition_toolbox -- -j4 -l4
[5.512s] [  5%] [32mBuilding CXX object CMakeFiles/irobot_create_ignition_pose_republisher_lib.dir/src/pose_republisher/pose_republisher_node.cpp.o[0m
[5.515s] [ 11%] [32mBuilding CXX object CMakeFiles/irobot_create_ignition_interface_buttons_lib.dir/src/interface_buttons/interface_buttons_node.cpp.o[0m
[5.552s] [ 22%] [32mBuilding CXX object CMakeFiles/irobot_create_ignition_sensors_lib.dir/src/sensors/sensors_node.cpp.o[0m
[5.552s] [ 22%] [32mBuilding CXX object CMakeFiles/irobot_create_ignition_sensors_lib.dir/src/sensors/bumper.cpp.o[0m
[50.656s] [ 27%] [32m[1mLinking CXX shared library libirobot_create_ignition_interface_buttons_lib.so[0m
[53.243s] [ 27%] Built target irobot_create_ignition_interface_buttons_lib
[60.331s] [ 33%] [32m[1mLinking CXX shared library libirobot_create_ignition_pose_republisher_lib.so[0m
[62.517s] [ 33%] Built target irobot_create_ignition_pose_republisher_lib
[63.310s] [ 38%] [32mBuilding CXX object CMakeFiles/irobot_create_ignition_sensors_lib.dir/src/sensors/ir_intensity.cpp.o[0m
[80.848s] [ 44%] [32mBuilding CXX object CMakeFiles/irobot_create_ignition_sensors_lib.dir/src/sensors/cliff.cpp.o[0m
[98.383s] [ 50%] [32mBuilding CXX object CMakeFiles/irobot_create_ignition_sensors_lib.dir/src/sensors/ir_opcode.cpp.o[0m
[120.406s] [ 55%] [32mBuilding CXX object CMakeFiles/irobot_create_ignition_sensors_lib.dir/src/sensors/mouse.cpp.o[0m
[138.472s] [ 61%] [32mBuilding CXX object CMakeFiles/irobot_create_ignition_sensors_lib.dir/src/sensors/wheel_drop.cpp.o[0m
[157.058s] [ 66%] [32m[1mLinking CXX shared library libirobot_create_ignition_sensors_lib.so[0m
[162.377s] [ 66%] Built target irobot_create_ignition_sensors_lib
[162.417s] [ 72%] [32mBuilding CXX object CMakeFiles/pose_republisher_node.dir/src/pose_republisher/pose_republisher_main.cpp.o[0m
[169.041s] [ 77%] [32m[1mLinking CXX executable pose_republisher_node[0m
[169.849s] [ 77%] Built target pose_republisher_node
[169.878s] [ 83%] [32mBuilding CXX object CMakeFiles/sensors_node.dir/src/sensors/sensors_main.cpp.o[0m
[180.833s] [ 88%] [32m[1mLinking CXX executable sensors_node[0m
[182.629s] [ 88%] Built target sensors_node
[182.678s] [ 94%] [32mBuilding CXX object CMakeFiles/interface_buttons_node.dir/src/interface_buttons/interface_buttons_main.cpp.o[0m
[188.294s] [100%] [32m[1mLinking CXX executable interface_buttons_node[0m
[189.146s] [100%] Built target interface_buttons_node
[189.178s] Invoked command in '/home/aisd/RL_lab5/build/irobot_create_ignition_toolbox' returned '0': AMENT_PREFIX_PATH=/home/aisd/RL_lab5/install/irobot_create_toolbox:${AMENT_PREFIX_PATH} CMAKE_PREFIX_PATH=/home/aisd/RL_lab5/install/irobot_create_toolbox:/opt/ros/humble LD_LIBRARY_PATH=/home/aisd/RL_lab5/install/irobot_create_toolbox/lib:${LD_LIBRARY_PATH} /usr/bin/cmake --build /home/aisd/RL_lab5/build/irobot_create_ignition_toolbox -- -j4 -l4
[189.184s] Invoking command in '/home/aisd/RL_lab5/build/irobot_create_ignition_toolbox': AMENT_PREFIX_PATH=/home/aisd/RL_lab5/install/irobot_create_toolbox:${AMENT_PREFIX_PATH} CMAKE_PREFIX_PATH=/home/aisd/RL_lab5/install/irobot_create_toolbox:/opt/ros/humble LD_LIBRARY_PATH=/home/aisd/RL_lab5/install/irobot_create_toolbox/lib:${LD_LIBRARY_PATH} /usr/bin/cmake --install /home/aisd/RL_lab5/build/irobot_create_ignition_toolbox
[189.199s] -- Install configuration: ""
[189.200s] -- Installing: /home/aisd/RL_lab5/install/irobot_create_ignition_toolbox/lib/libirobot_create_ignition_pose_republisher_lib.so
[189.231s] -- Set runtime path of "/home/aisd/RL_lab5/install/irobot_create_ignition_toolbox/lib/libirobot_create_ignition_pose_republisher_lib.so" to ""
[189.231s] -- Installing: /home/aisd/RL_lab5/install/irobot_create_ignition_toolbox/lib/libirobot_create_ignition_sensors_lib.so
[189.278s] -- Set runtime path of "/home/aisd/RL_lab5/install/irobot_create_ignition_toolbox/lib/libirobot_create_ignition_sensors_lib.so" to ""
[189.278s] -- Installing: /home/aisd/RL_lab5/install/irobot_create_ignition_toolbox/lib/libirobot_create_ignition_interface_buttons_lib.so
[189.292s] -- Set runtime path of "/home/aisd/RL_lab5/install/irobot_create_ignition_toolbox/lib/libirobot_create_ignition_interface_buttons_lib.so" to ""
[189.293s] -- Installing: /home/aisd/RL_lab5/install/irobot_create_ignition_toolbox/lib/irobot_create_ignition_toolbox/pose_republisher_node
[189.294s] -- Set runtime path of "/home/aisd/RL_lab5/install/irobot_create_ignition_toolbox/lib/irobot_create_ignition_toolbox/pose_republisher_node" to ""
[189.294s] -- Installing: /home/aisd/RL_lab5/install/irobot_create_ignition_toolbox/lib/irobot_create_ignition_toolbox/sensors_node
[189.297s] -- Set runtime path of "/home/aisd/RL_lab5/install/irobot_create_ignition_toolbox/lib/irobot_create_ignition_toolbox/sensors_node" to ""
[189.297s] -- Installing: /home/aisd/RL_lab5/install/irobot_create_ignition_toolbox/lib/irobot_create_ignition_toolbox/interface_buttons_node
[189.298s] -- Set runtime path of "/home/aisd/RL_lab5/install/irobot_create_ignition_toolbox/lib/irobot_create_ignition_toolbox/interface_buttons_node" to ""
[189.299s] -- Installing: /home/aisd/RL_lab5/install/irobot_create_ignition_toolbox/include
[189.299s] -- Installing: /home/aisd/RL_lab5/install/irobot_create_ignition_toolbox/include/irobot_create_ignition_toolbox
[189.299s] -- Installing: /home/aisd/RL_lab5/install/irobot_create_ignition_toolbox/include/irobot_create_ignition_toolbox/utils.hpp
[189.299s] -- Installing: /home/aisd/RL_lab5/install/irobot_create_ignition_toolbox/include/irobot_create_ignition_toolbox/interface_buttons
[189.299s] -- Installing: /home/aisd/RL_lab5/install/irobot_create_ignition_toolbox/include/irobot_create_ignition_toolbox/interface_buttons/interface_buttons_node.hpp
[189.300s] -- Installing: /home/aisd/RL_lab5/install/irobot_create_ignition_toolbox/include/irobot_create_ignition_toolbox/pose_republisher
[189.300s] -- Installing: /home/aisd/RL_lab5/install/irobot_create_ignition_toolbox/include/irobot_create_ignition_toolbox/pose_republisher/pose_republisher.hpp
[189.300s] -- Installing: /home/aisd/RL_lab5/install/irobot_create_ignition_toolbox/include/irobot_create_ignition_toolbox/sensors
[189.300s] -- Installing: /home/aisd/RL_lab5/install/irobot_create_ignition_toolbox/include/irobot_create_ignition_toolbox/sensors/mouse.hpp
[189.300s] -- Installing: /home/aisd/RL_lab5/install/irobot_create_ignition_toolbox/include/irobot_create_ignition_toolbox/sensors/wheel_drop.hpp
[189.301s] -- Installing: /home/aisd/RL_lab5/install/irobot_create_ignition_toolbox/include/irobot_create_ignition_toolbox/sensors/sensors_node.hpp
[189.301s] -- Installing: /home/aisd/RL_lab5/install/irobot_create_ignition_toolbox/include/irobot_create_ignition_toolbox/sensors/ir_opcode.hpp
[189.301s] -- Installing: /home/aisd/RL_lab5/install/irobot_create_ignition_toolbox/include/irobot_create_ignition_toolbox/sensors/ir_intensity.hpp
[189.301s] -- Installing: /home/aisd/RL_lab5/install/irobot_create_ignition_toolbox/include/irobot_create_ignition_toolbox/sensors/bumper.hpp
[189.301s] -- Installing: /home/aisd/RL_lab5/install/irobot_create_ignition_toolbox/include/irobot_create_ignition_toolbox/sensors/cliff.hpp
[189.306s] -- Installing: /home/aisd/RL_lab5/install/irobot_create_ignition_toolbox/share/irobot_create_ignition_toolbox/environment/library_path.sh
[189.307s] -- Installing: /home/aisd/RL_lab5/install/irobot_create_ignition_toolbox/share/irobot_create_ignition_toolbox/environment/library_path.dsv
[189.309s] -- Installing: /home/aisd/RL_lab5/install/irobot_create_ignition_toolbox/share/ament_index/resource_index/package_run_dependencies/irobot_create_ignition_toolbox
[189.310s] -- Installing: /home/aisd/RL_lab5/install/irobot_create_ignition_toolbox/share/ament_index/resource_index/parent_prefix_path/irobot_create_ignition_toolbox
[189.311s] -- Installing: /home/aisd/RL_lab5/install/irobot_create_ignition_toolbox/share/irobot_create_ignition_toolbox/environment/ament_prefix_path.sh
[189.311s] -- Installing: /home/aisd/RL_lab5/install/irobot_create_ignition_toolbox/share/irobot_create_ignition_toolbox/environment/ament_prefix_path.dsv
[189.312s] -- Installing: /home/aisd/RL_lab5/install/irobot_create_ignition_toolbox/share/irobot_create_ignition_toolbox/environment/path.sh
[189.312s] -- Installing: /home/aisd/RL_lab5/install/irobot_create_ignition_toolbox/share/irobot_create_ignition_toolbox/environment/path.dsv
[189.312s] -- Installing: /home/aisd/RL_lab5/install/irobot_create_ignition_toolbox/share/irobot_create_ignition_toolbox/local_setup.bash
[189.313s] -- Installing: /home/aisd/RL_lab5/install/irobot_create_ignition_toolbox/share/irobot_create_ignition_toolbox/local_setup.sh
[189.314s] -- Installing: /home/aisd/RL_lab5/install/irobot_create_ignition_toolbox/share/irobot_create_ignition_toolbox/local_setup.zsh
[189.314s] -- Installing: /home/aisd/RL_lab5/install/irobot_create_ignition_toolbox/share/irobot_create_ignition_toolbox/local_setup.dsv
[189.315s] -- Installing: /home/aisd/RL_lab5/install/irobot_create_ignition_toolbox/share/irobot_create_ignition_toolbox/package.dsv
[189.316s] -- Installing: /home/aisd/RL_lab5/install/irobot_create_ignition_toolbox/share/ament_index/resource_index/packages/irobot_create_ignition_toolbox
[189.316s] -- Installing: /home/aisd/RL_lab5/install/irobot_create_ignition_toolbox/share/irobot_create_ignition_toolbox/cmake/ament_cmake_export_include_directories-extras.cmake
[189.317s] -- Installing: /home/aisd/RL_lab5/install/irobot_create_ignition_toolbox/share/irobot_create_ignition_toolbox/cmake/ament_cmake_export_libraries-extras.cmake
[189.318s] -- Installing: /home/aisd/RL_lab5/install/irobot_create_ignition_toolbox/share/irobot_create_ignition_toolbox/cmake/ament_cmake_export_dependencies-extras.cmake
[189.319s] -- Installing: /home/aisd/RL_lab5/install/irobot_create_ignition_toolbox/share/irobot_create_ignition_toolbox/cmake/irobot_create_ignition_toolboxConfig.cmake
[189.319s] -- Installing: /home/aisd/RL_lab5/install/irobot_create_ignition_toolbox/share/irobot_create_ignition_toolbox/cmake/irobot_create_ignition_toolboxConfig-version.cmake
[189.320s] -- Installing: /home/aisd/RL_lab5/install/irobot_create_ignition_toolbox/share/irobot_create_ignition_toolbox/package.xml
[189.324s] Invoked command in '/home/aisd/RL_lab5/build/irobot_create_ignition_toolbox' returned '0': AMENT_PREFIX_PATH=/home/aisd/RL_lab5/install/irobot_create_toolbox:${AMENT_PREFIX_PATH} CMAKE_PREFIX_PATH=/home/aisd/RL_lab5/install/irobot_create_toolbox:/opt/ros/humble LD_LIBRARY_PATH=/home/aisd/RL_lab5/install/irobot_create_toolbox/lib:${LD_LIBRARY_PATH} /usr/bin/cmake --install /home/aisd/RL_lab5/build/irobot_create_ignition_toolbox
