[0.124s] Invoking command in '/home/aisd/RL_lab5/create3_ws/build/aws_robomaker_small_house_world': CMAKE_PREFIX_PATH=${CMAKE_PREFIX_PATH}:/opt/ros/humble /usr/bin/cmake /home/aisd/RL_lab5/create3_ws/src/aws-robomaker-small-house-world -DAMENT_CMAKE_SYMLINK_INSTALL=1 -DCMAKE_INSTALL_PREFIX=/home/aisd/RL_lab5/create3_ws/install/aws_robomaker_small_house_world
[0.287s] -- The C compiler identification is GNU 11.4.0
[0.536s] -- The CXX compiler identification is GNU 11.4.0
[0.578s] -- Detecting C compiler ABI info
[0.976s] -- Detecting C compiler ABI info - done
[1.028s] -- Check for working C compiler: /usr/bin/cc - skipped
[1.029s] -- Detecting C compile features
[1.030s] -- Detecting C compile features - done
[1.048s] -- Detecting CXX compiler ABI info
[1.366s] -- Detecting CXX compiler ABI info - done
[1.385s] -- Check for working CXX compiler: /usr/bin/c++ - skipped
[1.386s] -- Detecting CXX compile features
[1.386s] -- Detecting CXX compile features - done
[1.393s] -- Found gazebo_ros: 3.9.0 (/opt/ros/humble/share/gazebo_ros/cmake)
[1.708s] -- Found Python3: /usr/bin/python3 (found version "3.10.12") found components: Interpreter 
[1.837s] -- Override CMake install command with custom implementation using symlinks instead of copying resources
[2.053s] -- Found rosidl_generator_c: 3.1.6 (/opt/ros/humble/share/rosidl_generator_c/cmake)
[2.067s] -- Found rosidl_adapter: 3.1.6 (/opt/ros/humble/share/rosidl_adapter/cmake)
[2.088s] -- Found rosidl_generator_cpp: 3.1.6 (/opt/ros/humble/share/rosidl_generator_cpp/cmake)
[2.122s] -- Using all available rosidl_typesupport_c: rosidl_typesupport_fastrtps_c;rosidl_typesupport_introspection_c
[2.172s] -- Using all available rosidl_typesupport_cpp: rosidl_typesupport_fastrtps_cpp;rosidl_typesupport_introspection_cpp
[2.298s] -- Found rmw_implementation_cmake: 6.1.2 (/opt/ros/humble/share/rmw_implementation_cmake/cmake)
[2.306s] -- Found rmw_cyclonedds_cpp: 1.3.4 (/opt/ros/humble/share/rmw_cyclonedds_cpp/cmake)
[2.372s] -- Using RMW implementation 'rmw_cyclonedds_cpp' as default
[2.396s] -- Looking for pthread.h
[2.580s] -- Looking for pthread.h - found
[2.581s] -- Performing Test CMAKE_HAVE_LIBC_PTHREAD
[2.762s] -- Performing Test CMAKE_HAVE_LIBC_PTHREAD - Success
[2.765s] -- Found Threads: TRUE  
[2.915s] -- Found PkgConfig: /usr/bin/pkg-config (found version "0.29.2") 
[2.917s] -- Checking for module 'bullet>=2.82'
[2.936s] --   Found bullet, version 3.05
[3.092s] -- Found fcl: /usr/include (found suitable version "0.7.0", minimum required is "0.5.0") 
[3.168s] -- Found assimp: /usr/include (found version "5.2.0") 
[3.202s] -- Found DART: /usr/include (Required is at least version "6.6") found components: dart 
[3.255s] -- Found Boost: /usr/lib/x86_64-linux-gnu/cmake/Boost-1.74.0/BoostConfig.cmake (found suitable version "1.74.0", minimum required is "1.40.0") found components: thread system filesystem program_options regex iostreams date_time 
[3.274s] -- Found Protobuf: /usr/lib/x86_64-linux-gnu/libprotobuf.so (found version "3.12.4") 
[3.284s] -- Looking for ignition-math6 -- found version 6.15.1
[3.293s] -- Searching for dependencies of ignition-math6
[3.295s] -- Looking for OGRE...
[3.296s] -- OGRE_PREFIX_WATCH changed.
[3.302s] -- Checking for module 'OGRE'
[3.324s] --   Found OGRE, version 1.9.0
[3.367s] -- Found Ogre Ghadamon (1.9.0)
[3.382s] -- Found OGRE: optimized;/usr/lib/x86_64-linux-gnu/libOgreMain.so;debug;/usr/lib/x86_64-linux-gnu/libOgreMain.so
[3.394s] -- Looking for OGRE_Paging...
[3.403s] -- Found OGRE_Paging: optimized;/usr/lib/x86_64-linux-gnu/libOgrePaging.so;debug;/usr/lib/x86_64-linux-gnu/libOgrePaging.so
[3.403s] -- Looking for OGRE_Terrain...
[3.420s] -- Found OGRE_Terrain: optimized;/usr/lib/x86_64-linux-gnu/libOgreTerrain.so;debug;/usr/lib/x86_64-linux-gnu/libOgreTerrain.so
[3.420s] -- Looking for OGRE_Property...
[3.428s] -- Found OGRE_Property: optimized;/usr/lib/x86_64-linux-gnu/libOgreProperty.so;debug;/usr/lib/x86_64-linux-gnu/libOgreProperty.so
[3.428s] -- Looking for OGRE_RTShaderSystem...
[3.439s] -- Found OGRE_RTShaderSystem: optimized;/usr/lib/x86_64-linux-gnu/libOgreRTShaderSystem.so;debug;/usr/lib/x86_64-linux-gnu/libOgreRTShaderSystem.so
[3.439s] -- Looking for OGRE_Volume...
[3.447s] -- Found OGRE_Volume: optimized;/usr/lib/x86_64-linux-gnu/libOgreVolume.so;debug;/usr/lib/x86_64-linux-gnu/libOgreVolume.so
[3.448s] -- Looking for OGRE_Overlay...
[3.457s] -- Found OGRE_Overlay: optimized;/usr/lib/x86_64-linux-gnu/libOgreOverlay.so;debug;/usr/lib/x86_64-linux-gnu/libOgreOverlay.so
[3.673s] -- Looking for ignition-math6 -- found version 6.15.1
[3.678s] -- Looking for ignition-transport8 -- found version 8.2.1
[3.678s] -- Searching for dependencies of ignition-transport8
[3.704s] -- Found Protobuf: /usr/lib/x86_64-linux-gnu/libprotobuf.so (found suitable version "3.12.4", minimum required is "3") 
[3.724s] -- Config-file not installed for ZeroMQ -- checking for pkg-config
[3.730s] -- Checking for module 'libzmq >= 4'
[3.749s] --   Found libzmq , version 4.3.4
[3.797s] -- Found ZeroMQ: TRUE (Required is at least version "4") 
[3.806s] -- Checking for module 'uuid'
[3.828s] --   Found uuid, version 2.37.2
[3.877s] -- Found UUID: TRUE  
[3.883s] -- Looking for ignition-msgs5 -- found version 5.8.1
[3.884s] -- Searching for dependencies of ignition-msgs5
[3.922s] -- Looking for ignition-math6 -- found version 6.15.1
[3.930s] -- Checking for module 'tinyxml2'
[3.951s] --   Found tinyxml2, version 9.0.0
[3.997s] -- Looking for ignition-msgs5 -- found version 5.8.1
[4.002s] -- Looking for ignition-common3 -- found version 3.14.0
[4.002s] -- Searching for dependencies of ignition-common3
[4.003s] -- Looking for dlfcn.h - found
[4.006s] -- Looking for libdl - found
[4.008s] -- Found DL: TRUE  
[4.028s] -- Found tinyobjloader: /usr/lib/x86_64-linux-gnu/cmake/tinyobjloader/tinyobjloader-config.cmake (found version "2.0.0") 
[4.028s] -- Searching for <ignition-common3> component [graphics]
[4.033s] -- Looking for ignition-common3-graphics -- found version 3.14.0
[4.034s] -- Searching for dependencies of ignition-common3-graphics
[4.035s] -- Looking for ignition-math6 -- found version 6.15.1
[4.040s] -- Looking for ignition-fuel_tools4 -- found version 4.4.0
[4.041s] -- Searching for dependencies of ignition-fuel_tools4
[4.154s] -- Found CURL: /usr/lib/x86_64-linux-gnu/libcurl.so (found version "7.81.0")  
[4.168s] -- Checking for module 'jsoncpp'
[4.189s] --   Found jsoncpp, version 1.9.5
[4.241s] -- Found JSONCPP: TRUE  
[4.248s] -- Checking for module 'libzip'
[4.266s] --   Found libzip, version 1.7.3
[4.321s] -- Found ZIP: TRUE  
[4.322s] -- Looking for ignition-common3 -- found version 3.14.0
[4.324s] -- Looking for ignition-math6 -- found version 6.15.1
[4.325s] -- Looking for ignition-msgs5 -- found version 5.8.1
[4.335s] -- Gazebo version: 11.10
[4.336s] -- Checking for module 'tbb'
[4.357s] --   Found tbb, version 2021.5.0
[4.437s] -- Found ament_cmake_ros: 0.10.0 (/opt/ros/humble/share/ament_cmake_ros/cmake)
[4.637s] -- Configuring done
[4.656s] -- Generating done
[4.664s] -- Build files have been written to: /home/aisd/RL_lab5/create3_ws/build/aws_robomaker_small_house_world
[4.697s] Invoked command in '/home/aisd/RL_lab5/create3_ws/build/aws_robomaker_small_house_world' returned '0': CMAKE_PREFIX_PATH=${CMAKE_PREFIX_PATH}:/opt/ros/humble /usr/bin/cmake /home/aisd/RL_lab5/create3_ws/src/aws-robomaker-small-house-world -DAMENT_CMAKE_SYMLINK_INSTALL=1 -DCMAKE_INSTALL_PREFIX=/home/aisd/RL_lab5/create3_ws/install/aws_robomaker_small_house_world
[4.698s] Invoking command in '/home/aisd/RL_lab5/create3_ws/build/aws_robomaker_small_house_world': CMAKE_PREFIX_PATH=${CMAKE_PREFIX_PATH}:/opt/ros/humble /usr/bin/cmake --build /home/aisd/RL_lab5/create3_ws/build/aws_robomaker_small_house_world -- -j4 -l4
[4.797s] Invoked command in '/home/aisd/RL_lab5/create3_ws/build/aws_robomaker_small_house_world' returned '0': CMAKE_PREFIX_PATH=${CMAKE_PREFIX_PATH}:/opt/ros/humble /usr/bin/cmake --build /home/aisd/RL_lab5/create3_ws/build/aws_robomaker_small_house_world -- -j4 -l4
[4.799s] Invoking command in '/home/aisd/RL_lab5/create3_ws/build/aws_robomaker_small_house_world': CMAKE_PREFIX_PATH=${CMAKE_PREFIX_PATH}:/opt/ros/humble /usr/bin/cmake --install /home/aisd/RL_lab5/create3_ws/build/aws_robomaker_small_house_world
[4.812s] -- Install configuration: ""
[4.812s] -- Execute custom install script
[4.813s] -- Symlinking: /home/aisd/RL_lab5/create3_ws/install/aws_robomaker_small_house_world/share/aws_robomaker_small_house_world/launch/small_house.launch.py
[4.826s] -- Symlinking: /home/aisd/RL_lab5/create3_ws/install/aws_robomaker_small_house_world/share/aws_robomaker_small_house_world/launch/view_small_house.launch.py
[4.847s] -- Symlinking: /home/aisd/RL_lab5/create3_ws/install/aws_robomaker_small_house_world/share/aws_robomaker_small_house_world/models/aws_robomaker_residential_AirconditionerA_01/materials/textures/aws_AirconditionerA_01.png
[4.859s] -- Symlinking: /home/aisd/RL_lab5/create3_ws/install/aws_robomaker_small_house_world/share/aws_robomaker_small_house_world/models/aws_robomaker_residential_AirconditionerA_01/meshes/aws_AirconditionerA_01_collision.DAE
[4.871s] -- Symlinking: /home/aisd/RL_lab5/create3_ws/install/aws_robomaker_small_house_world/share/aws_robomaker_small_house_world/models/aws_robomaker_residential_AirconditionerA_01/meshes/aws_AirconditionerA_01_visual.DAE
[4.883s] -- Symlinking: /home/aisd/RL_lab5/create3_ws/install/aws_robomaker_small_house_world/share/aws_robomaker_small_house_world/models/aws_robomaker_residential_AirconditionerA_01/meshes/aws__Air conditioner_01.DAE
[4.895s] -- Symlinking: /home/aisd/RL_lab5/create3_ws/install/aws_robomaker_small_house_world/share/aws_robomaker_small_house_world/models/aws_robomaker_residential_AirconditionerA_01/model.config
[4.907s] -- Symlinking: /home/aisd/RL_lab5/create3_ws/install/aws_robomaker_small_house_world/share/aws_robomaker_small_house_world/models/aws_robomaker_residential_AirconditionerA_01/model.sdf
[4.922s] -- Symlinking: /home/aisd/RL_lab5/create3_ws/install/aws_robomaker_small_house_world/share/aws_robomaker_small_house_world/models/aws_robomaker_residential_AirconditionerB_01/materials/textures/aws_AirconditionerB_01.png
[4.934s] -- Symlinking: /home/aisd/RL_lab5/create3_ws/install/aws_robomaker_small_house_world/share/aws_robomaker_small_house_world/models/aws_robomaker_residential_AirconditionerB_01/meshes/aws_AirconditionerB_01_collision.DAE
[4.945s] -- Symlinking: /home/aisd/RL_lab5/create3_ws/install/aws_robomaker_small_house_world/share/aws_robomaker_small_house_world/models/aws_robomaker_residential_AirconditionerB_01/meshes/aws_AirconditionerB_01_visual.DAE
[4.957s] -- Symlinking: /home/aisd/RL_lab5/create3_ws/install/aws_robomaker_small_house_world/share/aws_robomaker_small_house_world/models/aws_robomaker_residential_AirconditionerB_01/model.config
[4.969s] -- Symlinking: /home/aisd/RL_lab5/create3_ws/install/aws_robomaker_small_house_world/share/aws_robomaker_small_house_world/models/aws_robomaker_residential_AirconditionerB_01/model.sdf
[4.981s] -- Symlinking: /home/aisd/RL_lab5/create3_ws/install/aws_robomaker_small_house_world/share/aws_robomaker_small_house_world/models/aws_robomaker_residential_BalconyTable_01/materials/textures/aws_BalconyTable_01.png
[4.993s] -- Symlinking: /home/aisd/RL_lab5/create3_ws/install/aws_robomaker_small_house_world/share/aws_robomaker_small_house_world/models/aws_robomaker_residential_BalconyTable_01/meshes/aws_BalconyTable_01_collision.DAE
[5.005s] -- Symlinking: /home/aisd/RL_lab5/create3_ws/install/aws_robomaker_small_house_world/share/aws_robomaker_small_house_world/models/aws_robomaker_residential_BalconyTable_01/meshes/aws_BalconyTable_01_visual.DAE
[5.017s] -- Symlinking: /home/aisd/RL_lab5/create3_ws/install/aws_robomaker_small_house_world/share/aws_robomaker_small_house_world/models/aws_robomaker_residential_BalconyTable_01/model.config
[5.029s] -- Symlinking: /home/aisd/RL_lab5/create3_ws/install/aws_robomaker_small_house_world/share/aws_robomaker_small_house_world/models/aws_robomaker_residential_BalconyTable_01/model.sdf
[5.040s] -- Symlinking: /home/aisd/RL_lab5/create3_ws/install/aws_robomaker_small_house_world/share/aws_robomaker_small_house_world/models/aws_robomaker_residential_Ball_01/materials/textures/aws_Ball_01.png
[5.052s] -- Symlinking: /home/aisd/RL_lab5/create3_ws/install/aws_robomaker_small_house_world/share/aws_robomaker_small_house_world/models/aws_robomaker_residential_Ball_01/meshes/aws_Ball_01_collision.DAE
[5.064s] -- Symlinking: /home/aisd/RL_lab5/create3_ws/install/aws_robomaker_small_house_world/share/aws_robomaker_small_house_world/models/aws_robomaker_residential_Ball_01/meshes/aws_Ball_01_visual.DAE
[5.076s] -- Symlinking: /home/aisd/RL_lab5/create3_ws/install/aws_robomaker_small_house_world/share/aws_robomaker_small_house_world/models/aws_robomaker_residential_Ball_01/model.config
[5.088s] -- Symlinking: /home/aisd/RL_lab5/create3_ws/install/aws_robomaker_small_house_world/share/aws_robomaker_small_house_world/models/aws_robomaker_residential_Ball_01/model.sdf
[5.100s] -- Symlinking: /home/aisd/RL_lab5/create3_ws/install/aws_robomaker_small_house_world/share/aws_robomaker_small_house_world/models/aws_robomaker_residential_Bed_01/materials/textures/aws_BedA_01.png
[5.111s] -- Symlinking: /home/aisd/RL_lab5/create3_ws/install/aws_robomaker_small_house_world/share/aws_robomaker_small_house_world/models/aws_robomaker_residential_Bed_01/materials/textures/aws_BedB_01.png
[5.123s] -- Symlinking: /home/aisd/RL_lab5/create3_ws/install/aws_robomaker_small_house_world/share/aws_robomaker_small_house_world/models/aws_robomaker_residential_Bed_01/materials/textures/aws_BedC_01.png
[5.135s] -- Symlinking: /home/aisd/RL_lab5/create3_ws/install/aws_robomaker_small_house_world/share/aws_robomaker_small_house_world/models/aws_robomaker_residential_Bed_01/materials/textures/aws_Bed_01.png
[5.147s] -- Symlinking: /home/aisd/RL_lab5/create3_ws/install/aws_robomaker_small_house_world/share/aws_robomaker_small_house_world/models/aws_robomaker_residential_Bed_01/meshes/aws_Bed_01_collision.DAE
[5.158s] -- Symlinking: /home/aisd/RL_lab5/create3_ws/install/aws_robomaker_small_house_world/share/aws_robomaker_small_house_world/models/aws_robomaker_residential_Bed_01/meshes/aws_Bed_01_visual.DAE
[5.170s] -- Symlinking: /home/aisd/RL_lab5/create3_ws/install/aws_robomaker_small_house_world/share/aws_robomaker_small_house_world/models/aws_robomaker_residential_Bed_01/model.config
[5.186s] -- Symlinking: /home/aisd/RL_lab5/create3_ws/install/aws_robomaker_small_house_world/share/aws_robomaker_small_house_world/models/aws_robomaker_residential_Bed_01/model.sdf
[5.202s] -- Symlinking: /home/aisd/RL_lab5/create3_ws/install/aws_robomaker_small_house_world/share/aws_robomaker_small_house_world/models/aws_robomaker_residential_Board_01/materials/textures/aws_Board_01.png
[5.215s] -- Symlinking: /home/aisd/RL_lab5/create3_ws/install/aws_robomaker_small_house_world/share/aws_robomaker_small_house_world/models/aws_robomaker_residential_Board_01/meshes/aws_Board_01_collision.DAE
[5.232s] -- Symlinking: /home/aisd/RL_lab5/create3_ws/install/aws_robomaker_small_house_world/share/aws_robomaker_small_house_world/models/aws_robomaker_residential_Board_01/meshes/aws_Board_01_visual.DAE
[5.248s] -- Symlinking: /home/aisd/RL_lab5/create3_ws/install/aws_robomaker_small_house_world/share/aws_robomaker_small_house_world/models/aws_robomaker_residential_Board_01/model.config
[5.265s] -- Symlinking: /home/aisd/RL_lab5/create3_ws/install/aws_robomaker_small_house_world/share/aws_robomaker_small_house_world/models/aws_robomaker_residential_Board_01/model.sdf
[5.283s] -- Symlinking: /home/aisd/RL_lab5/create3_ws/install/aws_robomaker_small_house_world/share/aws_robomaker_small_house_world/models/aws_robomaker_residential_Carpet_01/materials/textures/aws_Carpet_01.png
[5.300s] -- Symlinking: /home/aisd/RL_lab5/create3_ws/install/aws_robomaker_small_house_world/share/aws_robomaker_small_house_world/models/aws_robomaker_residential_Carpet_01/meshes/aws_Carpet_01_collision.DAE
[5.316s] -- Symlinking: /home/aisd/RL_lab5/create3_ws/install/aws_robomaker_small_house_world/share/aws_robomaker_small_house_world/models/aws_robomaker_residential_Carpet_01/meshes/aws_Carpet_01_visual.DAE
[5.333s] -- Symlinking: /home/aisd/RL_lab5/create3_ws/install/aws_robomaker_small_house_world/share/aws_robomaker_small_house_world/models/aws_robomaker_residential_Carpet_01/model.config
[5.353s] -- Symlinking: /home/aisd/RL_lab5/create3_ws/install/aws_robomaker_small_house_world/share/aws_robomaker_small_house_world/models/aws_robomaker_residential_Carpet_01/model.sdf
[5.369s] -- Symlinking: /home/aisd/RL_lab5/create3_ws/install/aws_robomaker_small_house_world/share/aws_robomaker_small_house_world/models/aws_robomaker_residential_ChairA_01/materials/textures/aws_ChairA_01.png
[5.387s] -- Symlinking: /home/aisd/RL_lab5/create3_ws/install/aws_robomaker_small_house_world/share/aws_robomaker_small_house_world/models/aws_robomaker_residential_ChairA_01/meshes/aws_ChairA_01_collision.DAE
[5.405s] -- Symlinking: /home/aisd/RL_lab5/create3_ws/install/aws_robomaker_small_house_world/share/aws_robomaker_small_house_world/models/aws_robomaker_residential_ChairA_01/meshes/aws_ChairA_01_visual.DAE
[5.421s] -- Symlinking: /home/aisd/RL_lab5/create3_ws/install/aws_robomaker_small_house_world/share/aws_robomaker_small_house_world/models/aws_robomaker_residential_ChairA_01/model.config
[5.435s] -- Symlinking: /home/aisd/RL_lab5/create3_ws/install/aws_robomaker_small_house_world/share/aws_robomaker_small_house_world/models/aws_robomaker_residential_ChairA_01/model.sdf
[5.450s] -- Symlinking: /home/aisd/RL_lab5/create3_ws/install/aws_robomaker_small_house_world/share/aws_robomaker_small_house_world/models/aws_robomaker_residential_ChairD_01/materials/textures/aws_ChairD_01.png
[5.467s] -- Symlinking: /home/aisd/RL_lab5/create3_ws/install/aws_robomaker_small_house_world/share/aws_robomaker_small_house_world/models/aws_robomaker_residential_ChairD_01/meshes/aws_ChairD_01_collision.DAE
[5.484s] -- Symlinking: /home/aisd/RL_lab5/create3_ws/install/aws_robomaker_small_house_world/share/aws_robomaker_small_house_world/models/aws_robomaker_residential_ChairD_01/meshes/aws_ChairD_01_visual.DAE
[5.496s] -- Symlinking: /home/aisd/RL_lab5/create3_ws/install/aws_robomaker_small_house_world/share/aws_robomaker_small_house_world/models/aws_robomaker_residential_ChairD_01/model.config
[5.512s] -- Symlinking: /home/aisd/RL_lab5/create3_ws/install/aws_robomaker_small_house_world/share/aws_robomaker_small_house_world/models/aws_robomaker_residential_ChairD_01/model.sdf
[5.526s] -- Symlinking: /home/aisd/RL_lab5/create3_ws/install/aws_robomaker_small_house_world/share/aws_robomaker_small_house_world/models/aws_robomaker_residential_Chandelier_01/materials/textures/aws_Chandelier_01.png
[5.541s] -- Symlinking: /home/aisd/RL_lab5/create3_ws/install/aws_robomaker_small_house_world/share/aws_robomaker_small_house_world/models/aws_robomaker_residential_Chandelier_01/meshes/aws_Chandelier_01.DAE
[5.554s] -- Symlinking: /home/aisd/RL_lab5/create3_ws/install/aws_robomaker_small_house_world/share/aws_robomaker_small_house_world/models/aws_robomaker_residential_Chandelier_01/meshes/aws_Chandelier_01_collision.DAE
[5.568s] -- Symlinking: /home/aisd/RL_lab5/create3_ws/install/aws_robomaker_small_house_world/share/aws_robomaker_small_house_world/models/aws_robomaker_residential_Chandelier_01/meshes/aws_Chandelier_01_visual.DAE
[5.580s] -- Symlinking: /home/aisd/RL_lab5/create3_ws/install/aws_robomaker_small_house_world/share/aws_robomaker_small_house_world/models/aws_robomaker_residential_Chandelier_01/model.config
[5.594s] -- Symlinking: /home/aisd/RL_lab5/create3_ws/install/aws_robomaker_small_house_world/share/aws_robomaker_small_house_world/models/aws_robomaker_residential_Chandelier_01/model.sdf
[5.607s] -- Symlinking: /home/aisd/RL_lab5/create3_ws/install/aws_robomaker_small_house_world/share/aws_robomaker_small_house_world/models/aws_robomaker_residential_CoffeeTable_01/materials/textures/aws_CoffeeTable_01.png
[5.620s] -- Symlinking: /home/aisd/RL_lab5/create3_ws/install/aws_robomaker_small_house_world/share/aws_robomaker_small_house_world/models/aws_robomaker_residential_CoffeeTable_01/meshes/aws_CoffeeTable_01_collision.DAE
[5.632s] -- Symlinking: /home/aisd/RL_lab5/create3_ws/install/aws_robomaker_small_house_world/share/aws_robomaker_small_house_world/models/aws_robomaker_residential_CoffeeTable_01/meshes/aws_CoffeeTable_01_visual.DAE
[5.644s] -- Symlinking: /home/aisd/RL_lab5/create3_ws/install/aws_robomaker_small_house_world/share/aws_robomaker_small_house_world/models/aws_robomaker_residential_CoffeeTable_01/model.config
[5.656s] -- Symlinking: /home/aisd/RL_lab5/create3_ws/install/aws_robomaker_small_house_world/share/aws_robomaker_small_house_world/models/aws_robomaker_residential_CoffeeTable_01/model.sdf
[5.668s] -- Symlinking: /home/aisd/RL_lab5/create3_ws/install/aws_robomaker_small_house_world/share/aws_robomaker_small_house_world/models/aws_robomaker_residential_CookingBench_01/materials/textures/aws_CookingBench_01.png
[5.680s] -- Symlinking: /home/aisd/RL_lab5/create3_ws/install/aws_robomaker_small_house_world/share/aws_robomaker_small_house_world/models/aws_robomaker_residential_CookingBench_01/meshes/aws_CookingBench_01.DAE
[5.691s] -- Symlinking: /home/aisd/RL_lab5/create3_ws/install/aws_robomaker_small_house_world/share/aws_robomaker_small_house_world/models/aws_robomaker_residential_CookingBench_01/meshes/aws_CookingBench_01_collision.DAE
[5.703s] -- Symlinking: /home/aisd/RL_lab5/create3_ws/install/aws_robomaker_small_house_world/share/aws_robomaker_small_house_world/models/aws_robomaker_residential_CookingBench_01/meshes/aws_CookingBench_01_visual.DAE
[5.715s] -- Symlinking: /home/aisd/RL_lab5/create3_ws/install/aws_robomaker_small_house_world/share/aws_robomaker_small_house_world/models/aws_robomaker_residential_CookingBench_01/model.config
[5.728s] -- Symlinking: /home/aisd/RL_lab5/create3_ws/install/aws_robomaker_small_house_world/share/aws_robomaker_small_house_world/models/aws_robomaker_residential_CookingBench_01/model.sdf
[5.740s] -- Symlinking: /home/aisd/RL_lab5/create3_ws/install/aws_robomaker_small_house_world/share/aws_robomaker_small_house_world/models/aws_robomaker_residential_Curtain_01/materials/textures/aws_Curtain_01.png
[5.752s] -- Symlinking: /home/aisd/RL_lab5/create3_ws/install/aws_robomaker_small_house_world/share/aws_robomaker_small_house_world/models/aws_robomaker_residential_Curtain_01/meshes/aws_Curtain_01_collision.DAE
[5.764s] -- Symlinking: /home/aisd/RL_lab5/create3_ws/install/aws_robomaker_small_house_world/share/aws_robomaker_small_house_world/models/aws_robomaker_residential_Curtain_01/meshes/aws_Curtain_01_visual.DAE
[5.778s] -- Symlinking: /home/aisd/RL_lab5/create3_ws/install/aws_robomaker_small_house_world/share/aws_robomaker_small_house_world/models/aws_robomaker_residential_Curtain_01/model.config
[5.791s] -- Symlinking: /home/aisd/RL_lab5/create3_ws/install/aws_robomaker_small_house_world/share/aws_robomaker_small_house_world/models/aws_robomaker_residential_Curtain_01/model.sdf
[5.803s] -- Symlinking: /home/aisd/RL_lab5/create3_ws/install/aws_robomaker_small_house_world/share/aws_robomaker_small_house_world/models/aws_robomaker_residential_DeskPortraitA_01/materials/textures/aws_DeskPortraitA_01.png
[5.818s] -- Symlinking: /home/aisd/RL_lab5/create3_ws/install/aws_robomaker_small_house_world/share/aws_robomaker_small_house_world/models/aws_robomaker_residential_DeskPortraitA_01/materials/textures/aws_DeskPortraitA_02.png
[5.830s] -- Symlinking: /home/aisd/RL_lab5/create3_ws/install/aws_robomaker_small_house_world/share/aws_robomaker_small_house_world/models/aws_robomaker_residential_DeskPortraitA_01/meshes/aws_DeskPortraitA_01_collision.DAE
[5.843s] -- Symlinking: /home/aisd/RL_lab5/create3_ws/install/aws_robomaker_small_house_world/share/aws_robomaker_small_house_world/models/aws_robomaker_residential_DeskPortraitA_01/meshes/aws_DeskPortraitA_01_visual.DAE
[5.856s] -- Symlinking: /home/aisd/RL_lab5/create3_ws/install/aws_robomaker_small_house_world/share/aws_robomaker_small_house_world/models/aws_robomaker_residential_DeskPortraitA_01/model.config
[5.869s] -- Symlinking: /home/aisd/RL_lab5/create3_ws/install/aws_robomaker_small_house_world/share/aws_robomaker_small_house_world/models/aws_robomaker_residential_DeskPortraitA_01/model.sdf
[5.881s] -- Symlinking: /home/aisd/RL_lab5/create3_ws/install/aws_robomaker_small_house_world/share/aws_robomaker_small_house_world/models/aws_robomaker_residential_DeskPortraitA_02/materials/textures/aws_DeskPortraitA_01.png
[5.894s] -- Symlinking: /home/aisd/RL_lab5/create3_ws/install/aws_robomaker_small_house_world/share/aws_robomaker_small_house_world/models/aws_robomaker_residential_DeskPortraitA_02/materials/textures/aws_DeskPortraitA_02.png
[5.907s] -- Symlinking: /home/aisd/RL_lab5/create3_ws/install/aws_robomaker_small_house_world/share/aws_robomaker_small_house_world/models/aws_robomaker_residential_DeskPortraitA_02/meshes/aws_DeskPortraitA_01_collision.DAE
[5.919s] -- Symlinking: /home/aisd/RL_lab5/create3_ws/install/aws_robomaker_small_house_world/share/aws_robomaker_small_house_world/models/aws_robomaker_residential_DeskPortraitA_02/meshes/aws_DeskPortraitA_01_visual.DAE
[5.932s] -- Symlinking: /home/aisd/RL_lab5/create3_ws/install/aws_robomaker_small_house_world/share/aws_robomaker_small_house_world/models/aws_robomaker_residential_DeskPortraitA_02/model.config
[5.944s] -- Symlinking: /home/aisd/RL_lab5/create3_ws/install/aws_robomaker_small_house_world/share/aws_robomaker_small_house_world/models/aws_robomaker_residential_DeskPortraitA_02/model.sdf
[5.957s] -- Symlinking: /home/aisd/RL_lab5/create3_ws/install/aws_robomaker_small_house_world/share/aws_robomaker_small_house_world/models/aws_robomaker_residential_DeskPortraitB_01/materials/textures/aws_DeskPortraitB_01.png
[5.970s] -- Symlinking: /home/aisd/RL_lab5/create3_ws/install/aws_robomaker_small_house_world/share/aws_robomaker_small_house_world/models/aws_robomaker_residential_DeskPortraitB_01/materials/textures/aws_DeskPortraitB_02.png
[5.983s] -- Symlinking: /home/aisd/RL_lab5/create3_ws/install/aws_robomaker_small_house_world/share/aws_robomaker_small_house_world/models/aws_robomaker_residential_DeskPortraitB_01/meshes/aws_DeskPortraitB_01_collision.DAE
[5.996s] -- Symlinking: /home/aisd/RL_lab5/create3_ws/install/aws_robomaker_small_house_world/share/aws_robomaker_small_house_world/models/aws_robomaker_residential_DeskPortraitB_01/meshes/aws_DeskPortraitB_01_visual.DAE
[6.010s] -- Symlinking: /home/aisd/RL_lab5/create3_ws/install/aws_robomaker_small_house_world/share/aws_robomaker_small_house_world/models/aws_robomaker_residential_DeskPortraitB_01/model.config
[6.024s] -- Symlinking: /home/aisd/RL_lab5/create3_ws/install/aws_robomaker_small_house_world/share/aws_robomaker_small_house_world/models/aws_robomaker_residential_DeskPortraitB_01/model.sdf
[6.037s] -- Symlinking: /home/aisd/RL_lab5/create3_ws/install/aws_robomaker_small_house_world/share/aws_robomaker_small_house_world/models/aws_robomaker_residential_DeskPortraitB_02/materials/textures/aws_DeskPortraitB_01.png
[6.050s] -- Symlinking: /home/aisd/RL_lab5/create3_ws/install/aws_robomaker_small_house_world/share/aws_robomaker_small_house_world/models/aws_robomaker_residential_DeskPortraitB_02/materials/textures/aws_DeskPortraitB_02.png
[6.062s] -- Symlinking: /home/aisd/RL_lab5/create3_ws/install/aws_robomaker_small_house_world/share/aws_robomaker_small_house_world/models/aws_robomaker_residential_DeskPortraitB_02/meshes/aws_DeskPortraitB_01_collision.DAE
[6.074s] -- Symlinking: /home/aisd/RL_lab5/create3_ws/install/aws_robomaker_small_house_world/share/aws_robomaker_small_house_world/models/aws_robomaker_residential_DeskPortraitB_02/meshes/aws_DeskPortraitB_01_visual.DAE
[6.087s] -- Symlinking: /home/aisd/RL_lab5/create3_ws/install/aws_robomaker_small_house_world/share/aws_robomaker_small_house_world/models/aws_robomaker_residential_DeskPortraitB_02/model.config
[6.099s] -- Symlinking: /home/aisd/RL_lab5/create3_ws/install/aws_robomaker_small_house_world/share/aws_robomaker_small_house_world/models/aws_robomaker_residential_DeskPortraitB_02/model.sdf
[6.112s] -- Symlinking: /home/aisd/RL_lab5/create3_ws/install/aws_robomaker_small_house_world/share/aws_robomaker_small_house_world/models/aws_robomaker_residential_DeskPortraitC_01/materials/textures/aws_DeskPortraitC_01.png
[6.124s] -- Symlinking: /home/aisd/RL_lab5/create3_ws/install/aws_robomaker_small_house_world/share/aws_robomaker_small_house_world/models/aws_robomaker_residential_DeskPortraitC_01/materials/textures/aws_DeskPortraitC_02.png
[6.137s] -- Symlinking: /home/aisd/RL_lab5/create3_ws/install/aws_robomaker_small_house_world/share/aws_robomaker_small_house_world/models/aws_robomaker_residential_DeskPortraitC_01/meshes/aws_DeskPortraitC_01_collision.DAE
[6.149s] -- Symlinking: /home/aisd/RL_lab5/create3_ws/install/aws_robomaker_small_house_world/share/aws_robomaker_small_house_world/models/aws_robomaker_residential_DeskPortraitC_01/meshes/aws_DeskPortraitC_01_visual.DAE
[6.161s] -- Symlinking: /home/aisd/RL_lab5/create3_ws/install/aws_robomaker_small_house_world/share/aws_robomaker_small_house_world/models/aws_robomaker_residential_DeskPortraitC_01/model.config
[6.174s] -- Symlinking: /home/aisd/RL_lab5/create3_ws/install/aws_robomaker_small_house_world/share/aws_robomaker_small_house_world/models/aws_robomaker_residential_DeskPortraitC_01/model.sdf
[6.187s] -- Symlinking: /home/aisd/RL_lab5/create3_ws/install/aws_robomaker_small_house_world/share/aws_robomaker_small_house_world/models/aws_robomaker_residential_DeskPortraitC_02/materials/textures/aws_DeskPortraitC_01.png
[6.199s] -- Symlinking: /home/aisd/RL_lab5/create3_ws/install/aws_robomaker_small_house_world/share/aws_robomaker_small_house_world/models/aws_robomaker_residential_DeskPortraitC_02/materials/textures/aws_DeskPortraitC_02.png
[6.212s] -- Symlinking: /home/aisd/RL_lab5/create3_ws/install/aws_robomaker_small_house_world/share/aws_robomaker_small_house_world/models/aws_robomaker_residential_DeskPortraitC_02/meshes/aws_DeskPortraitC_01_collision.DAE
[6.225s] -- Symlinking: /home/aisd/RL_lab5/create3_ws/install/aws_robomaker_small_house_world/share/aws_robomaker_small_house_world/models/aws_robomaker_residential_DeskPortraitC_02/meshes/aws_DeskPortraitC_01_visual.DAE
[6.237s] -- Symlinking: /home/aisd/RL_lab5/create3_ws/install/aws_robomaker_small_house_world/share/aws_robomaker_small_house_world/models/aws_robomaker_residential_DeskPortraitC_02/model.config
[6.249s] -- Symlinking: /home/aisd/RL_lab5/create3_ws/install/aws_robomaker_small_house_world/share/aws_robomaker_small_house_world/models/aws_robomaker_residential_DeskPortraitC_02/model.sdf
[6.262s] -- Symlinking: /home/aisd/RL_lab5/create3_ws/install/aws_robomaker_small_house_world/share/aws_robomaker_small_house_world/models/aws_robomaker_residential_DeskPortraitD_01/materials/textures/aws_DeskPortraitD_01.png
[6.274s] -- Symlinking: /home/aisd/RL_lab5/create3_ws/install/aws_robomaker_small_house_world/share/aws_robomaker_small_house_world/models/aws_robomaker_residential_DeskPortraitD_01/materials/textures/aws_DeskPortraitD_02.png
[6.286s] -- Symlinking: /home/aisd/RL_lab5/create3_ws/install/aws_robomaker_small_house_world/share/aws_robomaker_small_house_world/models/aws_robomaker_residential_DeskPortraitD_01/meshes/aws_DeskPortraitD_01_collision.DAE
[6.299s] -- Symlinking: /home/aisd/RL_lab5/create3_ws/install/aws_robomaker_small_house_world/share/aws_robomaker_small_house_world/models/aws_robomaker_residential_DeskPortraitD_01/meshes/aws_DeskPortraitD_01_visual.DAE
[6.311s] -- Symlinking: /home/aisd/RL_lab5/create3_ws/install/aws_robomaker_small_house_world/share/aws_robomaker_small_house_world/models/aws_robomaker_residential_DeskPortraitD_01/model.config
[6.324s] -- Symlinking: /home/aisd/RL_lab5/create3_ws/install/aws_robomaker_small_house_world/share/aws_robomaker_small_house_world/models/aws_robomaker_residential_DeskPortraitD_01/model.sdf
[6.340s] -- Symlinking: /home/aisd/RL_lab5/create3_ws/install/aws_robomaker_small_house_world/share/aws_robomaker_small_house_world/models/aws_robomaker_residential_DeskPortraitD_02/materials/textures/aws_DeskPortraitD_01.png
[6.352s] -- Symlinking: /home/aisd/RL_lab5/create3_ws/install/aws_robomaker_small_house_world/share/aws_robomaker_small_house_world/models/aws_robomaker_residential_DeskPortraitD_02/materials/textures/aws_DeskPortraitD_02.png
[6.365s] -- Symlinking: /home/aisd/RL_lab5/create3_ws/install/aws_robomaker_small_house_world/share/aws_robomaker_small_house_world/models/aws_robomaker_residential_DeskPortraitD_02/meshes/aws_DeskPortraitD_01_collision.DAE
[6.377s] -- Symlinking: /home/aisd/RL_lab5/create3_ws/install/aws_robomaker_small_house_world/share/aws_robomaker_small_house_world/models/aws_robomaker_residential_DeskPortraitD_02/meshes/aws_DeskPortraitD_01_visual.DAE
[6.389s] -- Symlinking: /home/aisd/RL_lab5/create3_ws/install/aws_robomaker_small_house_world/share/aws_robomaker_small_house_world/models/aws_robomaker_residential_DeskPortraitD_02/model.config
[6.400s] -- Symlinking: /home/aisd/RL_lab5/create3_ws/install/aws_robomaker_small_house_world/share/aws_robomaker_small_house_world/models/aws_robomaker_residential_DeskPortraitD_02/model.sdf
[6.412s] -- Symlinking: /home/aisd/RL_lab5/create3_ws/install/aws_robomaker_small_house_world/share/aws_robomaker_small_house_world/models/aws_robomaker_residential_DeskPortraitD_03/materials/textures/aws_DeskPortraitD_01.png
[6.423s] -- Symlinking: /home/aisd/RL_lab5/create3_ws/install/aws_robomaker_small_house_world/share/aws_robomaker_small_house_world/models/aws_robomaker_residential_DeskPortraitD_03/materials/textures/aws_DeskPortraitD_02.png
[6.436s] -- Symlinking: /home/aisd/RL_lab5/create3_ws/install/aws_robomaker_small_house_world/share/aws_robomaker_small_house_world/models/aws_robomaker_residential_DeskPortraitD_03/meshes/aws_DeskPortraitD_01_collision.DAE
[6.448s] -- Symlinking: /home/aisd/RL_lab5/create3_ws/install/aws_robomaker_small_house_world/share/aws_robomaker_small_house_world/models/aws_robomaker_residential_DeskPortraitD_03/meshes/aws_DeskPortraitD_01_visual.DAE
[6.460s] -- Symlinking: /home/aisd/RL_lab5/create3_ws/install/aws_robomaker_small_house_world/share/aws_robomaker_small_house_world/models/aws_robomaker_residential_DeskPortraitD_03/model.config
[6.472s] -- Symlinking: /home/aisd/RL_lab5/create3_ws/install/aws_robomaker_small_house_world/share/aws_robomaker_small_house_world/models/aws_robomaker_residential_DeskPortraitD_03/model.sdf
[6.484s] -- Symlinking: /home/aisd/RL_lab5/create3_ws/install/aws_robomaker_small_house_world/share/aws_robomaker_small_house_world/models/aws_robomaker_residential_DeskPortraitD_04/materials/textures/aws_DeskPortraitD_01.png
[6.496s] -- Symlinking: /home/aisd/RL_lab5/create3_ws/install/aws_robomaker_small_house_world/share/aws_robomaker_small_house_world/models/aws_robomaker_residential_DeskPortraitD_04/materials/textures/aws_DeskPortraitD_02.png
[6.509s] -- Symlinking: /home/aisd/RL_lab5/create3_ws/install/aws_robomaker_small_house_world/share/aws_robomaker_small_house_world/models/aws_robomaker_residential_DeskPortraitD_04/meshes/aws_DeskPortraitD_01_collision.DAE
[6.521s] -- Symlinking: /home/aisd/RL_lab5/create3_ws/install/aws_robomaker_small_house_world/share/aws_robomaker_small_house_world/models/aws_robomaker_residential_DeskPortraitD_04/meshes/aws_DeskPortraitD_01_visual.DAE
[6.533s] -- Symlinking: /home/aisd/RL_lab5/create3_ws/install/aws_robomaker_small_house_world/share/aws_robomaker_small_house_world/models/aws_robomaker_residential_DeskPortraitD_04/model.config
[6.545s] -- Symlinking: /home/aisd/RL_lab5/create3_ws/install/aws_robomaker_small_house_world/share/aws_robomaker_small_house_world/models/aws_robomaker_residential_DeskPortraitD_04/model.sdf
[6.557s] -- Symlinking: /home/aisd/RL_lab5/create3_ws/install/aws_robomaker_small_house_world/share/aws_robomaker_small_house_world/models/aws_robomaker_residential_Door_01/materials/textures/aws_Door_01.png
[6.570s] -- Symlinking: /home/aisd/RL_lab5/create3_ws/install/aws_robomaker_small_house_world/share/aws_robomaker_small_house_world/models/aws_robomaker_residential_Door_01/meshes/aws_Door_01_collision.DAE
[6.582s] -- Symlinking: /home/aisd/RL_lab5/create3_ws/install/aws_robomaker_small_house_world/share/aws_robomaker_small_house_world/models/aws_robomaker_residential_Door_01/meshes/aws_Door_01_visual.DAE
[6.595s] -- Symlinking: /home/aisd/RL_lab5/create3_ws/install/aws_robomaker_small_house_world/share/aws_robomaker_small_house_world/models/aws_robomaker_residential_Door_01/model.config
[6.607s] -- Symlinking: /home/aisd/RL_lab5/create3_ws/install/aws_robomaker_small_house_world/share/aws_robomaker_small_house_world/models/aws_robomaker_residential_Door_01/model.sdf
[6.620s] -- Symlinking: /home/aisd/RL_lab5/create3_ws/install/aws_robomaker_small_house_world/share/aws_robomaker_small_house_world/models/aws_robomaker_residential_Dumbbell_01/materials/textures/aws_Dumbbell_01.png
[6.632s] -- Symlinking: /home/aisd/RL_lab5/create3_ws/install/aws_robomaker_small_house_world/share/aws_robomaker_small_house_world/models/aws_robomaker_residential_Dumbbell_01/meshes/aws_Dumbbell_01_collision.DAE
[6.644s] -- Symlinking: /home/aisd/RL_lab5/create3_ws/install/aws_robomaker_small_house_world/share/aws_robomaker_small_house_world/models/aws_robomaker_residential_Dumbbell_01/meshes/aws_Dumbbell_01_visual.DAE
[6.657s] -- Symlinking: /home/aisd/RL_lab5/create3_ws/install/aws_robomaker_small_house_world/share/aws_robomaker_small_house_world/models/aws_robomaker_residential_Dumbbell_01/model.config
[6.669s] -- Symlinking: /home/aisd/RL_lab5/create3_ws/install/aws_robomaker_small_house_world/share/aws_robomaker_small_house_world/models/aws_robomaker_residential_Dumbbell_01/model.sdf
[6.681s] -- Symlinking: /home/aisd/RL_lab5/create3_ws/install/aws_robomaker_small_house_world/share/aws_robomaker_small_house_world/models/aws_robomaker_residential_FitnessEquipment_01/materials/textures/aws_FitnessEquipment_01.png
[6.693s] -- Symlinking: /home/aisd/RL_lab5/create3_ws/install/aws_robomaker_small_house_world/share/aws_robomaker_small_house_world/models/aws_robomaker_residential_FitnessEquipment_01/meshes/aws_FitnessEquipment_01_collision.DAE
[6.705s] -- Symlinking: /home/aisd/RL_lab5/create3_ws/install/aws_robomaker_small_house_world/share/aws_robomaker_small_house_world/models/aws_robomaker_residential_FitnessEquipment_01/meshes/aws_FitnessEquipment_01_visual.DAE
[6.717s] -- Symlinking: /home/aisd/RL_lab5/create3_ws/install/aws_robomaker_small_house_world/share/aws_robomaker_small_house_world/models/aws_robomaker_residential_FitnessEquipment_01/model.config
[6.729s] -- Symlinking: /home/aisd/RL_lab5/create3_ws/install/aws_robomaker_small_house_world/share/aws_robomaker_small_house_world/models/aws_robomaker_residential_FitnessEquipment_01/model.sdf
[6.741s] -- Symlinking: /home/aisd/RL_lab5/create3_ws/install/aws_robomaker_small_house_world/share/aws_robomaker_small_house_world/models/aws_robomaker_residential_FloorB_01/materials/textures/aws_FloorB_01.png
[6.753s] -- Symlinking: /home/aisd/RL_lab5/create3_ws/install/aws_robomaker_small_house_world/share/aws_robomaker_small_house_world/models/aws_robomaker_residential_FloorB_01/meshes/aws_FloorB_01_collision.DAE
[6.764s] -- Symlinking: /home/aisd/RL_lab5/create3_ws/install/aws_robomaker_small_house_world/share/aws_robomaker_small_house_world/models/aws_robomaker_residential_FloorB_01/meshes/aws_FloorB_01_visual.DAE
[6.776s] -- Symlinking: /home/aisd/RL_lab5/create3_ws/install/aws_robomaker_small_house_world/share/aws_robomaker_small_house_world/models/aws_robomaker_residential_FloorB_01/model.config
[6.788s] -- Symlinking: /home/aisd/RL_lab5/create3_ws/install/aws_robomaker_small_house_world/share/aws_robomaker_small_house_world/models/aws_robomaker_residential_FloorB_01/model.sdf
[6.801s] -- Symlinking: /home/aisd/RL_lab5/create3_ws/install/aws_robomaker_small_house_world/share/aws_robomaker_small_house_world/models/aws_robomaker_residential_FoldingDoor_01/materials/textures/aws_FoldingDoor_01.png
[6.815s] -- Symlinking: /home/aisd/RL_lab5/create3_ws/install/aws_robomaker_small_house_world/share/aws_robomaker_small_house_world/models/aws_robomaker_residential_FoldingDoor_01/meshes/aws_FoldingDoor_01_collision.DAE
[6.827s] -- Symlinking: /home/aisd/RL_lab5/create3_ws/install/aws_robomaker_small_house_world/share/aws_robomaker_small_house_world/models/aws_robomaker_residential_FoldingDoor_01/meshes/aws_FoldingDoor_01_visual.DAE
[6.839s] -- Symlinking: /home/aisd/RL_lab5/create3_ws/install/aws_robomaker_small_house_world/share/aws_robomaker_small_house_world/models/aws_robomaker_residential_FoldingDoor_01/model.config
[6.850s] -- Symlinking: /home/aisd/RL_lab5/create3_ws/install/aws_robomaker_small_house_world/share/aws_robomaker_small_house_world/models/aws_robomaker_residential_FoldingDoor_01/model.sdf
[6.862s] -- Symlinking: /home/aisd/RL_lab5/create3_ws/install/aws_robomaker_small_house_world/share/aws_robomaker_small_house_world/models/aws_robomaker_residential_FoldingDoor_02/materials/textures/aws_FoldingDoor_02.png
[6.874s] -- Symlinking: /home/aisd/RL_lab5/create3_ws/install/aws_robomaker_small_house_world/share/aws_robomaker_small_house_world/models/aws_robomaker_residential_FoldingDoor_02/meshes/aws_FoldingDoor_02_collision.DAE
[6.885s] -- Symlinking: /home/aisd/RL_lab5/create3_ws/install/aws_robomaker_small_house_world/share/aws_robomaker_small_house_world/models/aws_robomaker_residential_FoldingDoor_02/meshes/aws_FoldingDoor_02_visual.DAE
[6.897s] -- Symlinking: /home/aisd/RL_lab5/create3_ws/install/aws_robomaker_small_house_world/share/aws_robomaker_small_house_world/models/aws_robomaker_residential_FoldingDoor_02/model.config
[6.908s] -- Symlinking: /home/aisd/RL_lab5/create3_ws/install/aws_robomaker_small_house_world/share/aws_robomaker_small_house_world/models/aws_robomaker_residential_FoldingDoor_02/model.sdf
[6.920s] -- Symlinking: /home/aisd/RL_lab5/create3_ws/install/aws_robomaker_small_house_world/share/aws_robomaker_small_house_world/models/aws_robomaker_residential_Handle_01/materials/textures/aws_Handle_01.png
[6.931s] -- Symlinking: /home/aisd/RL_lab5/create3_ws/install/aws_robomaker_small_house_world/share/aws_robomaker_small_house_world/models/aws_robomaker_residential_Handle_01/meshes/aws_ handle_01_collision.DAE
[6.944s] -- Symlinking: /home/aisd/RL_lab5/create3_ws/install/aws_robomaker_small_house_world/share/aws_robomaker_small_house_world/models/aws_robomaker_residential_Handle_01/meshes/aws_Handle_01_collision.DAE
[6.956s] -- Symlinking: /home/aisd/RL_lab5/create3_ws/install/aws_robomaker_small_house_world/share/aws_robomaker_small_house_world/models/aws_robomaker_residential_Handle_01/meshes/aws_Handle_01_visual.DAE
[6.968s] -- Symlinking: /home/aisd/RL_lab5/create3_ws/install/aws_robomaker_small_house_world/share/aws_robomaker_small_house_world/models/aws_robomaker_residential_Handle_01/model.config
[6.980s] -- Symlinking: /home/aisd/RL_lab5/create3_ws/install/aws_robomaker_small_house_world/share/aws_robomaker_small_house_world/models/aws_robomaker_residential_Handle_01/model.sdf
[6.992s] -- Symlinking: /home/aisd/RL_lab5/create3_ws/install/aws_robomaker_small_house_world/share/aws_robomaker_small_house_world/models/aws_robomaker_residential_HouseWallB_01/materials/textures/aws_HouseWallB_01.png
[7.005s] -- Symlinking: /home/aisd/RL_lab5/create3_ws/install/aws_robomaker_small_house_world/share/aws_robomaker_small_house_world/models/aws_robomaker_residential_HouseWallB_01/meshes/aws_HouseWallB_01_collision.DAE
[7.016s] -- Symlinking: /home/aisd/RL_lab5/create3_ws/install/aws_robomaker_small_house_world/share/aws_robomaker_small_house_world/models/aws_robomaker_residential_HouseWallB_01/meshes/aws_HouseWallB_01_visual.DAE
[7.030s] -- Symlinking: /home/aisd/RL_lab5/create3_ws/install/aws_robomaker_small_house_world/share/aws_robomaker_small_house_world/models/aws_robomaker_residential_HouseWallB_01/model.config
[7.047s] -- Symlinking: /home/aisd/RL_lab5/create3_ws/install/aws_robomaker_small_house_world/share/aws_robomaker_small_house_world/models/aws_robomaker_residential_HouseWallB_01/model.sdf
[7.064s] -- Symlinking: /home/aisd/RL_lab5/create3_ws/install/aws_robomaker_small_house_world/share/aws_robomaker_small_house_world/models/aws_robomaker_residential_KitchenCabinet_01/materials/textures/aws_KitchenCabinet_01.png
[7.080s] -- Symlinking: /home/aisd/RL_lab5/create3_ws/install/aws_robomaker_small_house_world/share/aws_robomaker_small_house_world/models/aws_robomaker_residential_KitchenCabinet_01/meshes/aws_KitchenCabinet_01_collision.DAE
[7.094s] -- Symlinking: /home/aisd/RL_lab5/create3_ws/install/aws_robomaker_small_house_world/share/aws_robomaker_small_house_world/models/aws_robomaker_residential_KitchenCabinet_01/meshes/aws_KitchenCabinet_01_visual.DAE
[7.107s] -- Symlinking: /home/aisd/RL_lab5/create3_ws/install/aws_robomaker_small_house_world/share/aws_robomaker_small_house_world/models/aws_robomaker_residential_KitchenCabinet_01/model.config
[7.122s] -- Symlinking: /home/aisd/RL_lab5/create3_ws/install/aws_robomaker_small_house_world/share/aws_robomaker_small_house_world/models/aws_robomaker_residential_KitchenCabinet_01/model.sdf
[7.137s] -- Symlinking: /home/aisd/RL_lab5/create3_ws/install/aws_robomaker_small_house_world/share/aws_robomaker_small_house_world/models/aws_robomaker_residential_KitchenTable_01/materials/textures/aws_KitchenTable_01.png
[7.154s] -- Symlinking: /home/aisd/RL_lab5/create3_ws/install/aws_robomaker_small_house_world/share/aws_robomaker_small_house_world/models/aws_robomaker_residential_KitchenTable_01/meshes/aws_KitchenTable_01_collision.DAE
[7.169s] -- Symlinking: /home/aisd/RL_lab5/create3_ws/install/aws_robomaker_small_house_world/share/aws_robomaker_small_house_world/models/aws_robomaker_residential_KitchenTable_01/meshes/aws_KitchenTable_01_visual.DAE
[7.182s] -- Symlinking: /home/aisd/RL_lab5/create3_ws/install/aws_robomaker_small_house_world/share/aws_robomaker_small_house_world/models/aws_robomaker_residential_KitchenTable_01/model.config
[7.196s] -- Symlinking: /home/aisd/RL_lab5/create3_ws/install/aws_robomaker_small_house_world/share/aws_robomaker_small_house_world/models/aws_robomaker_residential_KitchenTable_01/model.sdf
[7.210s] -- Symlinking: /home/aisd/RL_lab5/create3_ws/install/aws_robomaker_small_house_world/share/aws_robomaker_small_house_world/models/aws_robomaker_residential_KitchenUtensils_01/materials/textures/aws_KitchenUtensils_01.png
[7.224s] -- Symlinking: /home/aisd/RL_lab5/create3_ws/install/aws_robomaker_small_house_world/share/aws_robomaker_small_house_world/models/aws_robomaker_residential_KitchenUtensils_01/meshes/aws_KitchenUtensils_01_collision.DAE
[7.239s] -- Symlinking: /home/aisd/RL_lab5/create3_ws/install/aws_robomaker_small_house_world/share/aws_robomaker_small_house_world/models/aws_robomaker_residential_KitchenUtensils_01/meshes/aws_KitchenUtensils_01_visual.DAE
[7.253s] -- Symlinking: /home/aisd/RL_lab5/create3_ws/install/aws_robomaker_small_house_world/share/aws_robomaker_small_house_world/models/aws_robomaker_residential_KitchenUtensils_01/model.config
[7.268s] -- Symlinking: /home/aisd/RL_lab5/create3_ws/install/aws_robomaker_small_house_world/share/aws_robomaker_small_house_world/models/aws_robomaker_residential_KitchenUtensils_01/model.sdf
[7.281s] -- Symlinking: /home/aisd/RL_lab5/create3_ws/install/aws_robomaker_small_house_world/share/aws_robomaker_small_house_world/models/aws_robomaker_residential_LightC_01/materials/textures/aws_LightC_01.png
[7.295s] -- Symlinking: /home/aisd/RL_lab5/create3_ws/install/aws_robomaker_small_house_world/share/aws_robomaker_small_house_world/models/aws_robomaker_residential_LightC_01/meshes/aws_LightC_01_collision.DAE
[7.309s] -- Symlinking: /home/aisd/RL_lab5/create3_ws/install/aws_robomaker_small_house_world/share/aws_robomaker_small_house_world/models/aws_robomaker_residential_LightC_01/meshes/aws_LightC_01_visual.DAE
[7.325s] -- Symlinking: /home/aisd/RL_lab5/create3_ws/install/aws_robomaker_small_house_world/share/aws_robomaker_small_house_world/models/aws_robomaker_residential_LightC_01/model.config
[7.339s] -- Symlinking: /home/aisd/RL_lab5/create3_ws/install/aws_robomaker_small_house_world/share/aws_robomaker_small_house_world/models/aws_robomaker_residential_LightC_01/model.sdf
[7.353s] -- Symlinking: /home/aisd/RL_lab5/create3_ws/install/aws_robomaker_small_house_world/share/aws_robomaker_small_house_world/models/aws_robomaker_residential_NightStand_01/materials/textures/aws_NightStand_01.png
[7.367s] -- Symlinking: /home/aisd/RL_lab5/create3_ws/install/aws_robomaker_small_house_world/share/aws_robomaker_small_house_world/models/aws_robomaker_residential_NightStand_01/meshes/aws_NightStand_01_collision.DAE
[7.381s] -- Symlinking: /home/aisd/RL_lab5/create3_ws/install/aws_robomaker_small_house_world/share/aws_robomaker_small_house_world/models/aws_robomaker_residential_NightStand_01/meshes/aws_NightStand_01_visual.DAE
[7.394s] -- Symlinking: /home/aisd/RL_lab5/create3_ws/install/aws_robomaker_small_house_world/share/aws_robomaker_small_house_world/models/aws_robomaker_residential_NightStand_01/model.config
[7.409s] -- Symlinking: /home/aisd/RL_lab5/create3_ws/install/aws_robomaker_small_house_world/share/aws_robomaker_small_house_world/models/aws_robomaker_residential_NightStand_01/model.sdf
[7.423s] -- Symlinking: /home/aisd/RL_lab5/create3_ws/install/aws_robomaker_small_house_world/share/aws_robomaker_small_house_world/models/aws_robomaker_residential_Pillow_01/materials/textures/aws_Pillow_01.png
[7.437s] -- Symlinking: /home/aisd/RL_lab5/create3_ws/install/aws_robomaker_small_house_world/share/aws_robomaker_small_house_world/models/aws_robomaker_residential_Pillow_01/meshes/aws_Pillow_01_collision.DAE
[7.451s] -- Symlinking: /home/aisd/RL_lab5/create3_ws/install/aws_robomaker_small_house_world/share/aws_robomaker_small_house_world/models/aws_robomaker_residential_Pillow_01/meshes/aws_Pillow_01_visual.DAE
[7.466s] -- Symlinking: /home/aisd/RL_lab5/create3_ws/install/aws_robomaker_small_house_world/share/aws_robomaker_small_house_world/models/aws_robomaker_residential_Pillow_01/model.config
[7.479s] -- Symlinking: /home/aisd/RL_lab5/create3_ws/install/aws_robomaker_small_house_world/share/aws_robomaker_small_house_world/models/aws_robomaker_residential_Pillow_01/model.sdf
[7.493s] -- Symlinking: /home/aisd/RL_lab5/create3_ws/install/aws_robomaker_small_house_world/share/aws_robomaker_small_house_world/models/aws_robomaker_residential_PortraitA_01/materials/textures/aws_PortraitA_01.png
[7.507s] -- Symlinking: /home/aisd/RL_lab5/create3_ws/install/aws_robomaker_small_house_world/share/aws_robomaker_small_house_world/models/aws_robomaker_residential_PortraitA_01/materials/textures/aws_PortraitA_02.png
[7.521s] -- Symlinking: /home/aisd/RL_lab5/create3_ws/install/aws_robomaker_small_house_world/share/aws_robomaker_small_house_world/models/aws_robomaker_residential_PortraitA_01/meshes/aws_PortraitA_01_collision.DAE
[7.536s] -- Symlinking: /home/aisd/RL_lab5/create3_ws/install/aws_robomaker_small_house_world/share/aws_robomaker_small_house_world/models/aws_robomaker_residential_PortraitA_01/meshes/aws_PortraitA_01_visual.DAE
[7.549s] -- Symlinking: /home/aisd/RL_lab5/create3_ws/install/aws_robomaker_small_house_world/share/aws_robomaker_small_house_world/models/aws_robomaker_residential_PortraitA_01/model.config
[7.562s] -- Symlinking: /home/aisd/RL_lab5/create3_ws/install/aws_robomaker_small_house_world/share/aws_robomaker_small_house_world/models/aws_robomaker_residential_PortraitA_01/model.sdf
[7.577s] -- Symlinking: /home/aisd/RL_lab5/create3_ws/install/aws_robomaker_small_house_world/share/aws_robomaker_small_house_world/models/aws_robomaker_residential_PortraitA_02/materials/textures/aws_PortraitA_01.png
[7.590s] -- Symlinking: /home/aisd/RL_lab5/create3_ws/install/aws_robomaker_small_house_world/share/aws_robomaker_small_house_world/models/aws_robomaker_residential_PortraitA_02/materials/textures/aws_PortraitA_02.png
[7.604s] -- Symlinking: /home/aisd/RL_lab5/create3_ws/install/aws_robomaker_small_house_world/share/aws_robomaker_small_house_world/models/aws_robomaker_residential_PortraitA_02/meshes/aws_PortraitA_01_collision.DAE
[7.617s] -- Symlinking: /home/aisd/RL_lab5/create3_ws/install/aws_robomaker_small_house_world/share/aws_robomaker_small_house_world/models/aws_robomaker_residential_PortraitA_02/meshes/aws_PortraitA_01_visual.DAE
[7.629s] -- Symlinking: /home/aisd/RL_lab5/create3_ws/install/aws_robomaker_small_house_world/share/aws_robomaker_small_house_world/models/aws_robomaker_residential_PortraitA_02/model.config
[7.642s] -- Symlinking: /home/aisd/RL_lab5/create3_ws/install/aws_robomaker_small_house_world/share/aws_robomaker_small_house_world/models/aws_robomaker_residential_PortraitA_02/model.sdf
[7.654s] -- Symlinking: /home/aisd/RL_lab5/create3_ws/install/aws_robomaker_small_house_world/share/aws_robomaker_small_house_world/models/aws_robomaker_residential_PortraitB_01/materials/textures/aws_PortraitB_01.png
[7.666s] -- Symlinking: /home/aisd/RL_lab5/create3_ws/install/aws_robomaker_small_house_world/share/aws_robomaker_small_house_world/models/aws_robomaker_residential_PortraitB_01/materials/textures/aws_PortraitB_02.png
[7.677s] -- Symlinking: /home/aisd/RL_lab5/create3_ws/install/aws_robomaker_small_house_world/share/aws_robomaker_small_house_world/models/aws_robomaker_residential_PortraitB_01/meshes/aws_PortraitB_01_collision.DAE
[7.689s] -- Symlinking: /home/aisd/RL_lab5/create3_ws/install/aws_robomaker_small_house_world/share/aws_robomaker_small_house_world/models/aws_robomaker_residential_PortraitB_01/meshes/aws_PortraitB_01_visual.DAE
[7.700s] -- Symlinking: /home/aisd/RL_lab5/create3_ws/install/aws_robomaker_small_house_world/share/aws_robomaker_small_house_world/models/aws_robomaker_residential_PortraitB_01/model.config
[7.712s] -- Symlinking: /home/aisd/RL_lab5/create3_ws/install/aws_robomaker_small_house_world/share/aws_robomaker_small_house_world/models/aws_robomaker_residential_PortraitB_01/model.sdf
[7.723s] -- Symlinking: /home/aisd/RL_lab5/create3_ws/install/aws_robomaker_small_house_world/share/aws_robomaker_small_house_world/models/aws_robomaker_residential_PortraitB_02/materials/textures/aws_PortraitB_01.png
[7.735s] -- Symlinking: /home/aisd/RL_lab5/create3_ws/install/aws_robomaker_small_house_world/share/aws_robomaker_small_house_world/models/aws_robomaker_residential_PortraitB_02/materials/textures/aws_PortraitB_02.png
[7.748s] -- Symlinking: /home/aisd/RL_lab5/create3_ws/install/aws_robomaker_small_house_world/share/aws_robomaker_small_house_world/models/aws_robomaker_residential_PortraitB_02/meshes/aws_PortraitB_01_collision.DAE
[7.761s] -- Symlinking: /home/aisd/RL_lab5/create3_ws/install/aws_robomaker_small_house_world/share/aws_robomaker_small_house_world/models/aws_robomaker_residential_PortraitB_02/meshes/aws_PortraitB_01_visual.DAE
[7.775s] -- Symlinking: /home/aisd/RL_lab5/create3_ws/install/aws_robomaker_small_house_world/share/aws_robomaker_small_house_world/models/aws_robomaker_residential_PortraitB_02/model.config
[7.787s] -- Symlinking: /home/aisd/RL_lab5/create3_ws/install/aws_robomaker_small_house_world/share/aws_robomaker_small_house_world/models/aws_robomaker_residential_PortraitB_02/model.sdf
[7.801s] -- Symlinking: /home/aisd/RL_lab5/create3_ws/install/aws_robomaker_small_house_world/share/aws_robomaker_small_house_world/models/aws_robomaker_residential_PortraitB_03/materials/textures/aws_PortraitB_01.png
[7.820s] -- Symlinking: /home/aisd/RL_lab5/create3_ws/install/aws_robomaker_small_house_world/share/aws_robomaker_small_house_world/models/aws_robomaker_residential_PortraitB_03/materials/textures/aws_PortraitB_02.png
[7.832s] -- Symlinking: /home/aisd/RL_lab5/create3_ws/install/aws_robomaker_small_house_world/share/aws_robomaker_small_house_world/models/aws_robomaker_residential_PortraitB_03/meshes/aws_PortraitB_01_collision.DAE
[7.845s] -- Symlinking: /home/aisd/RL_lab5/create3_ws/install/aws_robomaker_small_house_world/share/aws_robomaker_small_house_world/models/aws_robomaker_residential_PortraitB_03/meshes/aws_PortraitB_01_visual.DAE
[7.859s] -- Symlinking: /home/aisd/RL_lab5/create3_ws/install/aws_robomaker_small_house_world/share/aws_robomaker_small_house_world/models/aws_robomaker_residential_PortraitB_03/model.config
[7.872s] -- Symlinking: /home/aisd/RL_lab5/create3_ws/install/aws_robomaker_small_house_world/share/aws_robomaker_small_house_world/models/aws_robomaker_residential_PortraitB_03/model.sdf
[7.885s] -- Symlinking: /home/aisd/RL_lab5/create3_ws/install/aws_robomaker_small_house_world/share/aws_robomaker_small_house_world/models/aws_robomaker_residential_PortraitC_01/materials/textures/aws_PortraitC_01.png
[7.897s] -- Symlinking: /home/aisd/RL_lab5/create3_ws/install/aws_robomaker_small_house_world/share/aws_robomaker_small_house_world/models/aws_robomaker_residential_PortraitC_01/materials/textures/aws_PortraitC_02.png
[7.909s] -- Symlinking: /home/aisd/RL_lab5/create3_ws/install/aws_robomaker_small_house_world/share/aws_robomaker_small_house_world/models/aws_robomaker_residential_PortraitC_01/meshes/aws_PortraitC_01_collision.DAE
[7.922s] -- Symlinking: /home/aisd/RL_lab5/create3_ws/install/aws_robomaker_small_house_world/share/aws_robomaker_small_house_world/models/aws_robomaker_residential_PortraitC_01/meshes/aws_PortraitC_01_visual.DAE
[7.935s] -- Symlinking: /home/aisd/RL_lab5/create3_ws/install/aws_robomaker_small_house_world/share/aws_robomaker_small_house_world/models/aws_robomaker_residential_PortraitC_01/model.config
[7.947s] -- Symlinking: /home/aisd/RL_lab5/create3_ws/install/aws_robomaker_small_house_world/share/aws_robomaker_small_house_world/models/aws_robomaker_residential_PortraitC_01/model.sdf
[7.960s] -- Symlinking: /home/aisd/RL_lab5/create3_ws/install/aws_robomaker_small_house_world/share/aws_robomaker_small_house_world/models/aws_robomaker_residential_PortraitD_01/materials/textures/aws_PortraitD_01.png
[7.972s] -- Symlinking: /home/aisd/RL_lab5/create3_ws/install/aws_robomaker_small_house_world/share/aws_robomaker_small_house_world/models/aws_robomaker_residential_PortraitD_01/materials/textures/aws_PortraitD_02.png
[7.984s] -- Symlinking: /home/aisd/RL_lab5/create3_ws/install/aws_robomaker_small_house_world/share/aws_robomaker_small_house_world/models/aws_robomaker_residential_PortraitD_01/meshes/aws_PortraitD_01_collision.DAE
[7.997s] -- Symlinking: /home/aisd/RL_lab5/create3_ws/install/aws_robomaker_small_house_world/share/aws_robomaker_small_house_world/models/aws_robomaker_residential_PortraitD_01/meshes/aws_PortraitD_01_visual.DAE
[8.009s] -- Symlinking: /home/aisd/RL_lab5/create3_ws/install/aws_robomaker_small_house_world/share/aws_robomaker_small_house_world/models/aws_robomaker_residential_PortraitD_01/model.config
[8.021s] -- Symlinking: /home/aisd/RL_lab5/create3_ws/install/aws_robomaker_small_house_world/share/aws_robomaker_small_house_world/models/aws_robomaker_residential_PortraitD_01/model.sdf
[8.033s] -- Symlinking: /home/aisd/RL_lab5/create3_ws/install/aws_robomaker_small_house_world/share/aws_robomaker_small_house_world/models/aws_robomaker_residential_PortraitD_02/materials/textures/aws_PortraitD_01.png
[8.045s] -- Symlinking: /home/aisd/RL_lab5/create3_ws/install/aws_robomaker_small_house_world/share/aws_robomaker_small_house_world/models/aws_robomaker_residential_PortraitD_02/materials/textures/aws_PortraitD_02.png
[8.057s] -- Symlinking: /home/aisd/RL_lab5/create3_ws/install/aws_robomaker_small_house_world/share/aws_robomaker_small_house_world/models/aws_robomaker_residential_PortraitD_02/meshes/aws_PortraitD_01_collision.DAE
[8.069s] -- Symlinking: /home/aisd/RL_lab5/create3_ws/install/aws_robomaker_small_house_world/share/aws_robomaker_small_house_world/models/aws_robomaker_residential_PortraitD_02/meshes/aws_PortraitD_01_visual.DAE
[8.081s] -- Symlinking: /home/aisd/RL_lab5/create3_ws/install/aws_robomaker_small_house_world/share/aws_robomaker_small_house_world/models/aws_robomaker_residential_PortraitD_02/model.config
[8.092s] -- Symlinking: /home/aisd/RL_lab5/create3_ws/install/aws_robomaker_small_house_world/share/aws_robomaker_small_house_world/models/aws_robomaker_residential_PortraitD_02/model.sdf
[8.104s] -- Symlinking: /home/aisd/RL_lab5/create3_ws/install/aws_robomaker_small_house_world/share/aws_robomaker_small_house_world/models/aws_robomaker_residential_PortraitE_01/materials/textures/aws_PortraitE_01.png
[8.116s] -- Symlinking: /home/aisd/RL_lab5/create3_ws/install/aws_robomaker_small_house_world/share/aws_robomaker_small_house_world/models/aws_robomaker_residential_PortraitE_01/materials/textures/aws_PortraitE_02.png
[8.127s] -- Symlinking: /home/aisd/RL_lab5/create3_ws/install/aws_robomaker_small_house_world/share/aws_robomaker_small_house_world/models/aws_robomaker_residential_PortraitE_01/meshes/aws_PortraitE_01_collision.DAE
[8.139s] -- Symlinking: /home/aisd/RL_lab5/create3_ws/install/aws_robomaker_small_house_world/share/aws_robomaker_small_house_world/models/aws_robomaker_residential_PortraitE_01/meshes/aws_PortraitE_01_visual.DAE
[8.151s] -- Symlinking: /home/aisd/RL_lab5/create3_ws/install/aws_robomaker_small_house_world/share/aws_robomaker_small_house_world/models/aws_robomaker_residential_PortraitE_01/model.config
[8.164s] -- Symlinking: /home/aisd/RL_lab5/create3_ws/install/aws_robomaker_small_house_world/share/aws_robomaker_small_house_world/models/aws_robomaker_residential_PortraitE_01/model.sdf
[8.176s] -- Symlinking: /home/aisd/RL_lab5/create3_ws/install/aws_robomaker_small_house_world/share/aws_robomaker_small_house_world/models/aws_robomaker_residential_PortraitE_02/materials/textures/aws_PortraitE_01.png
[8.187s] -- Symlinking: /home/aisd/RL_lab5/create3_ws/install/aws_robomaker_small_house_world/share/aws_robomaker_small_house_world/models/aws_robomaker_residential_PortraitE_02/materials/textures/aws_PortraitE_02.png
[8.199s] -- Symlinking: /home/aisd/RL_lab5/create3_ws/install/aws_robomaker_small_house_world/share/aws_robomaker_small_house_world/models/aws_robomaker_residential_PortraitE_02/meshes/aws_PortraitE_01_collision.DAE
[8.211s] -- Symlinking: /home/aisd/RL_lab5/create3_ws/install/aws_robomaker_small_house_world/share/aws_robomaker_small_house_world/models/aws_robomaker_residential_PortraitE_02/meshes/aws_PortraitE_01_visual.DAE
[8.223s] -- Symlinking: /home/aisd/RL_lab5/create3_ws/install/aws_robomaker_small_house_world/share/aws_robomaker_small_house_world/models/aws_robomaker_residential_PortraitE_02/model.config
[8.235s] -- Symlinking: /home/aisd/RL_lab5/create3_ws/install/aws_robomaker_small_house_world/share/aws_robomaker_small_house_world/models/aws_robomaker_residential_PortraitE_02/model.sdf
[8.247s] -- Symlinking: /home/aisd/RL_lab5/create3_ws/install/aws_robomaker_small_house_world/share/aws_robomaker_small_house_world/models/aws_robomaker_residential_Quilt_01/materials/textures/aws_Quilt_01.png
[8.259s] -- Symlinking: /home/aisd/RL_lab5/create3_ws/install/aws_robomaker_small_house_world/share/aws_robomaker_small_house_world/models/aws_robomaker_residential_Quilt_01/meshes/aws_Quilt_01_collision.DAE
[8.272s] -- Symlinking: /home/aisd/RL_lab5/create3_ws/install/aws_robomaker_small_house_world/share/aws_robomaker_small_house_world/models/aws_robomaker_residential_Quilt_01/meshes/aws_Quilt_01_visual.DAE
[8.285s] -- Symlinking: /home/aisd/RL_lab5/create3_ws/install/aws_robomaker_small_house_world/share/aws_robomaker_small_house_world/models/aws_robomaker_residential_Quilt_01/model.config
[8.297s] -- Symlinking: /home/aisd/RL_lab5/create3_ws/install/aws_robomaker_small_house_world/share/aws_robomaker_small_house_world/models/aws_robomaker_residential_Quilt_01/model.sdf
[8.309s] -- Symlinking: /home/aisd/RL_lab5/create3_ws/install/aws_robomaker_small_house_world/share/aws_robomaker_small_house_world/models/aws_robomaker_residential_Rangehood_01/materials/textures/aws_Rangehood_01.png
[8.323s] -- Symlinking: /home/aisd/RL_lab5/create3_ws/install/aws_robomaker_small_house_world/share/aws_robomaker_small_house_world/models/aws_robomaker_residential_Rangehood_01/meshes/aws_Rangehood_01_collision.DAE
[8.334s] -- Symlinking: /home/aisd/RL_lab5/create3_ws/install/aws_robomaker_small_house_world/share/aws_robomaker_small_house_world/models/aws_robomaker_residential_Rangehood_01/meshes/aws_Rangehood_01_visual.DAE
[8.347s] -- Symlinking: /home/aisd/RL_lab5/create3_ws/install/aws_robomaker_small_house_world/share/aws_robomaker_small_house_world/models/aws_robomaker_residential_Rangehood_01/model.config
[8.359s] -- Symlinking: /home/aisd/RL_lab5/create3_ws/install/aws_robomaker_small_house_world/share/aws_robomaker_small_house_world/models/aws_robomaker_residential_Rangehood_01/model.sdf
[8.372s] -- Symlinking: /home/aisd/RL_lab5/create3_ws/install/aws_robomaker_small_house_world/share/aws_robomaker_small_house_world/models/aws_robomaker_residential_ReadingDesk_01/materials/textures/aws_ReadingDesk_01.png
[8.384s] -- Symlinking: /home/aisd/RL_lab5/create3_ws/install/aws_robomaker_small_house_world/share/aws_robomaker_small_house_world/models/aws_robomaker_residential_ReadingDesk_01/meshes/aws_ReadingDesk_01_collision.DAE
[8.396s] -- Symlinking: /home/aisd/RL_lab5/create3_ws/install/aws_robomaker_small_house_world/share/aws_robomaker_small_house_world/models/aws_robomaker_residential_ReadingDesk_01/meshes/aws_ReadingDesk_01_visual.DAE
[8.409s] -- Symlinking: /home/aisd/RL_lab5/create3_ws/install/aws_robomaker_small_house_world/share/aws_robomaker_small_house_world/models/aws_robomaker_residential_ReadingDesk_01/model.config
[8.424s] -- Symlinking: /home/aisd/RL_lab5/create3_ws/install/aws_robomaker_small_house_world/share/aws_robomaker_small_house_world/models/aws_robomaker_residential_ReadingDesk_01/model.sdf
[8.445s] -- Symlinking: /home/aisd/RL_lab5/create3_ws/install/aws_robomaker_small_house_world/share/aws_robomaker_small_house_world/models/aws_robomaker_residential_Refrigerator_01/materials/textures/aws_Refrigerator_01.png
[8.464s] -- Symlinking: /home/aisd/RL_lab5/create3_ws/install/aws_robomaker_small_house_world/share/aws_robomaker_small_house_world/models/aws_robomaker_residential_Refrigerator_01/materials/textures/aws_Refrigerator_02.png
[8.482s] -- Symlinking: /home/aisd/RL_lab5/create3_ws/install/aws_robomaker_small_house_world/share/aws_robomaker_small_house_world/models/aws_robomaker_residential_Refrigerator_01/meshes/aws_Refrigerator_01.DAE
[8.499s] -- Symlinking: /home/aisd/RL_lab5/create3_ws/install/aws_robomaker_small_house_world/share/aws_robomaker_small_house_world/models/aws_robomaker_residential_Refrigerator_01/meshes/aws_Refrigerator_01_collision.DAE
[8.524s] -- Symlinking: /home/aisd/RL_lab5/create3_ws/install/aws_robomaker_small_house_world/share/aws_robomaker_small_house_world/models/aws_robomaker_residential_Refrigerator_01/meshes/aws_Refrigerator_01_visual.DAE
[8.549s] -- Symlinking: /home/aisd/RL_lab5/create3_ws/install/aws_robomaker_small_house_world/share/aws_robomaker_small_house_world/models/aws_robomaker_residential_Refrigerator_01/model.config
[8.567s] -- Symlinking: /home/aisd/RL_lab5/create3_ws/install/aws_robomaker_small_house_world/share/aws_robomaker_small_house_world/models/aws_robomaker_residential_Refrigerator_01/model.sdf
[8.585s] -- Symlinking: /home/aisd/RL_lab5/create3_ws/install/aws_robomaker_small_house_world/share/aws_robomaker_small_house_world/models/aws_robomaker_residential_RoomCeiling_01/materials/textures/aws_RoomCeiling_01.png
[8.601s] -- Symlinking: /home/aisd/RL_lab5/create3_ws/install/aws_robomaker_small_house_world/share/aws_robomaker_small_house_world/models/aws_robomaker_residential_RoomCeiling_01/meshes/aws_RoomCeiling_01_collision.DAE
[8.618s] -- Symlinking: /home/aisd/RL_lab5/create3_ws/install/aws_robomaker_small_house_world/share/aws_robomaker_small_house_world/models/aws_robomaker_residential_RoomCeiling_01/meshes/aws_RoomCeiling_01_visual.DAE
[8.635s] -- Symlinking: /home/aisd/RL_lab5/create3_ws/install/aws_robomaker_small_house_world/share/aws_robomaker_small_house_world/models/aws_robomaker_residential_RoomCeiling_01/model.config
[8.651s] -- Symlinking: /home/aisd/RL_lab5/create3_ws/install/aws_robomaker_small_house_world/share/aws_robomaker_small_house_world/models/aws_robomaker_residential_RoomCeiling_01/model.sdf
[8.665s] -- Symlinking: /home/aisd/RL_lab5/create3_ws/install/aws_robomaker_small_house_world/share/aws_robomaker_small_house_world/models/aws_robomaker_residential_RoomWall_01/materials/textures/aws_RoomWall_01.png
[8.680s] -- Symlinking: /home/aisd/RL_lab5/create3_ws/install/aws_robomaker_small_house_world/share/aws_robomaker_small_house_world/models/aws_robomaker_residential_RoomWall_01/meshes/aws_RoomWall_01_collision.DAE
[8.694s] -- Symlinking: /home/aisd/RL_lab5/create3_ws/install/aws_robomaker_small_house_world/share/aws_robomaker_small_house_world/models/aws_robomaker_residential_RoomWall_01/meshes/aws_RoomWall_01_visual.DAE
[8.710s] -- Symlinking: /home/aisd/RL_lab5/create3_ws/install/aws_robomaker_small_house_world/share/aws_robomaker_small_house_world/models/aws_robomaker_residential_RoomWall_01/model.config
[8.726s] -- Symlinking: /home/aisd/RL_lab5/create3_ws/install/aws_robomaker_small_house_world/share/aws_robomaker_small_house_world/models/aws_robomaker_residential_RoomWall_01/model.sdf
[8.742s] -- Symlinking: /home/aisd/RL_lab5/create3_ws/install/aws_robomaker_small_house_world/share/aws_robomaker_small_house_world/models/aws_robomaker_residential_RoomWindow_01/materials/textures/aws_RoomWindow_01.png
[8.756s] -- Symlinking: /home/aisd/RL_lab5/create3_ws/install/aws_robomaker_small_house_world/share/aws_robomaker_small_house_world/models/aws_robomaker_residential_RoomWindow_01/meshes/aws_RoomWindow_01_collision.DAE
[8.771s] -- Symlinking: /home/aisd/RL_lab5/create3_ws/install/aws_robomaker_small_house_world/share/aws_robomaker_small_house_world/models/aws_robomaker_residential_RoomWindow_01/meshes/aws_RoomWindow_01_visual.DAE
[8.783s] -- Symlinking: /home/aisd/RL_lab5/create3_ws/install/aws_robomaker_small_house_world/share/aws_robomaker_small_house_world/models/aws_robomaker_residential_RoomWindow_01/model.config
[8.796s] -- Symlinking: /home/aisd/RL_lab5/create3_ws/install/aws_robomaker_small_house_world/share/aws_robomaker_small_house_world/models/aws_robomaker_residential_RoomWindow_01/model.sdf
[8.809s] -- Symlinking: /home/aisd/RL_lab5/create3_ws/install/aws_robomaker_small_house_world/share/aws_robomaker_small_house_world/models/aws_robomaker_residential_SeasoningBox_01/materials/textures/aws_SeasoningBox_01.png
[8.823s] -- Symlinking: /home/aisd/RL_lab5/create3_ws/install/aws_robomaker_small_house_world/share/aws_robomaker_small_house_world/models/aws_robomaker_residential_SeasoningBox_01/meshes/aws_SeasoningBox_01_collision.DAE
[8.838s] -- Symlinking: /home/aisd/RL_lab5/create3_ws/install/aws_robomaker_small_house_world/share/aws_robomaker_small_house_world/models/aws_robomaker_residential_SeasoningBox_01/meshes/aws_SeasoningBox_01_visual.DAE
[8.851s] -- Symlinking: /home/aisd/RL_lab5/create3_ws/install/aws_robomaker_small_house_world/share/aws_robomaker_small_house_world/models/aws_robomaker_residential_SeasoningBox_01/model.config
[8.864s] -- Symlinking: /home/aisd/RL_lab5/create3_ws/install/aws_robomaker_small_house_world/share/aws_robomaker_small_house_world/models/aws_robomaker_residential_SeasoningBox_01/model.sdf
[8.877s] -- Symlinking: /home/aisd/RL_lab5/create3_ws/install/aws_robomaker_small_house_world/share/aws_robomaker_small_house_world/models/aws_robomaker_residential_SecurityCamera_01/materials/textures/aws_SecurityCamera_01.png
[8.889s] -- Symlinking: /home/aisd/RL_lab5/create3_ws/install/aws_robomaker_small_house_world/share/aws_robomaker_small_house_world/models/aws_robomaker_residential_SecurityCamera_01/meshes/aws_SecurityCamera_01_collision.DAE
[8.901s] -- Symlinking: /home/aisd/RL_lab5/create3_ws/install/aws_robomaker_small_house_world/share/aws_robomaker_small_house_world/models/aws_robomaker_residential_SecurityCamera_01/meshes/aws_SecurityCamera_01_visual.DAE
[8.914s] -- Symlinking: /home/aisd/RL_lab5/create3_ws/install/aws_robomaker_small_house_world/share/aws_robomaker_small_house_world/models/aws_robomaker_residential_SecurityCamera_01/model.config
[8.928s] -- Symlinking: /home/aisd/RL_lab5/create3_ws/install/aws_robomaker_small_house_world/share/aws_robomaker_small_house_world/models/aws_robomaker_residential_SecurityCamera_01/model.sdf
[8.943s] -- Symlinking: /home/aisd/RL_lab5/create3_ws/install/aws_robomaker_small_house_world/share/aws_robomaker_small_house_world/models/aws_robomaker_residential_ShoeRack_01/materials/textures/aws_ShoeRack_01.png
[8.957s] -- Symlinking: /home/aisd/RL_lab5/create3_ws/install/aws_robomaker_small_house_world/share/aws_robomaker_small_house_world/models/aws_robomaker_residential_ShoeRack_01/meshes/aws_ShoeRack_01_collision.DAE
[8.970s] -- Symlinking: /home/aisd/RL_lab5/create3_ws/install/aws_robomaker_small_house_world/share/aws_robomaker_small_house_world/models/aws_robomaker_residential_ShoeRack_01/meshes/aws_ShoeRack_01_visual.DAE
[8.982s] -- Symlinking: /home/aisd/RL_lab5/create3_ws/install/aws_robomaker_small_house_world/share/aws_robomaker_small_house_world/models/aws_robomaker_residential_ShoeRack_01/model.config
[8.994s] -- Symlinking: /home/aisd/RL_lab5/create3_ws/install/aws_robomaker_small_house_world/share/aws_robomaker_small_house_world/models/aws_robomaker_residential_ShoeRack_01/model.sdf
[9.007s] -- Symlinking: /home/aisd/RL_lab5/create3_ws/install/aws_robomaker_small_house_world/share/aws_robomaker_small_house_world/models/aws_robomaker_residential_SofaB_01/materials/textures/aws_SofaB_01.png
[9.019s] -- Symlinking: /home/aisd/RL_lab5/create3_ws/install/aws_robomaker_small_house_world/share/aws_robomaker_small_house_world/models/aws_robomaker_residential_SofaB_01/meshes/aws_SofaB_01_collision.DAE
[9.033s] -- Symlinking: /home/aisd/RL_lab5/create3_ws/install/aws_robomaker_small_house_world/share/aws_robomaker_small_house_world/models/aws_robomaker_residential_SofaB_01/meshes/aws_SofaB_01_visual.DAE
[9.048s] -- Symlinking: /home/aisd/RL_lab5/create3_ws/install/aws_robomaker_small_house_world/share/aws_robomaker_small_house_world/models/aws_robomaker_residential_SofaB_01/model.config
[9.061s] -- Symlinking: /home/aisd/RL_lab5/create3_ws/install/aws_robomaker_small_house_world/share/aws_robomaker_small_house_world/models/aws_robomaker_residential_SofaB_01/model.sdf
[9.074s] -- Symlinking: /home/aisd/RL_lab5/create3_ws/install/aws_robomaker_small_house_world/share/aws_robomaker_small_house_world/models/aws_robomaker_residential_SofaC_01/materials/textures/aws_SofaC_01.png
[9.086s] -- Symlinking: /home/aisd/RL_lab5/create3_ws/install/aws_robomaker_small_house_world/share/aws_robomaker_small_house_world/models/aws_robomaker_residential_SofaC_01/meshes/aws_SofaC_01_collision.DAE
[9.099s] -- Symlinking: /home/aisd/RL_lab5/create3_ws/install/aws_robomaker_small_house_world/share/aws_robomaker_small_house_world/models/aws_robomaker_residential_SofaC_01/meshes/aws_SofaC_01_visual.DAE
[9.111s] -- Symlinking: /home/aisd/RL_lab5/create3_ws/install/aws_robomaker_small_house_world/share/aws_robomaker_small_house_world/models/aws_robomaker_residential_SofaC_01/model.config
[9.123s] -- Symlinking: /home/aisd/RL_lab5/create3_ws/install/aws_robomaker_small_house_world/share/aws_robomaker_small_house_world/models/aws_robomaker_residential_SofaC_01/model.sdf
[9.137s] -- Symlinking: /home/aisd/RL_lab5/create3_ws/install/aws_robomaker_small_house_world/share/aws_robomaker_small_house_world/models/aws_robomaker_residential_Sofa_01/materials/textures/aws_Sofa_01.png
[9.150s] -- Symlinking: /home/aisd/RL_lab5/create3_ws/install/aws_robomaker_small_house_world/share/aws_robomaker_small_house_world/models/aws_robomaker_residential_Sofa_01/meshes/aws_Sofa_01.DAE
[9.162s] -- Symlinking: /home/aisd/RL_lab5/create3_ws/install/aws_robomaker_small_house_world/share/aws_robomaker_small_house_world/models/aws_robomaker_residential_Sofa_01/meshes/aws_Sofa_01_collision.DAE
[9.174s] -- Symlinking: /home/aisd/RL_lab5/create3_ws/install/aws_robomaker_small_house_world/share/aws_robomaker_small_house_world/models/aws_robomaker_residential_Sofa_01/meshes/aws_Sofa_01_visual.DAE
[9.186s] -- Symlinking: /home/aisd/RL_lab5/create3_ws/install/aws_robomaker_small_house_world/share/aws_robomaker_small_house_world/models/aws_robomaker_residential_Sofa_01/model.config
[9.198s] -- Symlinking: /home/aisd/RL_lab5/create3_ws/install/aws_robomaker_small_house_world/share/aws_robomaker_small_house_world/models/aws_robomaker_residential_Sofa_01/model.sdf
[9.210s] -- Symlinking: /home/aisd/RL_lab5/create3_ws/install/aws_robomaker_small_house_world/share/aws_robomaker_small_house_world/models/aws_robomaker_residential_TVCabinet_01/materials/textures/aws_TVCabinet_01.png
[9.224s] -- Symlinking: /home/aisd/RL_lab5/create3_ws/install/aws_robomaker_small_house_world/share/aws_robomaker_small_house_world/models/aws_robomaker_residential_TVCabinet_01/meshes/aws_TVCabinet_01_collision.DAE
[9.238s] -- Symlinking: /home/aisd/RL_lab5/create3_ws/install/aws_robomaker_small_house_world/share/aws_robomaker_small_house_world/models/aws_robomaker_residential_TVCabinet_01/meshes/aws_TVCabinet_01_visual.DAE
[9.250s] -- Symlinking: /home/aisd/RL_lab5/create3_ws/install/aws_robomaker_small_house_world/share/aws_robomaker_small_house_world/models/aws_robomaker_residential_TVCabinet_01/model.config
[9.262s] -- Symlinking: /home/aisd/RL_lab5/create3_ws/install/aws_robomaker_small_house_world/share/aws_robomaker_small_house_world/models/aws_robomaker_residential_TVCabinet_01/model.sdf
[9.274s] -- Symlinking: /home/aisd/RL_lab5/create3_ws/install/aws_robomaker_small_house_world/share/aws_robomaker_small_house_world/models/aws_robomaker_residential_TV_01/materials/textures/aws_TV_01.png
[9.286s] -- Symlinking: /home/aisd/RL_lab5/create3_ws/install/aws_robomaker_small_house_world/share/aws_robomaker_small_house_world/models/aws_robomaker_residential_TV_01/meshes/aws_TV_01_collision.DAE
[9.298s] -- Symlinking: /home/aisd/RL_lab5/create3_ws/install/aws_robomaker_small_house_world/share/aws_robomaker_small_house_world/models/aws_robomaker_residential_TV_01/meshes/aws_TV_01_visual.DAE
[9.312s] -- Symlinking: /home/aisd/RL_lab5/create3_ws/install/aws_robomaker_small_house_world/share/aws_robomaker_small_house_world/models/aws_robomaker_residential_TV_01/model.config
[9.326s] -- Symlinking: /home/aisd/RL_lab5/create3_ws/install/aws_robomaker_small_house_world/share/aws_robomaker_small_house_world/models/aws_robomaker_residential_TV_01/model.sdf
[9.340s] -- Symlinking: /home/aisd/RL_lab5/create3_ws/install/aws_robomaker_small_house_world/share/aws_robomaker_small_house_world/models/aws_robomaker_residential_TV_02/materials/textures/aws_TV_01.png
[9.355s] -- Symlinking: /home/aisd/RL_lab5/create3_ws/install/aws_robomaker_small_house_world/share/aws_robomaker_small_house_world/models/aws_robomaker_residential_TV_02/meshes/aws_TV_01_collision.DAE
[9.369s] -- Symlinking: /home/aisd/RL_lab5/create3_ws/install/aws_robomaker_small_house_world/share/aws_robomaker_small_house_world/models/aws_robomaker_residential_TV_02/meshes/aws_TV_01_visual.DAE
[9.383s] -- Symlinking: /home/aisd/RL_lab5/create3_ws/install/aws_robomaker_small_house_world/share/aws_robomaker_small_house_world/models/aws_robomaker_residential_TV_02/model.config
[9.400s] -- Symlinking: /home/aisd/RL_lab5/create3_ws/install/aws_robomaker_small_house_world/share/aws_robomaker_small_house_world/models/aws_robomaker_residential_TV_02/model.sdf
[9.420s] -- Symlinking: /home/aisd/RL_lab5/create3_ws/install/aws_robomaker_small_house_world/share/aws_robomaker_small_house_world/models/aws_robomaker_residential_Tablet_01/materials/textures/aws_Tablet_01_nologo.png
[9.436s] -- Symlinking: /home/aisd/RL_lab5/create3_ws/install/aws_robomaker_small_house_world/share/aws_robomaker_small_house_world/models/aws_robomaker_residential_Tablet_01/meshes/aws_Tablet_01_collision.DAE
[9.452s] -- Symlinking: /home/aisd/RL_lab5/create3_ws/install/aws_robomaker_small_house_world/share/aws_robomaker_small_house_world/models/aws_robomaker_residential_Tablet_01/meshes/aws_Tablet_01_visual.DAE
[9.465s] -- Symlinking: /home/aisd/RL_lab5/create3_ws/install/aws_robomaker_small_house_world/share/aws_robomaker_small_house_world/models/aws_robomaker_residential_Tablet_01/model.config
[9.478s] -- Symlinking: /home/aisd/RL_lab5/create3_ws/install/aws_robomaker_small_house_world/share/aws_robomaker_small_house_world/models/aws_robomaker_residential_Tablet_01/model.sdf
[9.490s] -- Symlinking: /home/aisd/RL_lab5/create3_ws/install/aws_robomaker_small_house_world/share/aws_robomaker_small_house_world/models/aws_robomaker_residential_Tableware_01/materials/textures/aws_Tableware_01.png
[9.506s] -- Symlinking: /home/aisd/RL_lab5/create3_ws/install/aws_robomaker_small_house_world/share/aws_robomaker_small_house_world/models/aws_robomaker_residential_Tableware_01/meshes/aws_Tableware_01_collision.DAE
[9.525s] -- Symlinking: /home/aisd/RL_lab5/create3_ws/install/aws_robomaker_small_house_world/share/aws_robomaker_small_house_world/models/aws_robomaker_residential_Tableware_01/meshes/aws_Tableware_01_visual.DAE
[9.545s] -- Symlinking: /home/aisd/RL_lab5/create3_ws/install/aws_robomaker_small_house_world/share/aws_robomaker_small_house_world/models/aws_robomaker_residential_Tableware_01/model.config
[9.564s] -- Symlinking: /home/aisd/RL_lab5/create3_ws/install/aws_robomaker_small_house_world/share/aws_robomaker_small_house_world/models/aws_robomaker_residential_Tableware_01/model.sdf
[9.582s] -- Symlinking: /home/aisd/RL_lab5/create3_ws/install/aws_robomaker_small_house_world/share/aws_robomaker_small_house_world/models/aws_robomaker_residential_Trash_01/materials/textures/aws_Trash_01.png
[9.595s] -- Symlinking: /home/aisd/RL_lab5/create3_ws/install/aws_robomaker_small_house_world/share/aws_robomaker_small_house_world/models/aws_robomaker_residential_Trash_01/meshes/aws_Trash_01_collision.DAE
[9.606s] -- Symlinking: /home/aisd/RL_lab5/create3_ws/install/aws_robomaker_small_house_world/share/aws_robomaker_small_house_world/models/aws_robomaker_residential_Trash_01/meshes/aws_Trash_01_visual.DAE
[9.620s] -- Symlinking: /home/aisd/RL_lab5/create3_ws/install/aws_robomaker_small_house_world/share/aws_robomaker_small_house_world/models/aws_robomaker_residential_Trash_01/model.config
[9.634s] -- Symlinking: /home/aisd/RL_lab5/create3_ws/install/aws_robomaker_small_house_world/share/aws_robomaker_small_house_world/models/aws_robomaker_residential_Trash_01/model.sdf
[9.647s] -- Symlinking: /home/aisd/RL_lab5/create3_ws/install/aws_robomaker_small_house_world/share/aws_robomaker_small_house_world/models/aws_robomaker_residential_Vase_01/materials/textures/aws_Vase_01.png
[9.660s] -- Symlinking: /home/aisd/RL_lab5/create3_ws/install/aws_robomaker_small_house_world/share/aws_robomaker_small_house_world/models/aws_robomaker_residential_Vase_01/meshes/aws_Vase_01_collision.DAE
[9.672s] -- Symlinking: /home/aisd/RL_lab5/create3_ws/install/aws_robomaker_small_house_world/share/aws_robomaker_small_house_world/models/aws_robomaker_residential_Vase_01/meshes/aws_Vase_01_visual.DAE
[9.684s] -- Symlinking: /home/aisd/RL_lab5/create3_ws/install/aws_robomaker_small_house_world/share/aws_robomaker_small_house_world/models/aws_robomaker_residential_Vase_01/model.config
[9.696s] -- Symlinking: /home/aisd/RL_lab5/create3_ws/install/aws_robomaker_small_house_world/share/aws_robomaker_small_house_world/models/aws_robomaker_residential_Vase_01/model.sdf
[9.708s] -- Symlinking: /home/aisd/RL_lab5/create3_ws/install/aws_robomaker_small_house_world/share/aws_robomaker_small_house_world/models/aws_robomaker_residential_Wardrobe_01/materials/textures/aws_Wardrobe_01.png
[9.723s] -- Symlinking: /home/aisd/RL_lab5/create3_ws/install/aws_robomaker_small_house_world/share/aws_robomaker_small_house_world/models/aws_robomaker_residential_Wardrobe_01/meshes/aws_Wardrobe_01_collision.DAE
[9.742s] -- Symlinking: /home/aisd/RL_lab5/create3_ws/install/aws_robomaker_small_house_world/share/aws_robomaker_small_house_world/models/aws_robomaker_residential_Wardrobe_01/meshes/aws_Wardrobe_01_visual.DAE
[9.758s] -- Symlinking: /home/aisd/RL_lab5/create3_ws/install/aws_robomaker_small_house_world/share/aws_robomaker_small_house_world/models/aws_robomaker_residential_Wardrobe_01/model.config
[9.773s] -- Symlinking: /home/aisd/RL_lab5/create3_ws/install/aws_robomaker_small_house_world/share/aws_robomaker_small_house_world/models/aws_robomaker_residential_Wardrobe_01/model.sdf
[9.789s] -- Symlinking: /home/aisd/RL_lab5/create3_ws/install/aws_robomaker_small_house_world/share/aws_robomaker_small_house_world/worlds/small_house.world
[9.805s] -- Symlinking: /home/aisd/RL_lab5/create3_ws/install/aws_robomaker_small_house_world/share/aws_robomaker_small_house_world/maps/turtlebot3_waffle_pi/map.pgm
[9.821s] -- Symlinking: /home/aisd/RL_lab5/create3_ws/install/aws_robomaker_small_house_world/share/aws_robomaker_small_house_world/maps/turtlebot3_waffle_pi/map.yaml
[9.840s] -- Symlinking: /home/aisd/RL_lab5/create3_ws/install/aws_robomaker_small_house_world/share/aws_robomaker_small_house_world/photos/DeskPortraitA_01.jpg
[9.853s] -- Symlinking: /home/aisd/RL_lab5/create3_ws/install/aws_robomaker_small_house_world/share/aws_robomaker_small_house_world/photos/DeskPortraitA_02.jpg
[9.865s] -- Symlinking: /home/aisd/RL_lab5/create3_ws/install/aws_robomaker_small_house_world/share/aws_robomaker_small_house_world/photos/DeskPortraitB_01.jpg
[9.877s] -- Symlinking: /home/aisd/RL_lab5/create3_ws/install/aws_robomaker_small_house_world/share/aws_robomaker_small_house_world/photos/DeskPortraitB_02.jpg
[9.889s] -- Symlinking: /home/aisd/RL_lab5/create3_ws/install/aws_robomaker_small_house_world/share/aws_robomaker_small_house_world/photos/DeskPortraitC_01.jpg
[9.901s] -- Symlinking: /home/aisd/RL_lab5/create3_ws/install/aws_robomaker_small_house_world/share/aws_robomaker_small_house_world/photos/DeskPortraitC_02.jpg
[9.913s] -- Symlinking: /home/aisd/RL_lab5/create3_ws/install/aws_robomaker_small_house_world/share/aws_robomaker_small_house_world/photos/DeskPortraitD_01.jpg
[9.926s] -- Symlinking: /home/aisd/RL_lab5/create3_ws/install/aws_robomaker_small_house_world/share/aws_robomaker_small_house_world/photos/DeskPortraitD_02.jpg
[9.940s] -- Symlinking: /home/aisd/RL_lab5/create3_ws/install/aws_robomaker_small_house_world/share/aws_robomaker_small_house_world/photos/DeskPortraitD_03.jpg
[9.952s] -- Symlinking: /home/aisd/RL_lab5/create3_ws/install/aws_robomaker_small_house_world/share/aws_robomaker_small_house_world/photos/DeskPortraitD_04.jpg
[9.964s] -- Symlinking: /home/aisd/RL_lab5/create3_ws/install/aws_robomaker_small_house_world/share/aws_robomaker_small_house_world/photos/PortraitA_01.jpg
[9.976s] -- Symlinking: /home/aisd/RL_lab5/create3_ws/install/aws_robomaker_small_house_world/share/aws_robomaker_small_house_world/photos/PortraitA_02.jpg
[9.987s] -- Symlinking: /home/aisd/RL_lab5/create3_ws/install/aws_robomaker_small_house_world/share/aws_robomaker_small_house_world/photos/PortraitB_01.jpg
[9.998s] -- Symlinking: /home/aisd/RL_lab5/create3_ws/install/aws_robomaker_small_house_world/share/aws_robomaker_small_house_world/photos/PortraitB_02.jpg
[10.010s] -- Symlinking: /home/aisd/RL_lab5/create3_ws/install/aws_robomaker_small_house_world/share/aws_robomaker_small_house_world/photos/PortraitB_03.jpg
[10.024s] -- Symlinking: /home/aisd/RL_lab5/create3_ws/install/aws_robomaker_small_house_world/share/aws_robomaker_small_house_world/photos/PortraitC_01.jpg
[10.038s] -- Symlinking: /home/aisd/RL_lab5/create3_ws/install/aws_robomaker_small_house_world/share/aws_robomaker_small_house_world/photos/PortraitD_01.jpg
[10.050s] -- Symlinking: /home/aisd/RL_lab5/create3_ws/install/aws_robomaker_small_house_world/share/aws_robomaker_small_house_world/photos/PortraitD_02.jpg
[10.062s] -- Symlinking: /home/aisd/RL_lab5/create3_ws/install/aws_robomaker_small_house_world/share/aws_robomaker_small_house_world/photos/PortraitE_01.jpg
[10.074s] -- Symlinking: /home/aisd/RL_lab5/create3_ws/install/aws_robomaker_small_house_world/share/aws_robomaker_small_house_world/photos/PortraitE_02.jpg
[10.086s] -- Symlinking: /home/aisd/RL_lab5/create3_ws/install/aws_robomaker_small_house_world/share/aws_robomaker_small_house_world/param/waffle_pi.yaml
[10.098s] -- Symlinking: /home/aisd/RL_lab5/create3_ws/install/aws_robomaker_small_house_world/share/aws_robomaker_small_house_world/routes/route.yaml
[10.110s] -- Symlinking: /home/aisd/RL_lab5/create3_ws/install/aws_robomaker_small_house_world/share/ament_index/resource_index/package_run_dependencies/aws_robomaker_small_house_world
[10.123s] -- Symlinking: /home/aisd/RL_lab5/create3_ws/install/aws_robomaker_small_house_world/share/ament_index/resource_index/parent_prefix_path/aws_robomaker_small_house_world
[10.138s] -- Symlinking: /home/aisd/RL_lab5/create3_ws/install/aws_robomaker_small_house_world/share/aws_robomaker_small_house_world/environment/ament_prefix_path.sh
[10.150s] -- Symlinking: /home/aisd/RL_lab5/create3_ws/install/aws_robomaker_small_house_world/share/aws_robomaker_small_house_world/environment/ament_prefix_path.dsv
[10.163s] -- Symlinking: /home/aisd/RL_lab5/create3_ws/install/aws_robomaker_small_house_world/share/aws_robomaker_small_house_world/environment/path.sh
[10.175s] -- Symlinking: /home/aisd/RL_lab5/create3_ws/install/aws_robomaker_small_house_world/share/aws_robomaker_small_house_world/environment/path.dsv
[10.187s] -- Symlinking: /home/aisd/RL_lab5/create3_ws/install/aws_robomaker_small_house_world/share/aws_robomaker_small_house_world/local_setup.bash
[10.199s] -- Symlinking: /home/aisd/RL_lab5/create3_ws/install/aws_robomaker_small_house_world/share/aws_robomaker_small_house_world/local_setup.sh
[10.210s] -- Symlinking: /home/aisd/RL_lab5/create3_ws/install/aws_robomaker_small_house_world/share/aws_robomaker_small_house_world/local_setup.zsh
[10.224s] -- Symlinking: /home/aisd/RL_lab5/create3_ws/install/aws_robomaker_small_house_world/share/aws_robomaker_small_house_world/local_setup.dsv
[10.238s] -- Symlinking: /home/aisd/RL_lab5/create3_ws/install/aws_robomaker_small_house_world/share/aws_robomaker_small_house_world/package.dsv
[10.251s] -- Symlinking: /home/aisd/RL_lab5/create3_ws/install/aws_robomaker_small_house_world/share/ament_index/resource_index/packages/aws_robomaker_small_house_world
[10.264s] -- Symlinking: /home/aisd/RL_lab5/create3_ws/install/aws_robomaker_small_house_world/share/aws_robomaker_small_house_world/cmake/ament_cmake_export_dependencies-extras.cmake
[10.275s] -- Symlinking: /home/aisd/RL_lab5/create3_ws/install/aws_robomaker_small_house_world/share/aws_robomaker_small_house_world/cmake/aws_robomaker_small_house_worldConfig.cmake
[10.287s] -- Symlinking: /home/aisd/RL_lab5/create3_ws/install/aws_robomaker_small_house_world/share/aws_robomaker_small_house_world/cmake/aws_robomaker_small_house_worldConfig-version.cmake
[10.304s] -- Symlinking: /home/aisd/RL_lab5/create3_ws/install/aws_robomaker_small_house_world/share/aws_robomaker_small_house_world/package.xml
[10.331s] Invoked command in '/home/aisd/RL_lab5/create3_ws/build/aws_robomaker_small_house_world' returned '0': CMAKE_PREFIX_PATH=${CMAKE_PREFIX_PATH}:/opt/ros/humble /usr/bin/cmake --install /home/aisd/RL_lab5/create3_ws/build/aws_robomaker_small_house_world
