[0.048s] Invoking command in '/home/aisd/RL_lab5/create3_ws/build/irobot_create_nodes': CMAKE_PREFIX_PATH=/home/aisd/RL_lab5/create3_ws/install/irobot_create_toolbox:/home/aisd/RL_lab5/create3_ws/install/irobot_create_ignition_sim:/home/aisd/RL_lab5/create3_ws/install/irobot_create_ignition_bringup:/home/aisd/RL_lab5/create3_ws/install/irobot_create_gazebo_sim:/home/aisd/RL_lab5/create3_ws/install/irobot_create_gazebo_bringup:/home/aisd/RL_lab5/create3_ws/install/irobot_create_common_bringup:/home/aisd/RL_lab5/create3_ws/install/irobot_create_nodes:/home/aisd/RL_lab5/create3_ws/install/irobot_create_ignition_toolbox:/home/aisd/RL_lab5/create3_ws/install/irobot_create_gazebo_plugins:/home/aisd/RL_lab5/create3_ws/install/irobot_create_ignition_plugins:/home/aisd/RL_lab5/create3_ws/install/irobot_create_description:/home/aisd/RL_lab5/create3_ws/install/irobot_create_control:/opt/ros/humble LD_LIBRARY_PATH=/home/aisd/RL_lab5/create3_ws/install/irobot_create_toolbox/lib:/home/aisd/RL_lab5/create3_ws/install/irobot_create_nodes/lib:/home/aisd/RL_lab5/create3_ws/install/irobot_create_ignition_toolbox/lib:/home/aisd/RL_lab5/create3_ws/install/irobot_create_gazebo_plugins/lib:/usr/lib/x86_64-linux-gnu/gazebo-11/plugins:/opt/ros/humble/opt/rviz_ogre_vendor/lib:/opt/ros/humble/lib/x86_64-linux-gnu:/opt/ros/humble/lib /usr/bin/cmake /home/aisd/RL_lab5/create3_ws/src/create3_sim/irobot_create_common/irobot_create_nodes -DAMENT_CMAKE_SYMLINK_INSTALL=1 -DCMAKE_INSTALL_PREFIX=/home/aisd/RL_lab5/create3_ws/install/irobot_create_nodes
[0.227s] -- The C compiler identification is GNU 11.4.0
[0.415s] -- The CXX compiler identification is GNU 11.4.0
[0.468s] -- Detecting C compiler ABI info
[0.714s] -- Detecting C compiler ABI info - done
[0.739s] -- Check for working C compiler: /usr/bin/cc - skipped
[0.739s] -- Detecting C compile features
[0.751s] -- Detecting C compile features - done
[0.772s] -- Detecting CXX compiler ABI info
[1.057s] -- Detecting CXX compiler ABI info - done
[1.090s] -- Check for working CXX compiler: /usr/bin/c++ - skipped
[1.091s] -- Detecting CXX compile features
[1.092s] -- Detecting CXX compile features - done
[1.098s] -- Found ament_cmake: 1.3.11 (/opt/ros/humble/share/ament_cmake/cmake)
[1.616s] -- Found Python3: /usr/bin/python3 (found version "3.10.12") found components: Interpreter 
[1.794s] -- Override CMake install command with custom implementation using symlinks instead of copying resources
[1.886s] -- Found angles: 1.15.0 (/opt/ros/humble/share/angles/cmake)
[1.892s] -- Found control_msgs: 4.8.0 (/opt/ros/humble/share/control_msgs/cmake)
[2.000s] -- Found rosidl_generator_c: 3.1.6 (/opt/ros/humble/share/rosidl_generator_c/cmake)
[2.013s] -- Found rosidl_adapter: 3.1.6 (/opt/ros/humble/share/rosidl_adapter/cmake)
[2.034s] -- Found rosidl_generator_cpp: 3.1.6 (/opt/ros/humble/share/rosidl_generator_cpp/cmake)
[2.070s] -- Using all available rosidl_typesupport_c: rosidl_typesupport_fastrtps_c;rosidl_typesupport_introspection_c
[2.111s] -- Using all available rosidl_typesupport_cpp: rosidl_typesupport_fastrtps_cpp;rosidl_typesupport_introspection_cpp
[2.551s] -- Found nav_msgs: 4.9.0 (/opt/ros/humble/share/nav_msgs/cmake)
[2.595s] -- Found irobot_create_msgs: 2.1.0 (/opt/ros/humble/share/irobot_create_msgs/cmake)
[2.651s] -- Found irobot_create_toolbox: 2.1.0 (/home/aisd/RL_lab5/create3_ws/install/irobot_create_toolbox/share/irobot_create_toolbox/cmake)
[2.811s] -- Found rmw_implementation_cmake: 6.1.2 (/opt/ros/humble/share/rmw_implementation_cmake/cmake)
[2.818s] -- Found rmw_cyclonedds_cpp: 1.3.4 (/opt/ros/humble/share/rmw_cyclonedds_cpp/cmake)
[2.887s] -- Using RMW implementation 'rmw_cyclonedds_cpp' as default
[2.907s] -- Looking for pthread.h
[3.315s] -- Looking for pthread.h - found
[3.315s] -- Performing Test CMAKE_HAVE_LIBC_PTHREAD
[3.581s] -- Performing Test CMAKE_HAVE_LIBC_PTHREAD - Success
[3.588s] -- Found Threads: TRUE  
[3.701s] -- Found rclcpp_action: 16.0.12 (/opt/ros/humble/share/rclcpp_action/cmake)
[3.726s] -- Found rclcpp_components: 16.0.12 (/opt/ros/humble/share/rclcpp_components/cmake)
[3.803s] -- Found tf2: 0.25.13 (/opt/ros/humble/share/tf2/cmake)
[3.814s] -- Found tf2_geometry_msgs: 0.25.13 (/opt/ros/humble/share/tf2_geometry_msgs/cmake)
[3.847s] -- Found eigen3_cmake_module: 0.1.1 (/opt/ros/humble/share/eigen3_cmake_module/cmake)
[3.850s] -- Found Eigen3: TRUE (found version "3.4.0") 
[3.850s] -- Ensuring Eigen3 include directory is part of orocos-kdl CMake target
[3.951s] -- Found Boost: /usr/lib/x86_64-linux-gnu/cmake/Boost-1.74.0/BoostConfig.cmake (found version "1.74.0")  
[4.196s] -- Found ament_lint_auto: 0.12.12 (/opt/ros/humble/share/ament_lint_auto/cmake)
[4.394s] -- Added test 'cppcheck' to perform static code analysis on C / C++ code
[4.401s] -- Configured cppcheck include dirs: /home/aisd/RL_lab5/create3_ws/src/create3_sim/irobot_create_common/irobot_create_nodes/include
[4.401s] -- Configured cppcheck exclude dirs and/or files: 
[4.406s] -- Added test 'cpplint' to check C / C++ code against the Google style
[4.406s] -- Configured cpplint exclude dirs and/or files: 
[4.409s] -- Added test 'lint_cmake' to check CMake code style
[4.414s] -- Added test 'uncrustify' to check C / C++ code style
[4.414s] -- Configured uncrustify additional arguments: 
[4.416s] -- Added test 'xmllint' to check XML markup files
[4.422s] -- Configuring done
[4.814s] -- Generating done
[4.913s] -- Build files have been written to: /home/aisd/RL_lab5/create3_ws/build/irobot_create_nodes
[4.960s] Invoked command in '/home/aisd/RL_lab5/create3_ws/build/irobot_create_nodes' returned '0': CMAKE_PREFIX_PATH=/home/aisd/RL_lab5/create3_ws/install/irobot_create_toolbox:/home/aisd/RL_lab5/create3_ws/install/irobot_create_ignition_sim:/home/aisd/RL_lab5/create3_ws/install/irobot_create_ignition_bringup:/home/aisd/RL_lab5/create3_ws/install/irobot_create_gazebo_sim:/home/aisd/RL_lab5/create3_ws/install/irobot_create_gazebo_bringup:/home/aisd/RL_lab5/create3_ws/install/irobot_create_common_bringup:/home/aisd/RL_lab5/create3_ws/install/irobot_create_nodes:/home/aisd/RL_lab5/create3_ws/install/irobot_create_ignition_toolbox:/home/aisd/RL_lab5/create3_ws/install/irobot_create_gazebo_plugins:/home/aisd/RL_lab5/create3_ws/install/irobot_create_ignition_plugins:/home/aisd/RL_lab5/create3_ws/install/irobot_create_description:/home/aisd/RL_lab5/create3_ws/install/irobot_create_control:/opt/ros/humble LD_LIBRARY_PATH=/home/aisd/RL_lab5/create3_ws/install/irobot_create_toolbox/lib:/home/aisd/RL_lab5/create3_ws/install/irobot_create_nodes/lib:/home/aisd/RL_lab5/create3_ws/install/irobot_create_ignition_toolbox/lib:/home/aisd/RL_lab5/create3_ws/install/irobot_create_gazebo_plugins/lib:/usr/lib/x86_64-linux-gnu/gazebo-11/plugins:/opt/ros/humble/opt/rviz_ogre_vendor/lib:/opt/ros/humble/lib/x86_64-linux-gnu:/opt/ros/humble/lib /usr/bin/cmake /home/aisd/RL_lab5/create3_ws/src/create3_sim/irobot_create_common/irobot_create_nodes -DAMENT_CMAKE_SYMLINK_INSTALL=1 -DCMAKE_INSTALL_PREFIX=/home/aisd/RL_lab5/create3_ws/install/irobot_create_nodes
[4.961s] Invoking command in '/home/aisd/RL_lab5/create3_ws/build/irobot_create_nodes': CMAKE_PREFIX_PATH=/home/aisd/RL_lab5/create3_ws/install/irobot_create_toolbox:/home/aisd/RL_lab5/create3_ws/install/irobot_create_ignition_sim:/home/aisd/RL_lab5/create3_ws/install/irobot_create_ignition_bringup:/home/aisd/RL_lab5/create3_ws/install/irobot_create_gazebo_sim:/home/aisd/RL_lab5/create3_ws/install/irobot_create_gazebo_bringup:/home/aisd/RL_lab5/create3_ws/install/irobot_create_common_bringup:/home/aisd/RL_lab5/create3_ws/install/irobot_create_nodes:/home/aisd/RL_lab5/create3_ws/install/irobot_create_ignition_toolbox:/home/aisd/RL_lab5/create3_ws/install/irobot_create_gazebo_plugins:/home/aisd/RL_lab5/create3_ws/install/irobot_create_ignition_plugins:/home/aisd/RL_lab5/create3_ws/install/irobot_create_description:/home/aisd/RL_lab5/create3_ws/install/irobot_create_control:/opt/ros/humble LD_LIBRARY_PATH=/home/aisd/RL_lab5/create3_ws/install/irobot_create_toolbox/lib:/home/aisd/RL_lab5/create3_ws/install/irobot_create_nodes/lib:/home/aisd/RL_lab5/create3_ws/install/irobot_create_ignition_toolbox/lib:/home/aisd/RL_lab5/create3_ws/install/irobot_create_gazebo_plugins/lib:/usr/lib/x86_64-linux-gnu/gazebo-11/plugins:/opt/ros/humble/opt/rviz_ogre_vendor/lib:/opt/ros/humble/lib/x86_64-linux-gnu:/opt/ros/humble/lib /usr/bin/cmake --build /home/aisd/RL_lab5/create3_ws/build/irobot_create_nodes -- -j4 -l4
[5.120s] [  2%] [32mBuilding CXX object CMakeFiles/hazard_publisher_lib.dir/src/hazards_vector_publisher.cpp.o[0m
[5.183s] [  5%] [32mBuilding CXX object CMakeFiles/ir_intensity_publisher_lib.dir/src/ir_intensity_vector_publisher.cpp.o[0m
[5.197s] [  8%] [32mBuilding CXX object CMakeFiles/hazards_vector_publisher.dir/rclcpp_components/node_main_hazards_vector_publisher.cpp.o[0m
[5.227s] [ 10%] [32mBuilding CXX object CMakeFiles/ir_intensity_vector_publisher.dir/rclcpp_components/node_main_ir_intensity_vector_publisher.cpp.o[0m
[27.010s] [ 13%] [32m[1mLinking CXX executable hazards_vector_publisher[0m
[28.236s] [ 13%] Built target hazards_vector_publisher
[29.167s] [ 16%] [32m[1mLinking CXX executable ir_intensity_vector_publisher[0m
[30.344s] [ 16%] Built target ir_intensity_vector_publisher
[57.012s] [ 18%] [32m[1mLinking CXX shared library libir_intensity_publisher_lib.so[0m
[57.560s] [ 21%] [32m[1mLinking CXX shared library libhazard_publisher_lib.so[0m
[59.904s] [ 21%] Built target ir_intensity_publisher_lib
[60.200s] [ 21%] Built target hazard_publisher_lib
[60.344s] [ 24%] [32mBuilding CXX object CMakeFiles/wheel_status_publisher_lib.dir/src/wheels_publisher.cpp.o[0m
[89.100s] [ 27%] [32m[1mLinking CXX shared library libwheel_status_publisher_lib.so[0m
[91.331s] [ 27%] Built target wheel_status_publisher_lib
[91.386s] [ 29%] [32mBuilding CXX object CMakeFiles/wheel_status_publisher.dir/rclcpp_components/node_main_wheel_status_publisher.cpp.o[0m
[99.810s] [ 32%] [32m[1mLinking CXX executable wheel_status_publisher[0m
[100.130s] [ 32%] Built target wheel_status_publisher
[100.174s] [ 35%] [32mBuilding CXX object CMakeFiles/robot_state_lib.dir/src/robot_state.cpp.o[0m
[139.418s] [ 37%] [32m[1mLinking CXX shared library librobot_state_lib.so[0m
[142.250s] [ 37%] Built target robot_state_lib
[142.313s] [ 40%] [32mBuilding CXX object CMakeFiles/robot_state.dir/rclcpp_components/node_main_robot_state.cpp.o[0m
[150.084s] [ 43%] [32m[1mLinking CXX executable robot_state[0m
[150.378s] [ 43%] Built target robot_state
[150.422s] [ 45%] [32mBuilding CXX object CMakeFiles/ui_mgr_lib.dir/src/ui_mgr.cpp.o[0m
[178.422s] [ 48%] [32m[1mLinking CXX shared library libui_mgr_lib.so[0m
[180.664s] [ 48%] Built target ui_mgr_lib
[180.700s] [ 51%] [32mBuilding CXX object CMakeFiles/ui_mgr.dir/rclcpp_components/node_main_ui_mgr.cpp.o[0m
[187.224s] [ 54%] [32m[1mLinking CXX executable ui_mgr[0m
[187.530s] [ 54%] Built target ui_mgr
[187.572s] [ 56%] [32mBuilding CXX object CMakeFiles/mock_publisher_lib.dir/src/mock_publisher.cpp.o[0m
[196.285s] [ 59%] [32m[1mLinking CXX shared library libmock_publisher_lib.so[0m
[196.928s] [ 59%] Built target mock_publisher_lib
[196.967s] [ 62%] [32mBuilding CXX object CMakeFiles/mock_publisher.dir/rclcpp_components/node_main_mock_publisher.cpp.o[0m
[203.982s] [ 64%] [32m[1mLinking CXX executable mock_publisher[0m
[204.298s] [ 64%] Built target mock_publisher
[204.341s] [ 67%] [32mBuilding CXX object CMakeFiles/kidnap_estimator_publisher_lib.dir/src/kidnap_estimator_publisher.cpp.o[0m
[223.021s] [ 70%] [32m[1mLinking CXX shared library libkidnap_estimator_publisher_lib.so[0m
[224.174s] [ 70%] Built target kidnap_estimator_publisher_lib
[224.204s] [ 72%] [32mBuilding CXX object CMakeFiles/kidnap_estimator_publisher.dir/rclcpp_components/node_main_kidnap_estimator_publisher.cpp.o[0m
[229.253s] [ 75%] [32m[1mLinking CXX executable kidnap_estimator_publisher[0m
[229.465s] [ 75%] Built target kidnap_estimator_publisher
[229.497s] [ 78%] [32mBuilding CXX object CMakeFiles/motion_control.dir/rclcpp_components/node_main_motion_control.cpp.o[0m
[233.999s] [ 81%] [32m[1mLinking CXX executable motion_control[0m
[234.205s] [ 81%] Built target motion_control
[234.234s] [ 83%] [32mBuilding CXX object CMakeFiles/motion_control_lib.dir/src/motion_control_node.cpp.o[0m
[265.279s] [ 86%] [32mBuilding CXX object CMakeFiles/motion_control_lib.dir/src/motion_control/reflex_behavior.cpp.o[0m
[266.327s] [ 89%] [32mBuilding CXX object CMakeFiles/motion_control_lib.dir/src/motion_control/drive_goal_behaviors.cpp.o[0m
[267.382s] [ 91%] [32mBuilding CXX object CMakeFiles/motion_control_lib.dir/src/motion_control/docking_behavior.cpp.o[0m
[294.267s] [ 94%] [32mBuilding CXX object CMakeFiles/motion_control_lib.dir/src/motion_control/wall_follow_behavior.cpp.o[0m
[294.269s] [ 97%] [32mBuilding CXX object CMakeFiles/motion_control_lib.dir/src/motion_control/wall_follow_states.cpp.o[0m
[311.338s] [100%] [32m[1mLinking CXX shared library libmotion_control_lib.so[0m
[317.351s] [100%] Built target motion_control_lib
[317.368s] Invoked command in '/home/aisd/RL_lab5/create3_ws/build/irobot_create_nodes' returned '0': CMAKE_PREFIX_PATH=/home/aisd/RL_lab5/create3_ws/install/irobot_create_toolbox:/home/aisd/RL_lab5/create3_ws/install/irobot_create_ignition_sim:/home/aisd/RL_lab5/create3_ws/install/irobot_create_ignition_bringup:/home/aisd/RL_lab5/create3_ws/install/irobot_create_gazebo_sim:/home/aisd/RL_lab5/create3_ws/install/irobot_create_gazebo_bringup:/home/aisd/RL_lab5/create3_ws/install/irobot_create_common_bringup:/home/aisd/RL_lab5/create3_ws/install/irobot_create_nodes:/home/aisd/RL_lab5/create3_ws/install/irobot_create_ignition_toolbox:/home/aisd/RL_lab5/create3_ws/install/irobot_create_gazebo_plugins:/home/aisd/RL_lab5/create3_ws/install/irobot_create_ignition_plugins:/home/aisd/RL_lab5/create3_ws/install/irobot_create_description:/home/aisd/RL_lab5/create3_ws/install/irobot_create_control:/opt/ros/humble LD_LIBRARY_PATH=/home/aisd/RL_lab5/create3_ws/install/irobot_create_toolbox/lib:/home/aisd/RL_lab5/create3_ws/install/irobot_create_nodes/lib:/home/aisd/RL_lab5/create3_ws/install/irobot_create_ignition_toolbox/lib:/home/aisd/RL_lab5/create3_ws/install/irobot_create_gazebo_plugins/lib:/usr/lib/x86_64-linux-gnu/gazebo-11/plugins:/opt/ros/humble/opt/rviz_ogre_vendor/lib:/opt/ros/humble/lib/x86_64-linux-gnu:/opt/ros/humble/lib /usr/bin/cmake --build /home/aisd/RL_lab5/create3_ws/build/irobot_create_nodes -- -j4 -l4
[317.371s] Invoking command in '/home/aisd/RL_lab5/create3_ws/build/irobot_create_nodes': CMAKE_PREFIX_PATH=/home/aisd/RL_lab5/create3_ws/install/irobot_create_toolbox:/home/aisd/RL_lab5/create3_ws/install/irobot_create_ignition_sim:/home/aisd/RL_lab5/create3_ws/install/irobot_create_ignition_bringup:/home/aisd/RL_lab5/create3_ws/install/irobot_create_gazebo_sim:/home/aisd/RL_lab5/create3_ws/install/irobot_create_gazebo_bringup:/home/aisd/RL_lab5/create3_ws/install/irobot_create_common_bringup:/home/aisd/RL_lab5/create3_ws/install/irobot_create_nodes:/home/aisd/RL_lab5/create3_ws/install/irobot_create_ignition_toolbox:/home/aisd/RL_lab5/create3_ws/install/irobot_create_gazebo_plugins:/home/aisd/RL_lab5/create3_ws/install/irobot_create_ignition_plugins:/home/aisd/RL_lab5/create3_ws/install/irobot_create_description:/home/aisd/RL_lab5/create3_ws/install/irobot_create_control:/opt/ros/humble LD_LIBRARY_PATH=/home/aisd/RL_lab5/create3_ws/install/irobot_create_toolbox/lib:/home/aisd/RL_lab5/create3_ws/install/irobot_create_nodes/lib:/home/aisd/RL_lab5/create3_ws/install/irobot_create_ignition_toolbox/lib:/home/aisd/RL_lab5/create3_ws/install/irobot_create_gazebo_plugins/lib:/usr/lib/x86_64-linux-gnu/gazebo-11/plugins:/opt/ros/humble/opt/rviz_ogre_vendor/lib:/opt/ros/humble/lib/x86_64-linux-gnu:/opt/ros/humble/lib /usr/bin/cmake --install /home/aisd/RL_lab5/create3_ws/build/irobot_create_nodes
[317.381s] -- Install configuration: ""
[317.383s] -- Execute custom install script
[317.383s] -- Symlinking: /home/aisd/RL_lab5/create3_ws/install/irobot_create_nodes/lib/irobot_create_nodes/hazards_vector_publisher
[317.407s] -- Symlinking: /home/aisd/RL_lab5/create3_ws/install/irobot_create_nodes/lib/irobot_create_nodes/ir_intensity_vector_publisher
[317.448s] -- Symlinking: /home/aisd/RL_lab5/create3_ws/install/irobot_create_nodes/lib/irobot_create_nodes/motion_control
[317.486s] -- Symlinking: /home/aisd/RL_lab5/create3_ws/install/irobot_create_nodes/lib/irobot_create_nodes/wheel_status_publisher
[317.504s] -- Symlinking: /home/aisd/RL_lab5/create3_ws/install/irobot_create_nodes/lib/irobot_create_nodes/robot_state
[317.521s] -- Symlinking: /home/aisd/RL_lab5/create3_ws/install/irobot_create_nodes/lib/irobot_create_nodes/ui_mgr
[317.533s] -- Symlinking: /home/aisd/RL_lab5/create3_ws/install/irobot_create_nodes/lib/irobot_create_nodes/mock_publisher
[317.545s] -- Symlinking: /home/aisd/RL_lab5/create3_ws/install/irobot_create_nodes/lib/irobot_create_nodes/kidnap_estimator_publisher
[317.557s] -- Symlinking: /home/aisd/RL_lab5/create3_ws/install/irobot_create_nodes/lib/libhazard_publisher_lib.so
[317.569s] -- Symlinking: /home/aisd/RL_lab5/create3_ws/install/irobot_create_nodes/lib/libir_intensity_publisher_lib.so
[317.581s] -- Symlinking: /home/aisd/RL_lab5/create3_ws/install/irobot_create_nodes/lib/libmotion_control_lib.so
[317.593s] -- Symlinking: /home/aisd/RL_lab5/create3_ws/install/irobot_create_nodes/lib/libwheel_status_publisher_lib.so
[317.605s] -- Symlinking: /home/aisd/RL_lab5/create3_ws/install/irobot_create_nodes/lib/librobot_state_lib.so
[317.617s] -- Symlinking: /home/aisd/RL_lab5/create3_ws/install/irobot_create_nodes/lib/libui_mgr_lib.so
[317.629s] -- Symlinking: /home/aisd/RL_lab5/create3_ws/install/irobot_create_nodes/lib/libmock_publisher_lib.so
[317.641s] -- Symlinking: /home/aisd/RL_lab5/create3_ws/install/irobot_create_nodes/lib/libkidnap_estimator_publisher_lib.so
[317.654s] -- Symlinking: /home/aisd/RL_lab5/create3_ws/install/irobot_create_nodes/include/irobot_create_nodes/hazards_vector_publisher.hpp
[317.666s] -- Symlinking: /home/aisd/RL_lab5/create3_ws/install/irobot_create_nodes/include/irobot_create_nodes/ir_intensity_vector_publisher.hpp
[317.678s] -- Symlinking: /home/aisd/RL_lab5/create3_ws/install/irobot_create_nodes/include/irobot_create_nodes/kidnap_estimator_publisher.hpp
[317.690s] -- Symlinking: /home/aisd/RL_lab5/create3_ws/install/irobot_create_nodes/include/irobot_create_nodes/mock_publisher.hpp
[317.702s] -- Symlinking: /home/aisd/RL_lab5/create3_ws/install/irobot_create_nodes/include/irobot_create_nodes/motion_control/behaviors_scheduler.hpp
[317.713s] -- Symlinking: /home/aisd/RL_lab5/create3_ws/install/irobot_create_nodes/include/irobot_create_nodes/motion_control/docking_behavior.hpp
[317.725s] -- Symlinking: /home/aisd/RL_lab5/create3_ws/install/irobot_create_nodes/include/irobot_create_nodes/motion_control/drive_goal_behaviors.hpp
[317.737s] -- Symlinking: /home/aisd/RL_lab5/create3_ws/install/irobot_create_nodes/include/irobot_create_nodes/motion_control/reflex_behavior.hpp
[317.748s] -- Symlinking: /home/aisd/RL_lab5/create3_ws/install/irobot_create_nodes/include/irobot_create_nodes/motion_control/simple_goal_controller.hpp
[317.760s] -- Symlinking: /home/aisd/RL_lab5/create3_ws/install/irobot_create_nodes/include/irobot_create_nodes/motion_control/wall_follow_behavior.hpp
[317.774s] -- Symlinking: /home/aisd/RL_lab5/create3_ws/install/irobot_create_nodes/include/irobot_create_nodes/motion_control/wall_follow_states.hpp
[317.786s] -- Symlinking: /home/aisd/RL_lab5/create3_ws/install/irobot_create_nodes/include/irobot_create_nodes/motion_control_node.hpp
[317.798s] -- Symlinking: /home/aisd/RL_lab5/create3_ws/install/irobot_create_nodes/include/irobot_create_nodes/robot_state.hpp
[317.811s] -- Symlinking: /home/aisd/RL_lab5/create3_ws/install/irobot_create_nodes/include/irobot_create_nodes/ui_mgr.hpp
[317.823s] -- Symlinking: /home/aisd/RL_lab5/create3_ws/install/irobot_create_nodes/include/irobot_create_nodes/wheels_publisher.hpp
[317.835s] -- Symlinking: /home/aisd/RL_lab5/create3_ws/install/irobot_create_nodes/share/irobot_create_nodes/environment/library_path.sh
[317.847s] -- Symlinking: /home/aisd/RL_lab5/create3_ws/install/irobot_create_nodes/share/irobot_create_nodes/environment/library_path.dsv
[317.859s] -- Symlinking: /home/aisd/RL_lab5/create3_ws/install/irobot_create_nodes/share/ament_index/resource_index/package_run_dependencies/irobot_create_nodes
[317.871s] -- Symlinking: /home/aisd/RL_lab5/create3_ws/install/irobot_create_nodes/share/ament_index/resource_index/parent_prefix_path/irobot_create_nodes
[317.883s] -- Symlinking: /home/aisd/RL_lab5/create3_ws/install/irobot_create_nodes/share/irobot_create_nodes/environment/ament_prefix_path.sh
[317.895s] -- Symlinking: /home/aisd/RL_lab5/create3_ws/install/irobot_create_nodes/share/irobot_create_nodes/environment/ament_prefix_path.dsv
[317.907s] -- Symlinking: /home/aisd/RL_lab5/create3_ws/install/irobot_create_nodes/share/irobot_create_nodes/environment/path.sh
[317.919s] -- Symlinking: /home/aisd/RL_lab5/create3_ws/install/irobot_create_nodes/share/irobot_create_nodes/environment/path.dsv
[317.931s] -- Symlinking: /home/aisd/RL_lab5/create3_ws/install/irobot_create_nodes/share/irobot_create_nodes/local_setup.bash
[317.943s] -- Symlinking: /home/aisd/RL_lab5/create3_ws/install/irobot_create_nodes/share/irobot_create_nodes/local_setup.sh
[317.955s] -- Symlinking: /home/aisd/RL_lab5/create3_ws/install/irobot_create_nodes/share/irobot_create_nodes/local_setup.zsh
[317.967s] -- Symlinking: /home/aisd/RL_lab5/create3_ws/install/irobot_create_nodes/share/irobot_create_nodes/local_setup.dsv
[317.979s] -- Symlinking: /home/aisd/RL_lab5/create3_ws/install/irobot_create_nodes/share/irobot_create_nodes/package.dsv
[317.991s] -- Symlinking: /home/aisd/RL_lab5/create3_ws/install/irobot_create_nodes/share/ament_index/resource_index/packages/irobot_create_nodes
[318.003s] -- Symlinking: /home/aisd/RL_lab5/create3_ws/install/irobot_create_nodes/share/ament_index/resource_index/rclcpp_components/irobot_create_nodes
[318.016s] -- Symlinking: /home/aisd/RL_lab5/create3_ws/install/irobot_create_nodes/share/irobot_create_nodes/cmake/ament_cmake_export_include_directories-extras.cmake
[318.028s] -- Symlinking: /home/aisd/RL_lab5/create3_ws/install/irobot_create_nodes/share/irobot_create_nodes/cmake/ament_cmake_export_libraries-extras.cmake
[318.040s] -- Symlinking: /home/aisd/RL_lab5/create3_ws/install/irobot_create_nodes/share/irobot_create_nodes/cmake/ament_cmake_export_dependencies-extras.cmake
[318.052s] -- Symlinking: /home/aisd/RL_lab5/create3_ws/install/irobot_create_nodes/share/irobot_create_nodes/cmake/irobot_create_nodesConfig.cmake
[318.063s] -- Symlinking: /home/aisd/RL_lab5/create3_ws/install/irobot_create_nodes/share/irobot_create_nodes/cmake/irobot_create_nodesConfig-version.cmake
[318.075s] -- Symlinking: /home/aisd/RL_lab5/create3_ws/install/irobot_create_nodes/share/irobot_create_nodes/package.xml
[318.090s] Invoked command in '/home/aisd/RL_lab5/create3_ws/build/irobot_create_nodes' returned '0': CMAKE_PREFIX_PATH=/home/aisd/RL_lab5/create3_ws/install/irobot_create_toolbox:/home/aisd/RL_lab5/create3_ws/install/irobot_create_ignition_sim:/home/aisd/RL_lab5/create3_ws/install/irobot_create_ignition_bringup:/home/aisd/RL_lab5/create3_ws/install/irobot_create_gazebo_sim:/home/aisd/RL_lab5/create3_ws/install/irobot_create_gazebo_bringup:/home/aisd/RL_lab5/create3_ws/install/irobot_create_common_bringup:/home/aisd/RL_lab5/create3_ws/install/irobot_create_nodes:/home/aisd/RL_lab5/create3_ws/install/irobot_create_ignition_toolbox:/home/aisd/RL_lab5/create3_ws/install/irobot_create_gazebo_plugins:/home/aisd/RL_lab5/create3_ws/install/irobot_create_ignition_plugins:/home/aisd/RL_lab5/create3_ws/install/irobot_create_description:/home/aisd/RL_lab5/create3_ws/install/irobot_create_control:/opt/ros/humble LD_LIBRARY_PATH=/home/aisd/RL_lab5/create3_ws/install/irobot_create_toolbox/lib:/home/aisd/RL_lab5/create3_ws/install/irobot_create_nodes/lib:/home/aisd/RL_lab5/create3_ws/install/irobot_create_ignition_toolbox/lib:/home/aisd/RL_lab5/create3_ws/install/irobot_create_gazebo_plugins/lib:/usr/lib/x86_64-linux-gnu/gazebo-11/plugins:/opt/ros/humble/opt/rviz_ogre_vendor/lib:/opt/ros/humble/lib/x86_64-linux-gnu:/opt/ros/humble/lib /usr/bin/cmake --install /home/aisd/RL_lab5/create3_ws/build/irobot_create_nodes
