[0.052s] Invoking command in '/home/aisd/RL_lab5/create3_ws/build/irobot_create_ignition_plugins': CMAKE_PREFIX_PATH=${CMAKE_PREFIX_PATH}:/opt/ros/humble /usr/bin/cmake /home/aisd/RL_lab5/create3_ws/src/create3_sim/irobot_create_ignition/irobot_create_ignition_plugins -DAMENT_CMAKE_SYMLINK_INSTALL=1 -DCMAKE_INSTALL_PREFIX=/home/aisd/RL_lab5/create3_ws/install/irobot_create_ignition_plugins
[0.214s] -- The C compiler identification is GNU 11.4.0
[0.363s] -- The CXX compiler identification is GNU 11.4.0
[0.383s] -- Detecting C compiler ABI info
[0.551s] -- Detecting C compiler ABI info - done
[0.592s] -- Check for working C compiler: /usr/bin/cc - skipped
[0.592s] -- Detecting C compile features
[0.593s] -- Detecting C compile features - done
[0.600s] -- Detecting CXX compiler ABI info
[0.819s] -- Detecting CXX compiler ABI info - done
[0.824s] -- Check for working CXX compiler: /usr/bin/c++ - skipped
[0.824s] -- Detecting CXX compile features
[0.825s] -- Detecting CXX compile features - done
[0.830s] -- Found ament_cmake: 1.3.11 (/opt/ros/humble/share/ament_cmake/cmake)
[1.219s] -- Found Python3: /usr/bin/python3 (found version "3.10.12") found components: Interpreter 
[1.379s] -- Override CMake install command with custom implementation using symlinks instead of copying resources
[2.259s] -- Found Protobuf: /usr/lib/x86_64-linux-gnu/libprotobuf.so (found version "3.12.4") 
[2.448s] -- Found Protobuf: /usr/lib/x86_64-linux-gnu/libprotobuf.so (found suitable version "3.12.4", minimum required is "3") 
[3.541s] -- Found Protobuf: /usr/lib/x86_64-linux-gnu/libprotobuf.so (found version "3.12.4") 
[3.695s] -- Found ament_lint_auto: 0.12.12 (/opt/ros/humble/share/ament_lint_auto/cmake)
[3.859s] -- Added test 'cppcheck' to perform static code analysis on C / C++ code
[3.859s] -- Configured cppcheck include dirs: 
[3.859s] -- Configured cppcheck exclude dirs and/or files: 
[3.862s] -- Added test 'cpplint' to check C / C++ code against the Google style
[3.862s] -- Configured cpplint exclude dirs and/or files: 
[3.864s] -- Added test 'lint_cmake' to check CMake code style
[3.866s] -- Added test 'xmllint' to check XML markup files
[3.869s] -- Configuring done
[3.923s] -- Generating done
[3.931s] -- Build files have been written to: /home/aisd/RL_lab5/create3_ws/build/irobot_create_ignition_plugins
[3.953s] Invoked command in '/home/aisd/RL_lab5/create3_ws/build/irobot_create_ignition_plugins' returned '0': CMAKE_PREFIX_PATH=${CMAKE_PREFIX_PATH}:/opt/ros/humble /usr/bin/cmake /home/aisd/RL_lab5/create3_ws/src/create3_sim/irobot_create_ignition/irobot_create_ignition_plugins -DAMENT_CMAKE_SYMLINK_INSTALL=1 -DCMAKE_INSTALL_PREFIX=/home/aisd/RL_lab5/create3_ws/install/irobot_create_ignition_plugins
[3.955s] Invoking command in '/home/aisd/RL_lab5/create3_ws/build/irobot_create_ignition_plugins': CMAKE_PREFIX_PATH=${CMAKE_PREFIX_PATH}:/opt/ros/humble /usr/bin/cmake --build /home/aisd/RL_lab5/create3_ws/build/irobot_create_ignition_plugins -- -j4 -l4
[4.023s] [ 16%] [34m[1mAutomatic MOC for target Create3Hmi[0m
[7.096s] [ 16%] Built target Create3Hmi_autogen
[7.110s] [ 33%] [34m[1mGenerating qrc_Create3Hmi.cpp[0m
[7.155s] [ 66%] [32mBuilding CXX object Create3Hmi/CMakeFiles/Create3Hmi.dir/Create3Hmi_autogen/mocs_compilation.cpp.o[0m
[7.156s] [ 66%] [32mBuilding CXX object Create3Hmi/CMakeFiles/Create3Hmi.dir/Create3Hmi.cc.o[0m
[7.158s] [ 83%] [32mBuilding CXX object Create3Hmi/CMakeFiles/Create3Hmi.dir/qrc_Create3Hmi.cpp.o[0m
[47.683s] [100%] [32m[1mLinking CXX shared library libCreate3Hmi.so[0m
[50.749s] [100%] Built target Create3Hmi
[50.858s] Invoked command in '/home/aisd/RL_lab5/create3_ws/build/irobot_create_ignition_plugins' returned '0': CMAKE_PREFIX_PATH=${CMAKE_PREFIX_PATH}:/opt/ros/humble /usr/bin/cmake --build /home/aisd/RL_lab5/create3_ws/build/irobot_create_ignition_plugins -- -j4 -l4
[50.873s] Invoking command in '/home/aisd/RL_lab5/create3_ws/build/irobot_create_ignition_plugins': CMAKE_PREFIX_PATH=${CMAKE_PREFIX_PATH}:/opt/ros/humble /usr/bin/cmake --install /home/aisd/RL_lab5/create3_ws/build/irobot_create_ignition_plugins
[50.902s] -- Install configuration: ""
[50.905s] -- Execute custom install script
[50.907s] -- Symlinking: /home/aisd/RL_lab5/create3_ws/install/irobot_create_ignition_plugins/share/irobot_create_ignition_plugins/lib/libCreate3Hmi.so
[50.965s] -- Symlinking: /home/aisd/RL_lab5/create3_ws/install/irobot_create_ignition_plugins/share/ament_index/resource_index/package_run_dependencies/irobot_create_ignition_plugins
[50.999s] -- Symlinking: /home/aisd/RL_lab5/create3_ws/install/irobot_create_ignition_plugins/share/ament_index/resource_index/parent_prefix_path/irobot_create_ignition_plugins
[51.041s] -- Symlinking: /home/aisd/RL_lab5/create3_ws/install/irobot_create_ignition_plugins/share/irobot_create_ignition_plugins/environment/ament_prefix_path.sh
[51.084s] -- Symlinking: /home/aisd/RL_lab5/create3_ws/install/irobot_create_ignition_plugins/share/irobot_create_ignition_plugins/environment/ament_prefix_path.dsv
[51.140s] -- Symlinking: /home/aisd/RL_lab5/create3_ws/install/irobot_create_ignition_plugins/share/irobot_create_ignition_plugins/environment/path.sh
[51.205s] -- Symlinking: /home/aisd/RL_lab5/create3_ws/install/irobot_create_ignition_plugins/share/irobot_create_ignition_plugins/environment/path.dsv
[51.260s] -- Symlinking: /home/aisd/RL_lab5/create3_ws/install/irobot_create_ignition_plugins/share/irobot_create_ignition_plugins/local_setup.bash
[51.300s] -- Symlinking: /home/aisd/RL_lab5/create3_ws/install/irobot_create_ignition_plugins/share/irobot_create_ignition_plugins/local_setup.sh
[51.319s] -- Symlinking: /home/aisd/RL_lab5/create3_ws/install/irobot_create_ignition_plugins/share/irobot_create_ignition_plugins/local_setup.zsh
[51.336s] -- Symlinking: /home/aisd/RL_lab5/create3_ws/install/irobot_create_ignition_plugins/share/irobot_create_ignition_plugins/local_setup.dsv
[51.355s] -- Symlinking: /home/aisd/RL_lab5/create3_ws/install/irobot_create_ignition_plugins/share/irobot_create_ignition_plugins/package.dsv
[51.399s] -- Symlinking: /home/aisd/RL_lab5/create3_ws/install/irobot_create_ignition_plugins/share/ament_index/resource_index/packages/irobot_create_ignition_plugins
[51.436s] -- Symlinking: /home/aisd/RL_lab5/create3_ws/install/irobot_create_ignition_plugins/share/irobot_create_ignition_plugins/cmake/irobot_create_ignition_pluginsConfig.cmake
[51.477s] -- Symlinking: /home/aisd/RL_lab5/create3_ws/install/irobot_create_ignition_plugins/share/irobot_create_ignition_plugins/cmake/irobot_create_ignition_pluginsConfig-version.cmake
[51.520s] -- Symlinking: /home/aisd/RL_lab5/create3_ws/install/irobot_create_ignition_plugins/share/irobot_create_ignition_plugins/package.xml
[51.587s] Invoked command in '/home/aisd/RL_lab5/create3_ws/build/irobot_create_ignition_plugins' returned '0': CMAKE_PREFIX_PATH=${CMAKE_PREFIX_PATH}:/opt/ros/humble /usr/bin/cmake --install /home/aisd/RL_lab5/create3_ws/build/irobot_create_ignition_plugins
