Built target ament_cmake_python_copy_irobot_create_common_bringup
running egg_info
writing irobot_create_common_bringup.egg-info/PKG-INFO
writing dependency_links to irobot_create_common_bringup.egg-info/dependency_links.txt
writing top-level names to irobot_create_common_bringup.egg-info/top_level.txt
reading manifest file 'irobot_create_common_bringup.egg-info/SOURCES.txt'
writing manifest file 'irobot_create_common_bringup.egg-info/SOURCES.txt'
Built target ament_cmake_python_build_irobot_create_common_bringup_egg
-- Install configuration: ""
-- Up-to-date: /home/aisd/RL_lab5/install/irobot_create_common_bringup/share/irobot_create_common_bringup/config
-- Up-to-date: /home/aisd/RL_lab5/install/irobot_create_common_bringup/share/irobot_create_common_bringup/config/ui_mgr_params.yaml
-- Up-to-date: /home/aisd/RL_lab5/install/irobot_create_common_bringup/share/irobot_create_common_bringup/config/mock_params.yaml
-- Up-to-date: /home/aisd/RL_lab5/install/irobot_create_common_bringup/share/irobot_create_common_bringup/config/kidnap_estimator_params.yaml
-- Up-to-date: /home/aisd/RL_lab5/install/irobot_create_common_bringup/share/irobot_create_common_bringup/config/wheel_status_params.yaml
-- Up-to-date: /home/aisd/RL_lab5/install/irobot_create_common_bringup/share/irobot_create_common_bringup/config/ir_intensity_vector_params.yaml
-- Up-to-date: /home/aisd/RL_lab5/install/irobot_create_common_bringup/share/irobot_create_common_bringup/config/robot_state_params.yaml
-- Up-to-date: /home/aisd/RL_lab5/install/irobot_create_common_bringup/share/irobot_create_common_bringup/config/hazard_vector_params.yaml
-- Up-to-date: /home/aisd/RL_lab5/install/irobot_create_common_bringup/share/irobot_create_common_bringup/launch
-- Up-to-date: /home/aisd/RL_lab5/install/irobot_create_common_bringup/share/irobot_create_common_bringup/launch/dock_description.launch.py
-- Up-to-date: /home/aisd/RL_lab5/install/irobot_create_common_bringup/share/irobot_create_common_bringup/launch/rviz2.launch.py
-- Up-to-date: /home/aisd/RL_lab5/install/irobot_create_common_bringup/share/irobot_create_common_bringup/launch/create3_nodes.launch.py
-- Up-to-date: /home/aisd/RL_lab5/install/irobot_create_common_bringup/share/irobot_create_common_bringup/launch/robot_description.launch.py
-- Up-to-date: /home/aisd/RL_lab5/install/irobot_create_common_bringup/share/irobot_create_common_bringup/rviz
-- Up-to-date: /home/aisd/RL_lab5/install/irobot_create_common_bringup/share/irobot_create_common_bringup/rviz/irobot_create_view.rviz
-- Up-to-date: /home/aisd/RL_lab5/install/irobot_create_common_bringup/share/irobot_create_common_bringup/rviz/irobot_logo.jpg
-- Up-to-date: /home/aisd/RL_lab5/install/irobot_create_common_bringup/share/irobot_create_common_bringup/environment/pythonpath.sh
-- Up-to-date: /home/aisd/RL_lab5/install/irobot_create_common_bringup/share/irobot_create_common_bringup/environment/pythonpath.dsv
-- Up-to-date: /home/aisd/RL_lab5/install/irobot_create_common_bringup/local/lib/python3.10/dist-packages/irobot_create_common_bringup-2.1.0-py3.10.egg-info
-- Installing: /home/aisd/RL_lab5/install/irobot_create_common_bringup/local/lib/python3.10/dist-packages/irobot_create_common_bringup-2.1.0-py3.10.egg-info/top_level.txt
-- Installing: /home/aisd/RL_lab5/install/irobot_create_common_bringup/local/lib/python3.10/dist-packages/irobot_create_common_bringup-2.1.0-py3.10.egg-info/dependency_links.txt
-- Installing: /home/aisd/RL_lab5/install/irobot_create_common_bringup/local/lib/python3.10/dist-packages/irobot_create_common_bringup-2.1.0-py3.10.egg-info/SOURCES.txt
-- Installing: /home/aisd/RL_lab5/install/irobot_create_common_bringup/local/lib/python3.10/dist-packages/irobot_create_common_bringup-2.1.0-py3.10.egg-info/PKG-INFO
-- Up-to-date: /home/aisd/RL_lab5/install/irobot_create_common_bringup/local/lib/python3.10/dist-packages/irobot_create_common_bringup
-- Up-to-date: /home/aisd/RL_lab5/install/irobot_create_common_bringup/local/lib/python3.10/dist-packages/irobot_create_common_bringup/__init__.py
-- Up-to-date: /home/aisd/RL_lab5/install/irobot_create_common_bringup/local/lib/python3.10/dist-packages/irobot_create_common_bringup/namespace.py
-- Up-to-date: /home/aisd/RL_lab5/install/irobot_create_common_bringup/local/lib/python3.10/dist-packages/irobot_create_common_bringup/offset.py
Listing '/home/aisd/RL_lab5/install/irobot_create_common_bringup/local/lib/python3.10/dist-packages/irobot_create_common_bringup'...
-- Up-to-date: /home/aisd/RL_lab5/install/irobot_create_common_bringup/share/ament_index/resource_index/package_run_dependencies/irobot_create_common_bringup
-- Up-to-date: /home/aisd/RL_lab5/install/irobot_create_common_bringup/share/ament_index/resource_index/parent_prefix_path/irobot_create_common_bringup
-- Up-to-date: /home/aisd/RL_lab5/install/irobot_create_common_bringup/share/irobot_create_common_bringup/environment/ament_prefix_path.sh
-- Up-to-date: /home/aisd/RL_lab5/install/irobot_create_common_bringup/share/irobot_create_common_bringup/environment/ament_prefix_path.dsv
-- Up-to-date: /home/aisd/RL_lab5/install/irobot_create_common_bringup/share/irobot_create_common_bringup/environment/path.sh
-- Up-to-date: /home/aisd/RL_lab5/install/irobot_create_common_bringup/share/irobot_create_common_bringup/environment/path.dsv
-- Up-to-date: /home/aisd/RL_lab5/install/irobot_create_common_bringup/share/irobot_create_common_bringup/local_setup.bash
-- Up-to-date: /home/aisd/RL_lab5/install/irobot_create_common_bringup/share/irobot_create_common_bringup/local_setup.sh
-- Up-to-date: /home/aisd/RL_lab5/install/irobot_create_common_bringup/share/irobot_create_common_bringup/local_setup.zsh
-- Up-to-date: /home/aisd/RL_lab5/install/irobot_create_common_bringup/share/irobot_create_common_bringup/local_setup.dsv
-- Installing: /home/aisd/RL_lab5/install/irobot_create_common_bringup/share/irobot_create_common_bringup/package.dsv
-- Up-to-date: /home/aisd/RL_lab5/install/irobot_create_common_bringup/share/ament_index/resource_index/packages/irobot_create_common_bringup
-- Up-to-date: /home/aisd/RL_lab5/install/irobot_create_common_bringup/share/irobot_create_common_bringup/cmake/irobot_create_common_bringupConfig.cmake
-- Up-to-date: /home/aisd/RL_lab5/install/irobot_create_common_bringup/share/irobot_create_common_bringup/cmake/irobot_create_common_bringupConfig-version.cmake
-- Up-to-date: /home/aisd/RL_lab5/install/irobot_create_common_bringup/share/irobot_create_common_bringup/package.xml
