[0.033s] Invoking command in '/home/aisd/RL_lab5/build/irobot_create_ignition_plugins': CMAKE_PREFIX_PATH=/opt/ros/humble /usr/bin/cmake /home/aisd/RL_lab5/create3_ws/src/create3_sim/irobot_create_ignition/irobot_create_ignition_plugins -DCMAKE_INSTALL_PREFIX=/home/aisd/RL_lab5/install/irobot_create_ignition_plugins
[0.284s] -- The C compiler identification is GNU 11.4.0
[0.475s] -- The CXX compiler identification is GNU 11.4.0
[0.500s] -- Detecting C compiler ABI info
[0.676s] -- Detecting C compiler ABI info - done
[0.710s] -- Check for working C compiler: /usr/bin/cc - skipped
[0.710s] -- Detecting C compile features
[0.711s] -- Detecting C compile features - done
[0.732s] -- Detecting CXX compiler ABI info
[1.021s] -- Detecting CXX compiler ABI info - done
[1.049s] -- Check for working CXX compiler: /usr/bin/c++ - skipped
[1.050s] -- Detecting CXX compile features
[1.052s] -- Detecting CXX compile features - done
[1.057s] -- Found ament_cmake: 1.3.11 (/opt/ros/humble/share/ament_cmake/cmake)
[1.562s] -- Found Python3: /usr/bin/python3 (found version "3.10.12") found components: Interpreter 
[2.805s] -- Found Protobuf: /usr/lib/x86_64-linux-gnu/libprotobuf.so (found version "3.12.4") 
[3.031s] -- Found Protobuf: /usr/lib/x86_64-linux-gnu/libprotobuf.so (found suitable version "3.12.4", minimum required is "3") 
[4.490s] -- Found Protobuf: /usr/lib/x86_64-linux-gnu/libprotobuf.so (found version "3.12.4") 
[4.711s] -- Found ament_lint_auto: 0.12.12 (/opt/ros/humble/share/ament_lint_auto/cmake)
[4.886s] -- Added test 'cppcheck' to perform static code analysis on C / C++ code
[4.887s] -- Configured cppcheck include dirs: 
[4.887s] -- Configured cppcheck exclude dirs and/or files: 
[4.890s] -- Added test 'cpplint' to check C / C++ code against the Google style
[4.890s] -- Configured cpplint exclude dirs and/or files: 
[4.892s] -- Added test 'lint_cmake' to check CMake code style
[4.893s] -- Added test 'xmllint' to check XML markup files
[4.897s] -- Configuring done
[5.000s] -- Generating done
[5.025s] -- Build files have been written to: /home/aisd/RL_lab5/build/irobot_create_ignition_plugins
[5.086s] Invoked command in '/home/aisd/RL_lab5/build/irobot_create_ignition_plugins' returned '0': CMAKE_PREFIX_PATH=/opt/ros/humble /usr/bin/cmake /home/aisd/RL_lab5/create3_ws/src/create3_sim/irobot_create_ignition/irobot_create_ignition_plugins -DCMAKE_INSTALL_PREFIX=/home/aisd/RL_lab5/install/irobot_create_ignition_plugins
[5.088s] Invoking command in '/home/aisd/RL_lab5/build/irobot_create_ignition_plugins': CMAKE_PREFIX_PATH=/opt/ros/humble /usr/bin/cmake --build /home/aisd/RL_lab5/build/irobot_create_ignition_plugins -- -j4 -l4
[5.228s] [ 16%] [34m[1mAutomatic MOC for target Create3Hmi[0m
[9.004s] [ 16%] Built target Create3Hmi_autogen
[9.017s] [ 33%] [34m[1mGenerating qrc_Create3Hmi.cpp[0m
[9.064s] [ 50%] [32mBuilding CXX object Create3Hmi/CMakeFiles/Create3Hmi.dir/Create3Hmi.cc.o[0m
[9.069s] [ 66%] [32mBuilding CXX object Create3Hmi/CMakeFiles/Create3Hmi.dir/Create3Hmi_autogen/mocs_compilation.cpp.o[0m
[9.073s] [ 83%] [32mBuilding CXX object Create3Hmi/CMakeFiles/Create3Hmi.dir/qrc_Create3Hmi.cpp.o[0m
[46.091s] [100%] [32m[1mLinking CXX shared library libCreate3Hmi.so[0m
[48.216s] [100%] Built target Create3Hmi
[48.303s] Invoked command in '/home/aisd/RL_lab5/build/irobot_create_ignition_plugins' returned '0': CMAKE_PREFIX_PATH=/opt/ros/humble /usr/bin/cmake --build /home/aisd/RL_lab5/build/irobot_create_ignition_plugins -- -j4 -l4
[48.318s] Invoking command in '/home/aisd/RL_lab5/build/irobot_create_ignition_plugins': CMAKE_PREFIX_PATH=/opt/ros/humble /usr/bin/cmake --install /home/aisd/RL_lab5/build/irobot_create_ignition_plugins
[48.353s] -- Install configuration: ""
[48.356s] -- Installing: /home/aisd/RL_lab5/install/irobot_create_ignition_plugins/share/ament_index/resource_index/package_run_dependencies/irobot_create_ignition_plugins
[48.359s] -- Installing: /home/aisd/RL_lab5/install/irobot_create_ignition_plugins/share/ament_index/resource_index/parent_prefix_path/irobot_create_ignition_plugins
[48.369s] -- Installing: /home/aisd/RL_lab5/install/irobot_create_ignition_plugins/share/irobot_create_ignition_plugins/environment/ament_prefix_path.sh
[48.370s] -- Installing: /home/aisd/RL_lab5/install/irobot_create_ignition_plugins/share/irobot_create_ignition_plugins/environment/ament_prefix_path.dsv
[48.370s] -- Installing: /home/aisd/RL_lab5/install/irobot_create_ignition_plugins/share/irobot_create_ignition_plugins/environment/path.sh
[48.371s] -- Installing: /home/aisd/RL_lab5/install/irobot_create_ignition_plugins/share/irobot_create_ignition_plugins/environment/path.dsv
[48.371s] -- Installing: /home/aisd/RL_lab5/install/irobot_create_ignition_plugins/share/irobot_create_ignition_plugins/local_setup.bash
[48.376s] -- Installing: /home/aisd/RL_lab5/install/irobot_create_ignition_plugins/share/irobot_create_ignition_plugins/local_setup.sh
[48.377s] -- Installing: /home/aisd/RL_lab5/install/irobot_create_ignition_plugins/share/irobot_create_ignition_plugins/local_setup.zsh
[48.377s] -- Installing: /home/aisd/RL_lab5/install/irobot_create_ignition_plugins/share/irobot_create_ignition_plugins/local_setup.dsv
[48.377s] -- Installing: /home/aisd/RL_lab5/install/irobot_create_ignition_plugins/share/irobot_create_ignition_plugins/package.dsv
[48.377s] -- Installing: /home/aisd/RL_lab5/install/irobot_create_ignition_plugins/share/ament_index/resource_index/packages/irobot_create_ignition_plugins
[48.377s] -- Installing: /home/aisd/RL_lab5/install/irobot_create_ignition_plugins/share/irobot_create_ignition_plugins/cmake/irobot_create_ignition_pluginsConfig.cmake
[48.377s] -- Installing: /home/aisd/RL_lab5/install/irobot_create_ignition_plugins/share/irobot_create_ignition_plugins/cmake/irobot_create_ignition_pluginsConfig-version.cmake
[48.380s] -- Installing: /home/aisd/RL_lab5/install/irobot_create_ignition_plugins/share/irobot_create_ignition_plugins/package.xml
[48.380s] -- Installing: /home/aisd/RL_lab5/install/irobot_create_ignition_plugins/share/irobot_create_ignition_plugins/lib/libCreate3Hmi.so
[48.388s] Invoked command in '/home/aisd/RL_lab5/build/irobot_create_ignition_plugins' returned '0': CMAKE_PREFIX_PATH=/opt/ros/humble /usr/bin/cmake --install /home/aisd/RL_lab5/build/irobot_create_ignition_plugins
