[0.079s] Invoking command in '/home/aisd/RL_lab5/build/irobot_create_toolbox': CMAKE_PREFIX_PATH=${CMAKE_PREFIX_PATH}:/opt/ros/humble /usr/bin/cmake --build /home/aisd/RL_lab5/build/irobot_create_toolbox -- -j4 -l4
[0.254s] [35m[1mConsolidate compiler generated dependencies of target irobot_create_toolbox[0m
[0.301s] [100%] Built target irobot_create_toolbox
[0.417s] Invoked command in '/home/aisd/RL_lab5/build/irobot_create_toolbox' returned '0': CMAKE_PREFIX_PATH=${CMAKE_PREFIX_PATH}:/opt/ros/humble /usr/bin/cmake --build /home/aisd/RL_lab5/build/irobot_create_toolbox -- -j4 -l4
[0.421s] Invoking command in '/home/aisd/RL_lab5/build/irobot_create_toolbox': CMAKE_PREFIX_PATH=${CMAKE_PREFIX_PATH}:/opt/ros/humble /usr/bin/cmake --install /home/aisd/RL_lab5/build/irobot_create_toolbox
[0.439s] -- Install configuration: ""
[0.439s] -- Up-to-date: /home/aisd/RL_lab5/install/irobot_create_toolbox/lib/libirobot_create_toolbox.so
[0.440s] -- Up-to-date: /home/aisd/RL_lab5/install/irobot_create_toolbox/include
[0.440s] -- Up-to-date: /home/aisd/RL_lab5/install/irobot_create_toolbox/include/irobot_create_toolbox
[0.440s] -- Up-to-date: /home/aisd/RL_lab5/install/irobot_create_toolbox/include/irobot_create_toolbox/polar_coordinates.hpp
[0.440s] -- Up-to-date: /home/aisd/RL_lab5/install/irobot_create_toolbox/include/irobot_create_toolbox/math.hpp
[0.441s] -- Up-to-date: /home/aisd/RL_lab5/install/irobot_create_toolbox/include/irobot_create_toolbox/sensors
[0.441s] -- Up-to-date: /home/aisd/RL_lab5/install/irobot_create_toolbox/include/irobot_create_toolbox/sensors/bumpers.hpp
[0.441s] -- Up-to-date: /home/aisd/RL_lab5/install/irobot_create_toolbox/share/irobot_create_toolbox/environment/library_path.sh
[0.441s] -- Up-to-date: /home/aisd/RL_lab5/install/irobot_create_toolbox/share/irobot_create_toolbox/environment/library_path.dsv
[0.442s] -- Up-to-date: /home/aisd/RL_lab5/install/irobot_create_toolbox/share/ament_index/resource_index/package_run_dependencies/irobot_create_toolbox
[0.442s] -- Up-to-date: /home/aisd/RL_lab5/install/irobot_create_toolbox/share/ament_index/resource_index/parent_prefix_path/irobot_create_toolbox
[0.442s] -- Up-to-date: /home/aisd/RL_lab5/install/irobot_create_toolbox/share/irobot_create_toolbox/environment/ament_prefix_path.sh
[0.442s] -- Up-to-date: /home/aisd/RL_lab5/install/irobot_create_toolbox/share/irobot_create_toolbox/environment/ament_prefix_path.dsv
[0.442s] -- Up-to-date: /home/aisd/RL_lab5/install/irobot_create_toolbox/share/irobot_create_toolbox/environment/path.sh
[0.442s] -- Up-to-date: /home/aisd/RL_lab5/install/irobot_create_toolbox/share/irobot_create_toolbox/environment/path.dsv
[0.443s] -- Up-to-date: /home/aisd/RL_lab5/install/irobot_create_toolbox/share/irobot_create_toolbox/local_setup.bash
[0.443s] -- Up-to-date: /home/aisd/RL_lab5/install/irobot_create_toolbox/share/irobot_create_toolbox/local_setup.sh
[0.443s] -- Up-to-date: /home/aisd/RL_lab5/install/irobot_create_toolbox/share/irobot_create_toolbox/local_setup.zsh
[0.449s] -- Up-to-date: /home/aisd/RL_lab5/install/irobot_create_toolbox/share/irobot_create_toolbox/local_setup.dsv
[0.449s] -- Installing: /home/aisd/RL_lab5/install/irobot_create_toolbox/share/irobot_create_toolbox/package.dsv
[0.449s] -- Up-to-date: /home/aisd/RL_lab5/install/irobot_create_toolbox/share/ament_index/resource_index/packages/irobot_create_toolbox
[0.449s] -- Up-to-date: /home/aisd/RL_lab5/install/irobot_create_toolbox/share/irobot_create_toolbox/cmake/ament_cmake_export_include_directories-extras.cmake
[0.449s] -- Up-to-date: /home/aisd/RL_lab5/install/irobot_create_toolbox/share/irobot_create_toolbox/cmake/ament_cmake_export_libraries-extras.cmake
[0.449s] -- Up-to-date: /home/aisd/RL_lab5/install/irobot_create_toolbox/share/irobot_create_toolbox/cmake/ament_cmake_export_dependencies-extras.cmake
[0.450s] -- Up-to-date: /home/aisd/RL_lab5/install/irobot_create_toolbox/share/irobot_create_toolbox/cmake/irobot_create_toolboxConfig.cmake
[0.450s] -- Up-to-date: /home/aisd/RL_lab5/install/irobot_create_toolbox/share/irobot_create_toolbox/cmake/irobot_create_toolboxConfig-version.cmake
[0.450s] -- Up-to-date: /home/aisd/RL_lab5/install/irobot_create_toolbox/share/irobot_create_toolbox/package.xml
[0.460s] Invoked command in '/home/aisd/RL_lab5/build/irobot_create_toolbox' returned '0': CMAKE_PREFIX_PATH=${CMAKE_PREFIX_PATH}:/opt/ros/humble /usr/bin/cmake --install /home/aisd/RL_lab5/build/irobot_create_toolbox
