[0.050s] Invoking command in '/home/aisd/RL_lab5/create3_ws/build/irobot_create_control': CMAKE_PREFIX_PATH=${CMAKE_PREFIX_PATH}:/opt/ros/humble /usr/bin/cmake --build /home/aisd/RL_lab5/create3_ws/build/irobot_create_control -- -j4 -l4
[0.141s] Invoked command in '/home/aisd/RL_lab5/create3_ws/build/irobot_create_control' returned '0': CMAKE_PREFIX_PATH=${CMAKE_PREFIX_PATH}:/opt/ros/humble /usr/bin/cmake --build /home/aisd/RL_lab5/create3_ws/build/irobot_create_control -- -j4 -l4
[0.169s] Invoking command in '/home/aisd/RL_lab5/create3_ws/build/irobot_create_control': CMAKE_PREFIX_PATH=${CMAKE_PREFIX_PATH}:/opt/ros/humble /usr/bin/cmake --install /home/aisd/RL_lab5/create3_ws/build/irobot_create_control
[0.184s] -- Install configuration: ""
[0.185s] -- Execute custom install script
[0.187s] -- Up-to-date symlink: /home/aisd/RL_lab5/create3_ws/install/irobot_create_control/share/irobot_create_control//launch/include/control.py
[0.189s] -- Up-to-date symlink: /home/aisd/RL_lab5/create3_ws/install/irobot_create_control/share/irobot_create_control//config/control.yaml
[0.189s] -- Up-to-date symlink: /home/aisd/RL_lab5/create3_ws/install/irobot_create_control/share/ament_index/resource_index/package_run_dependencies/irobot_create_control
[0.190s] -- Up-to-date symlink: /home/aisd/RL_lab5/create3_ws/install/irobot_create_control/share/ament_index/resource_index/parent_prefix_path/irobot_create_control
[0.190s] -- Up-to-date symlink: /home/aisd/RL_lab5/create3_ws/install/irobot_create_control/share/irobot_create_control/environment/ament_prefix_path.sh
[0.191s] -- Up-to-date symlink: /home/aisd/RL_lab5/create3_ws/install/irobot_create_control/share/irobot_create_control/environment/ament_prefix_path.dsv
[0.191s] -- Up-to-date symlink: /home/aisd/RL_lab5/create3_ws/install/irobot_create_control/share/irobot_create_control/environment/path.sh
[0.192s] -- Up-to-date symlink: /home/aisd/RL_lab5/create3_ws/install/irobot_create_control/share/irobot_create_control/environment/path.dsv
[0.192s] -- Up-to-date symlink: /home/aisd/RL_lab5/create3_ws/install/irobot_create_control/share/irobot_create_control/local_setup.bash
[0.193s] -- Up-to-date symlink: /home/aisd/RL_lab5/create3_ws/install/irobot_create_control/share/irobot_create_control/local_setup.sh
[0.193s] -- Up-to-date symlink: /home/aisd/RL_lab5/create3_ws/install/irobot_create_control/share/irobot_create_control/local_setup.zsh
[0.194s] -- Up-to-date symlink: /home/aisd/RL_lab5/create3_ws/install/irobot_create_control/share/irobot_create_control/local_setup.dsv
[0.194s] -- Symlinking: /home/aisd/RL_lab5/create3_ws/install/irobot_create_control/share/irobot_create_control/package.dsv
[0.236s] -- Up-to-date symlink: /home/aisd/RL_lab5/create3_ws/install/irobot_create_control/share/ament_index/resource_index/packages/irobot_create_control
[0.252s] -- Up-to-date symlink: /home/aisd/RL_lab5/create3_ws/install/irobot_create_control/share/irobot_create_control/cmake/irobot_create_controlConfig.cmake
[0.252s] -- Up-to-date symlink: /home/aisd/RL_lab5/create3_ws/install/irobot_create_control/share/irobot_create_control/cmake/irobot_create_controlConfig-version.cmake
[0.253s] -- Up-to-date symlink: /home/aisd/RL_lab5/create3_ws/install/irobot_create_control/share/irobot_create_control/package.xml
[0.263s] Invoked command in '/home/aisd/RL_lab5/create3_ws/build/irobot_create_control' returned '0': CMAKE_PREFIX_PATH=${CMAKE_PREFIX_PATH}:/opt/ros/humble /usr/bin/cmake --install /home/aisd/RL_lab5/create3_ws/build/irobot_create_control
