-- The C compiler identification is GNU 11.4.0
-- The CXX compiler identification is GNU 11.4.0
-- Detecting C compiler ABI info
-- Detecting C compiler ABI info - done
-- Check for working C compiler: /usr/bin/cc - skipped
-- Detecting C compile features
-- Detecting C compile features - done
-- Detecting CXX compiler ABI info
-- Detecting CXX compiler ABI info - done
-- Check for working CXX compiler: /usr/bin/c++ - skipped
-- Detecting CXX compile features
-- Detecting CXX compile features - done
-- Found ament_cmake: 1.3.11 (/opt/ros/humble/share/ament_cmake/cmake)
-- Found Python3: /usr/bin/python3 (found version "3.10.12") found components: Interpreter 
-- Override CMake install command with custom implementation using symlinks instead of copying resources
-- Found control_msgs: 4.8.0 (/opt/ros/humble/share/control_msgs/cmake)
-- Found rosidl_generator_c: 3.1.6 (/opt/ros/humble/share/rosidl_generator_c/cmake)
-- Found rosidl_adapter: 3.1.6 (/opt/ros/humble/share/rosidl_adapter/cmake)
-- Found rosidl_generator_cpp: 3.1.6 (/opt/ros/humble/share/rosidl_generator_cpp/cmake)
-- Using all available rosidl_typesupport_c: rosidl_typesupport_fastrtps_c;rosidl_typesupport_introspection_c
-- Using all available rosidl_typesupport_cpp: rosidl_typesupport_fastrtps_cpp;rosidl_typesupport_introspection_cpp
-- Found nav_msgs: 4.9.0 (/opt/ros/humble/share/nav_msgs/cmake)
-- Found irobot_create_msgs: 2.1.0 (/opt/ros/humble/share/irobot_create_msgs/cmake)
-- Found rclcpp: 16.0.12 (/opt/ros/humble/share/rclcpp/cmake)
-- Found rmw_implementation_cmake: 6.1.2 (/opt/ros/humble/share/rmw_implementation_cmake/cmake)
-- Found rmw_cyclonedds_cpp: 1.3.4 (/opt/ros/humble/share/rmw_cyclonedds_cpp/cmake)
-- Using RMW implementation 'rmw_cyclonedds_cpp' as default
-- Looking for pthread.h
-- Looking for pthread.h - found
-- Performing Test CMAKE_HAVE_LIBC_PTHREAD
-- Performing Test CMAKE_HAVE_LIBC_PTHREAD - Success
-- Found Threads: TRUE  
-- Found rclcpp_action: 16.0.12 (/opt/ros/humble/share/rclcpp_action/cmake)
-- Found tf2: 0.25.13 (/opt/ros/humble/share/tf2/cmake)
-- Found tf2_geometry_msgs: 0.25.13 (/opt/ros/humble/share/tf2_geometry_msgs/cmake)
-- Found eigen3_cmake_module: 0.1.1 (/opt/ros/humble/share/eigen3_cmake_module/cmake)
-- Found Eigen3: TRUE (found version "3.4.0") 
-- Ensuring Eigen3 include directory is part of orocos-kdl CMake target
-- Found irobot_create_toolbox: 2.1.0 (/home/aisd/RL_lab5/create3_ws/install/irobot_create_toolbox/share/irobot_create_toolbox/cmake)
-- Found ament_lint_auto: 0.12.12 (/opt/ros/humble/share/ament_lint_auto/cmake)
-- Added test 'cppcheck' to perform static code analysis on C / C++ code
-- Configured cppcheck include dirs: /home/aisd/RL_lab5/create3_ws/src/create3_sim/irobot_create_ignition/irobot_create_ignition_toolbox/include
-- Configured cppcheck exclude dirs and/or files: 
-- Added test 'cpplint' to check C / C++ code against the Google style
-- Configured cpplint exclude dirs and/or files: 
-- Added test 'lint_cmake' to check CMake code style
-- Added test 'uncrustify' to check C / C++ code style
-- Configured uncrustify additional arguments: 
-- Added test 'xmllint' to check XML markup files
-- Configuring done
-- Generating done
-- Build files have been written to: /home/aisd/RL_lab5/create3_ws/build/irobot_create_ignition_toolbox
[  5%] [32mBuilding CXX object CMakeFiles/irobot_create_ignition_pose_republisher_lib.dir/src/pose_republisher/pose_republisher_node.cpp.o[0m
[ 11%] [32mBuilding CXX object CMakeFiles/irobot_create_ignition_interface_buttons_lib.dir/src/interface_buttons/interface_buttons_node.cpp.o[0m
[ 16%] [32mBuilding CXX object CMakeFiles/irobot_create_ignition_sensors_lib.dir/src/sensors/sensors_node.cpp.o[0m
[ 22%] [32mBuilding CXX object CMakeFiles/irobot_create_ignition_sensors_lib.dir/src/sensors/bumper.cpp.o[0m
[ 27%] [32m[1mLinking CXX shared library libirobot_create_ignition_interface_buttons_lib.so[0m
[ 27%] Built target irobot_create_ignition_interface_buttons_lib
[ 33%] [32mBuilding CXX object CMakeFiles/irobot_create_ignition_sensors_lib.dir/src/sensors/cliff.cpp.o[0m
[ 38%] [32m[1mLinking CXX shared library libirobot_create_ignition_pose_republisher_lib.so[0m
[ 38%] Built target irobot_create_ignition_pose_republisher_lib
[ 44%] [32mBuilding CXX object CMakeFiles/irobot_create_ignition_sensors_lib.dir/src/sensors/ir_intensity.cpp.o[0m
[ 50%] [32mBuilding CXX object CMakeFiles/irobot_create_ignition_sensors_lib.dir/src/sensors/ir_opcode.cpp.o[0m
[ 55%] [32mBuilding CXX object CMakeFiles/irobot_create_ignition_sensors_lib.dir/src/sensors/mouse.cpp.o[0m
[ 61%] [32mBuilding CXX object CMakeFiles/irobot_create_ignition_sensors_lib.dir/src/sensors/wheel_drop.cpp.o[0m
[ 66%] [32m[1mLinking CXX shared library libirobot_create_ignition_sensors_lib.so[0m
[ 66%] Built target irobot_create_ignition_sensors_lib
[ 72%] [32mBuilding CXX object CMakeFiles/pose_republisher_node.dir/src/pose_republisher/pose_republisher_main.cpp.o[0m
[ 77%] [32m[1mLinking CXX executable pose_republisher_node[0m
[ 77%] Built target pose_republisher_node
[ 83%] [32mBuilding CXX object CMakeFiles/sensors_node.dir/src/sensors/sensors_main.cpp.o[0m
[ 88%] [32m[1mLinking CXX executable sensors_node[0m
[ 88%] Built target sensors_node
[ 94%] [32mBuilding CXX object CMakeFiles/interface_buttons_node.dir/src/interface_buttons/interface_buttons_main.cpp.o[0m
[100%] [32m[1mLinking CXX executable interface_buttons_node[0m
[100%] Built target interface_buttons_node
-- Install configuration: ""
-- Execute custom install script
-- Symlinking: /home/aisd/RL_lab5/create3_ws/install/irobot_create_ignition_toolbox/lib/libirobot_create_ignition_pose_republisher_lib.so
-- Symlinking: /home/aisd/RL_lab5/create3_ws/install/irobot_create_ignition_toolbox/lib/libirobot_create_ignition_sensors_lib.so
-- Symlinking: /home/aisd/RL_lab5/create3_ws/install/irobot_create_ignition_toolbox/lib/libirobot_create_ignition_interface_buttons_lib.so
-- Symlinking: /home/aisd/RL_lab5/create3_ws/install/irobot_create_ignition_toolbox/lib/irobot_create_ignition_toolbox/pose_republisher_node
-- Symlinking: /home/aisd/RL_lab5/create3_ws/install/irobot_create_ignition_toolbox/lib/irobot_create_ignition_toolbox/sensors_node
-- Symlinking: /home/aisd/RL_lab5/create3_ws/install/irobot_create_ignition_toolbox/lib/irobot_create_ignition_toolbox/interface_buttons_node
-- Symlinking: /home/aisd/RL_lab5/create3_ws/install/irobot_create_ignition_toolbox/include/irobot_create_ignition_toolbox/interface_buttons/interface_buttons_node.hpp
-- Symlinking: /home/aisd/RL_lab5/create3_ws/install/irobot_create_ignition_toolbox/include/irobot_create_ignition_toolbox/pose_republisher/pose_republisher.hpp
-- Symlinking: /home/aisd/RL_lab5/create3_ws/install/irobot_create_ignition_toolbox/include/irobot_create_ignition_toolbox/sensors/bumper.hpp
-- Symlinking: /home/aisd/RL_lab5/create3_ws/install/irobot_create_ignition_toolbox/include/irobot_create_ignition_toolbox/sensors/cliff.hpp
-- Symlinking: /home/aisd/RL_lab5/create3_ws/install/irobot_create_ignition_toolbox/include/irobot_create_ignition_toolbox/sensors/ir_intensity.hpp
-- Symlinking: /home/aisd/RL_lab5/create3_ws/install/irobot_create_ignition_toolbox/include/irobot_create_ignition_toolbox/sensors/ir_opcode.hpp
-- Symlinking: /home/aisd/RL_lab5/create3_ws/install/irobot_create_ignition_toolbox/include/irobot_create_ignition_toolbox/sensors/mouse.hpp
-- Symlinking: /home/aisd/RL_lab5/create3_ws/install/irobot_create_ignition_toolbox/include/irobot_create_ignition_toolbox/sensors/sensors_node.hpp
-- Symlinking: /home/aisd/RL_lab5/create3_ws/install/irobot_create_ignition_toolbox/include/irobot_create_ignition_toolbox/sensors/wheel_drop.hpp
-- Symlinking: /home/aisd/RL_lab5/create3_ws/install/irobot_create_ignition_toolbox/include/irobot_create_ignition_toolbox/utils.hpp
-- Symlinking: /home/aisd/RL_lab5/create3_ws/install/irobot_create_ignition_toolbox/share/irobot_create_ignition_toolbox/environment/library_path.sh
-- Symlinking: /home/aisd/RL_lab5/create3_ws/install/irobot_create_ignition_toolbox/share/irobot_create_ignition_toolbox/environment/library_path.dsv
-- Symlinking: /home/aisd/RL_lab5/create3_ws/install/irobot_create_ignition_toolbox/share/ament_index/resource_index/package_run_dependencies/irobot_create_ignition_toolbox
-- Symlinking: /home/aisd/RL_lab5/create3_ws/install/irobot_create_ignition_toolbox/share/ament_index/resource_index/parent_prefix_path/irobot_create_ignition_toolbox
-- Symlinking: /home/aisd/RL_lab5/create3_ws/install/irobot_create_ignition_toolbox/share/irobot_create_ignition_toolbox/environment/ament_prefix_path.sh
-- Symlinking: /home/aisd/RL_lab5/create3_ws/install/irobot_create_ignition_toolbox/share/irobot_create_ignition_toolbox/environment/ament_prefix_path.dsv
-- Symlinking: /home/aisd/RL_lab5/create3_ws/install/irobot_create_ignition_toolbox/share/irobot_create_ignition_toolbox/environment/path.sh
-- Symlinking: /home/aisd/RL_lab5/create3_ws/install/irobot_create_ignition_toolbox/share/irobot_create_ignition_toolbox/environment/path.dsv
-- Symlinking: /home/aisd/RL_lab5/create3_ws/install/irobot_create_ignition_toolbox/share/irobot_create_ignition_toolbox/local_setup.bash
-- Symlinking: /home/aisd/RL_lab5/create3_ws/install/irobot_create_ignition_toolbox/share/irobot_create_ignition_toolbox/local_setup.sh
-- Symlinking: /home/aisd/RL_lab5/create3_ws/install/irobot_create_ignition_toolbox/share/irobot_create_ignition_toolbox/local_setup.zsh
-- Symlinking: /home/aisd/RL_lab5/create3_ws/install/irobot_create_ignition_toolbox/share/irobot_create_ignition_toolbox/local_setup.dsv
-- Symlinking: /home/aisd/RL_lab5/create3_ws/install/irobot_create_ignition_toolbox/share/irobot_create_ignition_toolbox/package.dsv
-- Symlinking: /home/aisd/RL_lab5/create3_ws/install/irobot_create_ignition_toolbox/share/ament_index/resource_index/packages/irobot_create_ignition_toolbox
-- Symlinking: /home/aisd/RL_lab5/create3_ws/install/irobot_create_ignition_toolbox/share/irobot_create_ignition_toolbox/cmake/ament_cmake_export_include_directories-extras.cmake
-- Symlinking: /home/aisd/RL_lab5/create3_ws/install/irobot_create_ignition_toolbox/share/irobot_create_ignition_toolbox/cmake/ament_cmake_export_libraries-extras.cmake
-- Symlinking: /home/aisd/RL_lab5/create3_ws/install/irobot_create_ignition_toolbox/share/irobot_create_ignition_toolbox/cmake/ament_cmake_export_dependencies-extras.cmake
-- Symlinking: /home/aisd/RL_lab5/create3_ws/install/irobot_create_ignition_toolbox/share/irobot_create_ignition_toolbox/cmake/irobot_create_ignition_toolboxConfig.cmake
-- Symlinking: /home/aisd/RL_lab5/create3_ws/install/irobot_create_ignition_toolbox/share/irobot_create_ignition_toolbox/cmake/irobot_create_ignition_toolboxConfig-version.cmake
-- Symlinking: /home/aisd/RL_lab5/create3_ws/install/irobot_create_ignition_toolbox/share/irobot_create_ignition_toolbox/package.xml
