[0.051s] Invoking command in '/home/aisd/RL_lab5/create3_ws/build/irobot_create_ignition_toolbox': CMAKE_PREFIX_PATH=/home/aisd/RL_lab5/create3_ws/install/irobot_create_toolbox:/home/aisd/RL_lab5/create3_ws/install/irobot_create_ignition_sim:/home/aisd/RL_lab5/create3_ws/install/irobot_create_ignition_bringup:/home/aisd/RL_lab5/create3_ws/install/irobot_create_gazebo_sim:/home/aisd/RL_lab5/create3_ws/install/irobot_create_gazebo_bringup:/home/aisd/RL_lab5/create3_ws/install/irobot_create_common_bringup:/home/aisd/RL_lab5/create3_ws/install/irobot_create_nodes:/home/aisd/RL_lab5/create3_ws/install/irobot_create_ignition_toolbox:/home/aisd/RL_lab5/create3_ws/install/irobot_create_gazebo_plugins:/home/aisd/RL_lab5/create3_ws/install/irobot_create_ignition_plugins:/home/aisd/RL_lab5/create3_ws/install/irobot_create_description:/home/aisd/RL_lab5/create3_ws/install/irobot_create_control:/opt/ros/humble LD_LIBRARY_PATH=/home/aisd/RL_lab5/create3_ws/install/irobot_create_toolbox/lib:/home/aisd/RL_lab5/create3_ws/install/irobot_create_nodes/lib:/home/aisd/RL_lab5/create3_ws/install/irobot_create_ignition_toolbox/lib:/home/aisd/RL_lab5/create3_ws/install/irobot_create_gazebo_plugins/lib:/usr/lib/x86_64-linux-gnu/gazebo-11/plugins:/opt/ros/humble/opt/rviz_ogre_vendor/lib:/opt/ros/humble/lib/x86_64-linux-gnu:/opt/ros/humble/lib /usr/bin/cmake /home/aisd/RL_lab5/create3_ws/src/create3_sim/irobot_create_ignition/irobot_create_ignition_toolbox -DAMENT_CMAKE_SYMLINK_INSTALL=1 -DCMAKE_INSTALL_PREFIX=/home/aisd/RL_lab5/create3_ws/install/irobot_create_ignition_toolbox
[0.249s] -- The C compiler identification is GNU 11.4.0
[0.477s] -- The CXX compiler identification is GNU 11.4.0
[0.515s] -- Detecting C compiler ABI info
[0.760s] -- Detecting C compiler ABI info - done
[0.780s] -- Check for working C compiler: /usr/bin/cc - skipped
[0.780s] -- Detecting C compile features
[0.781s] -- Detecting C compile features - done
[0.786s] -- Detecting CXX compiler ABI info
[1.053s] -- Detecting CXX compiler ABI info - done
[1.085s] -- Check for working CXX compiler: /usr/bin/c++ - skipped
[1.085s] -- Detecting CXX compile features
[1.086s] -- Detecting CXX compile features - done
[1.101s] -- Found ament_cmake: 1.3.11 (/opt/ros/humble/share/ament_cmake/cmake)
[1.605s] -- Found Python3: /usr/bin/python3 (found version "3.10.12") found components: Interpreter 
[1.898s] -- Override CMake install command with custom implementation using symlinks instead of copying resources
[2.034s] -- Found control_msgs: 4.8.0 (/opt/ros/humble/share/control_msgs/cmake)
[2.195s] -- Found rosidl_generator_c: 3.1.6 (/opt/ros/humble/share/rosidl_generator_c/cmake)
[2.245s] -- Found rosidl_adapter: 3.1.6 (/opt/ros/humble/share/rosidl_adapter/cmake)
[2.275s] -- Found rosidl_generator_cpp: 3.1.6 (/opt/ros/humble/share/rosidl_generator_cpp/cmake)
[2.304s] -- Using all available rosidl_typesupport_c: rosidl_typesupport_fastrtps_c;rosidl_typesupport_introspection_c
[2.365s] -- Using all available rosidl_typesupport_cpp: rosidl_typesupport_fastrtps_cpp;rosidl_typesupport_introspection_cpp
[2.758s] -- Found nav_msgs: 4.9.0 (/opt/ros/humble/share/nav_msgs/cmake)
[2.851s] -- Found irobot_create_msgs: 2.1.0 (/opt/ros/humble/share/irobot_create_msgs/cmake)
[2.938s] -- Found rclcpp: 16.0.12 (/opt/ros/humble/share/rclcpp/cmake)
[3.056s] -- Found rmw_implementation_cmake: 6.1.2 (/opt/ros/humble/share/rmw_implementation_cmake/cmake)
[3.064s] -- Found rmw_cyclonedds_cpp: 1.3.4 (/opt/ros/humble/share/rmw_cyclonedds_cpp/cmake)
[3.128s] -- Using RMW implementation 'rmw_cyclonedds_cpp' as default
[3.153s] -- Looking for pthread.h
[3.389s] -- Looking for pthread.h - found
[3.390s] -- Performing Test CMAKE_HAVE_LIBC_PTHREAD
[3.637s] -- Performing Test CMAKE_HAVE_LIBC_PTHREAD - Success
[3.639s] -- Found Threads: TRUE  
[3.741s] -- Found rclcpp_action: 16.0.12 (/opt/ros/humble/share/rclcpp_action/cmake)
[3.772s] -- Found tf2: 0.25.13 (/opt/ros/humble/share/tf2/cmake)
[3.799s] -- Found tf2_geometry_msgs: 0.25.13 (/opt/ros/humble/share/tf2_geometry_msgs/cmake)
[3.854s] -- Found eigen3_cmake_module: 0.1.1 (/opt/ros/humble/share/eigen3_cmake_module/cmake)
[3.857s] -- Found Eigen3: TRUE (found version "3.4.0") 
[3.858s] -- Ensuring Eigen3 include directory is part of orocos-kdl CMake target
[4.030s] -- Found irobot_create_toolbox: 2.1.0 (/home/aisd/RL_lab5/create3_ws/install/irobot_create_toolbox/share/irobot_create_toolbox/cmake)
[4.251s] -- Found ament_lint_auto: 0.12.12 (/opt/ros/humble/share/ament_lint_auto/cmake)
[4.569s] -- Added test 'cppcheck' to perform static code analysis on C / C++ code
[4.570s] -- Configured cppcheck include dirs: /home/aisd/RL_lab5/create3_ws/src/create3_sim/irobot_create_ignition/irobot_create_ignition_toolbox/include
[4.577s] -- Configured cppcheck exclude dirs and/or files: 
[4.582s] -- Added test 'cpplint' to check C / C++ code against the Google style
[4.582s] -- Configured cpplint exclude dirs and/or files: 
[4.586s] -- Added test 'lint_cmake' to check CMake code style
[4.592s] -- Added test 'uncrustify' to check C / C++ code style
[4.592s] -- Configured uncrustify additional arguments: 
[4.595s] -- Added test 'xmllint' to check XML markup files
[4.629s] -- Configuring done
[4.880s] -- Generating done
[4.949s] -- Build files have been written to: /home/aisd/RL_lab5/create3_ws/build/irobot_create_ignition_toolbox
[4.983s] Invoked command in '/home/aisd/RL_lab5/create3_ws/build/irobot_create_ignition_toolbox' returned '0': CMAKE_PREFIX_PATH=/home/aisd/RL_lab5/create3_ws/install/irobot_create_toolbox:/home/aisd/RL_lab5/create3_ws/install/irobot_create_ignition_sim:/home/aisd/RL_lab5/create3_ws/install/irobot_create_ignition_bringup:/home/aisd/RL_lab5/create3_ws/install/irobot_create_gazebo_sim:/home/aisd/RL_lab5/create3_ws/install/irobot_create_gazebo_bringup:/home/aisd/RL_lab5/create3_ws/install/irobot_create_common_bringup:/home/aisd/RL_lab5/create3_ws/install/irobot_create_nodes:/home/aisd/RL_lab5/create3_ws/install/irobot_create_ignition_toolbox:/home/aisd/RL_lab5/create3_ws/install/irobot_create_gazebo_plugins:/home/aisd/RL_lab5/create3_ws/install/irobot_create_ignition_plugins:/home/aisd/RL_lab5/create3_ws/install/irobot_create_description:/home/aisd/RL_lab5/create3_ws/install/irobot_create_control:/opt/ros/humble LD_LIBRARY_PATH=/home/aisd/RL_lab5/create3_ws/install/irobot_create_toolbox/lib:/home/aisd/RL_lab5/create3_ws/install/irobot_create_nodes/lib:/home/aisd/RL_lab5/create3_ws/install/irobot_create_ignition_toolbox/lib:/home/aisd/RL_lab5/create3_ws/install/irobot_create_gazebo_plugins/lib:/usr/lib/x86_64-linux-gnu/gazebo-11/plugins:/opt/ros/humble/opt/rviz_ogre_vendor/lib:/opt/ros/humble/lib/x86_64-linux-gnu:/opt/ros/humble/lib /usr/bin/cmake /home/aisd/RL_lab5/create3_ws/src/create3_sim/irobot_create_ignition/irobot_create_ignition_toolbox -DAMENT_CMAKE_SYMLINK_INSTALL=1 -DCMAKE_INSTALL_PREFIX=/home/aisd/RL_lab5/create3_ws/install/irobot_create_ignition_toolbox
[4.984s] Invoking command in '/home/aisd/RL_lab5/create3_ws/build/irobot_create_ignition_toolbox': CMAKE_PREFIX_PATH=/home/aisd/RL_lab5/create3_ws/install/irobot_create_toolbox:/home/aisd/RL_lab5/create3_ws/install/irobot_create_ignition_sim:/home/aisd/RL_lab5/create3_ws/install/irobot_create_ignition_bringup:/home/aisd/RL_lab5/create3_ws/install/irobot_create_gazebo_sim:/home/aisd/RL_lab5/create3_ws/install/irobot_create_gazebo_bringup:/home/aisd/RL_lab5/create3_ws/install/irobot_create_common_bringup:/home/aisd/RL_lab5/create3_ws/install/irobot_create_nodes:/home/aisd/RL_lab5/create3_ws/install/irobot_create_ignition_toolbox:/home/aisd/RL_lab5/create3_ws/install/irobot_create_gazebo_plugins:/home/aisd/RL_lab5/create3_ws/install/irobot_create_ignition_plugins:/home/aisd/RL_lab5/create3_ws/install/irobot_create_description:/home/aisd/RL_lab5/create3_ws/install/irobot_create_control:/opt/ros/humble LD_LIBRARY_PATH=/home/aisd/RL_lab5/create3_ws/install/irobot_create_toolbox/lib:/home/aisd/RL_lab5/create3_ws/install/irobot_create_nodes/lib:/home/aisd/RL_lab5/create3_ws/install/irobot_create_ignition_toolbox/lib:/home/aisd/RL_lab5/create3_ws/install/irobot_create_gazebo_plugins/lib:/usr/lib/x86_64-linux-gnu/gazebo-11/plugins:/opt/ros/humble/opt/rviz_ogre_vendor/lib:/opt/ros/humble/lib/x86_64-linux-gnu:/opt/ros/humble/lib /usr/bin/cmake --build /home/aisd/RL_lab5/create3_ws/build/irobot_create_ignition_toolbox -- -j4 -l4
[5.188s] [  5%] [32mBuilding CXX object CMakeFiles/irobot_create_ignition_pose_republisher_lib.dir/src/pose_republisher/pose_republisher_node.cpp.o[0m
[5.209s] [ 11%] [32mBuilding CXX object CMakeFiles/irobot_create_ignition_interface_buttons_lib.dir/src/interface_buttons/interface_buttons_node.cpp.o[0m
[5.212s] [ 16%] [32mBuilding CXX object CMakeFiles/irobot_create_ignition_sensors_lib.dir/src/sensors/sensors_node.cpp.o[0m
[5.252s] [ 22%] [32mBuilding CXX object CMakeFiles/irobot_create_ignition_sensors_lib.dir/src/sensors/bumper.cpp.o[0m
[50.964s] [ 27%] [32m[1mLinking CXX shared library libirobot_create_ignition_interface_buttons_lib.so[0m
[55.293s] [ 27%] Built target irobot_create_ignition_interface_buttons_lib
[70.311s] [ 33%] [32mBuilding CXX object CMakeFiles/irobot_create_ignition_sensors_lib.dir/src/sensors/cliff.cpp.o[0m
[70.580s] [ 38%] [32m[1mLinking CXX shared library libirobot_create_ignition_pose_republisher_lib.so[0m
[75.873s] [ 38%] Built target irobot_create_ignition_pose_republisher_lib
[95.015s] [ 44%] [32mBuilding CXX object CMakeFiles/irobot_create_ignition_sensors_lib.dir/src/sensors/ir_intensity.cpp.o[0m
[119.653s] [ 50%] [32mBuilding CXX object CMakeFiles/irobot_create_ignition_sensors_lib.dir/src/sensors/ir_opcode.cpp.o[0m
[152.797s] [ 55%] [32mBuilding CXX object CMakeFiles/irobot_create_ignition_sensors_lib.dir/src/sensors/mouse.cpp.o[0m
[168.902s] [ 61%] [32mBuilding CXX object CMakeFiles/irobot_create_ignition_sensors_lib.dir/src/sensors/wheel_drop.cpp.o[0m
[188.054s] [ 66%] [32m[1mLinking CXX shared library libirobot_create_ignition_sensors_lib.so[0m
[193.057s] [ 66%] Built target irobot_create_ignition_sensors_lib
[193.117s] [ 72%] [32mBuilding CXX object CMakeFiles/pose_republisher_node.dir/src/pose_republisher/pose_republisher_main.cpp.o[0m
[199.765s] [ 77%] [32m[1mLinking CXX executable pose_republisher_node[0m
[200.584s] [ 77%] Built target pose_republisher_node
[200.622s] [ 83%] [32mBuilding CXX object CMakeFiles/sensors_node.dir/src/sensors/sensors_main.cpp.o[0m
[213.549s] [ 88%] [32m[1mLinking CXX executable sensors_node[0m
[215.479s] [ 88%] Built target sensors_node
[215.521s] [ 94%] [32mBuilding CXX object CMakeFiles/interface_buttons_node.dir/src/interface_buttons/interface_buttons_main.cpp.o[0m
[221.813s] [100%] [32m[1mLinking CXX executable interface_buttons_node[0m
[222.492s] [100%] Built target interface_buttons_node
[222.516s] Invoked command in '/home/aisd/RL_lab5/create3_ws/build/irobot_create_ignition_toolbox' returned '0': CMAKE_PREFIX_PATH=/home/aisd/RL_lab5/create3_ws/install/irobot_create_toolbox:/home/aisd/RL_lab5/create3_ws/install/irobot_create_ignition_sim:/home/aisd/RL_lab5/create3_ws/install/irobot_create_ignition_bringup:/home/aisd/RL_lab5/create3_ws/install/irobot_create_gazebo_sim:/home/aisd/RL_lab5/create3_ws/install/irobot_create_gazebo_bringup:/home/aisd/RL_lab5/create3_ws/install/irobot_create_common_bringup:/home/aisd/RL_lab5/create3_ws/install/irobot_create_nodes:/home/aisd/RL_lab5/create3_ws/install/irobot_create_ignition_toolbox:/home/aisd/RL_lab5/create3_ws/install/irobot_create_gazebo_plugins:/home/aisd/RL_lab5/create3_ws/install/irobot_create_ignition_plugins:/home/aisd/RL_lab5/create3_ws/install/irobot_create_description:/home/aisd/RL_lab5/create3_ws/install/irobot_create_control:/opt/ros/humble LD_LIBRARY_PATH=/home/aisd/RL_lab5/create3_ws/install/irobot_create_toolbox/lib:/home/aisd/RL_lab5/create3_ws/install/irobot_create_nodes/lib:/home/aisd/RL_lab5/create3_ws/install/irobot_create_ignition_toolbox/lib:/home/aisd/RL_lab5/create3_ws/install/irobot_create_gazebo_plugins/lib:/usr/lib/x86_64-linux-gnu/gazebo-11/plugins:/opt/ros/humble/opt/rviz_ogre_vendor/lib:/opt/ros/humble/lib/x86_64-linux-gnu:/opt/ros/humble/lib /usr/bin/cmake --build /home/aisd/RL_lab5/create3_ws/build/irobot_create_ignition_toolbox -- -j4 -l4
[222.520s] Invoking command in '/home/aisd/RL_lab5/create3_ws/build/irobot_create_ignition_toolbox': CMAKE_PREFIX_PATH=/home/aisd/RL_lab5/create3_ws/install/irobot_create_toolbox:/home/aisd/RL_lab5/create3_ws/install/irobot_create_ignition_sim:/home/aisd/RL_lab5/create3_ws/install/irobot_create_ignition_bringup:/home/aisd/RL_lab5/create3_ws/install/irobot_create_gazebo_sim:/home/aisd/RL_lab5/create3_ws/install/irobot_create_gazebo_bringup:/home/aisd/RL_lab5/create3_ws/install/irobot_create_common_bringup:/home/aisd/RL_lab5/create3_ws/install/irobot_create_nodes:/home/aisd/RL_lab5/create3_ws/install/irobot_create_ignition_toolbox:/home/aisd/RL_lab5/create3_ws/install/irobot_create_gazebo_plugins:/home/aisd/RL_lab5/create3_ws/install/irobot_create_ignition_plugins:/home/aisd/RL_lab5/create3_ws/install/irobot_create_description:/home/aisd/RL_lab5/create3_ws/install/irobot_create_control:/opt/ros/humble LD_LIBRARY_PATH=/home/aisd/RL_lab5/create3_ws/install/irobot_create_toolbox/lib:/home/aisd/RL_lab5/create3_ws/install/irobot_create_nodes/lib:/home/aisd/RL_lab5/create3_ws/install/irobot_create_ignition_toolbox/lib:/home/aisd/RL_lab5/create3_ws/install/irobot_create_gazebo_plugins/lib:/usr/lib/x86_64-linux-gnu/gazebo-11/plugins:/opt/ros/humble/opt/rviz_ogre_vendor/lib:/opt/ros/humble/lib/x86_64-linux-gnu:/opt/ros/humble/lib /usr/bin/cmake --install /home/aisd/RL_lab5/create3_ws/build/irobot_create_ignition_toolbox
[222.535s] -- Install configuration: ""
[222.536s] -- Execute custom install script
[222.538s] -- Symlinking: /home/aisd/RL_lab5/create3_ws/install/irobot_create_ignition_toolbox/lib/libirobot_create_ignition_pose_republisher_lib.so
[222.554s] -- Symlinking: /home/aisd/RL_lab5/create3_ws/install/irobot_create_ignition_toolbox/lib/libirobot_create_ignition_sensors_lib.so
[222.570s] -- Symlinking: /home/aisd/RL_lab5/create3_ws/install/irobot_create_ignition_toolbox/lib/libirobot_create_ignition_interface_buttons_lib.so
[222.587s] -- Symlinking: /home/aisd/RL_lab5/create3_ws/install/irobot_create_ignition_toolbox/lib/irobot_create_ignition_toolbox/pose_republisher_node
[222.603s] -- Symlinking: /home/aisd/RL_lab5/create3_ws/install/irobot_create_ignition_toolbox/lib/irobot_create_ignition_toolbox/sensors_node
[222.620s] -- Symlinking: /home/aisd/RL_lab5/create3_ws/install/irobot_create_ignition_toolbox/lib/irobot_create_ignition_toolbox/interface_buttons_node
[222.639s] -- Symlinking: /home/aisd/RL_lab5/create3_ws/install/irobot_create_ignition_toolbox/include/irobot_create_ignition_toolbox/interface_buttons/interface_buttons_node.hpp
[222.658s] -- Symlinking: /home/aisd/RL_lab5/create3_ws/install/irobot_create_ignition_toolbox/include/irobot_create_ignition_toolbox/pose_republisher/pose_republisher.hpp
[222.679s] -- Symlinking: /home/aisd/RL_lab5/create3_ws/install/irobot_create_ignition_toolbox/include/irobot_create_ignition_toolbox/sensors/bumper.hpp
[222.697s] -- Symlinking: /home/aisd/RL_lab5/create3_ws/install/irobot_create_ignition_toolbox/include/irobot_create_ignition_toolbox/sensors/cliff.hpp
[222.714s] -- Symlinking: /home/aisd/RL_lab5/create3_ws/install/irobot_create_ignition_toolbox/include/irobot_create_ignition_toolbox/sensors/ir_intensity.hpp
[222.731s] -- Symlinking: /home/aisd/RL_lab5/create3_ws/install/irobot_create_ignition_toolbox/include/irobot_create_ignition_toolbox/sensors/ir_opcode.hpp
[222.747s] -- Symlinking: /home/aisd/RL_lab5/create3_ws/install/irobot_create_ignition_toolbox/include/irobot_create_ignition_toolbox/sensors/mouse.hpp
[222.764s] -- Symlinking: /home/aisd/RL_lab5/create3_ws/install/irobot_create_ignition_toolbox/include/irobot_create_ignition_toolbox/sensors/sensors_node.hpp
[222.781s] -- Symlinking: /home/aisd/RL_lab5/create3_ws/install/irobot_create_ignition_toolbox/include/irobot_create_ignition_toolbox/sensors/wheel_drop.hpp
[222.798s] -- Symlinking: /home/aisd/RL_lab5/create3_ws/install/irobot_create_ignition_toolbox/include/irobot_create_ignition_toolbox/utils.hpp
[222.819s] -- Symlinking: /home/aisd/RL_lab5/create3_ws/install/irobot_create_ignition_toolbox/share/irobot_create_ignition_toolbox/environment/library_path.sh
[222.836s] -- Symlinking: /home/aisd/RL_lab5/create3_ws/install/irobot_create_ignition_toolbox/share/irobot_create_ignition_toolbox/environment/library_path.dsv
[222.853s] -- Symlinking: /home/aisd/RL_lab5/create3_ws/install/irobot_create_ignition_toolbox/share/ament_index/resource_index/package_run_dependencies/irobot_create_ignition_toolbox
[222.871s] -- Symlinking: /home/aisd/RL_lab5/create3_ws/install/irobot_create_ignition_toolbox/share/ament_index/resource_index/parent_prefix_path/irobot_create_ignition_toolbox
[222.887s] -- Symlinking: /home/aisd/RL_lab5/create3_ws/install/irobot_create_ignition_toolbox/share/irobot_create_ignition_toolbox/environment/ament_prefix_path.sh
[222.907s] -- Symlinking: /home/aisd/RL_lab5/create3_ws/install/irobot_create_ignition_toolbox/share/irobot_create_ignition_toolbox/environment/ament_prefix_path.dsv
[222.924s] -- Symlinking: /home/aisd/RL_lab5/create3_ws/install/irobot_create_ignition_toolbox/share/irobot_create_ignition_toolbox/environment/path.sh
[222.939s] -- Symlinking: /home/aisd/RL_lab5/create3_ws/install/irobot_create_ignition_toolbox/share/irobot_create_ignition_toolbox/environment/path.dsv
[222.956s] -- Symlinking: /home/aisd/RL_lab5/create3_ws/install/irobot_create_ignition_toolbox/share/irobot_create_ignition_toolbox/local_setup.bash
[222.974s] -- Symlinking: /home/aisd/RL_lab5/create3_ws/install/irobot_create_ignition_toolbox/share/irobot_create_ignition_toolbox/local_setup.sh
[222.988s] -- Symlinking: /home/aisd/RL_lab5/create3_ws/install/irobot_create_ignition_toolbox/share/irobot_create_ignition_toolbox/local_setup.zsh
[223.002s] -- Symlinking: /home/aisd/RL_lab5/create3_ws/install/irobot_create_ignition_toolbox/share/irobot_create_ignition_toolbox/local_setup.dsv
[223.016s] -- Symlinking: /home/aisd/RL_lab5/create3_ws/install/irobot_create_ignition_toolbox/share/irobot_create_ignition_toolbox/package.dsv
[223.028s] -- Symlinking: /home/aisd/RL_lab5/create3_ws/install/irobot_create_ignition_toolbox/share/ament_index/resource_index/packages/irobot_create_ignition_toolbox
[223.041s] -- Symlinking: /home/aisd/RL_lab5/create3_ws/install/irobot_create_ignition_toolbox/share/irobot_create_ignition_toolbox/cmake/ament_cmake_export_include_directories-extras.cmake
[223.056s] -- Symlinking: /home/aisd/RL_lab5/create3_ws/install/irobot_create_ignition_toolbox/share/irobot_create_ignition_toolbox/cmake/ament_cmake_export_libraries-extras.cmake
[223.075s] -- Symlinking: /home/aisd/RL_lab5/create3_ws/install/irobot_create_ignition_toolbox/share/irobot_create_ignition_toolbox/cmake/ament_cmake_export_dependencies-extras.cmake
[223.093s] -- Symlinking: /home/aisd/RL_lab5/create3_ws/install/irobot_create_ignition_toolbox/share/irobot_create_ignition_toolbox/cmake/irobot_create_ignition_toolboxConfig.cmake
[223.109s] -- Symlinking: /home/aisd/RL_lab5/create3_ws/install/irobot_create_ignition_toolbox/share/irobot_create_ignition_toolbox/cmake/irobot_create_ignition_toolboxConfig-version.cmake
[223.125s] -- Symlinking: /home/aisd/RL_lab5/create3_ws/install/irobot_create_ignition_toolbox/share/irobot_create_ignition_toolbox/package.xml
[223.147s] Invoked command in '/home/aisd/RL_lab5/create3_ws/build/irobot_create_ignition_toolbox' returned '0': CMAKE_PREFIX_PATH=/home/aisd/RL_lab5/create3_ws/install/irobot_create_toolbox:/home/aisd/RL_lab5/create3_ws/install/irobot_create_ignition_sim:/home/aisd/RL_lab5/create3_ws/install/irobot_create_ignition_bringup:/home/aisd/RL_lab5/create3_ws/install/irobot_create_gazebo_sim:/home/aisd/RL_lab5/create3_ws/install/irobot_create_gazebo_bringup:/home/aisd/RL_lab5/create3_ws/install/irobot_create_common_bringup:/home/aisd/RL_lab5/create3_ws/install/irobot_create_nodes:/home/aisd/RL_lab5/create3_ws/install/irobot_create_ignition_toolbox:/home/aisd/RL_lab5/create3_ws/install/irobot_create_gazebo_plugins:/home/aisd/RL_lab5/create3_ws/install/irobot_create_ignition_plugins:/home/aisd/RL_lab5/create3_ws/install/irobot_create_description:/home/aisd/RL_lab5/create3_ws/install/irobot_create_control:/opt/ros/humble LD_LIBRARY_PATH=/home/aisd/RL_lab5/create3_ws/install/irobot_create_toolbox/lib:/home/aisd/RL_lab5/create3_ws/install/irobot_create_nodes/lib:/home/aisd/RL_lab5/create3_ws/install/irobot_create_ignition_toolbox/lib:/home/aisd/RL_lab5/create3_ws/install/irobot_create_gazebo_plugins/lib:/usr/lib/x86_64-linux-gnu/gazebo-11/plugins:/opt/ros/humble/opt/rviz_ogre_vendor/lib:/opt/ros/humble/lib/x86_64-linux-gnu:/opt/ros/humble/lib /usr/bin/cmake --install /home/aisd/RL_lab5/create3_ws/build/irobot_create_ignition_toolbox
