[0.048s] Invoking command in '/home/aisd/RL_lab5/create3_ws/build/irobot_create_common_bringup': CMAKE_PREFIX_PATH=/home/aisd/RL_lab5/create3_ws/install/irobot_create_nodes:/home/aisd/RL_lab5/create3_ws/install/irobot_create_toolbox:/home/aisd/RL_lab5/create3_ws/install/irobot_create_description:/home/aisd/RL_lab5/create3_ws/install/irobot_create_control:/home/aisd/RL_lab5/create3_ws/install/irobot_create_ignition_sim:/home/aisd/RL_lab5/create3_ws/install/irobot_create_ignition_bringup:/home/aisd/RL_lab5/create3_ws/install/irobot_create_gazebo_sim:/home/aisd/RL_lab5/create3_ws/install/irobot_create_gazebo_bringup:/home/aisd/RL_lab5/create3_ws/install/irobot_create_common_bringup:/home/aisd/RL_lab5/create3_ws/install/irobot_create_ignition_toolbox:/home/aisd/RL_lab5/create3_ws/install/irobot_create_gazebo_plugins:/home/aisd/RL_lab5/create3_ws/install/irobot_create_ignition_plugins:/opt/ros/humble LD_LIBRARY_PATH=/home/aisd/RL_lab5/create3_ws/install/irobot_create_nodes/lib:/home/aisd/RL_lab5/create3_ws/install/irobot_create_toolbox/lib:/home/aisd/RL_lab5/create3_ws/install/irobot_create_ignition_toolbox/lib:/home/aisd/RL_lab5/create3_ws/install/irobot_create_gazebo_plugins/lib:/usr/lib/x86_64-linux-gnu/gazebo-11/plugins:/opt/ros/humble/opt/rviz_ogre_vendor/lib:/opt/ros/humble/lib/x86_64-linux-gnu:/opt/ros/humble/lib:/usr/lib/x86_64-linux-gnu/gazebo-11/plugins:/usr/lib/x86_64-linux-gnu/gazebo-11/plugins:/usr/lib/x86_64-linux-gnu/gazebo-11/plugins /usr/bin/cmake --build /home/aisd/RL_lab5/create3_ws/build/irobot_create_common_bringup -- -j4 -l4
[0.172s] Built target ament_cmake_python_symlink_irobot_create_common_bringup
[0.655s] running egg_info
[0.656s] writing irobot_create_common_bringup.egg-info/PKG-INFO
[0.656s] writing dependency_links to irobot_create_common_bringup.egg-info/dependency_links.txt
[0.656s] writing top-level names to irobot_create_common_bringup.egg-info/top_level.txt
[0.659s] reading manifest file 'irobot_create_common_bringup.egg-info/SOURCES.txt'
[0.660s] writing manifest file 'irobot_create_common_bringup.egg-info/SOURCES.txt'
[0.704s] Built target ament_cmake_python_build_irobot_create_common_bringup_egg
[0.721s] Invoked command in '/home/aisd/RL_lab5/create3_ws/build/irobot_create_common_bringup' returned '0': CMAKE_PREFIX_PATH=/home/aisd/RL_lab5/create3_ws/install/irobot_create_nodes:/home/aisd/RL_lab5/create3_ws/install/irobot_create_toolbox:/home/aisd/RL_lab5/create3_ws/install/irobot_create_description:/home/aisd/RL_lab5/create3_ws/install/irobot_create_control:/home/aisd/RL_lab5/create3_ws/install/irobot_create_ignition_sim:/home/aisd/RL_lab5/create3_ws/install/irobot_create_ignition_bringup:/home/aisd/RL_lab5/create3_ws/install/irobot_create_gazebo_sim:/home/aisd/RL_lab5/create3_ws/install/irobot_create_gazebo_bringup:/home/aisd/RL_lab5/create3_ws/install/irobot_create_common_bringup:/home/aisd/RL_lab5/create3_ws/install/irobot_create_ignition_toolbox:/home/aisd/RL_lab5/create3_ws/install/irobot_create_gazebo_plugins:/home/aisd/RL_lab5/create3_ws/install/irobot_create_ignition_plugins:/opt/ros/humble LD_LIBRARY_PATH=/home/aisd/RL_lab5/create3_ws/install/irobot_create_nodes/lib:/home/aisd/RL_lab5/create3_ws/install/irobot_create_toolbox/lib:/home/aisd/RL_lab5/create3_ws/install/irobot_create_ignition_toolbox/lib:/home/aisd/RL_lab5/create3_ws/install/irobot_create_gazebo_plugins/lib:/usr/lib/x86_64-linux-gnu/gazebo-11/plugins:/opt/ros/humble/opt/rviz_ogre_vendor/lib:/opt/ros/humble/lib/x86_64-linux-gnu:/opt/ros/humble/lib:/usr/lib/x86_64-linux-gnu/gazebo-11/plugins:/usr/lib/x86_64-linux-gnu/gazebo-11/plugins:/usr/lib/x86_64-linux-gnu/gazebo-11/plugins /usr/bin/cmake --build /home/aisd/RL_lab5/create3_ws/build/irobot_create_common_bringup -- -j4 -l4
[0.722s] Invoking command in '/home/aisd/RL_lab5/create3_ws/build/irobot_create_common_bringup': CMAKE_PREFIX_PATH=/home/aisd/RL_lab5/create3_ws/install/irobot_create_nodes:/home/aisd/RL_lab5/create3_ws/install/irobot_create_toolbox:/home/aisd/RL_lab5/create3_ws/install/irobot_create_description:/home/aisd/RL_lab5/create3_ws/install/irobot_create_control:/home/aisd/RL_lab5/create3_ws/install/irobot_create_ignition_sim:/home/aisd/RL_lab5/create3_ws/install/irobot_create_ignition_bringup:/home/aisd/RL_lab5/create3_ws/install/irobot_create_gazebo_sim:/home/aisd/RL_lab5/create3_ws/install/irobot_create_gazebo_bringup:/home/aisd/RL_lab5/create3_ws/install/irobot_create_common_bringup:/home/aisd/RL_lab5/create3_ws/install/irobot_create_ignition_toolbox:/home/aisd/RL_lab5/create3_ws/install/irobot_create_gazebo_plugins:/home/aisd/RL_lab5/create3_ws/install/irobot_create_ignition_plugins:/opt/ros/humble LD_LIBRARY_PATH=/home/aisd/RL_lab5/create3_ws/install/irobot_create_nodes/lib:/home/aisd/RL_lab5/create3_ws/install/irobot_create_toolbox/lib:/home/aisd/RL_lab5/create3_ws/install/irobot_create_ignition_toolbox/lib:/home/aisd/RL_lab5/create3_ws/install/irobot_create_gazebo_plugins/lib:/usr/lib/x86_64-linux-gnu/gazebo-11/plugins:/opt/ros/humble/opt/rviz_ogre_vendor/lib:/opt/ros/humble/lib/x86_64-linux-gnu:/opt/ros/humble/lib:/usr/lib/x86_64-linux-gnu/gazebo-11/plugins:/usr/lib/x86_64-linux-gnu/gazebo-11/plugins:/usr/lib/x86_64-linux-gnu/gazebo-11/plugins /usr/bin/cmake --install /home/aisd/RL_lab5/create3_ws/build/irobot_create_common_bringup
[0.732s] -- Install configuration: ""
[0.732s] -- Execute custom install script
[0.733s] -- Up-to-date symlink: /home/aisd/RL_lab5/create3_ws/install/irobot_create_common_bringup/share/irobot_create_common_bringup/config/hazard_vector_params.yaml
[0.733s] -- Up-to-date symlink: /home/aisd/RL_lab5/create3_ws/install/irobot_create_common_bringup/share/irobot_create_common_bringup/config/ir_intensity_vector_params.yaml
[0.734s] -- Up-to-date symlink: /home/aisd/RL_lab5/create3_ws/install/irobot_create_common_bringup/share/irobot_create_common_bringup/config/kidnap_estimator_params.yaml
[0.734s] -- Up-to-date symlink: /home/aisd/RL_lab5/create3_ws/install/irobot_create_common_bringup/share/irobot_create_common_bringup/config/mock_params.yaml
[0.734s] -- Up-to-date symlink: /home/aisd/RL_lab5/create3_ws/install/irobot_create_common_bringup/share/irobot_create_common_bringup/config/robot_state_params.yaml
[0.734s] -- Up-to-date symlink: /home/aisd/RL_lab5/create3_ws/install/irobot_create_common_bringup/share/irobot_create_common_bringup/config/ui_mgr_params.yaml
[0.735s] -- Up-to-date symlink: /home/aisd/RL_lab5/create3_ws/install/irobot_create_common_bringup/share/irobot_create_common_bringup/config/wheel_status_params.yaml
[0.735s] -- Up-to-date symlink: /home/aisd/RL_lab5/create3_ws/install/irobot_create_common_bringup/share/irobot_create_common_bringup/launch/create3_nodes.launch.py
[0.735s] -- Up-to-date symlink: /home/aisd/RL_lab5/create3_ws/install/irobot_create_common_bringup/share/irobot_create_common_bringup/launch/dock_description.launch.py
[0.736s] -- Up-to-date symlink: /home/aisd/RL_lab5/create3_ws/install/irobot_create_common_bringup/share/irobot_create_common_bringup/launch/robot_description.launch.py
[0.736s] -- Up-to-date symlink: /home/aisd/RL_lab5/create3_ws/install/irobot_create_common_bringup/share/irobot_create_common_bringup/launch/rviz2.launch.py
[0.736s] -- Up-to-date symlink: /home/aisd/RL_lab5/create3_ws/install/irobot_create_common_bringup/share/irobot_create_common_bringup/rviz/irobot_create_view.rviz
[0.737s] -- Up-to-date symlink: /home/aisd/RL_lab5/create3_ws/install/irobot_create_common_bringup/share/irobot_create_common_bringup/rviz/irobot_logo.jpg
[0.737s] -- Up-to-date symlink: /home/aisd/RL_lab5/create3_ws/install/irobot_create_common_bringup/share/irobot_create_common_bringup/environment/pythonpath.sh
[0.737s] -- Up-to-date symlink: /home/aisd/RL_lab5/create3_ws/install/irobot_create_common_bringup/share/irobot_create_common_bringup/environment/pythonpath.dsv
[0.738s] -- Up-to-date symlink: /home/aisd/RL_lab5/create3_ws/install/irobot_create_common_bringup/local/lib/python3.10/dist-packages/irobot_create_common_bringup-2.1.0-py3.10.egg-info/PKG-INFO
[0.738s] -- Up-to-date symlink: /home/aisd/RL_lab5/create3_ws/install/irobot_create_common_bringup/local/lib/python3.10/dist-packages/irobot_create_common_bringup-2.1.0-py3.10.egg-info/SOURCES.txt
[0.738s] -- Up-to-date symlink: /home/aisd/RL_lab5/create3_ws/install/irobot_create_common_bringup/local/lib/python3.10/dist-packages/irobot_create_common_bringup-2.1.0-py3.10.egg-info/dependency_links.txt
[0.739s] -- Up-to-date symlink: /home/aisd/RL_lab5/create3_ws/install/irobot_create_common_bringup/local/lib/python3.10/dist-packages/irobot_create_common_bringup-2.1.0-py3.10.egg-info/top_level.txt
[0.739s] -- Up-to-date symlink: /home/aisd/RL_lab5/create3_ws/install/irobot_create_common_bringup/local/lib/python3.10/dist-packages/irobot_create_common_bringup/__init__.py
[0.740s] -- Up-to-date symlink: /home/aisd/RL_lab5/create3_ws/install/irobot_create_common_bringup/local/lib/python3.10/dist-packages/irobot_create_common_bringup/namespace.py
[0.740s] -- Up-to-date symlink: /home/aisd/RL_lab5/create3_ws/install/irobot_create_common_bringup/local/lib/python3.10/dist-packages/irobot_create_common_bringup/offset.py
[0.740s] -- Up-to-date symlink: /home/aisd/RL_lab5/create3_ws/install/irobot_create_common_bringup/share/ament_index/resource_index/package_run_dependencies/irobot_create_common_bringup
[0.741s] -- Up-to-date symlink: /home/aisd/RL_lab5/create3_ws/install/irobot_create_common_bringup/share/ament_index/resource_index/parent_prefix_path/irobot_create_common_bringup
[0.741s] -- Up-to-date symlink: /home/aisd/RL_lab5/create3_ws/install/irobot_create_common_bringup/share/irobot_create_common_bringup/environment/ament_prefix_path.sh
[0.741s] -- Up-to-date symlink: /home/aisd/RL_lab5/create3_ws/install/irobot_create_common_bringup/share/irobot_create_common_bringup/environment/ament_prefix_path.dsv
[0.742s] -- Up-to-date symlink: /home/aisd/RL_lab5/create3_ws/install/irobot_create_common_bringup/share/irobot_create_common_bringup/environment/path.sh
[0.742s] -- Up-to-date symlink: /home/aisd/RL_lab5/create3_ws/install/irobot_create_common_bringup/share/irobot_create_common_bringup/environment/path.dsv
[0.743s] -- Up-to-date symlink: /home/aisd/RL_lab5/create3_ws/install/irobot_create_common_bringup/share/irobot_create_common_bringup/local_setup.bash
[0.743s] -- Up-to-date symlink: /home/aisd/RL_lab5/create3_ws/install/irobot_create_common_bringup/share/irobot_create_common_bringup/local_setup.sh
[0.743s] -- Up-to-date symlink: /home/aisd/RL_lab5/create3_ws/install/irobot_create_common_bringup/share/irobot_create_common_bringup/local_setup.zsh
[0.743s] -- Up-to-date symlink: /home/aisd/RL_lab5/create3_ws/install/irobot_create_common_bringup/share/irobot_create_common_bringup/local_setup.dsv
[0.744s] -- Symlinking: /home/aisd/RL_lab5/create3_ws/install/irobot_create_common_bringup/share/irobot_create_common_bringup/package.dsv
[0.755s] -- Up-to-date symlink: /home/aisd/RL_lab5/create3_ws/install/irobot_create_common_bringup/share/ament_index/resource_index/packages/irobot_create_common_bringup
[0.755s] -- Up-to-date symlink: /home/aisd/RL_lab5/create3_ws/install/irobot_create_common_bringup/share/irobot_create_common_bringup/cmake/irobot_create_common_bringupConfig.cmake
[0.755s] -- Up-to-date symlink: /home/aisd/RL_lab5/create3_ws/install/irobot_create_common_bringup/share/irobot_create_common_bringup/cmake/irobot_create_common_bringupConfig-version.cmake
[0.756s] -- Up-to-date symlink: /home/aisd/RL_lab5/create3_ws/install/irobot_create_common_bringup/share/irobot_create_common_bringup/package.xml
[0.803s] Listing '/home/aisd/RL_lab5/create3_ws/install/irobot_create_common_bringup/local/lib/python3.10/dist-packages/irobot_create_common_bringup'...
[0.813s] Invoked command in '/home/aisd/RL_lab5/create3_ws/build/irobot_create_common_bringup' returned '0': CMAKE_PREFIX_PATH=/home/aisd/RL_lab5/create3_ws/install/irobot_create_nodes:/home/aisd/RL_lab5/create3_ws/install/irobot_create_toolbox:/home/aisd/RL_lab5/create3_ws/install/irobot_create_description:/home/aisd/RL_lab5/create3_ws/install/irobot_create_control:/home/aisd/RL_lab5/create3_ws/install/irobot_create_ignition_sim:/home/aisd/RL_lab5/create3_ws/install/irobot_create_ignition_bringup:/home/aisd/RL_lab5/create3_ws/install/irobot_create_gazebo_sim:/home/aisd/RL_lab5/create3_ws/install/irobot_create_gazebo_bringup:/home/aisd/RL_lab5/create3_ws/install/irobot_create_common_bringup:/home/aisd/RL_lab5/create3_ws/install/irobot_create_ignition_toolbox:/home/aisd/RL_lab5/create3_ws/install/irobot_create_gazebo_plugins:/home/aisd/RL_lab5/create3_ws/install/irobot_create_ignition_plugins:/opt/ros/humble LD_LIBRARY_PATH=/home/aisd/RL_lab5/create3_ws/install/irobot_create_nodes/lib:/home/aisd/RL_lab5/create3_ws/install/irobot_create_toolbox/lib:/home/aisd/RL_lab5/create3_ws/install/irobot_create_ignition_toolbox/lib:/home/aisd/RL_lab5/create3_ws/install/irobot_create_gazebo_plugins/lib:/usr/lib/x86_64-linux-gnu/gazebo-11/plugins:/opt/ros/humble/opt/rviz_ogre_vendor/lib:/opt/ros/humble/lib/x86_64-linux-gnu:/opt/ros/humble/lib:/usr/lib/x86_64-linux-gnu/gazebo-11/plugins:/usr/lib/x86_64-linux-gnu/gazebo-11/plugins:/usr/lib/x86_64-linux-gnu/gazebo-11/plugins /usr/bin/cmake --install /home/aisd/RL_lab5/create3_ws/build/irobot_create_common_bringup
