[0.033s] Invoking command in '/home/aisd/RL_lab5/build/irobot_create_toolbox': CMAKE_PREFIX_PATH=/opt/ros/humble /usr/bin/cmake /home/aisd/RL_lab5/create3_ws/src/create3_sim/irobot_create_common/irobot_create_toolbox -DCMAKE_INSTALL_PREFIX=/home/aisd/RL_lab5/install/irobot_create_toolbox
[0.304s] -- The C compiler identification is GNU 11.4.0
[0.506s] -- The CXX compiler identification is GNU 11.4.0
[0.532s] -- Detecting C compiler ABI info
[0.689s] -- Detecting C compiler ABI info - done
[0.718s] -- Check for working C compiler: /usr/bin/cc - skipped
[0.726s] -- Detecting C compile features
[0.734s] -- Detecting C compile features - done
[0.763s] -- Detecting CXX compiler ABI info
[0.967s] -- Detecting CXX compiler ABI info - done
[1.009s] -- Check for working CXX compiler: /usr/bin/c++ - skipped
[1.010s] -- Detecting CXX compile features
[1.015s] -- Detecting CXX compile features - done
[1.025s] -- Found ament_cmake: 1.3.11 (/opt/ros/humble/share/ament_cmake/cmake)
[1.551s] -- Found Python3: /usr/bin/python3 (found version "3.10.12") found components: Interpreter 
[1.806s] -- Looking for ignition-math6 -- found version 6.15.1
[1.825s] -- Searching for dependencies of ignition-math6
[1.831s] -- Found rclcpp: 16.0.12 (/opt/ros/humble/share/rclcpp/cmake)
[1.971s] -- Found rosidl_generator_c: 3.1.6 (/opt/ros/humble/share/rosidl_generator_c/cmake)
[1.986s] -- Found rosidl_adapter: 3.1.6 (/opt/ros/humble/share/rosidl_adapter/cmake)
[2.009s] -- Found rosidl_generator_cpp: 3.1.6 (/opt/ros/humble/share/rosidl_generator_cpp/cmake)
[2.057s] -- Using all available rosidl_typesupport_c: rosidl_typesupport_fastrtps_c;rosidl_typesupport_introspection_c
[2.107s] -- Using all available rosidl_typesupport_cpp: rosidl_typesupport_fastrtps_cpp;rosidl_typesupport_introspection_cpp
[2.239s] -- Found rmw_implementation_cmake: 6.1.2 (/opt/ros/humble/share/rmw_implementation_cmake/cmake)
[2.247s] -- Found rmw_cyclonedds_cpp: 1.3.4 (/opt/ros/humble/share/rmw_cyclonedds_cpp/cmake)
[2.497s] -- Using RMW implementation 'rmw_cyclonedds_cpp' as default
[2.589s] -- Looking for pthread.h
[2.804s] -- Looking for pthread.h - found
[2.805s] -- Performing Test CMAKE_HAVE_LIBC_PTHREAD
[2.988s] -- Performing Test CMAKE_HAVE_LIBC_PTHREAD - Success
[2.991s] -- Found Threads: TRUE  
[3.174s] -- Found ament_lint_auto: 0.12.12 (/opt/ros/humble/share/ament_lint_auto/cmake)
[3.354s] -- Added test 'cppcheck' to perform static code analysis on C / C++ code
[3.354s] -- Configured cppcheck include dirs: /home/aisd/RL_lab5/create3_ws/src/create3_sim/irobot_create_common/irobot_create_toolbox/include
[3.354s] -- Configured cppcheck exclude dirs and/or files: 
[3.357s] -- Added test 'cpplint' to check C / C++ code against the Google style
[3.357s] -- Configured cpplint exclude dirs and/or files: 
[3.359s] -- Added test 'lint_cmake' to check CMake code style
[3.362s] -- Added test 'uncrustify' to check C / C++ code style
[3.363s] -- Configured uncrustify additional arguments: 
[3.365s] -- Added test 'xmllint' to check XML markup files
[3.371s] -- Configuring done
[3.392s] -- Generating done
[3.400s] -- Build files have been written to: /home/aisd/RL_lab5/build/irobot_create_toolbox
[3.423s] Invoked command in '/home/aisd/RL_lab5/build/irobot_create_toolbox' returned '0': CMAKE_PREFIX_PATH=/opt/ros/humble /usr/bin/cmake /home/aisd/RL_lab5/create3_ws/src/create3_sim/irobot_create_common/irobot_create_toolbox -DCMAKE_INSTALL_PREFIX=/home/aisd/RL_lab5/install/irobot_create_toolbox
[3.424s] Invoking command in '/home/aisd/RL_lab5/build/irobot_create_toolbox': CMAKE_PREFIX_PATH=/opt/ros/humble /usr/bin/cmake --build /home/aisd/RL_lab5/build/irobot_create_toolbox -- -j4 -l4
[3.542s] [ 50%] [32mBuilding CXX object CMakeFiles/irobot_create_toolbox.dir/src/polar_coordinates.cpp.o[0m
[9.796s] [100%] [32m[1mLinking CXX shared library libirobot_create_toolbox.so[0m
[10.161s] [100%] Built target irobot_create_toolbox
[10.181s] Invoked command in '/home/aisd/RL_lab5/build/irobot_create_toolbox' returned '0': CMAKE_PREFIX_PATH=/opt/ros/humble /usr/bin/cmake --build /home/aisd/RL_lab5/build/irobot_create_toolbox -- -j4 -l4
[10.184s] Invoking command in '/home/aisd/RL_lab5/build/irobot_create_toolbox': CMAKE_PREFIX_PATH=/opt/ros/humble /usr/bin/cmake --install /home/aisd/RL_lab5/build/irobot_create_toolbox
[10.197s] -- Install configuration: ""
[10.198s] -- Installing: /home/aisd/RL_lab5/install/irobot_create_toolbox/lib/libirobot_create_toolbox.so
[10.200s] -- Set runtime path of "/home/aisd/RL_lab5/install/irobot_create_toolbox/lib/libirobot_create_toolbox.so" to ""
[10.201s] -- Installing: /home/aisd/RL_lab5/install/irobot_create_toolbox/include
[10.201s] -- Installing: /home/aisd/RL_lab5/install/irobot_create_toolbox/include/irobot_create_toolbox
[10.201s] -- Installing: /home/aisd/RL_lab5/install/irobot_create_toolbox/include/irobot_create_toolbox/polar_coordinates.hpp
[10.201s] -- Installing: /home/aisd/RL_lab5/install/irobot_create_toolbox/include/irobot_create_toolbox/math.hpp
[10.201s] -- Installing: /home/aisd/RL_lab5/install/irobot_create_toolbox/include/irobot_create_toolbox/sensors
[10.201s] -- Installing: /home/aisd/RL_lab5/install/irobot_create_toolbox/include/irobot_create_toolbox/sensors/bumpers.hpp
[10.202s] -- Installing: /home/aisd/RL_lab5/install/irobot_create_toolbox/share/irobot_create_toolbox/environment/library_path.sh
[10.203s] -- Installing: /home/aisd/RL_lab5/install/irobot_create_toolbox/share/irobot_create_toolbox/environment/library_path.dsv
[10.203s] -- Installing: /home/aisd/RL_lab5/install/irobot_create_toolbox/share/ament_index/resource_index/package_run_dependencies/irobot_create_toolbox
[10.203s] -- Installing: /home/aisd/RL_lab5/install/irobot_create_toolbox/share/ament_index/resource_index/parent_prefix_path/irobot_create_toolbox
[10.204s] -- Installing: /home/aisd/RL_lab5/install/irobot_create_toolbox/share/irobot_create_toolbox/environment/ament_prefix_path.sh
[10.204s] -- Installing: /home/aisd/RL_lab5/install/irobot_create_toolbox/share/irobot_create_toolbox/environment/ament_prefix_path.dsv
[10.204s] -- Installing: /home/aisd/RL_lab5/install/irobot_create_toolbox/share/irobot_create_toolbox/environment/path.sh
[10.205s] -- Installing: /home/aisd/RL_lab5/install/irobot_create_toolbox/share/irobot_create_toolbox/environment/path.dsv
[10.205s] -- Installing: /home/aisd/RL_lab5/install/irobot_create_toolbox/share/irobot_create_toolbox/local_setup.bash
[10.205s] -- Installing: /home/aisd/RL_lab5/install/irobot_create_toolbox/share/irobot_create_toolbox/local_setup.sh
[10.206s] -- Installing: /home/aisd/RL_lab5/install/irobot_create_toolbox/share/irobot_create_toolbox/local_setup.zsh
[10.206s] -- Installing: /home/aisd/RL_lab5/install/irobot_create_toolbox/share/irobot_create_toolbox/local_setup.dsv
[10.206s] -- Installing: /home/aisd/RL_lab5/install/irobot_create_toolbox/share/irobot_create_toolbox/package.dsv
[10.207s] -- Installing: /home/aisd/RL_lab5/install/irobot_create_toolbox/share/ament_index/resource_index/packages/irobot_create_toolbox
[10.207s] -- Installing: /home/aisd/RL_lab5/install/irobot_create_toolbox/share/irobot_create_toolbox/cmake/ament_cmake_export_include_directories-extras.cmake
[10.208s] -- Installing: /home/aisd/RL_lab5/install/irobot_create_toolbox/share/irobot_create_toolbox/cmake/ament_cmake_export_libraries-extras.cmake
[10.208s] -- Installing: /home/aisd/RL_lab5/install/irobot_create_toolbox/share/irobot_create_toolbox/cmake/ament_cmake_export_dependencies-extras.cmake
[10.208s] -- Installing: /home/aisd/RL_lab5/install/irobot_create_toolbox/share/irobot_create_toolbox/cmake/irobot_create_toolboxConfig.cmake
[10.208s] -- Installing: /home/aisd/RL_lab5/install/irobot_create_toolbox/share/irobot_create_toolbox/cmake/irobot_create_toolboxConfig-version.cmake
[10.209s] -- Installing: /home/aisd/RL_lab5/install/irobot_create_toolbox/share/irobot_create_toolbox/package.xml
[10.214s] Invoked command in '/home/aisd/RL_lab5/build/irobot_create_toolbox' returned '0': CMAKE_PREFIX_PATH=/opt/ros/humble /usr/bin/cmake --install /home/aisd/RL_lab5/build/irobot_create_toolbox
