[0.038s] Invoking command in '/home/aisd/RL_lab5/create3_ws/build/irobot_create_control': CMAKE_PREFIX_PATH=${CMAKE_PREFIX_PATH}:/opt/ros/humble /usr/bin/cmake /home/aisd/RL_lab5/create3_ws/src/create3_sim/irobot_create_common/irobot_create_control -DAMENT_CMAKE_SYMLINK_INSTALL=1 -DCMAKE_INSTALL_PREFIX=/home/aisd/RL_lab5/create3_ws/install/irobot_create_control
[0.184s] -- The C compiler identification is GNU 11.4.0
[0.322s] -- The CXX compiler identification is GNU 11.4.0
[0.364s] -- Detecting C compiler ABI info
[0.524s] -- Detecting C compiler ABI info - done
[0.550s] -- Check for working C compiler: /usr/bin/cc - skipped
[0.551s] -- Detecting C compile features
[0.553s] -- Detecting C compile features - done
[0.570s] -- Detecting CXX compiler ABI info
[0.761s] -- Detecting CXX compiler ABI info - done
[0.779s] -- Check for working CXX compiler: /usr/bin/c++ - skipped
[0.780s] -- Detecting CXX compile features
[0.782s] -- Detecting CXX compile features - done
[0.787s] -- Found ament_cmake: 1.3.11 (/opt/ros/humble/share/ament_cmake/cmake)
[1.138s] -- Found Python3: /usr/bin/python3 (found version "3.10.12") found components: Interpreter 
[1.290s] -- Override CMake install command with custom implementation using symlinks instead of copying resources
[1.355s] -- Found ament_lint_auto: 0.12.12 (/opt/ros/humble/share/ament_lint_auto/cmake)
[1.549s] -- Added test 'flake8' to check Python code syntax and style conventions
[1.551s] -- Added test 'lint_cmake' to check CMake code style
[1.553s] -- Added test 'pep257' to check Python code against some of the docstring style conventions in PEP 257
[1.556s] -- Added test 'xmllint' to check XML markup files
[1.569s] -- Configuring done
[1.575s] -- Generating done
[1.586s] -- Build files have been written to: /home/aisd/RL_lab5/create3_ws/build/irobot_create_control
[1.599s] Invoked command in '/home/aisd/RL_lab5/create3_ws/build/irobot_create_control' returned '0': CMAKE_PREFIX_PATH=${CMAKE_PREFIX_PATH}:/opt/ros/humble /usr/bin/cmake /home/aisd/RL_lab5/create3_ws/src/create3_sim/irobot_create_common/irobot_create_control -DAMENT_CMAKE_SYMLINK_INSTALL=1 -DCMAKE_INSTALL_PREFIX=/home/aisd/RL_lab5/create3_ws/install/irobot_create_control
[1.600s] Invoking command in '/home/aisd/RL_lab5/create3_ws/build/irobot_create_control': CMAKE_PREFIX_PATH=${CMAKE_PREFIX_PATH}:/opt/ros/humble /usr/bin/cmake --build /home/aisd/RL_lab5/create3_ws/build/irobot_create_control -- -j4 -l4
[1.676s] Invoked command in '/home/aisd/RL_lab5/create3_ws/build/irobot_create_control' returned '0': CMAKE_PREFIX_PATH=${CMAKE_PREFIX_PATH}:/opt/ros/humble /usr/bin/cmake --build /home/aisd/RL_lab5/create3_ws/build/irobot_create_control -- -j4 -l4
[1.691s] Invoking command in '/home/aisd/RL_lab5/create3_ws/build/irobot_create_control': CMAKE_PREFIX_PATH=${CMAKE_PREFIX_PATH}:/opt/ros/humble /usr/bin/cmake --install /home/aisd/RL_lab5/create3_ws/build/irobot_create_control
[1.706s] -- Install configuration: ""
[1.707s] -- Execute custom install script
[1.709s] -- Symlinking: /home/aisd/RL_lab5/create3_ws/install/irobot_create_control/share/irobot_create_control//launch/include/control.py
[1.731s] -- Symlinking: /home/aisd/RL_lab5/create3_ws/install/irobot_create_control/share/irobot_create_control//config/control.yaml
[1.749s] -- Symlinking: /home/aisd/RL_lab5/create3_ws/install/irobot_create_control/share/ament_index/resource_index/package_run_dependencies/irobot_create_control
[1.765s] -- Symlinking: /home/aisd/RL_lab5/create3_ws/install/irobot_create_control/share/ament_index/resource_index/parent_prefix_path/irobot_create_control
[1.784s] -- Symlinking: /home/aisd/RL_lab5/create3_ws/install/irobot_create_control/share/irobot_create_control/environment/ament_prefix_path.sh
[1.800s] -- Symlinking: /home/aisd/RL_lab5/create3_ws/install/irobot_create_control/share/irobot_create_control/environment/ament_prefix_path.dsv
[1.820s] -- Symlinking: /home/aisd/RL_lab5/create3_ws/install/irobot_create_control/share/irobot_create_control/environment/path.sh
[1.839s] -- Symlinking: /home/aisd/RL_lab5/create3_ws/install/irobot_create_control/share/irobot_create_control/environment/path.dsv
[1.856s] -- Symlinking: /home/aisd/RL_lab5/create3_ws/install/irobot_create_control/share/irobot_create_control/local_setup.bash
[1.881s] -- Symlinking: /home/aisd/RL_lab5/create3_ws/install/irobot_create_control/share/irobot_create_control/local_setup.sh
[1.903s] -- Symlinking: /home/aisd/RL_lab5/create3_ws/install/irobot_create_control/share/irobot_create_control/local_setup.zsh
[1.932s] -- Symlinking: /home/aisd/RL_lab5/create3_ws/install/irobot_create_control/share/irobot_create_control/local_setup.dsv
[1.951s] -- Symlinking: /home/aisd/RL_lab5/create3_ws/install/irobot_create_control/share/irobot_create_control/package.dsv
[1.966s] -- Symlinking: /home/aisd/RL_lab5/create3_ws/install/irobot_create_control/share/ament_index/resource_index/packages/irobot_create_control
[1.984s] -- Symlinking: /home/aisd/RL_lab5/create3_ws/install/irobot_create_control/share/irobot_create_control/cmake/irobot_create_controlConfig.cmake
[2.001s] -- Symlinking: /home/aisd/RL_lab5/create3_ws/install/irobot_create_control/share/irobot_create_control/cmake/irobot_create_controlConfig-version.cmake
[2.032s] -- Symlinking: /home/aisd/RL_lab5/create3_ws/install/irobot_create_control/share/irobot_create_control/package.xml
[2.057s] Invoked command in '/home/aisd/RL_lab5/create3_ws/build/irobot_create_control' returned '0': CMAKE_PREFIX_PATH=${CMAKE_PREFIX_PATH}:/opt/ros/humble /usr/bin/cmake --install /home/aisd/RL_lab5/create3_ws/build/irobot_create_control
