[0.029s] Invoking command in '/home/aisd/RL_lab5/build/irobot_create_control': CMAKE_PREFIX_PATH=/opt/ros/humble /usr/bin/cmake /home/aisd/RL_lab5/create3_ws/src/create3_sim/irobot_create_common/irobot_create_control -DCMAKE_INSTALL_PREFIX=/home/aisd/RL_lab5/install/irobot_create_control
[0.285s] -- The C compiler identification is GNU 11.4.0
[0.498s] -- The CXX compiler identification is GNU 11.4.0
[0.516s] -- Detecting C compiler ABI info
[0.702s] -- Detecting C compiler ABI info - done
[0.755s] -- Check for working C compiler: /usr/bin/cc - skipped
[0.756s] -- Detecting C compile features
[0.758s] -- Detecting C compile features - done
[0.765s] -- Detecting CXX compiler ABI info
[1.011s] -- Detecting CXX compiler ABI info - done
[1.031s] -- Check for working CXX compiler: /usr/bin/c++ - skipped
[1.032s] -- Detecting CXX compile features
[1.033s] -- Detecting CXX compile features - done
[1.040s] -- Found ament_cmake: 1.3.11 (/opt/ros/humble/share/ament_cmake/cmake)
[1.464s] -- Found Python3: /usr/bin/python3 (found version "3.10.12") found components: Interpreter 
[1.739s] -- Found ament_lint_auto: 0.12.12 (/opt/ros/humble/share/ament_lint_auto/cmake)
[1.914s] -- Added test 'flake8' to check Python code syntax and style conventions
[1.924s] -- Added test 'lint_cmake' to check CMake code style
[1.925s] -- Added test 'pep257' to check Python code against some of the docstring style conventions in PEP 257
[1.926s] -- Added test 'xmllint' to check XML markup files
[1.929s] -- Configuring done
[1.936s] -- Generating done
[1.939s] -- Build files have been written to: /home/aisd/RL_lab5/build/irobot_create_control
[1.955s] Invoked command in '/home/aisd/RL_lab5/build/irobot_create_control' returned '0': CMAKE_PREFIX_PATH=/opt/ros/humble /usr/bin/cmake /home/aisd/RL_lab5/create3_ws/src/create3_sim/irobot_create_common/irobot_create_control -DCMAKE_INSTALL_PREFIX=/home/aisd/RL_lab5/install/irobot_create_control
[1.957s] Invoking command in '/home/aisd/RL_lab5/build/irobot_create_control': CMAKE_PREFIX_PATH=/opt/ros/humble /usr/bin/cmake --build /home/aisd/RL_lab5/build/irobot_create_control -- -j4 -l4
[2.035s] Invoked command in '/home/aisd/RL_lab5/build/irobot_create_control' returned '0': CMAKE_PREFIX_PATH=/opt/ros/humble /usr/bin/cmake --build /home/aisd/RL_lab5/build/irobot_create_control -- -j4 -l4
[2.038s] Invoking command in '/home/aisd/RL_lab5/build/irobot_create_control': CMAKE_PREFIX_PATH=/opt/ros/humble /usr/bin/cmake --install /home/aisd/RL_lab5/build/irobot_create_control
[2.050s] -- Install configuration: ""
[2.051s] -- Installing: /home/aisd/RL_lab5/install/irobot_create_control/share/irobot_create_control//launch
[2.051s] -- Installing: /home/aisd/RL_lab5/install/irobot_create_control/share/irobot_create_control//launch/include
[2.051s] -- Installing: /home/aisd/RL_lab5/install/irobot_create_control/share/irobot_create_control//launch/include/control.py
[2.051s] -- Installing: /home/aisd/RL_lab5/install/irobot_create_control/share/irobot_create_control//config
[2.051s] -- Installing: /home/aisd/RL_lab5/install/irobot_create_control/share/irobot_create_control//config/control.yaml
[2.052s] -- Installing: /home/aisd/RL_lab5/install/irobot_create_control/share/ament_index/resource_index/package_run_dependencies/irobot_create_control
[2.052s] -- Installing: /home/aisd/RL_lab5/install/irobot_create_control/share/ament_index/resource_index/parent_prefix_path/irobot_create_control
[2.053s] -- Installing: /home/aisd/RL_lab5/install/irobot_create_control/share/irobot_create_control/environment/ament_prefix_path.sh
[2.053s] -- Installing: /home/aisd/RL_lab5/install/irobot_create_control/share/irobot_create_control/environment/ament_prefix_path.dsv
[2.053s] -- Installing: /home/aisd/RL_lab5/install/irobot_create_control/share/irobot_create_control/environment/path.sh
[2.054s] -- Installing: /home/aisd/RL_lab5/install/irobot_create_control/share/irobot_create_control/environment/path.dsv
[2.054s] -- Installing: /home/aisd/RL_lab5/install/irobot_create_control/share/irobot_create_control/local_setup.bash
[2.054s] -- Installing: /home/aisd/RL_lab5/install/irobot_create_control/share/irobot_create_control/local_setup.sh
[2.054s] -- Installing: /home/aisd/RL_lab5/install/irobot_create_control/share/irobot_create_control/local_setup.zsh
[2.054s] -- Installing: /home/aisd/RL_lab5/install/irobot_create_control/share/irobot_create_control/local_setup.dsv
[2.055s] -- Installing: /home/aisd/RL_lab5/install/irobot_create_control/share/irobot_create_control/package.dsv
[2.056s] -- Installing: /home/aisd/RL_lab5/install/irobot_create_control/share/ament_index/resource_index/packages/irobot_create_control
[2.056s] -- Installing: /home/aisd/RL_lab5/install/irobot_create_control/share/irobot_create_control/cmake/irobot_create_controlConfig.cmake
[2.056s] -- Installing: /home/aisd/RL_lab5/install/irobot_create_control/share/irobot_create_control/cmake/irobot_create_controlConfig-version.cmake
[2.056s] -- Installing: /home/aisd/RL_lab5/install/irobot_create_control/share/irobot_create_control/package.xml
[2.059s] Invoked command in '/home/aisd/RL_lab5/build/irobot_create_control' returned '0': CMAKE_PREFIX_PATH=/opt/ros/humble /usr/bin/cmake --install /home/aisd/RL_lab5/build/irobot_create_control
