[0.025s] Invoking command in '/home/aisd/RL_lab5/create3_ws/build/irobot_create_gazebo_sim': CMAKE_PREFIX_PATH=/home/aisd/RL_lab5/create3_ws/install/irobot_create_gazebo_bringup:/home/aisd/RL_lab5/create3_ws/install/irobot_create_common_bringup:/home/aisd/RL_lab5/create3_ws/install/irobot_create_nodes:/home/aisd/RL_lab5/create3_ws/install/irobot_create_gazebo_plugins:/home/aisd/RL_lab5/create3_ws/install/irobot_create_toolbox:/home/aisd/RL_lab5/create3_ws/install/irobot_create_description:/home/aisd/RL_lab5/create3_ws/install/irobot_create_control:/home/aisd/RL_lab5/create3_ws/install/irobot_create_ignition_sim:/home/aisd/RL_lab5/create3_ws/install/irobot_create_ignition_bringup:/home/aisd/RL_lab5/create3_ws/install/irobot_create_gazebo_sim:/home/aisd/RL_lab5/create3_ws/install/irobot_create_ignition_toolbox:/home/aisd/RL_lab5/create3_ws/install/irobot_create_ignition_plugins:/opt/ros/humble LD_LIBRARY_PATH=/home/aisd/RL_lab5/create3_ws/install/irobot_create_nodes/lib:/home/aisd/RL_lab5/create3_ws/install/irobot_create_gazebo_plugins/lib:/home/aisd/RL_lab5/create3_ws/install/irobot_create_toolbox/lib:/home/aisd/RL_lab5/create3_ws/install/irobot_create_ignition_toolbox/lib:/usr/lib/x86_64-linux-gnu/gazebo-11/plugins:/opt/ros/humble/opt/rviz_ogre_vendor/lib:/opt/ros/humble/lib/x86_64-linux-gnu:/opt/ros/humble/lib /usr/bin/cmake /home/aisd/RL_lab5/create3_ws/src/create3_sim/irobot_create_gazebo/irobot_create_gazebo_sim -DAMENT_CMAKE_SYMLINK_INSTALL=1 -DCMAKE_INSTALL_PREFIX=/home/aisd/RL_lab5/create3_ws/install/irobot_create_gazebo_sim
[0.098s] -- The C compiler identification is GNU 11.4.0
[0.178s] -- The CXX compiler identification is GNU 11.4.0
[0.187s] -- Detecting C compiler ABI info
[0.279s] -- Detecting C compiler ABI info - done
[0.289s] -- Check for working C compiler: /usr/bin/cc - skipped
[0.290s] -- Detecting C compile features
[0.290s] -- Detecting C compile features - done
[0.294s] -- Detecting CXX compiler ABI info
[0.400s] -- Detecting CXX compiler ABI info - done
[0.410s] -- Check for working CXX compiler: /usr/bin/c++ - skipped
[0.410s] -- Detecting CXX compile features
[0.411s] -- Detecting CXX compile features - done
[0.416s] -- Found ament_cmake: 1.3.11 (/opt/ros/humble/share/ament_cmake/cmake)
[0.616s] -- Found Python3: /usr/bin/python3 (found version "3.10.12") found components: Interpreter 
[0.700s] -- Override CMake install command with custom implementation using symlinks instead of copying resources
[0.852s] -- Configuring done
[0.857s] -- Generating done
[0.859s] -- Build files have been written to: /home/aisd/RL_lab5/create3_ws/build/irobot_create_gazebo_sim
[0.866s] Invoked command in '/home/aisd/RL_lab5/create3_ws/build/irobot_create_gazebo_sim' returned '0': CMAKE_PREFIX_PATH=/home/aisd/RL_lab5/create3_ws/install/irobot_create_gazebo_bringup:/home/aisd/RL_lab5/create3_ws/install/irobot_create_common_bringup:/home/aisd/RL_lab5/create3_ws/install/irobot_create_nodes:/home/aisd/RL_lab5/create3_ws/install/irobot_create_gazebo_plugins:/home/aisd/RL_lab5/create3_ws/install/irobot_create_toolbox:/home/aisd/RL_lab5/create3_ws/install/irobot_create_description:/home/aisd/RL_lab5/create3_ws/install/irobot_create_control:/home/aisd/RL_lab5/create3_ws/install/irobot_create_ignition_sim:/home/aisd/RL_lab5/create3_ws/install/irobot_create_ignition_bringup:/home/aisd/RL_lab5/create3_ws/install/irobot_create_gazebo_sim:/home/aisd/RL_lab5/create3_ws/install/irobot_create_ignition_toolbox:/home/aisd/RL_lab5/create3_ws/install/irobot_create_ignition_plugins:/opt/ros/humble LD_LIBRARY_PATH=/home/aisd/RL_lab5/create3_ws/install/irobot_create_nodes/lib:/home/aisd/RL_lab5/create3_ws/install/irobot_create_gazebo_plugins/lib:/home/aisd/RL_lab5/create3_ws/install/irobot_create_toolbox/lib:/home/aisd/RL_lab5/create3_ws/install/irobot_create_ignition_toolbox/lib:/usr/lib/x86_64-linux-gnu/gazebo-11/plugins:/opt/ros/humble/opt/rviz_ogre_vendor/lib:/opt/ros/humble/lib/x86_64-linux-gnu:/opt/ros/humble/lib /usr/bin/cmake /home/aisd/RL_lab5/create3_ws/src/create3_sim/irobot_create_gazebo/irobot_create_gazebo_sim -DAMENT_CMAKE_SYMLINK_INSTALL=1 -DCMAKE_INSTALL_PREFIX=/home/aisd/RL_lab5/create3_ws/install/irobot_create_gazebo_sim
[0.868s] Invoking command in '/home/aisd/RL_lab5/create3_ws/build/irobot_create_gazebo_sim': CMAKE_PREFIX_PATH=/home/aisd/RL_lab5/create3_ws/install/irobot_create_gazebo_bringup:/home/aisd/RL_lab5/create3_ws/install/irobot_create_common_bringup:/home/aisd/RL_lab5/create3_ws/install/irobot_create_nodes:/home/aisd/RL_lab5/create3_ws/install/irobot_create_gazebo_plugins:/home/aisd/RL_lab5/create3_ws/install/irobot_create_toolbox:/home/aisd/RL_lab5/create3_ws/install/irobot_create_description:/home/aisd/RL_lab5/create3_ws/install/irobot_create_control:/home/aisd/RL_lab5/create3_ws/install/irobot_create_ignition_sim:/home/aisd/RL_lab5/create3_ws/install/irobot_create_ignition_bringup:/home/aisd/RL_lab5/create3_ws/install/irobot_create_gazebo_sim:/home/aisd/RL_lab5/create3_ws/install/irobot_create_ignition_toolbox:/home/aisd/RL_lab5/create3_ws/install/irobot_create_ignition_plugins:/opt/ros/humble LD_LIBRARY_PATH=/home/aisd/RL_lab5/create3_ws/install/irobot_create_nodes/lib:/home/aisd/RL_lab5/create3_ws/install/irobot_create_gazebo_plugins/lib:/home/aisd/RL_lab5/create3_ws/install/irobot_create_toolbox/lib:/home/aisd/RL_lab5/create3_ws/install/irobot_create_ignition_toolbox/lib:/usr/lib/x86_64-linux-gnu/gazebo-11/plugins:/opt/ros/humble/opt/rviz_ogre_vendor/lib:/opt/ros/humble/lib/x86_64-linux-gnu:/opt/ros/humble/lib /usr/bin/cmake --build /home/aisd/RL_lab5/create3_ws/build/irobot_create_gazebo_sim -- -j4 -l4
[0.916s] Invoked command in '/home/aisd/RL_lab5/create3_ws/build/irobot_create_gazebo_sim' returned '0': CMAKE_PREFIX_PATH=/home/aisd/RL_lab5/create3_ws/install/irobot_create_gazebo_bringup:/home/aisd/RL_lab5/create3_ws/install/irobot_create_common_bringup:/home/aisd/RL_lab5/create3_ws/install/irobot_create_nodes:/home/aisd/RL_lab5/create3_ws/install/irobot_create_gazebo_plugins:/home/aisd/RL_lab5/create3_ws/install/irobot_create_toolbox:/home/aisd/RL_lab5/create3_ws/install/irobot_create_description:/home/aisd/RL_lab5/create3_ws/install/irobot_create_control:/home/aisd/RL_lab5/create3_ws/install/irobot_create_ignition_sim:/home/aisd/RL_lab5/create3_ws/install/irobot_create_ignition_bringup:/home/aisd/RL_lab5/create3_ws/install/irobot_create_gazebo_sim:/home/aisd/RL_lab5/create3_ws/install/irobot_create_ignition_toolbox:/home/aisd/RL_lab5/create3_ws/install/irobot_create_ignition_plugins:/opt/ros/humble LD_LIBRARY_PATH=/home/aisd/RL_lab5/create3_ws/install/irobot_create_nodes/lib:/home/aisd/RL_lab5/create3_ws/install/irobot_create_gazebo_plugins/lib:/home/aisd/RL_lab5/create3_ws/install/irobot_create_toolbox/lib:/home/aisd/RL_lab5/create3_ws/install/irobot_create_ignition_toolbox/lib:/usr/lib/x86_64-linux-gnu/gazebo-11/plugins:/opt/ros/humble/opt/rviz_ogre_vendor/lib:/opt/ros/humble/lib/x86_64-linux-gnu:/opt/ros/humble/lib /usr/bin/cmake --build /home/aisd/RL_lab5/create3_ws/build/irobot_create_gazebo_sim -- -j4 -l4
[0.917s] Invoking command in '/home/aisd/RL_lab5/create3_ws/build/irobot_create_gazebo_sim': CMAKE_PREFIX_PATH=/home/aisd/RL_lab5/create3_ws/install/irobot_create_gazebo_bringup:/home/aisd/RL_lab5/create3_ws/install/irobot_create_common_bringup:/home/aisd/RL_lab5/create3_ws/install/irobot_create_nodes:/home/aisd/RL_lab5/create3_ws/install/irobot_create_gazebo_plugins:/home/aisd/RL_lab5/create3_ws/install/irobot_create_toolbox:/home/aisd/RL_lab5/create3_ws/install/irobot_create_description:/home/aisd/RL_lab5/create3_ws/install/irobot_create_control:/home/aisd/RL_lab5/create3_ws/install/irobot_create_ignition_sim:/home/aisd/RL_lab5/create3_ws/install/irobot_create_ignition_bringup:/home/aisd/RL_lab5/create3_ws/install/irobot_create_gazebo_sim:/home/aisd/RL_lab5/create3_ws/install/irobot_create_ignition_toolbox:/home/aisd/RL_lab5/create3_ws/install/irobot_create_ignition_plugins:/opt/ros/humble LD_LIBRARY_PATH=/home/aisd/RL_lab5/create3_ws/install/irobot_create_nodes/lib:/home/aisd/RL_lab5/create3_ws/install/irobot_create_gazebo_plugins/lib:/home/aisd/RL_lab5/create3_ws/install/irobot_create_toolbox/lib:/home/aisd/RL_lab5/create3_ws/install/irobot_create_ignition_toolbox/lib:/usr/lib/x86_64-linux-gnu/gazebo-11/plugins:/opt/ros/humble/opt/rviz_ogre_vendor/lib:/opt/ros/humble/lib/x86_64-linux-gnu:/opt/ros/humble/lib /usr/bin/cmake --install /home/aisd/RL_lab5/create3_ws/build/irobot_create_gazebo_sim
[0.927s] -- Install configuration: ""
[0.927s] -- Execute custom install script
[0.928s] -- Symlinking: /home/aisd/RL_lab5/create3_ws/install/irobot_create_gazebo_sim/share/ament_index/resource_index/package_run_dependencies/irobot_create_gazebo_sim
[0.939s] -- Symlinking: /home/aisd/RL_lab5/create3_ws/install/irobot_create_gazebo_sim/share/ament_index/resource_index/parent_prefix_path/irobot_create_gazebo_sim
[0.950s] -- Symlinking: /home/aisd/RL_lab5/create3_ws/install/irobot_create_gazebo_sim/share/irobot_create_gazebo_sim/environment/ament_prefix_path.sh
[0.961s] -- Symlinking: /home/aisd/RL_lab5/create3_ws/install/irobot_create_gazebo_sim/share/irobot_create_gazebo_sim/environment/ament_prefix_path.dsv
[0.972s] -- Symlinking: /home/aisd/RL_lab5/create3_ws/install/irobot_create_gazebo_sim/share/irobot_create_gazebo_sim/environment/path.sh
[0.983s] -- Symlinking: /home/aisd/RL_lab5/create3_ws/install/irobot_create_gazebo_sim/share/irobot_create_gazebo_sim/environment/path.dsv
[0.999s] -- Symlinking: /home/aisd/RL_lab5/create3_ws/install/irobot_create_gazebo_sim/share/irobot_create_gazebo_sim/local_setup.bash
[1.010s] -- Symlinking: /home/aisd/RL_lab5/create3_ws/install/irobot_create_gazebo_sim/share/irobot_create_gazebo_sim/local_setup.sh
[1.022s] -- Symlinking: /home/aisd/RL_lab5/create3_ws/install/irobot_create_gazebo_sim/share/irobot_create_gazebo_sim/local_setup.zsh
[1.034s] -- Symlinking: /home/aisd/RL_lab5/create3_ws/install/irobot_create_gazebo_sim/share/irobot_create_gazebo_sim/local_setup.dsv
[1.046s] -- Symlinking: /home/aisd/RL_lab5/create3_ws/install/irobot_create_gazebo_sim/share/irobot_create_gazebo_sim/package.dsv
[1.058s] -- Symlinking: /home/aisd/RL_lab5/create3_ws/install/irobot_create_gazebo_sim/share/ament_index/resource_index/packages/irobot_create_gazebo_sim
[1.069s] -- Symlinking: /home/aisd/RL_lab5/create3_ws/install/irobot_create_gazebo_sim/share/irobot_create_gazebo_sim/cmake/irobot_create_gazebo_simConfig.cmake
[1.080s] -- Symlinking: /home/aisd/RL_lab5/create3_ws/install/irobot_create_gazebo_sim/share/irobot_create_gazebo_sim/cmake/irobot_create_gazebo_simConfig-version.cmake
[1.092s] -- Symlinking: /home/aisd/RL_lab5/create3_ws/install/irobot_create_gazebo_sim/share/irobot_create_gazebo_sim/package.xml
[1.106s] Invoked command in '/home/aisd/RL_lab5/create3_ws/build/irobot_create_gazebo_sim' returned '0': CMAKE_PREFIX_PATH=/home/aisd/RL_lab5/create3_ws/install/irobot_create_gazebo_bringup:/home/aisd/RL_lab5/create3_ws/install/irobot_create_common_bringup:/home/aisd/RL_lab5/create3_ws/install/irobot_create_nodes:/home/aisd/RL_lab5/create3_ws/install/irobot_create_gazebo_plugins:/home/aisd/RL_lab5/create3_ws/install/irobot_create_toolbox:/home/aisd/RL_lab5/create3_ws/install/irobot_create_description:/home/aisd/RL_lab5/create3_ws/install/irobot_create_control:/home/aisd/RL_lab5/create3_ws/install/irobot_create_ignition_sim:/home/aisd/RL_lab5/create3_ws/install/irobot_create_ignition_bringup:/home/aisd/RL_lab5/create3_ws/install/irobot_create_gazebo_sim:/home/aisd/RL_lab5/create3_ws/install/irobot_create_ignition_toolbox:/home/aisd/RL_lab5/create3_ws/install/irobot_create_ignition_plugins:/opt/ros/humble LD_LIBRARY_PATH=/home/aisd/RL_lab5/create3_ws/install/irobot_create_nodes/lib:/home/aisd/RL_lab5/create3_ws/install/irobot_create_gazebo_plugins/lib:/home/aisd/RL_lab5/create3_ws/install/irobot_create_toolbox/lib:/home/aisd/RL_lab5/create3_ws/install/irobot_create_ignition_toolbox/lib:/usr/lib/x86_64-linux-gnu/gazebo-11/plugins:/opt/ros/humble/opt/rviz_ogre_vendor/lib:/opt/ros/humble/lib/x86_64-linux-gnu:/opt/ros/humble/lib /usr/bin/cmake --install /home/aisd/RL_lab5/create3_ws/build/irobot_create_gazebo_sim
