[0.026s] Invoking command in '/home/aisd/RL_lab5/create3_ws/build/irobot_create_gazebo_bringup': CMAKE_PREFIX_PATH=/home/aisd/RL_lab5/create3_ws/install/irobot_create_common_bringup:/home/aisd/RL_lab5/create3_ws/install/irobot_create_nodes:/home/aisd/RL_lab5/create3_ws/install/irobot_create_gazebo_plugins:/home/aisd/RL_lab5/create3_ws/install/irobot_create_toolbox:/home/aisd/RL_lab5/create3_ws/install/irobot_create_description:/home/aisd/RL_lab5/create3_ws/install/irobot_create_control:/home/aisd/RL_lab5/create3_ws/install/irobot_create_ignition_sim:/home/aisd/RL_lab5/create3_ws/install/irobot_create_ignition_bringup:/home/aisd/RL_lab5/create3_ws/install/irobot_create_gazebo_sim:/home/aisd/RL_lab5/create3_ws/install/irobot_create_gazebo_bringup:/home/aisd/RL_lab5/create3_ws/install/irobot_create_ignition_toolbox:/home/aisd/RL_lab5/create3_ws/install/irobot_create_ignition_plugins:/opt/ros/humble LD_LIBRARY_PATH=/home/aisd/RL_lab5/create3_ws/install/irobot_create_nodes/lib:/home/aisd/RL_lab5/create3_ws/install/irobot_create_gazebo_plugins/lib:/home/aisd/RL_lab5/create3_ws/install/irobot_create_toolbox/lib:/home/aisd/RL_lab5/create3_ws/install/irobot_create_ignition_toolbox/lib:/usr/lib/x86_64-linux-gnu/gazebo-11/plugins:/opt/ros/humble/opt/rviz_ogre_vendor/lib:/opt/ros/humble/lib/x86_64-linux-gnu:/opt/ros/humble/lib /usr/bin/cmake /home/aisd/RL_lab5/create3_ws/src/create3_sim/irobot_create_gazebo/irobot_create_gazebo_bringup -DAMENT_CMAKE_SYMLINK_INSTALL=1 -DCMAKE_INSTALL_PREFIX=/home/aisd/RL_lab5/create3_ws/install/irobot_create_gazebo_bringup
[0.114s] -- The C compiler identification is GNU 11.4.0
[0.193s] -- The CXX compiler identification is GNU 11.4.0
[0.204s] -- Detecting C compiler ABI info
[0.306s] -- Detecting C compiler ABI info - done
[0.316s] -- Check for working C compiler: /usr/bin/cc - skipped
[0.316s] -- Detecting C compile features
[0.317s] -- Detecting C compile features - done
[0.321s] -- Detecting CXX compiler ABI info
[0.434s] -- Detecting CXX compiler ABI info - done
[0.444s] -- Check for working CXX compiler: /usr/bin/c++ - skipped
[0.445s] -- Detecting CXX compile features
[0.445s] -- Detecting CXX compile features - done
[0.450s] -- Found ament_cmake: 1.3.11 (/opt/ros/humble/share/ament_cmake/cmake)
[0.666s] -- Found Python3: /usr/bin/python3 (found version "3.10.12") found components: Interpreter 
[0.761s] -- Override CMake install command with custom implementation using symlinks instead of copying resources
[0.903s] -- Found rosidl_generator_c: 3.1.6 (/opt/ros/humble/share/rosidl_generator_c/cmake)
[0.913s] -- Found rosidl_adapter: 3.1.6 (/opt/ros/humble/share/rosidl_adapter/cmake)
[0.928s] -- Found rosidl_generator_cpp: 3.1.6 (/opt/ros/humble/share/rosidl_generator_cpp/cmake)
[0.949s] -- Using all available rosidl_typesupport_c: rosidl_typesupport_fastrtps_c;rosidl_typesupport_introspection_c
[0.979s] -- Using all available rosidl_typesupport_cpp: rosidl_typesupport_fastrtps_cpp;rosidl_typesupport_introspection_cpp
[1.069s] -- Found rmw_implementation_cmake: 6.1.2 (/opt/ros/humble/share/rmw_implementation_cmake/cmake)
[1.076s] -- Found rmw_cyclonedds_cpp: 1.3.4 (/opt/ros/humble/share/rmw_cyclonedds_cpp/cmake)
[1.121s] -- Using RMW implementation 'rmw_cyclonedds_cpp' as default
[1.142s] -- Looking for pthread.h
[1.241s] -- Looking for pthread.h - found
[1.241s] -- Performing Test CMAKE_HAVE_LIBC_PTHREAD
[1.349s] -- Performing Test CMAKE_HAVE_LIBC_PTHREAD - Success
[1.350s] -- Found Threads: TRUE  
[1.463s] -- Found PkgConfig: /usr/bin/pkg-config (found version "0.29.2") 
[1.465s] -- Checking for module 'bullet>=2.82'
[1.484s] --   Found bullet, version 3.05
[1.640s] -- Found fcl: /usr/include (found suitable version "0.7.0", minimum required is "0.5.0") 
[1.716s] -- Found assimp: /usr/include (found version "5.2.0") 
[1.757s] -- Found DART: /usr/include (Required is at least version "6.6") found components: dart 
[1.810s] -- Found Boost: /usr/lib/x86_64-linux-gnu/cmake/Boost-1.74.0/BoostConfig.cmake (found suitable version "1.74.0", minimum required is "1.40.0") found components: thread system filesystem program_options regex iostreams date_time 
[1.843s] -- Found Protobuf: /usr/lib/x86_64-linux-gnu/libprotobuf.so (found version "3.12.4") 
[1.853s] -- Looking for ignition-math6 -- found version 6.15.1
[1.865s] -- Searching for dependencies of ignition-math6
[1.867s] -- Looking for OGRE...
[1.868s] -- OGRE_PREFIX_WATCH changed.
[1.876s] -- Checking for module 'OGRE'
[1.894s] --   Found OGRE, version 1.9.0
[1.942s] -- Found Ogre Ghadamon (1.9.0)
[1.964s] -- Found OGRE: optimized;/usr/lib/x86_64-linux-gnu/libOgreMain.so;debug;/usr/lib/x86_64-linux-gnu/libOgreMain.so
[1.978s] -- Looking for OGRE_Paging...
[1.987s] -- Found OGRE_Paging: optimized;/usr/lib/x86_64-linux-gnu/libOgrePaging.so;debug;/usr/lib/x86_64-linux-gnu/libOgrePaging.so
[1.987s] -- Looking for OGRE_Terrain...
[1.998s] -- Found OGRE_Terrain: optimized;/usr/lib/x86_64-linux-gnu/libOgreTerrain.so;debug;/usr/lib/x86_64-linux-gnu/libOgreTerrain.so
[1.998s] -- Looking for OGRE_Property...
[2.007s] -- Found OGRE_Property: optimized;/usr/lib/x86_64-linux-gnu/libOgreProperty.so;debug;/usr/lib/x86_64-linux-gnu/libOgreProperty.so
[2.007s] -- Looking for OGRE_RTShaderSystem...
[2.016s] -- Found OGRE_RTShaderSystem: optimized;/usr/lib/x86_64-linux-gnu/libOgreRTShaderSystem.so;debug;/usr/lib/x86_64-linux-gnu/libOgreRTShaderSystem.so
[2.016s] -- Looking for OGRE_Volume...
[2.033s] -- Found OGRE_Volume: optimized;/usr/lib/x86_64-linux-gnu/libOgreVolume.so;debug;/usr/lib/x86_64-linux-gnu/libOgreVolume.so
[2.033s] -- Looking for OGRE_Overlay...
[2.051s] -- Found OGRE_Overlay: optimized;/usr/lib/x86_64-linux-gnu/libOgreOverlay.so;debug;/usr/lib/x86_64-linux-gnu/libOgreOverlay.so
[2.333s] -- Looking for ignition-math6 -- found version 6.15.1
[2.342s] -- Looking for ignition-transport8 -- found version 8.2.1
[2.343s] -- Searching for dependencies of ignition-transport8
[2.373s] -- Found Protobuf: /usr/lib/x86_64-linux-gnu/libprotobuf.so (found suitable version "3.12.4", minimum required is "3") 
[2.391s] -- Config-file not installed for ZeroMQ -- checking for pkg-config
[2.398s] -- Checking for module 'libzmq >= 4'
[2.419s] --   Found libzmq , version 4.3.4
[2.473s] -- Found ZeroMQ: TRUE (Required is at least version "4") 
[2.483s] -- Checking for module 'uuid'
[2.503s] --   Found uuid, version 2.37.2
[2.550s] -- Found UUID: TRUE  
[2.559s] -- Looking for ignition-msgs5 -- found version 5.8.1
[2.560s] -- Searching for dependencies of ignition-msgs5
[2.589s] -- Looking for ignition-math6 -- found version 6.15.1
[2.596s] -- Checking for module 'tinyxml2'
[2.616s] --   Found tinyxml2, version 9.0.0
[2.666s] -- Looking for ignition-msgs5 -- found version 5.8.1
[2.675s] -- Looking for ignition-common3 -- found version 3.14.0
[2.676s] -- Searching for dependencies of ignition-common3
[2.677s] -- Looking for dlfcn.h - found
[2.678s] -- Looking for libdl - found
[2.680s] -- Found DL: TRUE  
[2.698s] -- Found tinyobjloader: /usr/lib/x86_64-linux-gnu/cmake/tinyobjloader/tinyobjloader-config.cmake (found version "2.0.0") 
[2.699s] -- Searching for <ignition-common3> component [graphics]
[2.704s] -- Looking for ignition-common3-graphics -- found version 3.14.0
[2.704s] -- Searching for dependencies of ignition-common3-graphics
[2.705s] -- Looking for ignition-math6 -- found version 6.15.1
[2.711s] -- Looking for ignition-fuel_tools4 -- found version 4.4.0
[2.711s] -- Searching for dependencies of ignition-fuel_tools4
[2.841s] -- Found CURL: /usr/lib/x86_64-linux-gnu/libcurl.so (found version "7.81.0")  
[2.855s] -- Checking for module 'jsoncpp'
[2.875s] --   Found jsoncpp, version 1.9.5
[2.924s] -- Found JSONCPP: TRUE  
[2.932s] -- Checking for module 'libzip'
[2.951s] --   Found libzip, version 1.7.3
[3.000s] -- Found ZIP: TRUE  
[3.001s] -- Looking for ignition-common3 -- found version 3.14.0
[3.001s] -- Looking for ignition-math6 -- found version 6.15.1
[3.002s] -- Looking for ignition-msgs5 -- found version 5.8.1
[3.008s] -- Gazebo version: 11.10
[3.009s] -- Checking for module 'tbb'
[3.030s] --   Found tbb, version 2021.5.0
[3.090s] -- Found ament_lint_auto: 0.12.12 (/opt/ros/humble/share/ament_lint_auto/cmake)
[3.216s] -- Added test 'flake8' to check Python code syntax and style conventions
[3.217s] -- Added test 'lint_cmake' to check CMake code style
[3.218s] -- Added test 'pep257' to check Python code against some of the docstring style conventions in PEP 257
[3.220s] -- Added test 'xmllint' to check XML markup files
[3.223s] -- Configuring done
[3.231s] -- Generating done
[3.235s] -- Build files have been written to: /home/aisd/RL_lab5/create3_ws/build/irobot_create_gazebo_bringup
[3.250s] Invoked command in '/home/aisd/RL_lab5/create3_ws/build/irobot_create_gazebo_bringup' returned '0': CMAKE_PREFIX_PATH=/home/aisd/RL_lab5/create3_ws/install/irobot_create_common_bringup:/home/aisd/RL_lab5/create3_ws/install/irobot_create_nodes:/home/aisd/RL_lab5/create3_ws/install/irobot_create_gazebo_plugins:/home/aisd/RL_lab5/create3_ws/install/irobot_create_toolbox:/home/aisd/RL_lab5/create3_ws/install/irobot_create_description:/home/aisd/RL_lab5/create3_ws/install/irobot_create_control:/home/aisd/RL_lab5/create3_ws/install/irobot_create_ignition_sim:/home/aisd/RL_lab5/create3_ws/install/irobot_create_ignition_bringup:/home/aisd/RL_lab5/create3_ws/install/irobot_create_gazebo_sim:/home/aisd/RL_lab5/create3_ws/install/irobot_create_gazebo_bringup:/home/aisd/RL_lab5/create3_ws/install/irobot_create_ignition_toolbox:/home/aisd/RL_lab5/create3_ws/install/irobot_create_ignition_plugins:/opt/ros/humble LD_LIBRARY_PATH=/home/aisd/RL_lab5/create3_ws/install/irobot_create_nodes/lib:/home/aisd/RL_lab5/create3_ws/install/irobot_create_gazebo_plugins/lib:/home/aisd/RL_lab5/create3_ws/install/irobot_create_toolbox/lib:/home/aisd/RL_lab5/create3_ws/install/irobot_create_ignition_toolbox/lib:/usr/lib/x86_64-linux-gnu/gazebo-11/plugins:/opt/ros/humble/opt/rviz_ogre_vendor/lib:/opt/ros/humble/lib/x86_64-linux-gnu:/opt/ros/humble/lib /usr/bin/cmake /home/aisd/RL_lab5/create3_ws/src/create3_sim/irobot_create_gazebo/irobot_create_gazebo_bringup -DAMENT_CMAKE_SYMLINK_INSTALL=1 -DCMAKE_INSTALL_PREFIX=/home/aisd/RL_lab5/create3_ws/install/irobot_create_gazebo_bringup
[3.253s] Invoking command in '/home/aisd/RL_lab5/create3_ws/build/irobot_create_gazebo_bringup': CMAKE_PREFIX_PATH=/home/aisd/RL_lab5/create3_ws/install/irobot_create_common_bringup:/home/aisd/RL_lab5/create3_ws/install/irobot_create_nodes:/home/aisd/RL_lab5/create3_ws/install/irobot_create_gazebo_plugins:/home/aisd/RL_lab5/create3_ws/install/irobot_create_toolbox:/home/aisd/RL_lab5/create3_ws/install/irobot_create_description:/home/aisd/RL_lab5/create3_ws/install/irobot_create_control:/home/aisd/RL_lab5/create3_ws/install/irobot_create_ignition_sim:/home/aisd/RL_lab5/create3_ws/install/irobot_create_ignition_bringup:/home/aisd/RL_lab5/create3_ws/install/irobot_create_gazebo_sim:/home/aisd/RL_lab5/create3_ws/install/irobot_create_gazebo_bringup:/home/aisd/RL_lab5/create3_ws/install/irobot_create_ignition_toolbox:/home/aisd/RL_lab5/create3_ws/install/irobot_create_ignition_plugins:/opt/ros/humble LD_LIBRARY_PATH=/home/aisd/RL_lab5/create3_ws/install/irobot_create_nodes/lib:/home/aisd/RL_lab5/create3_ws/install/irobot_create_gazebo_plugins/lib:/home/aisd/RL_lab5/create3_ws/install/irobot_create_toolbox/lib:/home/aisd/RL_lab5/create3_ws/install/irobot_create_ignition_toolbox/lib:/usr/lib/x86_64-linux-gnu/gazebo-11/plugins:/opt/ros/humble/opt/rviz_ogre_vendor/lib:/opt/ros/humble/lib/x86_64-linux-gnu:/opt/ros/humble/lib /usr/bin/cmake --build /home/aisd/RL_lab5/create3_ws/build/irobot_create_gazebo_bringup -- -j4 -l4
[3.308s] Invoked command in '/home/aisd/RL_lab5/create3_ws/build/irobot_create_gazebo_bringup' returned '0': CMAKE_PREFIX_PATH=/home/aisd/RL_lab5/create3_ws/install/irobot_create_common_bringup:/home/aisd/RL_lab5/create3_ws/install/irobot_create_nodes:/home/aisd/RL_lab5/create3_ws/install/irobot_create_gazebo_plugins:/home/aisd/RL_lab5/create3_ws/install/irobot_create_toolbox:/home/aisd/RL_lab5/create3_ws/install/irobot_create_description:/home/aisd/RL_lab5/create3_ws/install/irobot_create_control:/home/aisd/RL_lab5/create3_ws/install/irobot_create_ignition_sim:/home/aisd/RL_lab5/create3_ws/install/irobot_create_ignition_bringup:/home/aisd/RL_lab5/create3_ws/install/irobot_create_gazebo_sim:/home/aisd/RL_lab5/create3_ws/install/irobot_create_gazebo_bringup:/home/aisd/RL_lab5/create3_ws/install/irobot_create_ignition_toolbox:/home/aisd/RL_lab5/create3_ws/install/irobot_create_ignition_plugins:/opt/ros/humble LD_LIBRARY_PATH=/home/aisd/RL_lab5/create3_ws/install/irobot_create_nodes/lib:/home/aisd/RL_lab5/create3_ws/install/irobot_create_gazebo_plugins/lib:/home/aisd/RL_lab5/create3_ws/install/irobot_create_toolbox/lib:/home/aisd/RL_lab5/create3_ws/install/irobot_create_ignition_toolbox/lib:/usr/lib/x86_64-linux-gnu/gazebo-11/plugins:/opt/ros/humble/opt/rviz_ogre_vendor/lib:/opt/ros/humble/lib/x86_64-linux-gnu:/opt/ros/humble/lib /usr/bin/cmake --build /home/aisd/RL_lab5/create3_ws/build/irobot_create_gazebo_bringup -- -j4 -l4
[3.310s] Invoking command in '/home/aisd/RL_lab5/create3_ws/build/irobot_create_gazebo_bringup': CMAKE_PREFIX_PATH=/home/aisd/RL_lab5/create3_ws/install/irobot_create_common_bringup:/home/aisd/RL_lab5/create3_ws/install/irobot_create_nodes:/home/aisd/RL_lab5/create3_ws/install/irobot_create_gazebo_plugins:/home/aisd/RL_lab5/create3_ws/install/irobot_create_toolbox:/home/aisd/RL_lab5/create3_ws/install/irobot_create_description:/home/aisd/RL_lab5/create3_ws/install/irobot_create_control:/home/aisd/RL_lab5/create3_ws/install/irobot_create_ignition_sim:/home/aisd/RL_lab5/create3_ws/install/irobot_create_ignition_bringup:/home/aisd/RL_lab5/create3_ws/install/irobot_create_gazebo_sim:/home/aisd/RL_lab5/create3_ws/install/irobot_create_gazebo_bringup:/home/aisd/RL_lab5/create3_ws/install/irobot_create_ignition_toolbox:/home/aisd/RL_lab5/create3_ws/install/irobot_create_ignition_plugins:/opt/ros/humble LD_LIBRARY_PATH=/home/aisd/RL_lab5/create3_ws/install/irobot_create_nodes/lib:/home/aisd/RL_lab5/create3_ws/install/irobot_create_gazebo_plugins/lib:/home/aisd/RL_lab5/create3_ws/install/irobot_create_toolbox/lib:/home/aisd/RL_lab5/create3_ws/install/irobot_create_ignition_toolbox/lib:/usr/lib/x86_64-linux-gnu/gazebo-11/plugins:/opt/ros/humble/opt/rviz_ogre_vendor/lib:/opt/ros/humble/lib/x86_64-linux-gnu:/opt/ros/humble/lib /usr/bin/cmake --install /home/aisd/RL_lab5/create3_ws/build/irobot_create_gazebo_bringup
[3.319s] -- Install configuration: ""
[3.320s] -- Execute custom install script
[3.320s] -- Symlinking: /home/aisd/RL_lab5/create3_ws/install/irobot_create_gazebo_bringup/share/irobot_create_gazebo_bringup/config/gazebo_params.yaml
[3.332s] -- Symlinking: /home/aisd/RL_lab5/create3_ws/install/irobot_create_gazebo_bringup/share/irobot_create_gazebo_bringup/launch/create3_gazebo.launch.py
[3.344s] -- Symlinking: /home/aisd/RL_lab5/create3_ws/install/irobot_create_gazebo_bringup/share/irobot_create_gazebo_bringup/launch/create3_gazebo_aws_small.launch.py
[3.356s] -- Symlinking: /home/aisd/RL_lab5/create3_ws/install/irobot_create_gazebo_bringup/share/irobot_create_gazebo_bringup/launch/create3_spawn.launch.py
[3.369s] -- Symlinking: /home/aisd/RL_lab5/create3_ws/install/irobot_create_gazebo_bringup/share/irobot_create_gazebo_bringup/launch/gazebo.launch.py
[3.381s] -- Symlinking: /home/aisd/RL_lab5/create3_ws/install/irobot_create_gazebo_bringup/share/ament_index/resource_index/package_run_dependencies/irobot_create_gazebo_bringup
[3.392s] -- Symlinking: /home/aisd/RL_lab5/create3_ws/install/irobot_create_gazebo_bringup/share/ament_index/resource_index/parent_prefix_path/irobot_create_gazebo_bringup
[3.404s] -- Symlinking: /home/aisd/RL_lab5/create3_ws/install/irobot_create_gazebo_bringup/share/irobot_create_gazebo_bringup/environment/ament_prefix_path.sh
[3.415s] -- Symlinking: /home/aisd/RL_lab5/create3_ws/install/irobot_create_gazebo_bringup/share/irobot_create_gazebo_bringup/environment/ament_prefix_path.dsv
[3.426s] -- Symlinking: /home/aisd/RL_lab5/create3_ws/install/irobot_create_gazebo_bringup/share/irobot_create_gazebo_bringup/environment/path.sh
[3.439s] -- Symlinking: /home/aisd/RL_lab5/create3_ws/install/irobot_create_gazebo_bringup/share/irobot_create_gazebo_bringup/environment/path.dsv
[3.450s] -- Symlinking: /home/aisd/RL_lab5/create3_ws/install/irobot_create_gazebo_bringup/share/irobot_create_gazebo_bringup/local_setup.bash
[3.461s] -- Symlinking: /home/aisd/RL_lab5/create3_ws/install/irobot_create_gazebo_bringup/share/irobot_create_gazebo_bringup/local_setup.sh
[3.474s] -- Symlinking: /home/aisd/RL_lab5/create3_ws/install/irobot_create_gazebo_bringup/share/irobot_create_gazebo_bringup/local_setup.zsh
[3.485s] -- Symlinking: /home/aisd/RL_lab5/create3_ws/install/irobot_create_gazebo_bringup/share/irobot_create_gazebo_bringup/local_setup.dsv
[3.496s] -- Symlinking: /home/aisd/RL_lab5/create3_ws/install/irobot_create_gazebo_bringup/share/irobot_create_gazebo_bringup/package.dsv
[3.508s] -- Symlinking: /home/aisd/RL_lab5/create3_ws/install/irobot_create_gazebo_bringup/share/ament_index/resource_index/packages/irobot_create_gazebo_bringup
[3.519s] -- Symlinking: /home/aisd/RL_lab5/create3_ws/install/irobot_create_gazebo_bringup/share/irobot_create_gazebo_bringup/cmake/irobot_create_gazebo_bringupConfig.cmake
[3.530s] -- Symlinking: /home/aisd/RL_lab5/create3_ws/install/irobot_create_gazebo_bringup/share/irobot_create_gazebo_bringup/cmake/irobot_create_gazebo_bringupConfig-version.cmake
[3.542s] -- Symlinking: /home/aisd/RL_lab5/create3_ws/install/irobot_create_gazebo_bringup/share/irobot_create_gazebo_bringup/package.xml
[3.556s] Invoked command in '/home/aisd/RL_lab5/create3_ws/build/irobot_create_gazebo_bringup' returned '0': CMAKE_PREFIX_PATH=/home/aisd/RL_lab5/create3_ws/install/irobot_create_common_bringup:/home/aisd/RL_lab5/create3_ws/install/irobot_create_nodes:/home/aisd/RL_lab5/create3_ws/install/irobot_create_gazebo_plugins:/home/aisd/RL_lab5/create3_ws/install/irobot_create_toolbox:/home/aisd/RL_lab5/create3_ws/install/irobot_create_description:/home/aisd/RL_lab5/create3_ws/install/irobot_create_control:/home/aisd/RL_lab5/create3_ws/install/irobot_create_ignition_sim:/home/aisd/RL_lab5/create3_ws/install/irobot_create_ignition_bringup:/home/aisd/RL_lab5/create3_ws/install/irobot_create_gazebo_sim:/home/aisd/RL_lab5/create3_ws/install/irobot_create_gazebo_bringup:/home/aisd/RL_lab5/create3_ws/install/irobot_create_ignition_toolbox:/home/aisd/RL_lab5/create3_ws/install/irobot_create_ignition_plugins:/opt/ros/humble LD_LIBRARY_PATH=/home/aisd/RL_lab5/create3_ws/install/irobot_create_nodes/lib:/home/aisd/RL_lab5/create3_ws/install/irobot_create_gazebo_plugins/lib:/home/aisd/RL_lab5/create3_ws/install/irobot_create_toolbox/lib:/home/aisd/RL_lab5/create3_ws/install/irobot_create_ignition_toolbox/lib:/usr/lib/x86_64-linux-gnu/gazebo-11/plugins:/opt/ros/humble/opt/rviz_ogre_vendor/lib:/opt/ros/humble/lib/x86_64-linux-gnu:/opt/ros/humble/lib /usr/bin/cmake --install /home/aisd/RL_lab5/create3_ws/build/irobot_create_gazebo_bringup
