[0.022s] Invoking command in '/home/aisd/RL_lab5/build/irobot_create_gazebo_bringup': AMENT_PREFIX_PATH=/home/aisd/RL_lab5/install/irobot_create_common_bringup:/home/aisd/RL_lab5/install/irobot_create_nodes:/home/aisd/RL_lab5/install/irobot_create_gazebo_plugins:/home/aisd/RL_lab5/install/irobot_create_toolbox:/home/aisd/RL_lab5/install/irobot_create_description:/home/aisd/RL_lab5/install/irobot_create_control:${AMENT_PREFIX_PATH} CMAKE_PREFIX_PATH=/home/aisd/RL_lab5/install/irobot_create_common_bringup:/home/aisd/RL_lab5/install/irobot_create_nodes:/home/aisd/RL_lab5/install/irobot_create_gazebo_plugins:/home/aisd/RL_lab5/install/irobot_create_toolbox:/home/aisd/RL_lab5/install/irobot_create_description:/home/aisd/RL_lab5/install/irobot_create_control:/opt/ros/humble LD_LIBRARY_PATH=/home/aisd/RL_lab5/install/irobot_create_nodes/lib:/home/aisd/RL_lab5/install/irobot_create_gazebo_plugins/lib:/home/aisd/RL_lab5/install/irobot_create_toolbox/lib:${LD_LIBRARY_PATH} PYTHONPATH=/home/aisd/RL_lab5/install/irobot_create_common_bringup/local/lib/python3.10/dist-packages:${PYTHONPATH} /usr/bin/cmake /home/aisd/RL_lab5/create3_ws/src/create3_sim/irobot_create_gazebo/irobot_create_gazebo_bringup -DCMAKE_INSTALL_PREFIX=/home/aisd/RL_lab5/install/irobot_create_gazebo_bringup
[0.103s] -- The C compiler identification is GNU 11.4.0
[0.178s] -- The CXX compiler identification is GNU 11.4.0
[0.188s] -- Detecting C compiler ABI info
[0.282s] -- Detecting C compiler ABI info - done
[0.296s] -- Check for working C compiler: /usr/bin/cc - skipped
[0.297s] -- Detecting C compile features
[0.297s] -- Detecting C compile features - done
[0.302s] -- Detecting CXX compiler ABI info
[0.405s] -- Detecting CXX compiler ABI info - done
[0.415s] -- Check for working CXX compiler: /usr/bin/c++ - skipped
[0.416s] -- Detecting CXX compile features
[0.416s] -- Detecting CXX compile features - done
[0.421s] -- Found ament_cmake: 1.3.11 (/opt/ros/humble/share/ament_cmake/cmake)
[0.615s] -- Found Python3: /usr/bin/python3 (found version "3.10.12") found components: Interpreter 
[0.868s] -- Found rosidl_generator_c: 3.1.6 (/opt/ros/humble/share/rosidl_generator_c/cmake)
[0.878s] -- Found rosidl_adapter: 3.1.6 (/opt/ros/humble/share/rosidl_adapter/cmake)
[0.893s] -- Found rosidl_generator_cpp: 3.1.6 (/opt/ros/humble/share/rosidl_generator_cpp/cmake)
[0.913s] -- Using all available rosidl_typesupport_c: rosidl_typesupport_fastrtps_c;rosidl_typesupport_introspection_c
[0.939s] -- Using all available rosidl_typesupport_cpp: rosidl_typesupport_fastrtps_cpp;rosidl_typesupport_introspection_cpp
[1.039s] -- Found rmw_implementation_cmake: 6.1.2 (/opt/ros/humble/share/rmw_implementation_cmake/cmake)
[1.046s] -- Found rmw_cyclonedds_cpp: 1.3.4 (/opt/ros/humble/share/rmw_cyclonedds_cpp/cmake)
[1.101s] -- Using RMW implementation 'rmw_cyclonedds_cpp' as default
[1.119s] -- Looking for pthread.h
[1.228s] -- Looking for pthread.h - found
[1.228s] -- Performing Test CMAKE_HAVE_LIBC_PTHREAD
[1.337s] -- Performing Test CMAKE_HAVE_LIBC_PTHREAD - Success
[1.338s] -- Found Threads: TRUE  
[1.452s] -- Found PkgConfig: /usr/bin/pkg-config (found version "0.29.2") 
[1.454s] -- Checking for module 'bullet>=2.82'
[1.473s] --   Found bullet, version 3.05
[1.629s] -- Found fcl: /usr/include (found suitable version "0.7.0", minimum required is "0.5.0") 
[1.705s] -- Found assimp: /usr/include (found version "5.2.0") 
[1.746s] -- Found DART: /usr/include (Required is at least version "6.6") found components: dart 
[1.805s] -- Found Boost: /usr/lib/x86_64-linux-gnu/cmake/Boost-1.74.0/BoostConfig.cmake (found suitable version "1.74.0", minimum required is "1.40.0") found components: thread system filesystem program_options regex iostreams date_time 
[1.839s] -- Found Protobuf: /usr/lib/x86_64-linux-gnu/libprotobuf.so (found version "3.12.4") 
[1.850s] -- Looking for ignition-math6 -- found version 6.15.1
[1.865s] -- Searching for dependencies of ignition-math6
[1.868s] -- Looking for OGRE...
[1.868s] -- OGRE_PREFIX_WATCH changed.
[1.876s] -- Checking for module 'OGRE'
[1.896s] --   Found OGRE, version 1.9.0
[1.946s] -- Found Ogre Ghadamon (1.9.0)
[1.961s] -- Found OGRE: optimized;/usr/lib/x86_64-linux-gnu/libOgreMain.so;debug;/usr/lib/x86_64-linux-gnu/libOgreMain.so
[1.973s] -- Looking for OGRE_Paging...
[1.982s] -- Found OGRE_Paging: optimized;/usr/lib/x86_64-linux-gnu/libOgrePaging.so;debug;/usr/lib/x86_64-linux-gnu/libOgrePaging.so
[1.982s] -- Looking for OGRE_Terrain...
[1.990s] -- Found OGRE_Terrain: optimized;/usr/lib/x86_64-linux-gnu/libOgreTerrain.so;debug;/usr/lib/x86_64-linux-gnu/libOgreTerrain.so
[1.990s] -- Looking for OGRE_Property...
[2.001s] -- Found OGRE_Property: optimized;/usr/lib/x86_64-linux-gnu/libOgreProperty.so;debug;/usr/lib/x86_64-linux-gnu/libOgreProperty.so
[2.002s] -- Looking for OGRE_RTShaderSystem...
[2.010s] -- Found OGRE_RTShaderSystem: optimized;/usr/lib/x86_64-linux-gnu/libOgreRTShaderSystem.so;debug;/usr/lib/x86_64-linux-gnu/libOgreRTShaderSystem.so
[2.011s] -- Looking for OGRE_Volume...
[2.018s] -- Found OGRE_Volume: optimized;/usr/lib/x86_64-linux-gnu/libOgreVolume.so;debug;/usr/lib/x86_64-linux-gnu/libOgreVolume.so
[2.018s] -- Looking for OGRE_Overlay...
[2.027s] -- Found OGRE_Overlay: optimized;/usr/lib/x86_64-linux-gnu/libOgreOverlay.so;debug;/usr/lib/x86_64-linux-gnu/libOgreOverlay.so
[2.210s] -- Looking for ignition-math6 -- found version 6.15.1
[2.214s] -- Looking for ignition-transport8 -- found version 8.2.1
[2.215s] -- Searching for dependencies of ignition-transport8
[2.239s] -- Found Protobuf: /usr/lib/x86_64-linux-gnu/libprotobuf.so (found suitable version "3.12.4", minimum required is "3") 
[2.256s] -- Config-file not installed for ZeroMQ -- checking for pkg-config
[2.262s] -- Checking for module 'libzmq >= 4'
[2.283s] --   Found libzmq , version 4.3.4
[2.333s] -- Found ZeroMQ: TRUE (Required is at least version "4") 
[2.345s] -- Checking for module 'uuid'
[2.362s] --   Found uuid, version 2.37.2
[2.406s] -- Found UUID: TRUE  
[2.414s] -- Looking for ignition-msgs5 -- found version 5.8.1
[2.415s] -- Searching for dependencies of ignition-msgs5
[2.441s] -- Looking for ignition-math6 -- found version 6.15.1
[2.449s] -- Checking for module 'tinyxml2'
[2.468s] --   Found tinyxml2, version 9.0.0
[2.521s] -- Looking for ignition-msgs5 -- found version 5.8.1
[2.530s] -- Looking for ignition-common3 -- found version 3.14.0
[2.532s] -- Searching for dependencies of ignition-common3
[2.533s] -- Looking for dlfcn.h - found
[2.535s] -- Looking for libdl - found
[2.538s] -- Found DL: TRUE  
[2.561s] -- Found tinyobjloader: /usr/lib/x86_64-linux-gnu/cmake/tinyobjloader/tinyobjloader-config.cmake (found version "2.0.0") 
[2.563s] -- Searching for <ignition-common3> component [graphics]
[2.567s] -- Looking for ignition-common3-graphics -- found version 3.14.0
[2.567s] -- Searching for dependencies of ignition-common3-graphics
[2.568s] -- Looking for ignition-math6 -- found version 6.15.1
[2.574s] -- Looking for ignition-fuel_tools4 -- found version 4.4.0
[2.574s] -- Searching for dependencies of ignition-fuel_tools4
[2.682s] -- Found CURL: /usr/lib/x86_64-linux-gnu/libcurl.so (found version "7.81.0")  
[2.696s] -- Checking for module 'jsoncpp'
[2.714s] --   Found jsoncpp, version 1.9.5
[2.760s] -- Found JSONCPP: TRUE  
[2.774s] -- Checking for module 'libzip'
[2.794s] --   Found libzip, version 1.7.3
[2.840s] -- Found ZIP: TRUE  
[2.841s] -- Looking for ignition-common3 -- found version 3.14.0
[2.841s] -- Looking for ignition-math6 -- found version 6.15.1
[2.842s] -- Looking for ignition-msgs5 -- found version 5.8.1
[2.852s] -- Gazebo version: 11.10
[2.852s] -- Checking for module 'tbb'
[2.871s] --   Found tbb, version 2021.5.0
[2.919s] -- Found ament_lint_auto: 0.12.12 (/opt/ros/humble/share/ament_lint_auto/cmake)
[3.038s] -- Added test 'flake8' to check Python code syntax and style conventions
[3.039s] -- Added test 'lint_cmake' to check CMake code style
[3.040s] -- Added test 'pep257' to check Python code against some of the docstring style conventions in PEP 257
[3.042s] -- Added test 'xmllint' to check XML markup files
[3.044s] -- Configuring done
[3.052s] -- Generating done
[3.056s] -- Build files have been written to: /home/aisd/RL_lab5/build/irobot_create_gazebo_bringup
[3.073s] Invoked command in '/home/aisd/RL_lab5/build/irobot_create_gazebo_bringup' returned '0': AMENT_PREFIX_PATH=/home/aisd/RL_lab5/install/irobot_create_common_bringup:/home/aisd/RL_lab5/install/irobot_create_nodes:/home/aisd/RL_lab5/install/irobot_create_gazebo_plugins:/home/aisd/RL_lab5/install/irobot_create_toolbox:/home/aisd/RL_lab5/install/irobot_create_description:/home/aisd/RL_lab5/install/irobot_create_control:${AMENT_PREFIX_PATH} CMAKE_PREFIX_PATH=/home/aisd/RL_lab5/install/irobot_create_common_bringup:/home/aisd/RL_lab5/install/irobot_create_nodes:/home/aisd/RL_lab5/install/irobot_create_gazebo_plugins:/home/aisd/RL_lab5/install/irobot_create_toolbox:/home/aisd/RL_lab5/install/irobot_create_description:/home/aisd/RL_lab5/install/irobot_create_control:/opt/ros/humble LD_LIBRARY_PATH=/home/aisd/RL_lab5/install/irobot_create_nodes/lib:/home/aisd/RL_lab5/install/irobot_create_gazebo_plugins/lib:/home/aisd/RL_lab5/install/irobot_create_toolbox/lib:${LD_LIBRARY_PATH} PYTHONPATH=/home/aisd/RL_lab5/install/irobot_create_common_bringup/local/lib/python3.10/dist-packages:${PYTHONPATH} /usr/bin/cmake /home/aisd/RL_lab5/create3_ws/src/create3_sim/irobot_create_gazebo/irobot_create_gazebo_bringup -DCMAKE_INSTALL_PREFIX=/home/aisd/RL_lab5/install/irobot_create_gazebo_bringup
[3.076s] Invoking command in '/home/aisd/RL_lab5/build/irobot_create_gazebo_bringup': AMENT_PREFIX_PATH=/home/aisd/RL_lab5/install/irobot_create_common_bringup:/home/aisd/RL_lab5/install/irobot_create_nodes:/home/aisd/RL_lab5/install/irobot_create_gazebo_plugins:/home/aisd/RL_lab5/install/irobot_create_toolbox:/home/aisd/RL_lab5/install/irobot_create_description:/home/aisd/RL_lab5/install/irobot_create_control:${AMENT_PREFIX_PATH} CMAKE_PREFIX_PATH=/home/aisd/RL_lab5/install/irobot_create_common_bringup:/home/aisd/RL_lab5/install/irobot_create_nodes:/home/aisd/RL_lab5/install/irobot_create_gazebo_plugins:/home/aisd/RL_lab5/install/irobot_create_toolbox:/home/aisd/RL_lab5/install/irobot_create_description:/home/aisd/RL_lab5/install/irobot_create_control:/opt/ros/humble LD_LIBRARY_PATH=/home/aisd/RL_lab5/install/irobot_create_nodes/lib:/home/aisd/RL_lab5/install/irobot_create_gazebo_plugins/lib:/home/aisd/RL_lab5/install/irobot_create_toolbox/lib:${LD_LIBRARY_PATH} PYTHONPATH=/home/aisd/RL_lab5/install/irobot_create_common_bringup/local/lib/python3.10/dist-packages:${PYTHONPATH} /usr/bin/cmake --build /home/aisd/RL_lab5/build/irobot_create_gazebo_bringup -- -j4 -l4
[3.129s] Invoked command in '/home/aisd/RL_lab5/build/irobot_create_gazebo_bringup' returned '0': AMENT_PREFIX_PATH=/home/aisd/RL_lab5/install/irobot_create_common_bringup:/home/aisd/RL_lab5/install/irobot_create_nodes:/home/aisd/RL_lab5/install/irobot_create_gazebo_plugins:/home/aisd/RL_lab5/install/irobot_create_toolbox:/home/aisd/RL_lab5/install/irobot_create_description:/home/aisd/RL_lab5/install/irobot_create_control:${AMENT_PREFIX_PATH} CMAKE_PREFIX_PATH=/home/aisd/RL_lab5/install/irobot_create_common_bringup:/home/aisd/RL_lab5/install/irobot_create_nodes:/home/aisd/RL_lab5/install/irobot_create_gazebo_plugins:/home/aisd/RL_lab5/install/irobot_create_toolbox:/home/aisd/RL_lab5/install/irobot_create_description:/home/aisd/RL_lab5/install/irobot_create_control:/opt/ros/humble LD_LIBRARY_PATH=/home/aisd/RL_lab5/install/irobot_create_nodes/lib:/home/aisd/RL_lab5/install/irobot_create_gazebo_plugins/lib:/home/aisd/RL_lab5/install/irobot_create_toolbox/lib:${LD_LIBRARY_PATH} PYTHONPATH=/home/aisd/RL_lab5/install/irobot_create_common_bringup/local/lib/python3.10/dist-packages:${PYTHONPATH} /usr/bin/cmake --build /home/aisd/RL_lab5/build/irobot_create_gazebo_bringup -- -j4 -l4
[3.132s] Invoking command in '/home/aisd/RL_lab5/build/irobot_create_gazebo_bringup': AMENT_PREFIX_PATH=/home/aisd/RL_lab5/install/irobot_create_common_bringup:/home/aisd/RL_lab5/install/irobot_create_nodes:/home/aisd/RL_lab5/install/irobot_create_gazebo_plugins:/home/aisd/RL_lab5/install/irobot_create_toolbox:/home/aisd/RL_lab5/install/irobot_create_description:/home/aisd/RL_lab5/install/irobot_create_control:${AMENT_PREFIX_PATH} CMAKE_PREFIX_PATH=/home/aisd/RL_lab5/install/irobot_create_common_bringup:/home/aisd/RL_lab5/install/irobot_create_nodes:/home/aisd/RL_lab5/install/irobot_create_gazebo_plugins:/home/aisd/RL_lab5/install/irobot_create_toolbox:/home/aisd/RL_lab5/install/irobot_create_description:/home/aisd/RL_lab5/install/irobot_create_control:/opt/ros/humble LD_LIBRARY_PATH=/home/aisd/RL_lab5/install/irobot_create_nodes/lib:/home/aisd/RL_lab5/install/irobot_create_gazebo_plugins/lib:/home/aisd/RL_lab5/install/irobot_create_toolbox/lib:${LD_LIBRARY_PATH} PYTHONPATH=/home/aisd/RL_lab5/install/irobot_create_common_bringup/local/lib/python3.10/dist-packages:${PYTHONPATH} /usr/bin/cmake --install /home/aisd/RL_lab5/build/irobot_create_gazebo_bringup
[3.142s] -- Install configuration: ""
[3.142s] -- Installing: /home/aisd/RL_lab5/install/irobot_create_gazebo_bringup/share/irobot_create_gazebo_bringup/config
[3.142s] -- Installing: /home/aisd/RL_lab5/install/irobot_create_gazebo_bringup/share/irobot_create_gazebo_bringup/config/gazebo_params.yaml
[3.146s] -- Installing: /home/aisd/RL_lab5/install/irobot_create_gazebo_bringup/share/irobot_create_gazebo_bringup/launch
[3.147s] -- Installing: /home/aisd/RL_lab5/install/irobot_create_gazebo_bringup/share/irobot_create_gazebo_bringup/launch/create3_spawn.launch.py
[3.147s] -- Installing: /home/aisd/RL_lab5/install/irobot_create_gazebo_bringup/share/irobot_create_gazebo_bringup/launch/create3_gazebo_aws_small.launch.py
[3.148s] -- Installing: /home/aisd/RL_lab5/install/irobot_create_gazebo_bringup/share/irobot_create_gazebo_bringup/launch/create3_gazebo.launch.py
[3.148s] -- Installing: /home/aisd/RL_lab5/install/irobot_create_gazebo_bringup/share/irobot_create_gazebo_bringup/launch/gazebo.launch.py
[3.149s] -- Installing: /home/aisd/RL_lab5/install/irobot_create_gazebo_bringup/share/ament_index/resource_index/package_run_dependencies/irobot_create_gazebo_bringup
[3.149s] -- Installing: /home/aisd/RL_lab5/install/irobot_create_gazebo_bringup/share/ament_index/resource_index/parent_prefix_path/irobot_create_gazebo_bringup
[3.150s] -- Installing: /home/aisd/RL_lab5/install/irobot_create_gazebo_bringup/share/irobot_create_gazebo_bringup/environment/ament_prefix_path.sh
[3.150s] -- Installing: /home/aisd/RL_lab5/install/irobot_create_gazebo_bringup/share/irobot_create_gazebo_bringup/environment/ament_prefix_path.dsv
[3.151s] -- Installing: /home/aisd/RL_lab5/install/irobot_create_gazebo_bringup/share/irobot_create_gazebo_bringup/environment/path.sh
[3.151s] -- Installing: /home/aisd/RL_lab5/install/irobot_create_gazebo_bringup/share/irobot_create_gazebo_bringup/environment/path.dsv
[3.152s] -- Installing: /home/aisd/RL_lab5/install/irobot_create_gazebo_bringup/share/irobot_create_gazebo_bringup/local_setup.bash
[3.152s] -- Installing: /home/aisd/RL_lab5/install/irobot_create_gazebo_bringup/share/irobot_create_gazebo_bringup/local_setup.sh
[3.153s] -- Installing: /home/aisd/RL_lab5/install/irobot_create_gazebo_bringup/share/irobot_create_gazebo_bringup/local_setup.zsh
[3.153s] -- Installing: /home/aisd/RL_lab5/install/irobot_create_gazebo_bringup/share/irobot_create_gazebo_bringup/local_setup.dsv
[3.153s] -- Installing: /home/aisd/RL_lab5/install/irobot_create_gazebo_bringup/share/irobot_create_gazebo_bringup/package.dsv
[3.154s] -- Installing: /home/aisd/RL_lab5/install/irobot_create_gazebo_bringup/share/ament_index/resource_index/packages/irobot_create_gazebo_bringup
[3.154s] -- Installing: /home/aisd/RL_lab5/install/irobot_create_gazebo_bringup/share/irobot_create_gazebo_bringup/cmake/irobot_create_gazebo_bringupConfig.cmake
[3.155s] -- Installing: /home/aisd/RL_lab5/install/irobot_create_gazebo_bringup/share/irobot_create_gazebo_bringup/cmake/irobot_create_gazebo_bringupConfig-version.cmake
[3.155s] -- Installing: /home/aisd/RL_lab5/install/irobot_create_gazebo_bringup/share/irobot_create_gazebo_bringup/package.xml
[3.159s] Invoked command in '/home/aisd/RL_lab5/build/irobot_create_gazebo_bringup' returned '0': AMENT_PREFIX_PATH=/home/aisd/RL_lab5/install/irobot_create_common_bringup:/home/aisd/RL_lab5/install/irobot_create_nodes:/home/aisd/RL_lab5/install/irobot_create_gazebo_plugins:/home/aisd/RL_lab5/install/irobot_create_toolbox:/home/aisd/RL_lab5/install/irobot_create_description:/home/aisd/RL_lab5/install/irobot_create_control:${AMENT_PREFIX_PATH} CMAKE_PREFIX_PATH=/home/aisd/RL_lab5/install/irobot_create_common_bringup:/home/aisd/RL_lab5/install/irobot_create_nodes:/home/aisd/RL_lab5/install/irobot_create_gazebo_plugins:/home/aisd/RL_lab5/install/irobot_create_toolbox:/home/aisd/RL_lab5/install/irobot_create_description:/home/aisd/RL_lab5/install/irobot_create_control:/opt/ros/humble LD_LIBRARY_PATH=/home/aisd/RL_lab5/install/irobot_create_nodes/lib:/home/aisd/RL_lab5/install/irobot_create_gazebo_plugins/lib:/home/aisd/RL_lab5/install/irobot_create_toolbox/lib:${LD_LIBRARY_PATH} PYTHONPATH=/home/aisd/RL_lab5/install/irobot_create_common_bringup/local/lib/python3.10/dist-packages:${PYTHONPATH} /usr/bin/cmake --install /home/aisd/RL_lab5/build/irobot_create_gazebo_bringup
