[0.011s] Invoking command in '/home/aisd/RL_lab5/build/irobot_create_ignition_toolbox': CMAKE_PREFIX_PATH=/home/aisd/RL_lab5/install/irobot_create_toolbox:/home/aisd/RL_lab5/install/irobot_create_ignition_sim:/home/aisd/RL_lab5/install/irobot_create_ignition_bringup:/home/aisd/RL_lab5/install/irobot_create_gazebo_sim:/home/aisd/RL_lab5/install/irobot_create_gazebo_bringup:/home/aisd/RL_lab5/install/irobot_create_common_bringup:/home/aisd/RL_lab5/install/irobot_create_nodes:/home/aisd/RL_lab5/install/irobot_create_ignition_toolbox:/home/aisd/RL_lab5/install/irobot_create_gazebo_plugins:/home/aisd/RL_lab5/install/irobot_create_ignition_plugins:/home/aisd/RL_lab5/install/irobot_create_description:/home/aisd/RL_lab5/install/irobot_create_control:/home/aisd/RL_lab5/install/aws_robomaker_small_house_world:/opt/ros/humble LD_LIBRARY_PATH=/home/aisd/RL_lab5/install/irobot_create_toolbox/lib:/home/aisd/RL_lab5/install/irobot_create_nodes/lib:/home/aisd/RL_lab5/install/irobot_create_ignition_toolbox/lib:/home/aisd/RL_lab5/install/irobot_create_gazebo_plugins/lib:/usr/lib/x86_64-linux-gnu/gazebo-11/plugins:/opt/ros/humble/opt/rviz_ogre_vendor/lib:/opt/ros/humble/lib/x86_64-linux-gnu:/opt/ros/humble/lib /usr/bin/cmake --build /home/aisd/RL_lab5/build/irobot_create_ignition_toolbox -- -j4 -l4
[0.171s] [35m[1mConsolidate compiler generated dependencies of target irobot_create_ignition_pose_republisher_lib[0m
[0.189s] [35m[1mConsolidate compiler generated dependencies of target irobot_create_ignition_sensors_lib[0m
[0.239s] [ 11%] Built target irobot_create_ignition_pose_republisher_lib
[0.305s] [35m[1mConsolidate compiler generated dependencies of target irobot_create_ignition_interface_buttons_lib[0m
[0.340s] [ 55%] Built target irobot_create_ignition_sensors_lib
[0.375s] [ 66%] Built target irobot_create_ignition_interface_buttons_lib
[0.401s] [35m[1mConsolidate compiler generated dependencies of target pose_republisher_node[0m
[0.425s] [35m[1mConsolidate compiler generated dependencies of target sensors_node[0m
[0.498s] [ 77%] Built target pose_republisher_node
[0.529s] [ 88%] Built target sensors_node
[0.544s] [35m[1mConsolidate compiler generated dependencies of target interface_buttons_node[0m
[0.599s] [100%] Built target interface_buttons_node
[0.651s] Invoked command in '/home/aisd/RL_lab5/build/irobot_create_ignition_toolbox' returned '0': CMAKE_PREFIX_PATH=/home/aisd/RL_lab5/install/irobot_create_toolbox:/home/aisd/RL_lab5/install/irobot_create_ignition_sim:/home/aisd/RL_lab5/install/irobot_create_ignition_bringup:/home/aisd/RL_lab5/install/irobot_create_gazebo_sim:/home/aisd/RL_lab5/install/irobot_create_gazebo_bringup:/home/aisd/RL_lab5/install/irobot_create_common_bringup:/home/aisd/RL_lab5/install/irobot_create_nodes:/home/aisd/RL_lab5/install/irobot_create_ignition_toolbox:/home/aisd/RL_lab5/install/irobot_create_gazebo_plugins:/home/aisd/RL_lab5/install/irobot_create_ignition_plugins:/home/aisd/RL_lab5/install/irobot_create_description:/home/aisd/RL_lab5/install/irobot_create_control:/home/aisd/RL_lab5/install/aws_robomaker_small_house_world:/opt/ros/humble LD_LIBRARY_PATH=/home/aisd/RL_lab5/install/irobot_create_toolbox/lib:/home/aisd/RL_lab5/install/irobot_create_nodes/lib:/home/aisd/RL_lab5/install/irobot_create_ignition_toolbox/lib:/home/aisd/RL_lab5/install/irobot_create_gazebo_plugins/lib:/usr/lib/x86_64-linux-gnu/gazebo-11/plugins:/opt/ros/humble/opt/rviz_ogre_vendor/lib:/opt/ros/humble/lib/x86_64-linux-gnu:/opt/ros/humble/lib /usr/bin/cmake --build /home/aisd/RL_lab5/build/irobot_create_ignition_toolbox -- -j4 -l4
[0.652s] Invoking command in '/home/aisd/RL_lab5/build/irobot_create_ignition_toolbox': CMAKE_PREFIX_PATH=/home/aisd/RL_lab5/install/irobot_create_toolbox:/home/aisd/RL_lab5/install/irobot_create_ignition_sim:/home/aisd/RL_lab5/install/irobot_create_ignition_bringup:/home/aisd/RL_lab5/install/irobot_create_gazebo_sim:/home/aisd/RL_lab5/install/irobot_create_gazebo_bringup:/home/aisd/RL_lab5/install/irobot_create_common_bringup:/home/aisd/RL_lab5/install/irobot_create_nodes:/home/aisd/RL_lab5/install/irobot_create_ignition_toolbox:/home/aisd/RL_lab5/install/irobot_create_gazebo_plugins:/home/aisd/RL_lab5/install/irobot_create_ignition_plugins:/home/aisd/RL_lab5/install/irobot_create_description:/home/aisd/RL_lab5/install/irobot_create_control:/home/aisd/RL_lab5/install/aws_robomaker_small_house_world:/opt/ros/humble LD_LIBRARY_PATH=/home/aisd/RL_lab5/install/irobot_create_toolbox/lib:/home/aisd/RL_lab5/install/irobot_create_nodes/lib:/home/aisd/RL_lab5/install/irobot_create_ignition_toolbox/lib:/home/aisd/RL_lab5/install/irobot_create_gazebo_plugins/lib:/usr/lib/x86_64-linux-gnu/gazebo-11/plugins:/opt/ros/humble/opt/rviz_ogre_vendor/lib:/opt/ros/humble/lib/x86_64-linux-gnu:/opt/ros/humble/lib /usr/bin/cmake --install /home/aisd/RL_lab5/build/irobot_create_ignition_toolbox
[0.668s] -- Install configuration: ""
[0.669s] -- Up-to-date: /home/aisd/RL_lab5/install/irobot_create_ignition_toolbox/lib/libirobot_create_ignition_pose_republisher_lib.so
[0.670s] -- Up-to-date: /home/aisd/RL_lab5/install/irobot_create_ignition_toolbox/lib/libirobot_create_ignition_sensors_lib.so
[0.671s] -- Up-to-date: /home/aisd/RL_lab5/install/irobot_create_ignition_toolbox/lib/libirobot_create_ignition_interface_buttons_lib.so
[0.677s] -- Up-to-date: /home/aisd/RL_lab5/install/irobot_create_ignition_toolbox/lib/irobot_create_ignition_toolbox/pose_republisher_node
[0.678s] -- Up-to-date: /home/aisd/RL_lab5/install/irobot_create_ignition_toolbox/lib/irobot_create_ignition_toolbox/sensors_node
[0.683s] -- Up-to-date: /home/aisd/RL_lab5/install/irobot_create_ignition_toolbox/lib/irobot_create_ignition_toolbox/interface_buttons_node
[0.683s] -- Up-to-date: /home/aisd/RL_lab5/install/irobot_create_ignition_toolbox/include
[0.684s] -- Up-to-date: /home/aisd/RL_lab5/install/irobot_create_ignition_toolbox/include/irobot_create_ignition_toolbox
[0.684s] -- Up-to-date: /home/aisd/RL_lab5/install/irobot_create_ignition_toolbox/include/irobot_create_ignition_toolbox/utils.hpp
[0.684s] -- Up-to-date: /home/aisd/RL_lab5/install/irobot_create_ignition_toolbox/include/irobot_create_ignition_toolbox/interface_buttons
[0.684s] -- Up-to-date: /home/aisd/RL_lab5/install/irobot_create_ignition_toolbox/include/irobot_create_ignition_toolbox/interface_buttons/interface_buttons_node.hpp
[0.684s] -- Up-to-date: /home/aisd/RL_lab5/install/irobot_create_ignition_toolbox/include/irobot_create_ignition_toolbox/pose_republisher
[0.685s] -- Up-to-date: /home/aisd/RL_lab5/install/irobot_create_ignition_toolbox/include/irobot_create_ignition_toolbox/pose_republisher/pose_republisher.hpp
[0.685s] -- Up-to-date: /home/aisd/RL_lab5/install/irobot_create_ignition_toolbox/include/irobot_create_ignition_toolbox/sensors
[0.685s] -- Up-to-date: /home/aisd/RL_lab5/install/irobot_create_ignition_toolbox/include/irobot_create_ignition_toolbox/sensors/mouse.hpp
[0.685s] -- Up-to-date: /home/aisd/RL_lab5/install/irobot_create_ignition_toolbox/include/irobot_create_ignition_toolbox/sensors/wheel_drop.hpp
[0.685s] -- Up-to-date: /home/aisd/RL_lab5/install/irobot_create_ignition_toolbox/include/irobot_create_ignition_toolbox/sensors/sensors_node.hpp
[0.685s] -- Up-to-date: /home/aisd/RL_lab5/install/irobot_create_ignition_toolbox/include/irobot_create_ignition_toolbox/sensors/ir_opcode.hpp
[0.686s] -- Up-to-date: /home/aisd/RL_lab5/install/irobot_create_ignition_toolbox/include/irobot_create_ignition_toolbox/sensors/ir_intensity.hpp
[0.686s] -- Up-to-date: /home/aisd/RL_lab5/install/irobot_create_ignition_toolbox/include/irobot_create_ignition_toolbox/sensors/bumper.hpp
[0.686s] -- Up-to-date: /home/aisd/RL_lab5/install/irobot_create_ignition_toolbox/include/irobot_create_ignition_toolbox/sensors/cliff.hpp
[0.686s] -- Up-to-date: /home/aisd/RL_lab5/install/irobot_create_ignition_toolbox/share/irobot_create_ignition_toolbox/environment/library_path.sh
[0.686s] -- Up-to-date: /home/aisd/RL_lab5/install/irobot_create_ignition_toolbox/share/irobot_create_ignition_toolbox/environment/library_path.dsv
[0.687s] -- Up-to-date: /home/aisd/RL_lab5/install/irobot_create_ignition_toolbox/share/ament_index/resource_index/package_run_dependencies/irobot_create_ignition_toolbox
[0.687s] -- Up-to-date: /home/aisd/RL_lab5/install/irobot_create_ignition_toolbox/share/ament_index/resource_index/parent_prefix_path/irobot_create_ignition_toolbox
[0.687s] -- Up-to-date: /home/aisd/RL_lab5/install/irobot_create_ignition_toolbox/share/irobot_create_ignition_toolbox/environment/ament_prefix_path.sh
[0.687s] -- Up-to-date: /home/aisd/RL_lab5/install/irobot_create_ignition_toolbox/share/irobot_create_ignition_toolbox/environment/ament_prefix_path.dsv
[0.687s] -- Up-to-date: /home/aisd/RL_lab5/install/irobot_create_ignition_toolbox/share/irobot_create_ignition_toolbox/environment/path.sh
[0.687s] -- Up-to-date: /home/aisd/RL_lab5/install/irobot_create_ignition_toolbox/share/irobot_create_ignition_toolbox/environment/path.dsv
[0.688s] -- Up-to-date: /home/aisd/RL_lab5/install/irobot_create_ignition_toolbox/share/irobot_create_ignition_toolbox/local_setup.bash
[0.688s] -- Up-to-date: /home/aisd/RL_lab5/install/irobot_create_ignition_toolbox/share/irobot_create_ignition_toolbox/local_setup.sh
[0.688s] -- Up-to-date: /home/aisd/RL_lab5/install/irobot_create_ignition_toolbox/share/irobot_create_ignition_toolbox/local_setup.zsh
[0.688s] -- Up-to-date: /home/aisd/RL_lab5/install/irobot_create_ignition_toolbox/share/irobot_create_ignition_toolbox/local_setup.dsv
[0.690s] -- Installing: /home/aisd/RL_lab5/install/irobot_create_ignition_toolbox/share/irobot_create_ignition_toolbox/package.dsv
[0.699s] -- Up-to-date: /home/aisd/RL_lab5/install/irobot_create_ignition_toolbox/share/ament_index/resource_index/packages/irobot_create_ignition_toolbox
[0.699s] -- Up-to-date: /home/aisd/RL_lab5/install/irobot_create_ignition_toolbox/share/irobot_create_ignition_toolbox/cmake/ament_cmake_export_include_directories-extras.cmake
[0.699s] -- Up-to-date: /home/aisd/RL_lab5/install/irobot_create_ignition_toolbox/share/irobot_create_ignition_toolbox/cmake/ament_cmake_export_libraries-extras.cmake
[0.700s] -- Up-to-date: /home/aisd/RL_lab5/install/irobot_create_ignition_toolbox/share/irobot_create_ignition_toolbox/cmake/ament_cmake_export_dependencies-extras.cmake
[0.700s] -- Up-to-date: /home/aisd/RL_lab5/install/irobot_create_ignition_toolbox/share/irobot_create_ignition_toolbox/cmake/irobot_create_ignition_toolboxConfig.cmake
[0.700s] -- Up-to-date: /home/aisd/RL_lab5/install/irobot_create_ignition_toolbox/share/irobot_create_ignition_toolbox/cmake/irobot_create_ignition_toolboxConfig-version.cmake
[0.700s] -- Up-to-date: /home/aisd/RL_lab5/install/irobot_create_ignition_toolbox/share/irobot_create_ignition_toolbox/package.xml
[0.701s] Invoked command in '/home/aisd/RL_lab5/build/irobot_create_ignition_toolbox' returned '0': CMAKE_PREFIX_PATH=/home/aisd/RL_lab5/install/irobot_create_toolbox:/home/aisd/RL_lab5/install/irobot_create_ignition_sim:/home/aisd/RL_lab5/install/irobot_create_ignition_bringup:/home/aisd/RL_lab5/install/irobot_create_gazebo_sim:/home/aisd/RL_lab5/install/irobot_create_gazebo_bringup:/home/aisd/RL_lab5/install/irobot_create_common_bringup:/home/aisd/RL_lab5/install/irobot_create_nodes:/home/aisd/RL_lab5/install/irobot_create_ignition_toolbox:/home/aisd/RL_lab5/install/irobot_create_gazebo_plugins:/home/aisd/RL_lab5/install/irobot_create_ignition_plugins:/home/aisd/RL_lab5/install/irobot_create_description:/home/aisd/RL_lab5/install/irobot_create_control:/home/aisd/RL_lab5/install/aws_robomaker_small_house_world:/opt/ros/humble LD_LIBRARY_PATH=/home/aisd/RL_lab5/install/irobot_create_toolbox/lib:/home/aisd/RL_lab5/install/irobot_create_nodes/lib:/home/aisd/RL_lab5/install/irobot_create_ignition_toolbox/lib:/home/aisd/RL_lab5/install/irobot_create_gazebo_plugins/lib:/usr/lib/x86_64-linux-gnu/gazebo-11/plugins:/opt/ros/humble/opt/rviz_ogre_vendor/lib:/opt/ros/humble/lib/x86_64-linux-gnu:/opt/ros/humble/lib /usr/bin/cmake --install /home/aisd/RL_lab5/build/irobot_create_ignition_toolbox
