[0.028s] Invoking command in '/home/aisd/RL_lab5/build/irobot_create_ignition_bringup': AMENT_PREFIX_PATH=/home/aisd/RL_lab5/install/irobot_create_common_bringup:/home/aisd/RL_lab5/install/irobot_create_nodes:/home/aisd/RL_lab5/install/irobot_create_ignition_toolbox:/home/aisd/RL_lab5/install/irobot_create_toolbox:/home/aisd/RL_lab5/install/irobot_create_ignition_plugins:/home/aisd/RL_lab5/install/irobot_create_description:/home/aisd/RL_lab5/install/irobot_create_control:${AMENT_PREFIX_PATH} CMAKE_PREFIX_PATH=/home/aisd/RL_lab5/install/irobot_create_common_bringup:/home/aisd/RL_lab5/install/irobot_create_nodes:/home/aisd/RL_lab5/install/irobot_create_ignition_toolbox:/home/aisd/RL_lab5/install/irobot_create_toolbox:/home/aisd/RL_lab5/install/irobot_create_ignition_plugins:/home/aisd/RL_lab5/install/irobot_create_description:/home/aisd/RL_lab5/install/irobot_create_control:/opt/ros/humble LD_LIBRARY_PATH=/home/aisd/RL_lab5/install/irobot_create_nodes/lib:/home/aisd/RL_lab5/install/irobot_create_ignition_toolbox/lib:/home/aisd/RL_lab5/install/irobot_create_toolbox/lib:${LD_LIBRARY_PATH} PYTHONPATH=/home/aisd/RL_lab5/install/irobot_create_common_bringup/local/lib/python3.10/dist-packages:${PYTHONPATH} /usr/bin/cmake /home/aisd/RL_lab5/create3_ws/src/create3_sim/irobot_create_ignition/irobot_create_ignition_bringup -DCMAKE_INSTALL_PREFIX=/home/aisd/RL_lab5/install/irobot_create_ignition_bringup
[0.105s] -- The C compiler identification is GNU 11.4.0
[0.184s] -- The CXX compiler identification is GNU 11.4.0
[0.195s] -- Detecting C compiler ABI info
[0.302s] -- Detecting C compiler ABI info - done
[0.321s] -- Check for working C compiler: /usr/bin/cc - skipped
[0.322s] -- Detecting C compile features
[0.323s] -- Detecting C compile features - done
[0.329s] -- Detecting CXX compiler ABI info
[0.456s] -- Detecting CXX compiler ABI info - done
[0.501s] -- Check for working CXX compiler: /usr/bin/c++ - skipped
[0.501s] -- Detecting CXX compile features
[0.504s] -- Detecting CXX compile features - done
[0.520s] -- Found ament_cmake: 1.3.11 (/opt/ros/humble/share/ament_cmake/cmake)
[0.848s] -- Found Python3: /usr/bin/python3 (found version "3.10.12") found components: Interpreter 
[1.091s] -- Found rosidl_generator_c: 3.1.6 (/opt/ros/humble/share/rosidl_generator_c/cmake)
[1.103s] -- Found rosidl_adapter: 3.1.6 (/opt/ros/humble/share/rosidl_adapter/cmake)
[1.121s] -- Found rosidl_generator_cpp: 3.1.6 (/opt/ros/humble/share/rosidl_generator_cpp/cmake)
[1.150s] -- Using all available rosidl_typesupport_c: rosidl_typesupport_fastrtps_c;rosidl_typesupport_introspection_c
[1.185s] -- Using all available rosidl_typesupport_cpp: rosidl_typesupport_fastrtps_cpp;rosidl_typesupport_introspection_cpp
[1.371s] -- Found ament_lint_auto: 0.12.12 (/opt/ros/humble/share/ament_lint_auto/cmake)
[1.506s] -- Added test 'flake8' to check Python code syntax and style conventions
[1.507s] -- Added test 'lint_cmake' to check CMake code style
[1.510s] -- Added test 'pep257' to check Python code against some of the docstring style conventions in PEP 257
[1.514s] -- Added test 'xmllint' to check XML markup files
[1.516s] -- Configuring done
[1.524s] -- Generating done
[1.530s] -- Build files have been written to: /home/aisd/RL_lab5/build/irobot_create_ignition_bringup
[1.544s] Invoked command in '/home/aisd/RL_lab5/build/irobot_create_ignition_bringup' returned '0': AMENT_PREFIX_PATH=/home/aisd/RL_lab5/install/irobot_create_common_bringup:/home/aisd/RL_lab5/install/irobot_create_nodes:/home/aisd/RL_lab5/install/irobot_create_ignition_toolbox:/home/aisd/RL_lab5/install/irobot_create_toolbox:/home/aisd/RL_lab5/install/irobot_create_ignition_plugins:/home/aisd/RL_lab5/install/irobot_create_description:/home/aisd/RL_lab5/install/irobot_create_control:${AMENT_PREFIX_PATH} CMAKE_PREFIX_PATH=/home/aisd/RL_lab5/install/irobot_create_common_bringup:/home/aisd/RL_lab5/install/irobot_create_nodes:/home/aisd/RL_lab5/install/irobot_create_ignition_toolbox:/home/aisd/RL_lab5/install/irobot_create_toolbox:/home/aisd/RL_lab5/install/irobot_create_ignition_plugins:/home/aisd/RL_lab5/install/irobot_create_description:/home/aisd/RL_lab5/install/irobot_create_control:/opt/ros/humble LD_LIBRARY_PATH=/home/aisd/RL_lab5/install/irobot_create_nodes/lib:/home/aisd/RL_lab5/install/irobot_create_ignition_toolbox/lib:/home/aisd/RL_lab5/install/irobot_create_toolbox/lib:${LD_LIBRARY_PATH} PYTHONPATH=/home/aisd/RL_lab5/install/irobot_create_common_bringup/local/lib/python3.10/dist-packages:${PYTHONPATH} /usr/bin/cmake /home/aisd/RL_lab5/create3_ws/src/create3_sim/irobot_create_ignition/irobot_create_ignition_bringup -DCMAKE_INSTALL_PREFIX=/home/aisd/RL_lab5/install/irobot_create_ignition_bringup
[1.545s] Invoking command in '/home/aisd/RL_lab5/build/irobot_create_ignition_bringup': AMENT_PREFIX_PATH=/home/aisd/RL_lab5/install/irobot_create_common_bringup:/home/aisd/RL_lab5/install/irobot_create_nodes:/home/aisd/RL_lab5/install/irobot_create_ignition_toolbox:/home/aisd/RL_lab5/install/irobot_create_toolbox:/home/aisd/RL_lab5/install/irobot_create_ignition_plugins:/home/aisd/RL_lab5/install/irobot_create_description:/home/aisd/RL_lab5/install/irobot_create_control:${AMENT_PREFIX_PATH} CMAKE_PREFIX_PATH=/home/aisd/RL_lab5/install/irobot_create_common_bringup:/home/aisd/RL_lab5/install/irobot_create_nodes:/home/aisd/RL_lab5/install/irobot_create_ignition_toolbox:/home/aisd/RL_lab5/install/irobot_create_toolbox:/home/aisd/RL_lab5/install/irobot_create_ignition_plugins:/home/aisd/RL_lab5/install/irobot_create_description:/home/aisd/RL_lab5/install/irobot_create_control:/opt/ros/humble LD_LIBRARY_PATH=/home/aisd/RL_lab5/install/irobot_create_nodes/lib:/home/aisd/RL_lab5/install/irobot_create_ignition_toolbox/lib:/home/aisd/RL_lab5/install/irobot_create_toolbox/lib:${LD_LIBRARY_PATH} PYTHONPATH=/home/aisd/RL_lab5/install/irobot_create_common_bringup/local/lib/python3.10/dist-packages:${PYTHONPATH} /usr/bin/cmake --build /home/aisd/RL_lab5/build/irobot_create_ignition_bringup -- -j4 -l4
[1.604s] Invoked command in '/home/aisd/RL_lab5/build/irobot_create_ignition_bringup' returned '0': AMENT_PREFIX_PATH=/home/aisd/RL_lab5/install/irobot_create_common_bringup:/home/aisd/RL_lab5/install/irobot_create_nodes:/home/aisd/RL_lab5/install/irobot_create_ignition_toolbox:/home/aisd/RL_lab5/install/irobot_create_toolbox:/home/aisd/RL_lab5/install/irobot_create_ignition_plugins:/home/aisd/RL_lab5/install/irobot_create_description:/home/aisd/RL_lab5/install/irobot_create_control:${AMENT_PREFIX_PATH} CMAKE_PREFIX_PATH=/home/aisd/RL_lab5/install/irobot_create_common_bringup:/home/aisd/RL_lab5/install/irobot_create_nodes:/home/aisd/RL_lab5/install/irobot_create_ignition_toolbox:/home/aisd/RL_lab5/install/irobot_create_toolbox:/home/aisd/RL_lab5/install/irobot_create_ignition_plugins:/home/aisd/RL_lab5/install/irobot_create_description:/home/aisd/RL_lab5/install/irobot_create_control:/opt/ros/humble LD_LIBRARY_PATH=/home/aisd/RL_lab5/install/irobot_create_nodes/lib:/home/aisd/RL_lab5/install/irobot_create_ignition_toolbox/lib:/home/aisd/RL_lab5/install/irobot_create_toolbox/lib:${LD_LIBRARY_PATH} PYTHONPATH=/home/aisd/RL_lab5/install/irobot_create_common_bringup/local/lib/python3.10/dist-packages:${PYTHONPATH} /usr/bin/cmake --build /home/aisd/RL_lab5/build/irobot_create_ignition_bringup -- -j4 -l4
[1.607s] Invoking command in '/home/aisd/RL_lab5/build/irobot_create_ignition_bringup': AMENT_PREFIX_PATH=/home/aisd/RL_lab5/install/irobot_create_common_bringup:/home/aisd/RL_lab5/install/irobot_create_nodes:/home/aisd/RL_lab5/install/irobot_create_ignition_toolbox:/home/aisd/RL_lab5/install/irobot_create_toolbox:/home/aisd/RL_lab5/install/irobot_create_ignition_plugins:/home/aisd/RL_lab5/install/irobot_create_description:/home/aisd/RL_lab5/install/irobot_create_control:${AMENT_PREFIX_PATH} CMAKE_PREFIX_PATH=/home/aisd/RL_lab5/install/irobot_create_common_bringup:/home/aisd/RL_lab5/install/irobot_create_nodes:/home/aisd/RL_lab5/install/irobot_create_ignition_toolbox:/home/aisd/RL_lab5/install/irobot_create_toolbox:/home/aisd/RL_lab5/install/irobot_create_ignition_plugins:/home/aisd/RL_lab5/install/irobot_create_description:/home/aisd/RL_lab5/install/irobot_create_control:/opt/ros/humble LD_LIBRARY_PATH=/home/aisd/RL_lab5/install/irobot_create_nodes/lib:/home/aisd/RL_lab5/install/irobot_create_ignition_toolbox/lib:/home/aisd/RL_lab5/install/irobot_create_toolbox/lib:${LD_LIBRARY_PATH} PYTHONPATH=/home/aisd/RL_lab5/install/irobot_create_common_bringup/local/lib/python3.10/dist-packages:${PYTHONPATH} /usr/bin/cmake --install /home/aisd/RL_lab5/build/irobot_create_ignition_bringup
[1.621s] -- Install configuration: ""
[1.621s] -- Installing: /home/aisd/RL_lab5/install/irobot_create_ignition_bringup/share/irobot_create_ignition_bringup/gui
[1.621s] -- Installing: /home/aisd/RL_lab5/install/irobot_create_ignition_bringup/share/irobot_create_ignition_bringup/gui/create3
[1.621s] -- Installing: /home/aisd/RL_lab5/install/irobot_create_ignition_bringup/share/irobot_create_ignition_bringup/gui/create3/gui.config
[1.626s] -- Installing: /home/aisd/RL_lab5/install/irobot_create_ignition_bringup/share/irobot_create_ignition_bringup/launch
[1.626s] -- Installing: /home/aisd/RL_lab5/install/irobot_create_ignition_bringup/share/irobot_create_ignition_bringup/launch/create3_spawn.launch.py
[1.627s] -- Installing: /home/aisd/RL_lab5/install/irobot_create_ignition_bringup/share/irobot_create_ignition_bringup/launch/create3_ros_ignition_bridge.launch.py
[1.627s] -- Installing: /home/aisd/RL_lab5/install/irobot_create_ignition_bringup/share/irobot_create_ignition_bringup/launch/create3_ignition.launch.py
[1.627s] -- Installing: /home/aisd/RL_lab5/install/irobot_create_ignition_bringup/share/irobot_create_ignition_bringup/launch/create3_ignition_nodes.launch.py
[1.628s] -- Installing: /home/aisd/RL_lab5/install/irobot_create_ignition_bringup/share/irobot_create_ignition_bringup/launch/ignition.launch.py
[1.628s] -- Installing: /home/aisd/RL_lab5/install/irobot_create_ignition_bringup/share/irobot_create_ignition_bringup/worlds
[1.629s] -- Installing: /home/aisd/RL_lab5/install/irobot_create_ignition_bringup/share/irobot_create_ignition_bringup/worlds/maze.sdf
[1.629s] -- Installing: /home/aisd/RL_lab5/install/irobot_create_ignition_bringup/share/irobot_create_ignition_bringup/worlds/depot.sdf
[1.630s] -- Installing: /home/aisd/RL_lab5/install/irobot_create_ignition_bringup/share/irobot_create_ignition_bringup/config
[1.630s] -- Installing: /home/aisd/RL_lab5/install/irobot_create_ignition_bringup/share/irobot_create_ignition_bringup/config/pose_republisher_params.yaml
[1.630s] -- Installing: /home/aisd/RL_lab5/install/irobot_create_ignition_bringup/share/irobot_create_ignition_bringup/config/sensors_params.yaml
[1.631s] -- Installing: /home/aisd/RL_lab5/install/irobot_create_ignition_bringup/share/ament_index/resource_index/package_run_dependencies/irobot_create_ignition_bringup
[1.631s] -- Installing: /home/aisd/RL_lab5/install/irobot_create_ignition_bringup/share/ament_index/resource_index/parent_prefix_path/irobot_create_ignition_bringup
[1.631s] -- Installing: /home/aisd/RL_lab5/install/irobot_create_ignition_bringup/share/irobot_create_ignition_bringup/environment/ament_prefix_path.sh
[1.631s] -- Installing: /home/aisd/RL_lab5/install/irobot_create_ignition_bringup/share/irobot_create_ignition_bringup/environment/ament_prefix_path.dsv
[1.632s] -- Installing: /home/aisd/RL_lab5/install/irobot_create_ignition_bringup/share/irobot_create_ignition_bringup/environment/path.sh
[1.632s] -- Installing: /home/aisd/RL_lab5/install/irobot_create_ignition_bringup/share/irobot_create_ignition_bringup/environment/path.dsv
[1.632s] -- Installing: /home/aisd/RL_lab5/install/irobot_create_ignition_bringup/share/irobot_create_ignition_bringup/local_setup.bash
[1.632s] -- Installing: /home/aisd/RL_lab5/install/irobot_create_ignition_bringup/share/irobot_create_ignition_bringup/local_setup.sh
[1.633s] -- Installing: /home/aisd/RL_lab5/install/irobot_create_ignition_bringup/share/irobot_create_ignition_bringup/local_setup.zsh
[1.633s] -- Installing: /home/aisd/RL_lab5/install/irobot_create_ignition_bringup/share/irobot_create_ignition_bringup/local_setup.dsv
[1.633s] -- Installing: /home/aisd/RL_lab5/install/irobot_create_ignition_bringup/share/irobot_create_ignition_bringup/package.dsv
[1.633s] -- Installing: /home/aisd/RL_lab5/install/irobot_create_ignition_bringup/share/ament_index/resource_index/packages/irobot_create_ignition_bringup
[1.634s] -- Installing: /home/aisd/RL_lab5/install/irobot_create_ignition_bringup/share/irobot_create_ignition_bringup/cmake/irobot_create_ignition_bringupConfig.cmake
[1.634s] -- Installing: /home/aisd/RL_lab5/install/irobot_create_ignition_bringup/share/irobot_create_ignition_bringup/cmake/irobot_create_ignition_bringupConfig-version.cmake
[1.634s] -- Installing: /home/aisd/RL_lab5/install/irobot_create_ignition_bringup/share/irobot_create_ignition_bringup/package.xml
[1.636s] Invoked command in '/home/aisd/RL_lab5/build/irobot_create_ignition_bringup' returned '0': AMENT_PREFIX_PATH=/home/aisd/RL_lab5/install/irobot_create_common_bringup:/home/aisd/RL_lab5/install/irobot_create_nodes:/home/aisd/RL_lab5/install/irobot_create_ignition_toolbox:/home/aisd/RL_lab5/install/irobot_create_toolbox:/home/aisd/RL_lab5/install/irobot_create_ignition_plugins:/home/aisd/RL_lab5/install/irobot_create_description:/home/aisd/RL_lab5/install/irobot_create_control:${AMENT_PREFIX_PATH} CMAKE_PREFIX_PATH=/home/aisd/RL_lab5/install/irobot_create_common_bringup:/home/aisd/RL_lab5/install/irobot_create_nodes:/home/aisd/RL_lab5/install/irobot_create_ignition_toolbox:/home/aisd/RL_lab5/install/irobot_create_toolbox:/home/aisd/RL_lab5/install/irobot_create_ignition_plugins:/home/aisd/RL_lab5/install/irobot_create_description:/home/aisd/RL_lab5/install/irobot_create_control:/opt/ros/humble LD_LIBRARY_PATH=/home/aisd/RL_lab5/install/irobot_create_nodes/lib:/home/aisd/RL_lab5/install/irobot_create_ignition_toolbox/lib:/home/aisd/RL_lab5/install/irobot_create_toolbox/lib:${LD_LIBRARY_PATH} PYTHONPATH=/home/aisd/RL_lab5/install/irobot_create_common_bringup/local/lib/python3.10/dist-packages:${PYTHONPATH} /usr/bin/cmake --install /home/aisd/RL_lab5/build/irobot_create_ignition_bringup
