[0.041s] Invoking command in '/home/aisd/RL_lab5/create3_ws/build/irobot_create_gazebo_plugins': CMAKE_PREFIX_PATH=/home/aisd/RL_lab5/create3_ws/install/irobot_create_toolbox:/home/aisd/RL_lab5/create3_ws/install/irobot_create_ignition_sim:/home/aisd/RL_lab5/create3_ws/install/irobot_create_ignition_bringup:/home/aisd/RL_lab5/create3_ws/install/irobot_create_gazebo_sim:/home/aisd/RL_lab5/create3_ws/install/irobot_create_gazebo_bringup:/home/aisd/RL_lab5/create3_ws/install/irobot_create_common_bringup:/home/aisd/RL_lab5/create3_ws/install/irobot_create_nodes:/home/aisd/RL_lab5/create3_ws/install/irobot_create_ignition_toolbox:/home/aisd/RL_lab5/create3_ws/install/irobot_create_gazebo_plugins:/home/aisd/RL_lab5/create3_ws/install/irobot_create_ignition_plugins:/home/aisd/RL_lab5/create3_ws/install/irobot_create_description:/home/aisd/RL_lab5/create3_ws/install/irobot_create_control:/opt/ros/humble LD_LIBRARY_PATH=/home/aisd/RL_lab5/create3_ws/install/irobot_create_toolbox/lib:/home/aisd/RL_lab5/create3_ws/install/irobot_create_nodes/lib:/home/aisd/RL_lab5/create3_ws/install/irobot_create_ignition_toolbox/lib:/home/aisd/RL_lab5/create3_ws/install/irobot_create_gazebo_plugins/lib:/usr/lib/x86_64-linux-gnu/gazebo-11/plugins:/opt/ros/humble/opt/rviz_ogre_vendor/lib:/opt/ros/humble/lib/x86_64-linux-gnu:/opt/ros/humble/lib /usr/bin/cmake /home/aisd/RL_lab5/create3_ws/src/create3_sim/irobot_create_gazebo/irobot_create_gazebo_plugins -DAMENT_CMAKE_SYMLINK_INSTALL=1 -DCMAKE_INSTALL_PREFIX=/home/aisd/RL_lab5/create3_ws/install/irobot_create_gazebo_plugins
[0.239s] -- The C compiler identification is GNU 11.4.0
[0.471s] -- The CXX compiler identification is GNU 11.4.0
[0.532s] -- Detecting C compiler ABI info
[0.858s] -- Detecting C compiler ABI info - done
[0.880s] -- Check for working C compiler: /usr/bin/cc - skipped
[0.884s] -- Detecting C compile features
[0.885s] -- Detecting C compile features - done
[0.894s] -- Detecting CXX compiler ABI info
[1.345s] -- Detecting CXX compiler ABI info - done
[1.377s] -- Check for working CXX compiler: /usr/bin/c++ - skipped
[1.377s] -- Detecting CXX compile features
[1.379s] -- Detecting CXX compile features - done
[1.390s] -- Found ament_cmake: 1.3.11 (/opt/ros/humble/share/ament_cmake/cmake)
[1.920s] -- Found Python3: /usr/bin/python3 (found version "3.10.12") found components: Interpreter 
[2.159s] -- Override CMake install command with custom implementation using symlinks instead of copying resources
[2.244s] -- Found geometry_msgs: 4.9.0 (/opt/ros/humble/share/geometry_msgs/cmake)
[2.416s] -- Found rosidl_generator_c: 3.1.6 (/opt/ros/humble/share/rosidl_generator_c/cmake)
[2.440s] -- Found rosidl_adapter: 3.1.6 (/opt/ros/humble/share/rosidl_adapter/cmake)
[2.480s] -- Found rosidl_generator_cpp: 3.1.6 (/opt/ros/humble/share/rosidl_generator_cpp/cmake)
[2.546s] -- Using all available rosidl_typesupport_c: rosidl_typesupport_fastrtps_c;rosidl_typesupport_introspection_c
[2.624s] -- Using all available rosidl_typesupport_cpp: rosidl_typesupport_fastrtps_cpp;rosidl_typesupport_introspection_cpp
[2.795s] -- Found irobot_create_msgs: 2.1.0 (/opt/ros/humble/share/irobot_create_msgs/cmake)
[2.944s] -- Found irobot_create_toolbox: 2.1.0 (/home/aisd/RL_lab5/create3_ws/install/irobot_create_toolbox/share/irobot_create_toolbox/cmake)
[3.096s] -- Found rmw_implementation_cmake: 6.1.2 (/opt/ros/humble/share/rmw_implementation_cmake/cmake)
[3.104s] -- Found rmw_cyclonedds_cpp: 1.3.4 (/opt/ros/humble/share/rmw_cyclonedds_cpp/cmake)
[3.211s] -- Using RMW implementation 'rmw_cyclonedds_cpp' as default
[3.260s] -- Looking for pthread.h
[3.532s] -- Looking for pthread.h - found
[3.533s] -- Performing Test CMAKE_HAVE_LIBC_PTHREAD
[3.971s] -- Performing Test CMAKE_HAVE_LIBC_PTHREAD - Success
[3.973s] -- Found Threads: TRUE  
[4.099s] -- Found sensor_msgs: 4.9.0 (/opt/ros/humble/share/sensor_msgs/cmake)
[4.169s] -- Found PkgConfig: /usr/bin/pkg-config (found version "0.29.2") 
[4.175s] -- Checking for module 'bullet>=2.82'
[4.261s] --   Found bullet, version 3.05
[4.947s] -- Found fcl: /usr/include (found suitable version "0.7.0", minimum required is "0.5.0") 
[5.160s] -- Found assimp: /usr/include (found version "5.2.0") 
[5.300s] -- Found DART: /usr/include (Required is at least version "6.6") found components: dart 
[5.504s] -- Found Boost: /usr/lib/x86_64-linux-gnu/cmake/Boost-1.74.0/BoostConfig.cmake (found suitable version "1.74.0", minimum required is "1.40.0") found components: thread system filesystem program_options regex iostreams date_time 
[5.644s] -- Found Protobuf: /usr/lib/x86_64-linux-gnu/libprotobuf.so (found version "3.12.4") 
[5.671s] -- Looking for ignition-math6 -- found version 6.15.1
[5.672s] -- Looking for OGRE...
[5.673s] -- OGRE_PREFIX_WATCH changed.
[5.715s] -- Checking for module 'OGRE'
[5.821s] --   Found OGRE, version 1.9.0
[6.164s] -- Found Ogre Ghadamon (1.9.0)
[6.268s] -- Found OGRE: optimized;/usr/lib/x86_64-linux-gnu/libOgreMain.so;debug;/usr/lib/x86_64-linux-gnu/libOgreMain.so
[6.359s] -- Looking for OGRE_Paging...
[6.465s] -- Found OGRE_Paging: optimized;/usr/lib/x86_64-linux-gnu/libOgrePaging.so;debug;/usr/lib/x86_64-linux-gnu/libOgrePaging.so
[6.465s] -- Looking for OGRE_Terrain...
[6.547s] -- Found OGRE_Terrain: optimized;/usr/lib/x86_64-linux-gnu/libOgreTerrain.so;debug;/usr/lib/x86_64-linux-gnu/libOgreTerrain.so
[6.548s] -- Looking for OGRE_Property...
[6.649s] -- Found OGRE_Property: optimized;/usr/lib/x86_64-linux-gnu/libOgreProperty.so;debug;/usr/lib/x86_64-linux-gnu/libOgreProperty.so
[6.650s] -- Looking for OGRE_RTShaderSystem...
[6.707s] -- Found OGRE_RTShaderSystem: optimized;/usr/lib/x86_64-linux-gnu/libOgreRTShaderSystem.so;debug;/usr/lib/x86_64-linux-gnu/libOgreRTShaderSystem.so
[6.708s] -- Looking for OGRE_Volume...
[6.764s] -- Found OGRE_Volume: optimized;/usr/lib/x86_64-linux-gnu/libOgreVolume.so;debug;/usr/lib/x86_64-linux-gnu/libOgreVolume.so
[6.765s] -- Looking for OGRE_Overlay...
[6.816s] -- Found OGRE_Overlay: optimized;/usr/lib/x86_64-linux-gnu/libOgreOverlay.so;debug;/usr/lib/x86_64-linux-gnu/libOgreOverlay.so
[8.192s] -- Looking for ignition-math6 -- found version 6.15.1
[8.220s] -- Looking for ignition-transport8 -- found version 8.2.1
[8.221s] -- Searching for dependencies of ignition-transport8
[8.352s] -- Found Protobuf: /usr/lib/x86_64-linux-gnu/libprotobuf.so (found suitable version "3.12.4", minimum required is "3") 
[8.424s] -- Config-file not installed for ZeroMQ -- checking for pkg-config
[8.444s] -- Checking for module 'libzmq >= 4'
[8.578s] --   Found libzmq , version 4.3.4
[8.902s] -- Found ZeroMQ: TRUE (Required is at least version "4") 
[8.931s] -- Checking for module 'uuid'
[9.023s] --   Found uuid, version 2.37.2
[9.403s] -- Found UUID: TRUE  
[9.424s] -- Looking for ignition-msgs5 -- found version 5.8.1
[9.426s] -- Searching for dependencies of ignition-msgs5
[9.534s] -- Looking for ignition-math6 -- found version 6.15.1
[9.568s] -- Checking for module 'tinyxml2'
[9.700s] --   Found tinyxml2, version 9.0.0
[10.099s] -- Looking for ignition-msgs5 -- found version 5.8.1
[10.112s] -- Looking for ignition-common3 -- found version 3.14.0
[10.124s] -- Searching for dependencies of ignition-common3
[10.136s] -- Looking for dlfcn.h - found
[10.139s] -- Looking for libdl - found
[10.143s] -- Found DL: TRUE  
[10.236s] -- Found tinyobjloader: /usr/lib/x86_64-linux-gnu/cmake/tinyobjloader/tinyobjloader-config.cmake (found version "2.0.0") 
[10.238s] -- Searching for <ignition-common3> component [graphics]
[10.255s] -- Looking for ignition-common3-graphics -- found version 3.14.0
[10.273s] -- Searching for dependencies of ignition-common3-graphics
[10.276s] -- Looking for ignition-math6 -- found version 6.15.1
[10.299s] -- Looking for ignition-fuel_tools4 -- found version 4.4.0
[10.306s] -- Searching for dependencies of ignition-fuel_tools4
[11.091s] -- Found CURL: /usr/lib/x86_64-linux-gnu/libcurl.so (found version "7.81.0")  
[11.148s] -- Checking for module 'jsoncpp'
[11.261s] --   Found jsoncpp, version 1.9.5
[11.646s] -- Found JSONCPP: TRUE  
[11.681s] -- Checking for module 'libzip'
[11.817s] --   Found libzip, version 1.7.3
[12.158s] -- Found ZIP: TRUE  
[12.158s] -- Looking for ignition-common3 -- found version 3.14.0
[12.158s] -- Looking for ignition-math6 -- found version 6.15.1
[12.158s] -- Looking for ignition-msgs5 -- found version 5.8.1
[12.191s] -- Gazebo version: 11.10
[12.192s] -- Checking for module 'tbb'
[12.296s] --   Found tbb, version 2021.5.0
[13.299s] -- Found ament_lint_auto: 0.12.12 (/opt/ros/humble/share/ament_lint_auto/cmake)
[13.918s] -- Added test 'cppcheck' to perform static code analysis on C / C++ code
[13.947s] -- Configured cppcheck include dirs: /home/aisd/RL_lab5/create3_ws/src/create3_sim/irobot_create_gazebo/irobot_create_gazebo_plugins/include
[13.947s] -- Configured cppcheck exclude dirs and/or files: 
[13.950s] -- Added test 'cpplint' to check C / C++ code against the Google style
[13.951s] -- Configured cpplint exclude dirs and/or files: 
[13.969s] -- Added test 'lint_cmake' to check CMake code style
[13.983s] -- Added test 'uncrustify' to check C / C++ code style
[13.983s] -- Configured uncrustify additional arguments: 
[13.991s] -- Added test 'xmllint' to check XML markup files
[14.024s] -- Configuring done
[16.187s] -- Generating done
[16.429s] -- Build files have been written to: /home/aisd/RL_lab5/create3_ws/build/irobot_create_gazebo_plugins
[16.533s] Invoked command in '/home/aisd/RL_lab5/create3_ws/build/irobot_create_gazebo_plugins' returned '0': CMAKE_PREFIX_PATH=/home/aisd/RL_lab5/create3_ws/install/irobot_create_toolbox:/home/aisd/RL_lab5/create3_ws/install/irobot_create_ignition_sim:/home/aisd/RL_lab5/create3_ws/install/irobot_create_ignition_bringup:/home/aisd/RL_lab5/create3_ws/install/irobot_create_gazebo_sim:/home/aisd/RL_lab5/create3_ws/install/irobot_create_gazebo_bringup:/home/aisd/RL_lab5/create3_ws/install/irobot_create_common_bringup:/home/aisd/RL_lab5/create3_ws/install/irobot_create_nodes:/home/aisd/RL_lab5/create3_ws/install/irobot_create_ignition_toolbox:/home/aisd/RL_lab5/create3_ws/install/irobot_create_gazebo_plugins:/home/aisd/RL_lab5/create3_ws/install/irobot_create_ignition_plugins:/home/aisd/RL_lab5/create3_ws/install/irobot_create_description:/home/aisd/RL_lab5/create3_ws/install/irobot_create_control:/opt/ros/humble LD_LIBRARY_PATH=/home/aisd/RL_lab5/create3_ws/install/irobot_create_toolbox/lib:/home/aisd/RL_lab5/create3_ws/install/irobot_create_nodes/lib:/home/aisd/RL_lab5/create3_ws/install/irobot_create_ignition_toolbox/lib:/home/aisd/RL_lab5/create3_ws/install/irobot_create_gazebo_plugins/lib:/usr/lib/x86_64-linux-gnu/gazebo-11/plugins:/opt/ros/humble/opt/rviz_ogre_vendor/lib:/opt/ros/humble/lib/x86_64-linux-gnu:/opt/ros/humble/lib /usr/bin/cmake /home/aisd/RL_lab5/create3_ws/src/create3_sim/irobot_create_gazebo/irobot_create_gazebo_plugins -DAMENT_CMAKE_SYMLINK_INSTALL=1 -DCMAKE_INSTALL_PREFIX=/home/aisd/RL_lab5/create3_ws/install/irobot_create_gazebo_plugins
[16.534s] Invoking command in '/home/aisd/RL_lab5/create3_ws/build/irobot_create_gazebo_plugins': CMAKE_PREFIX_PATH=/home/aisd/RL_lab5/create3_ws/install/irobot_create_toolbox:/home/aisd/RL_lab5/create3_ws/install/irobot_create_ignition_sim:/home/aisd/RL_lab5/create3_ws/install/irobot_create_ignition_bringup:/home/aisd/RL_lab5/create3_ws/install/irobot_create_gazebo_sim:/home/aisd/RL_lab5/create3_ws/install/irobot_create_gazebo_bringup:/home/aisd/RL_lab5/create3_ws/install/irobot_create_common_bringup:/home/aisd/RL_lab5/create3_ws/install/irobot_create_nodes:/home/aisd/RL_lab5/create3_ws/install/irobot_create_ignition_toolbox:/home/aisd/RL_lab5/create3_ws/install/irobot_create_gazebo_plugins:/home/aisd/RL_lab5/create3_ws/install/irobot_create_ignition_plugins:/home/aisd/RL_lab5/create3_ws/install/irobot_create_description:/home/aisd/RL_lab5/create3_ws/install/irobot_create_control:/opt/ros/humble LD_LIBRARY_PATH=/home/aisd/RL_lab5/create3_ws/install/irobot_create_toolbox/lib:/home/aisd/RL_lab5/create3_ws/install/irobot_create_nodes/lib:/home/aisd/RL_lab5/create3_ws/install/irobot_create_ignition_toolbox/lib:/home/aisd/RL_lab5/create3_ws/install/irobot_create_gazebo_plugins/lib:/usr/lib/x86_64-linux-gnu/gazebo-11/plugins:/opt/ros/humble/opt/rviz_ogre_vendor/lib:/opt/ros/humble/lib/x86_64-linux-gnu:/opt/ros/humble/lib /usr/bin/cmake --build /home/aisd/RL_lab5/create3_ws/build/irobot_create_gazebo_plugins -- -j4 -l4
[17.009s] [  5%] [32mBuilding CXX object CMakeFiles/gazebo_ros_create_helpers.dir/src/gazebo_ros_helpers.cpp.o[0m
[57.279s] [ 10%] [32m[1mLinking CXX shared library libgazebo_ros_create_helpers.so[0m
[59.058s] [ 10%] Built target gazebo_ros_create_helpers
[59.249s] [ 15%] [32mBuilding CXX object CMakeFiles/gazebo_ros_create_bumper.dir/src/gazebo_ros_bumper.cpp.o[0m
[109.719s] [ 20%] [32m[1mLinking CXX shared library libgazebo_ros_create_bumper.so[0m
[113.241s] [ 20%] Built target gazebo_ros_create_bumper
[113.333s] [ 25%] [32mBuilding CXX object CMakeFiles/gazebo_ros_create_imu.dir/src/gazebo_ros_imu.cpp.o[0m
[152.229s] [ 30%] [32m[1mLinking CXX shared library libgazebo_ros_create_imu.so[0m
[153.620s] [ 30%] Built target gazebo_ros_create_imu
[153.667s] [ 35%] [32mBuilding CXX object CMakeFiles/gazebo_ros_create_ir_intensity_sensor.dir/src/gazebo_ros_ir_intensity_sensor.cpp.o[0m
[180.858s] [ 40%] [32m[1mLinking CXX shared library libgazebo_ros_create_ir_intensity_sensor.so[0m
[182.377s] [ 40%] Built target gazebo_ros_create_ir_intensity_sensor
[182.422s] [ 45%] [32mBuilding CXX object CMakeFiles/gazebo_ros_create_optical_mouse.dir/src/gazebo_ros_optical_mouse.cpp.o[0m
[207.254s] [ 50%] [32m[1mLinking CXX shared library libgazebo_ros_create_optical_mouse.so[0m
[208.595s] [ 50%] Built target gazebo_ros_create_optical_mouse
[208.626s] [ 55%] [32mBuilding CXX object CMakeFiles/docking_manager.dir/src/docking_manager.cpp.o[0m
[229.874s] [ 60%] [32m[1mLinking CXX shared library libdocking_manager.so[0m
[230.838s] [ 60%] Built target docking_manager
[230.870s] [ 65%] [32mBuilding CXX object CMakeFiles/gazebo_ros_create_wheel_drop.dir/src/gazebo_ros_wheel_drop.cpp.o[0m
[250.604s] [ 70%] [32m[1mLinking CXX shared library libgazebo_ros_create_wheel_drop.so[0m
[251.649s] [ 70%] Built target gazebo_ros_create_wheel_drop
[251.683s] [ 75%] [32mBuilding CXX object CMakeFiles/gazebo_ros_create_ir_opcode.dir/src/gazebo_ros_ir_opcode.cpp.o[0m
[277.256s] [ 80%] [32m[1mLinking CXX shared library libgazebo_ros_create_ir_opcode.so[0m
[279.268s] [ 80%] Built target gazebo_ros_create_ir_opcode
[279.311s] [ 85%] [32mBuilding CXX object CMakeFiles/gazebo_ros_create_docking_status.dir/src/gazebo_ros_docking_status.cpp.o[0m
[307.662s] [ 90%] [32m[1mLinking CXX shared library libgazebo_ros_create_docking_status.so[0m
[309.628s] [ 90%] Built target gazebo_ros_create_docking_status
[309.660s] [ 95%] [32mBuilding CXX object CMakeFiles/gazebo_ros_create_cliff_sensor.dir/src/gazebo_ros_cliff_sensor.cpp.o[0m
[333.700s] [100%] [32m[1mLinking CXX shared library libgazebo_ros_create_cliff_sensor.so[0m
[334.907s] [100%] Built target gazebo_ros_create_cliff_sensor
[334.923s] Invoked command in '/home/aisd/RL_lab5/create3_ws/build/irobot_create_gazebo_plugins' returned '0': CMAKE_PREFIX_PATH=/home/aisd/RL_lab5/create3_ws/install/irobot_create_toolbox:/home/aisd/RL_lab5/create3_ws/install/irobot_create_ignition_sim:/home/aisd/RL_lab5/create3_ws/install/irobot_create_ignition_bringup:/home/aisd/RL_lab5/create3_ws/install/irobot_create_gazebo_sim:/home/aisd/RL_lab5/create3_ws/install/irobot_create_gazebo_bringup:/home/aisd/RL_lab5/create3_ws/install/irobot_create_common_bringup:/home/aisd/RL_lab5/create3_ws/install/irobot_create_nodes:/home/aisd/RL_lab5/create3_ws/install/irobot_create_ignition_toolbox:/home/aisd/RL_lab5/create3_ws/install/irobot_create_gazebo_plugins:/home/aisd/RL_lab5/create3_ws/install/irobot_create_ignition_plugins:/home/aisd/RL_lab5/create3_ws/install/irobot_create_description:/home/aisd/RL_lab5/create3_ws/install/irobot_create_control:/opt/ros/humble LD_LIBRARY_PATH=/home/aisd/RL_lab5/create3_ws/install/irobot_create_toolbox/lib:/home/aisd/RL_lab5/create3_ws/install/irobot_create_nodes/lib:/home/aisd/RL_lab5/create3_ws/install/irobot_create_ignition_toolbox/lib:/home/aisd/RL_lab5/create3_ws/install/irobot_create_gazebo_plugins/lib:/usr/lib/x86_64-linux-gnu/gazebo-11/plugins:/opt/ros/humble/opt/rviz_ogre_vendor/lib:/opt/ros/humble/lib/x86_64-linux-gnu:/opt/ros/humble/lib /usr/bin/cmake --build /home/aisd/RL_lab5/create3_ws/build/irobot_create_gazebo_plugins -- -j4 -l4
[334.926s] Invoking command in '/home/aisd/RL_lab5/create3_ws/build/irobot_create_gazebo_plugins': CMAKE_PREFIX_PATH=/home/aisd/RL_lab5/create3_ws/install/irobot_create_toolbox:/home/aisd/RL_lab5/create3_ws/install/irobot_create_ignition_sim:/home/aisd/RL_lab5/create3_ws/install/irobot_create_ignition_bringup:/home/aisd/RL_lab5/create3_ws/install/irobot_create_gazebo_sim:/home/aisd/RL_lab5/create3_ws/install/irobot_create_gazebo_bringup:/home/aisd/RL_lab5/create3_ws/install/irobot_create_common_bringup:/home/aisd/RL_lab5/create3_ws/install/irobot_create_nodes:/home/aisd/RL_lab5/create3_ws/install/irobot_create_ignition_toolbox:/home/aisd/RL_lab5/create3_ws/install/irobot_create_gazebo_plugins:/home/aisd/RL_lab5/create3_ws/install/irobot_create_ignition_plugins:/home/aisd/RL_lab5/create3_ws/install/irobot_create_description:/home/aisd/RL_lab5/create3_ws/install/irobot_create_control:/opt/ros/humble LD_LIBRARY_PATH=/home/aisd/RL_lab5/create3_ws/install/irobot_create_toolbox/lib:/home/aisd/RL_lab5/create3_ws/install/irobot_create_nodes/lib:/home/aisd/RL_lab5/create3_ws/install/irobot_create_ignition_toolbox/lib:/home/aisd/RL_lab5/create3_ws/install/irobot_create_gazebo_plugins/lib:/usr/lib/x86_64-linux-gnu/gazebo-11/plugins:/opt/ros/humble/opt/rviz_ogre_vendor/lib:/opt/ros/humble/lib/x86_64-linux-gnu:/opt/ros/humble/lib /usr/bin/cmake --install /home/aisd/RL_lab5/create3_ws/build/irobot_create_gazebo_plugins
[334.937s] -- Install configuration: ""
[334.938s] -- Execute custom install script
[334.938s] -- Symlinking: /home/aisd/RL_lab5/create3_ws/install/irobot_create_gazebo_plugins/share/irobot_create_gazebo_plugins/environment/library_path.sh
[334.950s] -- Symlinking: /home/aisd/RL_lab5/create3_ws/install/irobot_create_gazebo_plugins/share/irobot_create_gazebo_plugins/environment/library_path.dsv
[334.962s] -- Symlinking: /home/aisd/RL_lab5/create3_ws/install/irobot_create_gazebo_plugins/include/irobot_create_gazebo_plugins/docking_manager.hpp
[334.974s] -- Symlinking: /home/aisd/RL_lab5/create3_ws/install/irobot_create_gazebo_plugins/include/irobot_create_gazebo_plugins/gazebo_ros_bumper.hpp
[334.986s] -- Symlinking: /home/aisd/RL_lab5/create3_ws/install/irobot_create_gazebo_plugins/include/irobot_create_gazebo_plugins/gazebo_ros_cliff_sensor.hpp
[334.999s] -- Symlinking: /home/aisd/RL_lab5/create3_ws/install/irobot_create_gazebo_plugins/include/irobot_create_gazebo_plugins/gazebo_ros_docking_status.hpp
[335.013s] -- Symlinking: /home/aisd/RL_lab5/create3_ws/install/irobot_create_gazebo_plugins/include/irobot_create_gazebo_plugins/gazebo_ros_helpers.hpp
[335.025s] -- Symlinking: /home/aisd/RL_lab5/create3_ws/install/irobot_create_gazebo_plugins/include/irobot_create_gazebo_plugins/gazebo_ros_imu.hpp
[335.036s] -- Symlinking: /home/aisd/RL_lab5/create3_ws/install/irobot_create_gazebo_plugins/include/irobot_create_gazebo_plugins/gazebo_ros_ir_intensity_sensor.hpp
[335.048s] -- Symlinking: /home/aisd/RL_lab5/create3_ws/install/irobot_create_gazebo_plugins/include/irobot_create_gazebo_plugins/gazebo_ros_ir_opcode.hpp
[335.060s] -- Symlinking: /home/aisd/RL_lab5/create3_ws/install/irobot_create_gazebo_plugins/include/irobot_create_gazebo_plugins/gazebo_ros_optical_mouse.hpp
[335.072s] -- Symlinking: /home/aisd/RL_lab5/create3_ws/install/irobot_create_gazebo_plugins/include/irobot_create_gazebo_plugins/gazebo_ros_wheel_drop.hpp
[335.088s] -- Symlinking: /home/aisd/RL_lab5/create3_ws/install/irobot_create_gazebo_plugins/lib/libgazebo_ros_create_bumper.so
[335.101s] -- Symlinking: /home/aisd/RL_lab5/create3_ws/install/irobot_create_gazebo_plugins/lib/libgazebo_ros_create_cliff_sensor.so
[335.115s] -- Symlinking: /home/aisd/RL_lab5/create3_ws/install/irobot_create_gazebo_plugins/lib/libgazebo_ros_create_docking_status.so
[335.127s] -- Symlinking: /home/aisd/RL_lab5/create3_ws/install/irobot_create_gazebo_plugins/lib/libgazebo_ros_create_helpers.so
[335.139s] -- Symlinking: /home/aisd/RL_lab5/create3_ws/install/irobot_create_gazebo_plugins/lib/libgazebo_ros_create_imu.so
[335.152s] -- Symlinking: /home/aisd/RL_lab5/create3_ws/install/irobot_create_gazebo_plugins/lib/libgazebo_ros_create_ir_intensity_sensor.so
[335.164s] -- Symlinking: /home/aisd/RL_lab5/create3_ws/install/irobot_create_gazebo_plugins/lib/libgazebo_ros_create_optical_mouse.so
[335.176s] -- Symlinking: /home/aisd/RL_lab5/create3_ws/install/irobot_create_gazebo_plugins/lib/libgazebo_ros_create_ir_opcode.so
[335.188s] -- Symlinking: /home/aisd/RL_lab5/create3_ws/install/irobot_create_gazebo_plugins/lib/libdocking_manager.so
[335.200s] -- Symlinking: /home/aisd/RL_lab5/create3_ws/install/irobot_create_gazebo_plugins/lib/libgazebo_ros_create_wheel_drop.so
[335.211s] -- Symlinking: /home/aisd/RL_lab5/create3_ws/install/irobot_create_gazebo_plugins/share/ament_index/resource_index/package_run_dependencies/irobot_create_gazebo_plugins
[335.223s] -- Symlinking: /home/aisd/RL_lab5/create3_ws/install/irobot_create_gazebo_plugins/share/ament_index/resource_index/parent_prefix_path/irobot_create_gazebo_plugins
[335.235s] -- Symlinking: /home/aisd/RL_lab5/create3_ws/install/irobot_create_gazebo_plugins/share/irobot_create_gazebo_plugins/environment/ament_prefix_path.sh
[335.246s] -- Symlinking: /home/aisd/RL_lab5/create3_ws/install/irobot_create_gazebo_plugins/share/irobot_create_gazebo_plugins/environment/ament_prefix_path.dsv
[335.258s] -- Symlinking: /home/aisd/RL_lab5/create3_ws/install/irobot_create_gazebo_plugins/share/irobot_create_gazebo_plugins/environment/path.sh
[335.270s] -- Symlinking: /home/aisd/RL_lab5/create3_ws/install/irobot_create_gazebo_plugins/share/irobot_create_gazebo_plugins/environment/path.dsv
[335.281s] -- Symlinking: /home/aisd/RL_lab5/create3_ws/install/irobot_create_gazebo_plugins/share/irobot_create_gazebo_plugins/local_setup.bash
[335.293s] -- Symlinking: /home/aisd/RL_lab5/create3_ws/install/irobot_create_gazebo_plugins/share/irobot_create_gazebo_plugins/local_setup.sh
[335.305s] -- Symlinking: /home/aisd/RL_lab5/create3_ws/install/irobot_create_gazebo_plugins/share/irobot_create_gazebo_plugins/local_setup.zsh
[335.317s] -- Symlinking: /home/aisd/RL_lab5/create3_ws/install/irobot_create_gazebo_plugins/share/irobot_create_gazebo_plugins/local_setup.dsv
[335.328s] -- Symlinking: /home/aisd/RL_lab5/create3_ws/install/irobot_create_gazebo_plugins/share/irobot_create_gazebo_plugins/package.dsv
[335.340s] -- Symlinking: /home/aisd/RL_lab5/create3_ws/install/irobot_create_gazebo_plugins/share/ament_index/resource_index/packages/irobot_create_gazebo_plugins
[335.352s] -- Symlinking: /home/aisd/RL_lab5/create3_ws/install/irobot_create_gazebo_plugins/share/irobot_create_gazebo_plugins/cmake/ament_cmake_export_libraries-extras.cmake
[335.364s] -- Symlinking: /home/aisd/RL_lab5/create3_ws/install/irobot_create_gazebo_plugins/share/irobot_create_gazebo_plugins/cmake/ament_cmake_export_include_directories-extras.cmake
[335.376s] -- Symlinking: /home/aisd/RL_lab5/create3_ws/install/irobot_create_gazebo_plugins/share/irobot_create_gazebo_plugins/cmake/ament_cmake_export_dependencies-extras.cmake
[335.387s] -- Symlinking: /home/aisd/RL_lab5/create3_ws/install/irobot_create_gazebo_plugins/share/irobot_create_gazebo_plugins/cmake/irobot_create_gazebo_pluginsConfig.cmake
[335.399s] -- Symlinking: /home/aisd/RL_lab5/create3_ws/install/irobot_create_gazebo_plugins/share/irobot_create_gazebo_plugins/cmake/irobot_create_gazebo_pluginsConfig-version.cmake
[335.410s] -- Symlinking: /home/aisd/RL_lab5/create3_ws/install/irobot_create_gazebo_plugins/share/irobot_create_gazebo_plugins/package.xml
[335.424s] Invoked command in '/home/aisd/RL_lab5/create3_ws/build/irobot_create_gazebo_plugins' returned '0': CMAKE_PREFIX_PATH=/home/aisd/RL_lab5/create3_ws/install/irobot_create_toolbox:/home/aisd/RL_lab5/create3_ws/install/irobot_create_ignition_sim:/home/aisd/RL_lab5/create3_ws/install/irobot_create_ignition_bringup:/home/aisd/RL_lab5/create3_ws/install/irobot_create_gazebo_sim:/home/aisd/RL_lab5/create3_ws/install/irobot_create_gazebo_bringup:/home/aisd/RL_lab5/create3_ws/install/irobot_create_common_bringup:/home/aisd/RL_lab5/create3_ws/install/irobot_create_nodes:/home/aisd/RL_lab5/create3_ws/install/irobot_create_ignition_toolbox:/home/aisd/RL_lab5/create3_ws/install/irobot_create_gazebo_plugins:/home/aisd/RL_lab5/create3_ws/install/irobot_create_ignition_plugins:/home/aisd/RL_lab5/create3_ws/install/irobot_create_description:/home/aisd/RL_lab5/create3_ws/install/irobot_create_control:/opt/ros/humble LD_LIBRARY_PATH=/home/aisd/RL_lab5/create3_ws/install/irobot_create_toolbox/lib:/home/aisd/RL_lab5/create3_ws/install/irobot_create_nodes/lib:/home/aisd/RL_lab5/create3_ws/install/irobot_create_ignition_toolbox/lib:/home/aisd/RL_lab5/create3_ws/install/irobot_create_gazebo_plugins/lib:/usr/lib/x86_64-linux-gnu/gazebo-11/plugins:/opt/ros/humble/opt/rviz_ogre_vendor/lib:/opt/ros/humble/lib/x86_64-linux-gnu:/opt/ros/humble/lib /usr/bin/cmake --install /home/aisd/RL_lab5/create3_ws/build/irobot_create_gazebo_plugins
