[0.046s] Invoking command in '/home/aisd/RL_lab5/build/irobot_create_description': CMAKE_PREFIX_PATH=/opt/ros/humble /usr/bin/cmake /home/aisd/RL_lab5/create3_ws/src/create3_sim/irobot_create_common/irobot_create_description -DCMAKE_INSTALL_PREFIX=/home/aisd/RL_lab5/install/irobot_create_description
[0.285s] -- The C compiler identification is GNU 11.4.0
[0.479s] -- The CXX compiler identification is GNU 11.4.0
[0.512s] -- Detecting C compiler ABI info
[0.691s] -- Detecting C compiler ABI info - done
[0.729s] -- Check for working C compiler: /usr/bin/cc - skipped
[0.730s] -- Detecting C compile features
[0.731s] -- Detecting C compile features - done
[0.740s] -- Detecting CXX compiler ABI info
[0.959s] -- Detecting CXX compiler ABI info - done
[1.001s] -- Check for working CXX compiler: /usr/bin/c++ - skipped
[1.002s] -- Detecting CXX compile features
[1.002s] -- Detecting CXX compile features - done
[1.006s] -- Found ament_cmake: 1.3.11 (/opt/ros/humble/share/ament_cmake/cmake)
[1.441s] -- Found Python3: /usr/bin/python3 (found version "3.10.12") found components: Interpreter 
[1.738s] -- Found ament_lint_auto: 0.12.12 (/opt/ros/humble/share/ament_lint_auto/cmake)
[1.904s] -- Added test 'lint_cmake' to check CMake code style
[1.908s] -- Configuring done
[1.914s] -- Generating done
[1.917s] -- Build files have been written to: /home/aisd/RL_lab5/build/irobot_create_description
[1.929s] Invoked command in '/home/aisd/RL_lab5/build/irobot_create_description' returned '0': CMAKE_PREFIX_PATH=/opt/ros/humble /usr/bin/cmake /home/aisd/RL_lab5/create3_ws/src/create3_sim/irobot_create_common/irobot_create_description -DCMAKE_INSTALL_PREFIX=/home/aisd/RL_lab5/install/irobot_create_description
[1.930s] Invoking command in '/home/aisd/RL_lab5/build/irobot_create_description': CMAKE_PREFIX_PATH=/opt/ros/humble /usr/bin/cmake --build /home/aisd/RL_lab5/build/irobot_create_description -- -j4 -l4
[2.012s] Invoked command in '/home/aisd/RL_lab5/build/irobot_create_description' returned '0': CMAKE_PREFIX_PATH=/opt/ros/humble /usr/bin/cmake --build /home/aisd/RL_lab5/build/irobot_create_description -- -j4 -l4
[2.026s] Invoking command in '/home/aisd/RL_lab5/build/irobot_create_description': CMAKE_PREFIX_PATH=/opt/ros/humble /usr/bin/cmake --install /home/aisd/RL_lab5/build/irobot_create_description
[2.040s] -- Install configuration: ""
[2.041s] -- Installing: /home/aisd/RL_lab5/install/irobot_create_description/share/irobot_create_description//meshes
[2.042s] -- Installing: /home/aisd/RL_lab5/install/irobot_create_description/share/irobot_create_description//meshes/body_visual.dae
[2.049s] -- Installing: /home/aisd/RL_lab5/install/irobot_create_description/share/irobot_create_description//meshes/dock
[2.049s] -- Installing: /home/aisd/RL_lab5/install/irobot_create_description/share/irobot_create_description//meshes/dock/visual.dae
[2.073s] -- Installing: /home/aisd/RL_lab5/install/irobot_create_description/share/irobot_create_description//meshes/bumper_collision.dae
[2.076s] -- Installing: /home/aisd/RL_lab5/install/irobot_create_description/share/irobot_create_description//meshes/bumper_visual.dae
[2.076s] -- Installing: /home/aisd/RL_lab5/install/irobot_create_description/share/irobot_create_description//urdf
[2.077s] -- Installing: /home/aisd/RL_lab5/install/irobot_create_description/share/irobot_create_description//urdf/wheel_drop.urdf.xacro
[2.077s] -- Installing: /home/aisd/RL_lab5/install/irobot_create_description/share/irobot_create_description//urdf/create3.urdf.xacro
[2.078s] -- Installing: /home/aisd/RL_lab5/install/irobot_create_description/share/irobot_create_description//urdf/wheel.urdf.xacro
[2.078s] -- Installing: /home/aisd/RL_lab5/install/irobot_create_description/share/irobot_create_description//urdf/bumper.urdf.xacro
[2.079s] -- Installing: /home/aisd/RL_lab5/install/irobot_create_description/share/irobot_create_description//urdf/wheel_with_wheeldrop.urdf.xacro
[2.079s] -- Installing: /home/aisd/RL_lab5/install/irobot_create_description/share/irobot_create_description//urdf/dock
[2.084s] -- Installing: /home/aisd/RL_lab5/install/irobot_create_description/share/irobot_create_description//urdf/dock/ir_emitter.urdf.xacro
[2.084s] -- Installing: /home/aisd/RL_lab5/install/irobot_create_description/share/irobot_create_description//urdf/dock/standard_dock.urdf.xacro
[2.085s] -- Installing: /home/aisd/RL_lab5/install/irobot_create_description/share/irobot_create_description//urdf/camera.urdf.xacro
[2.085s] -- Installing: /home/aisd/RL_lab5/install/irobot_create_description/share/irobot_create_description//urdf/caster.urdf.xacro
[2.085s] -- Installing: /home/aisd/RL_lab5/install/irobot_create_description/share/irobot_create_description//urdf/sensors
[2.085s] -- Installing: /home/aisd/RL_lab5/install/irobot_create_description/share/irobot_create_description//urdf/sensors/imu.urdf.xacro
[2.086s] -- Installing: /home/aisd/RL_lab5/install/irobot_create_description/share/irobot_create_description//urdf/sensors/optical_mouse.urdf.xacro
[2.086s] -- Installing: /home/aisd/RL_lab5/install/irobot_create_description/share/irobot_create_description//urdf/sensors/ir_intensity.urdf.xacro
[2.086s] -- Installing: /home/aisd/RL_lab5/install/irobot_create_description/share/irobot_create_description//urdf/sensors/ir_opcode_receivers.urdf.xacro
[2.086s] -- Installing: /home/aisd/RL_lab5/install/irobot_create_description/share/irobot_create_description//urdf/sensors/cliff_sensor.urdf.xacro
[2.086s] -- Installing: /home/aisd/RL_lab5/install/irobot_create_description/share/irobot_create_description//urdf/common_properties.urdf.xacro
[2.087s] -- Installing: /home/aisd/RL_lab5/install/irobot_create_description/share/irobot_create_description//urdf/button.urdf.xacro
[2.087s] -- Installing: /home/aisd/RL_lab5/install/irobot_create_description/share/ament_index/resource_index/package_run_dependencies/irobot_create_description
[2.087s] -- Installing: /home/aisd/RL_lab5/install/irobot_create_description/share/ament_index/resource_index/parent_prefix_path/irobot_create_description
[2.088s] -- Installing: /home/aisd/RL_lab5/install/irobot_create_description/share/irobot_create_description/environment/ament_prefix_path.sh
[2.088s] -- Installing: /home/aisd/RL_lab5/install/irobot_create_description/share/irobot_create_description/environment/ament_prefix_path.dsv
[2.088s] -- Installing: /home/aisd/RL_lab5/install/irobot_create_description/share/irobot_create_description/environment/path.sh
[2.088s] -- Installing: /home/aisd/RL_lab5/install/irobot_create_description/share/irobot_create_description/environment/path.dsv
[2.088s] -- Installing: /home/aisd/RL_lab5/install/irobot_create_description/share/irobot_create_description/local_setup.bash
[2.089s] -- Installing: /home/aisd/RL_lab5/install/irobot_create_description/share/irobot_create_description/local_setup.sh
[2.089s] -- Installing: /home/aisd/RL_lab5/install/irobot_create_description/share/irobot_create_description/local_setup.zsh
[2.089s] -- Installing: /home/aisd/RL_lab5/install/irobot_create_description/share/irobot_create_description/local_setup.dsv
[2.089s] -- Installing: /home/aisd/RL_lab5/install/irobot_create_description/share/irobot_create_description/package.dsv
[2.089s] -- Installing: /home/aisd/RL_lab5/install/irobot_create_description/share/ament_index/resource_index/packages/irobot_create_description
[2.089s] -- Installing: /home/aisd/RL_lab5/install/irobot_create_description/share/irobot_create_description/cmake/irobot_create_descriptionConfig.cmake
[2.090s] -- Installing: /home/aisd/RL_lab5/install/irobot_create_description/share/irobot_create_description/cmake/irobot_create_descriptionConfig-version.cmake
[2.090s] -- Installing: /home/aisd/RL_lab5/install/irobot_create_description/share/irobot_create_description/package.xml
[2.149s] Invoked command in '/home/aisd/RL_lab5/build/irobot_create_description' returned '0': CMAKE_PREFIX_PATH=/opt/ros/humble /usr/bin/cmake --install /home/aisd/RL_lab5/build/irobot_create_description
