[0.027s] Invoking command in '/home/aisd/RL_lab5/create3_ws/build/irobot_create_common_bringup': CMAKE_PREFIX_PATH=/home/aisd/RL_lab5/create3_ws/install/irobot_create_nodes:/home/aisd/RL_lab5/create3_ws/install/irobot_create_toolbox:/home/aisd/RL_lab5/create3_ws/install/irobot_create_description:/home/aisd/RL_lab5/create3_ws/install/irobot_create_control:/home/aisd/RL_lab5/create3_ws/install/irobot_create_ignition_sim:/home/aisd/RL_lab5/create3_ws/install/irobot_create_ignition_bringup:/home/aisd/RL_lab5/create3_ws/install/irobot_create_gazebo_sim:/home/aisd/RL_lab5/create3_ws/install/irobot_create_gazebo_bringup:/home/aisd/RL_lab5/create3_ws/install/irobot_create_common_bringup:/home/aisd/RL_lab5/create3_ws/install/irobot_create_ignition_toolbox:/home/aisd/RL_lab5/create3_ws/install/irobot_create_gazebo_plugins:/home/aisd/RL_lab5/create3_ws/install/irobot_create_ignition_plugins:/opt/ros/humble LD_LIBRARY_PATH=/home/aisd/RL_lab5/create3_ws/install/irobot_create_nodes/lib:/home/aisd/RL_lab5/create3_ws/install/irobot_create_toolbox/lib:/home/aisd/RL_lab5/create3_ws/install/irobot_create_ignition_toolbox/lib:/home/aisd/RL_lab5/create3_ws/install/irobot_create_gazebo_plugins/lib:/usr/lib/x86_64-linux-gnu/gazebo-11/plugins:/opt/ros/humble/opt/rviz_ogre_vendor/lib:/opt/ros/humble/lib/x86_64-linux-gnu:/opt/ros/humble/lib /usr/bin/cmake /home/aisd/RL_lab5/create3_ws/src/create3_sim/irobot_create_common/irobot_create_common_bringup -DAMENT_CMAKE_SYMLINK_INSTALL=1 -DCMAKE_INSTALL_PREFIX=/home/aisd/RL_lab5/create3_ws/install/irobot_create_common_bringup
[0.176s] -- The C compiler identification is GNU 11.4.0
[0.276s] -- The CXX compiler identification is GNU 11.4.0
[0.299s] -- Detecting C compiler ABI info
[0.400s] -- Detecting C compiler ABI info - done
[0.418s] -- Check for working C compiler: /usr/bin/cc - skipped
[0.422s] -- Detecting C compile features
[0.423s] -- Detecting C compile features - done
[0.430s] -- Detecting CXX compiler ABI info
[0.551s] -- Detecting CXX compiler ABI info - done
[0.569s] -- Check for working CXX compiler: /usr/bin/c++ - skipped
[0.570s] -- Detecting CXX compile features
[0.571s] -- Detecting CXX compile features - done
[0.588s] -- Found ament_cmake: 1.3.11 (/opt/ros/humble/share/ament_cmake/cmake)
[0.849s] -- Found Python3: /usr/bin/python3 (found version "3.10.12") found components: Interpreter 
[0.964s] -- Override CMake install command with custom implementation using symlinks instead of copying resources
[1.192s] -- Found ament_lint_auto: 0.12.12 (/opt/ros/humble/share/ament_lint_auto/cmake)
[1.352s] -- Added test 'flake8' to check Python code syntax and style conventions
[1.354s] -- Added test 'lint_cmake' to check CMake code style
[1.356s] -- Added test 'pep257' to check Python code against some of the docstring style conventions in PEP 257
[1.360s] -- Added test 'xmllint' to check XML markup files
[1.365s] -- Configuring done
[1.373s] -- Generating done
[1.376s] -- Build files have been written to: /home/aisd/RL_lab5/create3_ws/build/irobot_create_common_bringup
[1.384s] Invoked command in '/home/aisd/RL_lab5/create3_ws/build/irobot_create_common_bringup' returned '0': CMAKE_PREFIX_PATH=/home/aisd/RL_lab5/create3_ws/install/irobot_create_nodes:/home/aisd/RL_lab5/create3_ws/install/irobot_create_toolbox:/home/aisd/RL_lab5/create3_ws/install/irobot_create_description:/home/aisd/RL_lab5/create3_ws/install/irobot_create_control:/home/aisd/RL_lab5/create3_ws/install/irobot_create_ignition_sim:/home/aisd/RL_lab5/create3_ws/install/irobot_create_ignition_bringup:/home/aisd/RL_lab5/create3_ws/install/irobot_create_gazebo_sim:/home/aisd/RL_lab5/create3_ws/install/irobot_create_gazebo_bringup:/home/aisd/RL_lab5/create3_ws/install/irobot_create_common_bringup:/home/aisd/RL_lab5/create3_ws/install/irobot_create_ignition_toolbox:/home/aisd/RL_lab5/create3_ws/install/irobot_create_gazebo_plugins:/home/aisd/RL_lab5/create3_ws/install/irobot_create_ignition_plugins:/opt/ros/humble LD_LIBRARY_PATH=/home/aisd/RL_lab5/create3_ws/install/irobot_create_nodes/lib:/home/aisd/RL_lab5/create3_ws/install/irobot_create_toolbox/lib:/home/aisd/RL_lab5/create3_ws/install/irobot_create_ignition_toolbox/lib:/home/aisd/RL_lab5/create3_ws/install/irobot_create_gazebo_plugins/lib:/usr/lib/x86_64-linux-gnu/gazebo-11/plugins:/opt/ros/humble/opt/rviz_ogre_vendor/lib:/opt/ros/humble/lib/x86_64-linux-gnu:/opt/ros/humble/lib /usr/bin/cmake /home/aisd/RL_lab5/create3_ws/src/create3_sim/irobot_create_common/irobot_create_common_bringup -DAMENT_CMAKE_SYMLINK_INSTALL=1 -DCMAKE_INSTALL_PREFIX=/home/aisd/RL_lab5/create3_ws/install/irobot_create_common_bringup
[1.386s] Invoking command in '/home/aisd/RL_lab5/create3_ws/build/irobot_create_common_bringup': CMAKE_PREFIX_PATH=/home/aisd/RL_lab5/create3_ws/install/irobot_create_nodes:/home/aisd/RL_lab5/create3_ws/install/irobot_create_toolbox:/home/aisd/RL_lab5/create3_ws/install/irobot_create_description:/home/aisd/RL_lab5/create3_ws/install/irobot_create_control:/home/aisd/RL_lab5/create3_ws/install/irobot_create_ignition_sim:/home/aisd/RL_lab5/create3_ws/install/irobot_create_ignition_bringup:/home/aisd/RL_lab5/create3_ws/install/irobot_create_gazebo_sim:/home/aisd/RL_lab5/create3_ws/install/irobot_create_gazebo_bringup:/home/aisd/RL_lab5/create3_ws/install/irobot_create_common_bringup:/home/aisd/RL_lab5/create3_ws/install/irobot_create_ignition_toolbox:/home/aisd/RL_lab5/create3_ws/install/irobot_create_gazebo_plugins:/home/aisd/RL_lab5/create3_ws/install/irobot_create_ignition_plugins:/opt/ros/humble LD_LIBRARY_PATH=/home/aisd/RL_lab5/create3_ws/install/irobot_create_nodes/lib:/home/aisd/RL_lab5/create3_ws/install/irobot_create_toolbox/lib:/home/aisd/RL_lab5/create3_ws/install/irobot_create_ignition_toolbox/lib:/home/aisd/RL_lab5/create3_ws/install/irobot_create_gazebo_plugins/lib:/usr/lib/x86_64-linux-gnu/gazebo-11/plugins:/opt/ros/humble/opt/rviz_ogre_vendor/lib:/opt/ros/humble/lib/x86_64-linux-gnu:/opt/ros/humble/lib /usr/bin/cmake --build /home/aisd/RL_lab5/create3_ws/build/irobot_create_common_bringup -- -j4 -l4
[1.462s] Built target ament_cmake_python_symlink_irobot_create_common_bringup
[2.067s] running egg_info
[2.068s] creating irobot_create_common_bringup.egg-info
[2.068s] writing irobot_create_common_bringup.egg-info/PKG-INFO
[2.068s] writing dependency_links to irobot_create_common_bringup.egg-info/dependency_links.txt
[2.069s] writing top-level names to irobot_create_common_bringup.egg-info/top_level.txt
[2.069s] writing manifest file 'irobot_create_common_bringup.egg-info/SOURCES.txt'
[2.073s] reading manifest file 'irobot_create_common_bringup.egg-info/SOURCES.txt'
[2.074s] writing manifest file 'irobot_create_common_bringup.egg-info/SOURCES.txt'
[2.115s] Built target ament_cmake_python_build_irobot_create_common_bringup_egg
[2.130s] Invoked command in '/home/aisd/RL_lab5/create3_ws/build/irobot_create_common_bringup' returned '0': CMAKE_PREFIX_PATH=/home/aisd/RL_lab5/create3_ws/install/irobot_create_nodes:/home/aisd/RL_lab5/create3_ws/install/irobot_create_toolbox:/home/aisd/RL_lab5/create3_ws/install/irobot_create_description:/home/aisd/RL_lab5/create3_ws/install/irobot_create_control:/home/aisd/RL_lab5/create3_ws/install/irobot_create_ignition_sim:/home/aisd/RL_lab5/create3_ws/install/irobot_create_ignition_bringup:/home/aisd/RL_lab5/create3_ws/install/irobot_create_gazebo_sim:/home/aisd/RL_lab5/create3_ws/install/irobot_create_gazebo_bringup:/home/aisd/RL_lab5/create3_ws/install/irobot_create_common_bringup:/home/aisd/RL_lab5/create3_ws/install/irobot_create_ignition_toolbox:/home/aisd/RL_lab5/create3_ws/install/irobot_create_gazebo_plugins:/home/aisd/RL_lab5/create3_ws/install/irobot_create_ignition_plugins:/opt/ros/humble LD_LIBRARY_PATH=/home/aisd/RL_lab5/create3_ws/install/irobot_create_nodes/lib:/home/aisd/RL_lab5/create3_ws/install/irobot_create_toolbox/lib:/home/aisd/RL_lab5/create3_ws/install/irobot_create_ignition_toolbox/lib:/home/aisd/RL_lab5/create3_ws/install/irobot_create_gazebo_plugins/lib:/usr/lib/x86_64-linux-gnu/gazebo-11/plugins:/opt/ros/humble/opt/rviz_ogre_vendor/lib:/opt/ros/humble/lib/x86_64-linux-gnu:/opt/ros/humble/lib /usr/bin/cmake --build /home/aisd/RL_lab5/create3_ws/build/irobot_create_common_bringup -- -j4 -l4
[2.132s] Invoking command in '/home/aisd/RL_lab5/create3_ws/build/irobot_create_common_bringup': CMAKE_PREFIX_PATH=/home/aisd/RL_lab5/create3_ws/install/irobot_create_nodes:/home/aisd/RL_lab5/create3_ws/install/irobot_create_toolbox:/home/aisd/RL_lab5/create3_ws/install/irobot_create_description:/home/aisd/RL_lab5/create3_ws/install/irobot_create_control:/home/aisd/RL_lab5/create3_ws/install/irobot_create_ignition_sim:/home/aisd/RL_lab5/create3_ws/install/irobot_create_ignition_bringup:/home/aisd/RL_lab5/create3_ws/install/irobot_create_gazebo_sim:/home/aisd/RL_lab5/create3_ws/install/irobot_create_gazebo_bringup:/home/aisd/RL_lab5/create3_ws/install/irobot_create_common_bringup:/home/aisd/RL_lab5/create3_ws/install/irobot_create_ignition_toolbox:/home/aisd/RL_lab5/create3_ws/install/irobot_create_gazebo_plugins:/home/aisd/RL_lab5/create3_ws/install/irobot_create_ignition_plugins:/opt/ros/humble LD_LIBRARY_PATH=/home/aisd/RL_lab5/create3_ws/install/irobot_create_nodes/lib:/home/aisd/RL_lab5/create3_ws/install/irobot_create_toolbox/lib:/home/aisd/RL_lab5/create3_ws/install/irobot_create_ignition_toolbox/lib:/home/aisd/RL_lab5/create3_ws/install/irobot_create_gazebo_plugins/lib:/usr/lib/x86_64-linux-gnu/gazebo-11/plugins:/opt/ros/humble/opt/rviz_ogre_vendor/lib:/opt/ros/humble/lib/x86_64-linux-gnu:/opt/ros/humble/lib /usr/bin/cmake --install /home/aisd/RL_lab5/create3_ws/build/irobot_create_common_bringup
[2.142s] -- Install configuration: ""
[2.142s] -- Execute custom install script
[2.143s] -- Symlinking: /home/aisd/RL_lab5/create3_ws/install/irobot_create_common_bringup/share/irobot_create_common_bringup/config/hazard_vector_params.yaml
[2.155s] -- Symlinking: /home/aisd/RL_lab5/create3_ws/install/irobot_create_common_bringup/share/irobot_create_common_bringup/config/ir_intensity_vector_params.yaml
[2.166s] -- Symlinking: /home/aisd/RL_lab5/create3_ws/install/irobot_create_common_bringup/share/irobot_create_common_bringup/config/kidnap_estimator_params.yaml
[2.177s] -- Symlinking: /home/aisd/RL_lab5/create3_ws/install/irobot_create_common_bringup/share/irobot_create_common_bringup/config/mock_params.yaml
[2.188s] -- Symlinking: /home/aisd/RL_lab5/create3_ws/install/irobot_create_common_bringup/share/irobot_create_common_bringup/config/robot_state_params.yaml
[2.201s] -- Symlinking: /home/aisd/RL_lab5/create3_ws/install/irobot_create_common_bringup/share/irobot_create_common_bringup/config/ui_mgr_params.yaml
[2.212s] -- Symlinking: /home/aisd/RL_lab5/create3_ws/install/irobot_create_common_bringup/share/irobot_create_common_bringup/config/wheel_status_params.yaml
[2.226s] -- Symlinking: /home/aisd/RL_lab5/create3_ws/install/irobot_create_common_bringup/share/irobot_create_common_bringup/launch/create3_nodes.launch.py
[2.241s] -- Symlinking: /home/aisd/RL_lab5/create3_ws/install/irobot_create_common_bringup/share/irobot_create_common_bringup/launch/dock_description.launch.py
[2.253s] -- Symlinking: /home/aisd/RL_lab5/create3_ws/install/irobot_create_common_bringup/share/irobot_create_common_bringup/launch/robot_description.launch.py
[2.264s] -- Symlinking: /home/aisd/RL_lab5/create3_ws/install/irobot_create_common_bringup/share/irobot_create_common_bringup/launch/rviz2.launch.py
[2.277s] -- Symlinking: /home/aisd/RL_lab5/create3_ws/install/irobot_create_common_bringup/share/irobot_create_common_bringup/rviz/irobot_create_view.rviz
[2.288s] -- Symlinking: /home/aisd/RL_lab5/create3_ws/install/irobot_create_common_bringup/share/irobot_create_common_bringup/rviz/irobot_logo.jpg
[2.301s] -- Symlinking: /home/aisd/RL_lab5/create3_ws/install/irobot_create_common_bringup/share/irobot_create_common_bringup/environment/pythonpath.sh
[2.313s] -- Symlinking: /home/aisd/RL_lab5/create3_ws/install/irobot_create_common_bringup/share/irobot_create_common_bringup/environment/pythonpath.dsv
[2.326s] -- Symlinking: /home/aisd/RL_lab5/create3_ws/install/irobot_create_common_bringup/local/lib/python3.10/dist-packages/irobot_create_common_bringup-2.1.0-py3.10.egg-info/PKG-INFO
[2.337s] -- Symlinking: /home/aisd/RL_lab5/create3_ws/install/irobot_create_common_bringup/local/lib/python3.10/dist-packages/irobot_create_common_bringup-2.1.0-py3.10.egg-info/SOURCES.txt
[2.349s] -- Symlinking: /home/aisd/RL_lab5/create3_ws/install/irobot_create_common_bringup/local/lib/python3.10/dist-packages/irobot_create_common_bringup-2.1.0-py3.10.egg-info/dependency_links.txt
[2.365s] -- Symlinking: /home/aisd/RL_lab5/create3_ws/install/irobot_create_common_bringup/local/lib/python3.10/dist-packages/irobot_create_common_bringup-2.1.0-py3.10.egg-info/top_level.txt
[2.377s] -- Symlinking: /home/aisd/RL_lab5/create3_ws/install/irobot_create_common_bringup/local/lib/python3.10/dist-packages/irobot_create_common_bringup/__init__.py
[2.388s] -- Symlinking: /home/aisd/RL_lab5/create3_ws/install/irobot_create_common_bringup/local/lib/python3.10/dist-packages/irobot_create_common_bringup/namespace.py
[2.403s] -- Symlinking: /home/aisd/RL_lab5/create3_ws/install/irobot_create_common_bringup/local/lib/python3.10/dist-packages/irobot_create_common_bringup/offset.py
[2.416s] -- Symlinking: /home/aisd/RL_lab5/create3_ws/install/irobot_create_common_bringup/share/ament_index/resource_index/package_run_dependencies/irobot_create_common_bringup
[2.429s] -- Symlinking: /home/aisd/RL_lab5/create3_ws/install/irobot_create_common_bringup/share/ament_index/resource_index/parent_prefix_path/irobot_create_common_bringup
[2.445s] -- Symlinking: /home/aisd/RL_lab5/create3_ws/install/irobot_create_common_bringup/share/irobot_create_common_bringup/environment/ament_prefix_path.sh
[2.460s] -- Symlinking: /home/aisd/RL_lab5/create3_ws/install/irobot_create_common_bringup/share/irobot_create_common_bringup/environment/ament_prefix_path.dsv
[2.472s] -- Symlinking: /home/aisd/RL_lab5/create3_ws/install/irobot_create_common_bringup/share/irobot_create_common_bringup/environment/path.sh
[2.483s] -- Symlinking: /home/aisd/RL_lab5/create3_ws/install/irobot_create_common_bringup/share/irobot_create_common_bringup/environment/path.dsv
[2.495s] -- Symlinking: /home/aisd/RL_lab5/create3_ws/install/irobot_create_common_bringup/share/irobot_create_common_bringup/local_setup.bash
[2.507s] -- Symlinking: /home/aisd/RL_lab5/create3_ws/install/irobot_create_common_bringup/share/irobot_create_common_bringup/local_setup.sh
[2.519s] -- Symlinking: /home/aisd/RL_lab5/create3_ws/install/irobot_create_common_bringup/share/irobot_create_common_bringup/local_setup.zsh
[2.530s] -- Symlinking: /home/aisd/RL_lab5/create3_ws/install/irobot_create_common_bringup/share/irobot_create_common_bringup/local_setup.dsv
[2.542s] -- Symlinking: /home/aisd/RL_lab5/create3_ws/install/irobot_create_common_bringup/share/irobot_create_common_bringup/package.dsv
[2.554s] -- Symlinking: /home/aisd/RL_lab5/create3_ws/install/irobot_create_common_bringup/share/ament_index/resource_index/packages/irobot_create_common_bringup
[2.565s] -- Symlinking: /home/aisd/RL_lab5/create3_ws/install/irobot_create_common_bringup/share/irobot_create_common_bringup/cmake/irobot_create_common_bringupConfig.cmake
[2.577s] -- Symlinking: /home/aisd/RL_lab5/create3_ws/install/irobot_create_common_bringup/share/irobot_create_common_bringup/cmake/irobot_create_common_bringupConfig-version.cmake
[2.588s] -- Symlinking: /home/aisd/RL_lab5/create3_ws/install/irobot_create_common_bringup/share/irobot_create_common_bringup/package.xml
[2.654s] Listing '/home/aisd/RL_lab5/create3_ws/install/irobot_create_common_bringup/local/lib/python3.10/dist-packages/irobot_create_common_bringup'...
[2.654s] Compiling '/home/aisd/RL_lab5/create3_ws/install/irobot_create_common_bringup/local/lib/python3.10/dist-packages/irobot_create_common_bringup/__init__.py'...
[2.654s] Compiling '/home/aisd/RL_lab5/create3_ws/install/irobot_create_common_bringup/local/lib/python3.10/dist-packages/irobot_create_common_bringup/namespace.py'...
[2.654s] Compiling '/home/aisd/RL_lab5/create3_ws/install/irobot_create_common_bringup/local/lib/python3.10/dist-packages/irobot_create_common_bringup/offset.py'...
[2.669s] Invoked command in '/home/aisd/RL_lab5/create3_ws/build/irobot_create_common_bringup' returned '0': CMAKE_PREFIX_PATH=/home/aisd/RL_lab5/create3_ws/install/irobot_create_nodes:/home/aisd/RL_lab5/create3_ws/install/irobot_create_toolbox:/home/aisd/RL_lab5/create3_ws/install/irobot_create_description:/home/aisd/RL_lab5/create3_ws/install/irobot_create_control:/home/aisd/RL_lab5/create3_ws/install/irobot_create_ignition_sim:/home/aisd/RL_lab5/create3_ws/install/irobot_create_ignition_bringup:/home/aisd/RL_lab5/create3_ws/install/irobot_create_gazebo_sim:/home/aisd/RL_lab5/create3_ws/install/irobot_create_gazebo_bringup:/home/aisd/RL_lab5/create3_ws/install/irobot_create_common_bringup:/home/aisd/RL_lab5/create3_ws/install/irobot_create_ignition_toolbox:/home/aisd/RL_lab5/create3_ws/install/irobot_create_gazebo_plugins:/home/aisd/RL_lab5/create3_ws/install/irobot_create_ignition_plugins:/opt/ros/humble LD_LIBRARY_PATH=/home/aisd/RL_lab5/create3_ws/install/irobot_create_nodes/lib:/home/aisd/RL_lab5/create3_ws/install/irobot_create_toolbox/lib:/home/aisd/RL_lab5/create3_ws/install/irobot_create_ignition_toolbox/lib:/home/aisd/RL_lab5/create3_ws/install/irobot_create_gazebo_plugins/lib:/usr/lib/x86_64-linux-gnu/gazebo-11/plugins:/opt/ros/humble/opt/rviz_ogre_vendor/lib:/opt/ros/humble/lib/x86_64-linux-gnu:/opt/ros/humble/lib /usr/bin/cmake --install /home/aisd/RL_lab5/create3_ws/build/irobot_create_common_bringup
