[0.055s] Invoking command in '/home/aisd/RL_lab5/build/irobot_create_ignition_bringup': CMAKE_PREFIX_PATH=/home/aisd/RL_lab5/install/irobot_create_common_bringup:/home/aisd/RL_lab5/install/irobot_create_nodes:/home/aisd/RL_lab5/install/irobot_create_ignition_toolbox:/home/aisd/RL_lab5/install/irobot_create_toolbox:/home/aisd/RL_lab5/install/irobot_create_ignition_plugins:/home/aisd/RL_lab5/install/irobot_create_description:/home/aisd/RL_lab5/install/irobot_create_control:/home/aisd/RL_lab5/install/irobot_create_ignition_sim:/home/aisd/RL_lab5/install/irobot_create_ignition_bringup:/home/aisd/RL_lab5/install/irobot_create_gazebo_sim:/home/aisd/RL_lab5/install/irobot_create_gazebo_bringup:/home/aisd/RL_lab5/install/irobot_create_gazebo_plugins:/home/aisd/RL_lab5/install/aws_robomaker_small_house_world:/opt/ros/humble LD_LIBRARY_PATH=/home/aisd/RL_lab5/install/irobot_create_nodes/lib:/home/aisd/RL_lab5/install/irobot_create_ignition_toolbox/lib:/home/aisd/RL_lab5/install/irobot_create_toolbox/lib:/home/aisd/RL_lab5/install/irobot_create_gazebo_plugins/lib:/usr/lib/x86_64-linux-gnu/gazebo-11/plugins:/opt/ros/humble/opt/rviz_ogre_vendor/lib:/opt/ros/humble/lib/x86_64-linux-gnu:/opt/ros/humble/lib /usr/bin/cmake --build /home/aisd/RL_lab5/build/irobot_create_ignition_bringup -- -j4 -l4
[0.133s] Invoked command in '/home/aisd/RL_lab5/build/irobot_create_ignition_bringup' returned '0': CMAKE_PREFIX_PATH=/home/aisd/RL_lab5/install/irobot_create_common_bringup:/home/aisd/RL_lab5/install/irobot_create_nodes:/home/aisd/RL_lab5/install/irobot_create_ignition_toolbox:/home/aisd/RL_lab5/install/irobot_create_toolbox:/home/aisd/RL_lab5/install/irobot_create_ignition_plugins:/home/aisd/RL_lab5/install/irobot_create_description:/home/aisd/RL_lab5/install/irobot_create_control:/home/aisd/RL_lab5/install/irobot_create_ignition_sim:/home/aisd/RL_lab5/install/irobot_create_ignition_bringup:/home/aisd/RL_lab5/install/irobot_create_gazebo_sim:/home/aisd/RL_lab5/install/irobot_create_gazebo_bringup:/home/aisd/RL_lab5/install/irobot_create_gazebo_plugins:/home/aisd/RL_lab5/install/aws_robomaker_small_house_world:/opt/ros/humble LD_LIBRARY_PATH=/home/aisd/RL_lab5/install/irobot_create_nodes/lib:/home/aisd/RL_lab5/install/irobot_create_ignition_toolbox/lib:/home/aisd/RL_lab5/install/irobot_create_toolbox/lib:/home/aisd/RL_lab5/install/irobot_create_gazebo_plugins/lib:/usr/lib/x86_64-linux-gnu/gazebo-11/plugins:/opt/ros/humble/opt/rviz_ogre_vendor/lib:/opt/ros/humble/lib/x86_64-linux-gnu:/opt/ros/humble/lib /usr/bin/cmake --build /home/aisd/RL_lab5/build/irobot_create_ignition_bringup -- -j4 -l4
[0.136s] Invoking command in '/home/aisd/RL_lab5/build/irobot_create_ignition_bringup': CMAKE_PREFIX_PATH=/home/aisd/RL_lab5/install/irobot_create_common_bringup:/home/aisd/RL_lab5/install/irobot_create_nodes:/home/aisd/RL_lab5/install/irobot_create_ignition_toolbox:/home/aisd/RL_lab5/install/irobot_create_toolbox:/home/aisd/RL_lab5/install/irobot_create_ignition_plugins:/home/aisd/RL_lab5/install/irobot_create_description:/home/aisd/RL_lab5/install/irobot_create_control:/home/aisd/RL_lab5/install/irobot_create_ignition_sim:/home/aisd/RL_lab5/install/irobot_create_ignition_bringup:/home/aisd/RL_lab5/install/irobot_create_gazebo_sim:/home/aisd/RL_lab5/install/irobot_create_gazebo_bringup:/home/aisd/RL_lab5/install/irobot_create_gazebo_plugins:/home/aisd/RL_lab5/install/aws_robomaker_small_house_world:/opt/ros/humble LD_LIBRARY_PATH=/home/aisd/RL_lab5/install/irobot_create_nodes/lib:/home/aisd/RL_lab5/install/irobot_create_ignition_toolbox/lib:/home/aisd/RL_lab5/install/irobot_create_toolbox/lib:/home/aisd/RL_lab5/install/irobot_create_gazebo_plugins/lib:/usr/lib/x86_64-linux-gnu/gazebo-11/plugins:/opt/ros/humble/opt/rviz_ogre_vendor/lib:/opt/ros/humble/lib/x86_64-linux-gnu:/opt/ros/humble/lib /usr/bin/cmake --install /home/aisd/RL_lab5/build/irobot_create_ignition_bringup
[0.148s] -- Install configuration: ""
[0.149s] -- Up-to-date: /home/aisd/RL_lab5/install/irobot_create_ignition_bringup/share/irobot_create_ignition_bringup/gui
[0.149s] -- Up-to-date: /home/aisd/RL_lab5/install/irobot_create_ignition_bringup/share/irobot_create_ignition_bringup/gui/create3
[0.150s] -- Up-to-date: /home/aisd/RL_lab5/install/irobot_create_ignition_bringup/share/irobot_create_ignition_bringup/gui/create3/gui.config
[0.151s] -- Up-to-date: /home/aisd/RL_lab5/install/irobot_create_ignition_bringup/share/irobot_create_ignition_bringup/launch
[0.151s] -- Up-to-date: /home/aisd/RL_lab5/install/irobot_create_ignition_bringup/share/irobot_create_ignition_bringup/launch/create3_spawn.launch.py
[0.151s] -- Up-to-date: /home/aisd/RL_lab5/install/irobot_create_ignition_bringup/share/irobot_create_ignition_bringup/launch/create3_ros_ignition_bridge.launch.py
[0.152s] -- Up-to-date: /home/aisd/RL_lab5/install/irobot_create_ignition_bringup/share/irobot_create_ignition_bringup/launch/create3_ignition.launch.py
[0.152s] -- Up-to-date: /home/aisd/RL_lab5/install/irobot_create_ignition_bringup/share/irobot_create_ignition_bringup/launch/create3_ignition_nodes.launch.py
[0.152s] -- Up-to-date: /home/aisd/RL_lab5/install/irobot_create_ignition_bringup/share/irobot_create_ignition_bringup/launch/ignition.launch.py
[0.153s] -- Up-to-date: /home/aisd/RL_lab5/install/irobot_create_ignition_bringup/share/irobot_create_ignition_bringup/worlds
[0.153s] -- Up-to-date: /home/aisd/RL_lab5/install/irobot_create_ignition_bringup/share/irobot_create_ignition_bringup/worlds/maze.sdf
[0.154s] -- Up-to-date: /home/aisd/RL_lab5/install/irobot_create_ignition_bringup/share/irobot_create_ignition_bringup/worlds/depot.sdf
[0.154s] -- Up-to-date: /home/aisd/RL_lab5/install/irobot_create_ignition_bringup/share/irobot_create_ignition_bringup/config
[0.154s] -- Up-to-date: /home/aisd/RL_lab5/install/irobot_create_ignition_bringup/share/irobot_create_ignition_bringup/config/pose_republisher_params.yaml
[0.155s] -- Up-to-date: /home/aisd/RL_lab5/install/irobot_create_ignition_bringup/share/irobot_create_ignition_bringup/config/sensors_params.yaml
[0.155s] -- Up-to-date: /home/aisd/RL_lab5/install/irobot_create_ignition_bringup/share/ament_index/resource_index/package_run_dependencies/irobot_create_ignition_bringup
[0.155s] -- Up-to-date: /home/aisd/RL_lab5/install/irobot_create_ignition_bringup/share/ament_index/resource_index/parent_prefix_path/irobot_create_ignition_bringup
[0.155s] -- Up-to-date: /home/aisd/RL_lab5/install/irobot_create_ignition_bringup/share/irobot_create_ignition_bringup/environment/ament_prefix_path.sh
[0.155s] -- Up-to-date: /home/aisd/RL_lab5/install/irobot_create_ignition_bringup/share/irobot_create_ignition_bringup/environment/ament_prefix_path.dsv
[0.156s] -- Up-to-date: /home/aisd/RL_lab5/install/irobot_create_ignition_bringup/share/irobot_create_ignition_bringup/environment/path.sh
[0.156s] -- Up-to-date: /home/aisd/RL_lab5/install/irobot_create_ignition_bringup/share/irobot_create_ignition_bringup/environment/path.dsv
[0.157s] -- Up-to-date: /home/aisd/RL_lab5/install/irobot_create_ignition_bringup/share/irobot_create_ignition_bringup/local_setup.bash
[0.157s] -- Up-to-date: /home/aisd/RL_lab5/install/irobot_create_ignition_bringup/share/irobot_create_ignition_bringup/local_setup.sh
[0.157s] -- Up-to-date: /home/aisd/RL_lab5/install/irobot_create_ignition_bringup/share/irobot_create_ignition_bringup/local_setup.zsh
[0.157s] -- Up-to-date: /home/aisd/RL_lab5/install/irobot_create_ignition_bringup/share/irobot_create_ignition_bringup/local_setup.dsv
[0.158s] -- Up-to-date: /home/aisd/RL_lab5/install/irobot_create_ignition_bringup/share/irobot_create_ignition_bringup/package.dsv
[0.158s] -- Up-to-date: /home/aisd/RL_lab5/install/irobot_create_ignition_bringup/share/ament_index/resource_index/packages/irobot_create_ignition_bringup
[0.158s] -- Up-to-date: /home/aisd/RL_lab5/install/irobot_create_ignition_bringup/share/irobot_create_ignition_bringup/cmake/irobot_create_ignition_bringupConfig.cmake
[0.158s] -- Up-to-date: /home/aisd/RL_lab5/install/irobot_create_ignition_bringup/share/irobot_create_ignition_bringup/cmake/irobot_create_ignition_bringupConfig-version.cmake
[0.158s] -- Up-to-date: /home/aisd/RL_lab5/install/irobot_create_ignition_bringup/share/irobot_create_ignition_bringup/package.xml
[0.174s] Invoked command in '/home/aisd/RL_lab5/build/irobot_create_ignition_bringup' returned '0': CMAKE_PREFIX_PATH=/home/aisd/RL_lab5/install/irobot_create_common_bringup:/home/aisd/RL_lab5/install/irobot_create_nodes:/home/aisd/RL_lab5/install/irobot_create_ignition_toolbox:/home/aisd/RL_lab5/install/irobot_create_toolbox:/home/aisd/RL_lab5/install/irobot_create_ignition_plugins:/home/aisd/RL_lab5/install/irobot_create_description:/home/aisd/RL_lab5/install/irobot_create_control:/home/aisd/RL_lab5/install/irobot_create_ignition_sim:/home/aisd/RL_lab5/install/irobot_create_ignition_bringup:/home/aisd/RL_lab5/install/irobot_create_gazebo_sim:/home/aisd/RL_lab5/install/irobot_create_gazebo_bringup:/home/aisd/RL_lab5/install/irobot_create_gazebo_plugins:/home/aisd/RL_lab5/install/aws_robomaker_small_house_world:/opt/ros/humble LD_LIBRARY_PATH=/home/aisd/RL_lab5/install/irobot_create_nodes/lib:/home/aisd/RL_lab5/install/irobot_create_ignition_toolbox/lib:/home/aisd/RL_lab5/install/irobot_create_toolbox/lib:/home/aisd/RL_lab5/install/irobot_create_gazebo_plugins/lib:/usr/lib/x86_64-linux-gnu/gazebo-11/plugins:/opt/ros/humble/opt/rviz_ogre_vendor/lib:/opt/ros/humble/lib/x86_64-linux-gnu:/opt/ros/humble/lib /usr/bin/cmake --install /home/aisd/RL_lab5/build/irobot_create_ignition_bringup
