[0.047s] Invoking command in '/home/aisd/RL_lab5/create3_ws/build/irobot_create_description': CMAKE_PREFIX_PATH=${CMAKE_PREFIX_PATH}:/opt/ros/humble /usr/bin/cmake /home/aisd/RL_lab5/create3_ws/src/create3_sim/irobot_create_common/irobot_create_description -DAMENT_CMAKE_SYMLINK_INSTALL=1 -DCMAKE_INSTALL_PREFIX=/home/aisd/RL_lab5/create3_ws/install/irobot_create_description
[0.194s] -- The C compiler identification is GNU 11.4.0
[0.351s] -- The CXX compiler identification is GNU 11.4.0
[0.387s] -- Detecting C compiler ABI info
[0.553s] -- Detecting C compiler ABI info - done
[0.577s] -- Check for working C compiler: /usr/bin/cc - skipped
[0.579s] -- Detecting C compile features
[0.580s] -- Detecting C compile features - done
[0.587s] -- Detecting CXX compiler ABI info
[0.831s] -- Detecting CXX compiler ABI info - done
[0.857s] -- Check for working CXX compiler: /usr/bin/c++ - skipped
[0.858s] -- Detecting CXX compile features
[0.859s] -- Detecting CXX compile features - done
[0.865s] -- Found ament_cmake: 1.3.11 (/opt/ros/humble/share/ament_cmake/cmake)
[1.236s] -- Found Python3: /usr/bin/python3 (found version "3.10.12") found components: Interpreter 
[1.389s] -- Override CMake install command with custom implementation using symlinks instead of copying resources
[1.468s] -- Found ament_lint_auto: 0.12.12 (/opt/ros/humble/share/ament_lint_auto/cmake)
[1.625s] -- Added test 'lint_cmake' to check CMake code style
[1.628s] -- Configuring done
[1.647s] -- Generating done
[1.650s] -- Build files have been written to: /home/aisd/RL_lab5/create3_ws/build/irobot_create_description
[1.663s] Invoked command in '/home/aisd/RL_lab5/create3_ws/build/irobot_create_description' returned '0': CMAKE_PREFIX_PATH=${CMAKE_PREFIX_PATH}:/opt/ros/humble /usr/bin/cmake /home/aisd/RL_lab5/create3_ws/src/create3_sim/irobot_create_common/irobot_create_description -DAMENT_CMAKE_SYMLINK_INSTALL=1 -DCMAKE_INSTALL_PREFIX=/home/aisd/RL_lab5/create3_ws/install/irobot_create_description
[1.664s] Invoking command in '/home/aisd/RL_lab5/create3_ws/build/irobot_create_description': CMAKE_PREFIX_PATH=${CMAKE_PREFIX_PATH}:/opt/ros/humble /usr/bin/cmake --build /home/aisd/RL_lab5/create3_ws/build/irobot_create_description -- -j4 -l4
[1.745s] Invoked command in '/home/aisd/RL_lab5/create3_ws/build/irobot_create_description' returned '0': CMAKE_PREFIX_PATH=${CMAKE_PREFIX_PATH}:/opt/ros/humble /usr/bin/cmake --build /home/aisd/RL_lab5/create3_ws/build/irobot_create_description -- -j4 -l4
[1.746s] Invoking command in '/home/aisd/RL_lab5/create3_ws/build/irobot_create_description': CMAKE_PREFIX_PATH=${CMAKE_PREFIX_PATH}:/opt/ros/humble /usr/bin/cmake --install /home/aisd/RL_lab5/create3_ws/build/irobot_create_description
[1.762s] -- Install configuration: ""
[1.763s] -- Execute custom install script
[1.764s] -- Symlinking: /home/aisd/RL_lab5/create3_ws/install/irobot_create_description/share/irobot_create_description//meshes/body_visual.dae
[1.779s] -- Symlinking: /home/aisd/RL_lab5/create3_ws/install/irobot_create_description/share/irobot_create_description//meshes/bumper_collision.dae
[1.794s] -- Symlinking: /home/aisd/RL_lab5/create3_ws/install/irobot_create_description/share/irobot_create_description//meshes/bumper_visual.dae
[1.812s] -- Symlinking: /home/aisd/RL_lab5/create3_ws/install/irobot_create_description/share/irobot_create_description//meshes/dock/visual.dae
[1.833s] -- Symlinking: /home/aisd/RL_lab5/create3_ws/install/irobot_create_description/share/irobot_create_description//urdf/bumper.urdf.xacro
[1.848s] -- Symlinking: /home/aisd/RL_lab5/create3_ws/install/irobot_create_description/share/irobot_create_description//urdf/button.urdf.xacro
[1.863s] -- Symlinking: /home/aisd/RL_lab5/create3_ws/install/irobot_create_description/share/irobot_create_description//urdf/caster.urdf.xacro
[1.877s] -- Symlinking: /home/aisd/RL_lab5/create3_ws/install/irobot_create_description/share/irobot_create_description//urdf/common_properties.urdf.xacro
[1.891s] -- Symlinking: /home/aisd/RL_lab5/create3_ws/install/irobot_create_description/share/irobot_create_description//urdf/create3.urdf.xacro
[1.917s] -- Symlinking: /home/aisd/RL_lab5/create3_ws/install/irobot_create_description/share/irobot_create_description//urdf/dock/ir_emitter.urdf.xacro
[1.939s] -- Symlinking: /home/aisd/RL_lab5/create3_ws/install/irobot_create_description/share/irobot_create_description//urdf/dock/standard_dock.urdf.xacro
[1.956s] -- Symlinking: /home/aisd/RL_lab5/create3_ws/install/irobot_create_description/share/irobot_create_description//urdf/sensors/cliff_sensor.urdf.xacro
[1.972s] -- Symlinking: /home/aisd/RL_lab5/create3_ws/install/irobot_create_description/share/irobot_create_description//urdf/sensors/imu.urdf.xacro
[1.988s] -- Symlinking: /home/aisd/RL_lab5/create3_ws/install/irobot_create_description/share/irobot_create_description//urdf/sensors/ir_intensity.urdf.xacro
[2.008s] -- Symlinking: /home/aisd/RL_lab5/create3_ws/install/irobot_create_description/share/irobot_create_description//urdf/sensors/ir_opcode_receivers.urdf.xacro
[2.030s] -- Symlinking: /home/aisd/RL_lab5/create3_ws/install/irobot_create_description/share/irobot_create_description//urdf/sensors/optical_mouse.urdf.xacro
[2.050s] -- Symlinking: /home/aisd/RL_lab5/create3_ws/install/irobot_create_description/share/irobot_create_description//urdf/wheel.urdf.xacro
[2.066s] -- Symlinking: /home/aisd/RL_lab5/create3_ws/install/irobot_create_description/share/irobot_create_description//urdf/wheel_drop.urdf.xacro
[2.081s] -- Symlinking: /home/aisd/RL_lab5/create3_ws/install/irobot_create_description/share/irobot_create_description//urdf/wheel_with_wheeldrop.urdf.xacro
[2.103s] -- Symlinking: /home/aisd/RL_lab5/create3_ws/install/irobot_create_description/share/ament_index/resource_index/package_run_dependencies/irobot_create_description
[2.119s] -- Symlinking: /home/aisd/RL_lab5/create3_ws/install/irobot_create_description/share/ament_index/resource_index/parent_prefix_path/irobot_create_description
[2.136s] -- Symlinking: /home/aisd/RL_lab5/create3_ws/install/irobot_create_description/share/irobot_create_description/environment/ament_prefix_path.sh
[2.154s] -- Symlinking: /home/aisd/RL_lab5/create3_ws/install/irobot_create_description/share/irobot_create_description/environment/ament_prefix_path.dsv
[2.168s] -- Symlinking: /home/aisd/RL_lab5/create3_ws/install/irobot_create_description/share/irobot_create_description/environment/path.sh
[2.179s] -- Symlinking: /home/aisd/RL_lab5/create3_ws/install/irobot_create_description/share/irobot_create_description/environment/path.dsv
[2.190s] -- Symlinking: /home/aisd/RL_lab5/create3_ws/install/irobot_create_description/share/irobot_create_description/local_setup.bash
[2.208s] -- Symlinking: /home/aisd/RL_lab5/create3_ws/install/irobot_create_description/share/irobot_create_description/local_setup.sh
[2.231s] -- Symlinking: /home/aisd/RL_lab5/create3_ws/install/irobot_create_description/share/irobot_create_description/local_setup.zsh
[2.245s] -- Symlinking: /home/aisd/RL_lab5/create3_ws/install/irobot_create_description/share/irobot_create_description/local_setup.dsv
[2.260s] -- Symlinking: /home/aisd/RL_lab5/create3_ws/install/irobot_create_description/share/irobot_create_description/package.dsv
[2.275s] -- Symlinking: /home/aisd/RL_lab5/create3_ws/install/irobot_create_description/share/ament_index/resource_index/packages/irobot_create_description
[2.289s] -- Symlinking: /home/aisd/RL_lab5/create3_ws/install/irobot_create_description/share/irobot_create_description/cmake/irobot_create_descriptionConfig.cmake
[2.305s] -- Symlinking: /home/aisd/RL_lab5/create3_ws/install/irobot_create_description/share/irobot_create_description/cmake/irobot_create_descriptionConfig-version.cmake
[2.324s] -- Symlinking: /home/aisd/RL_lab5/create3_ws/install/irobot_create_description/share/irobot_create_description/package.xml
[2.343s] Invoked command in '/home/aisd/RL_lab5/create3_ws/build/irobot_create_description' returned '0': CMAKE_PREFIX_PATH=${CMAKE_PREFIX_PATH}:/opt/ros/humble /usr/bin/cmake --install /home/aisd/RL_lab5/create3_ws/build/irobot_create_description
