[0.042s] Invoking command in '/home/aisd/RL_lab5/create3_ws/build/irobot_create_description': CMAKE_PREFIX_PATH=${CMAKE_PREFIX_PATH}:/opt/ros/humble /usr/bin/cmake --build /home/aisd/RL_lab5/create3_ws/build/irobot_create_description -- -j4 -l4
[0.160s] Invoked command in '/home/aisd/RL_lab5/create3_ws/build/irobot_create_description' returned '0': CMAKE_PREFIX_PATH=${CMAKE_PREFIX_PATH}:/opt/ros/humble /usr/bin/cmake --build /home/aisd/RL_lab5/create3_ws/build/irobot_create_description -- -j4 -l4
[0.161s] Invoking command in '/home/aisd/RL_lab5/create3_ws/build/irobot_create_description': CMAKE_PREFIX_PATH=${CMAKE_PREFIX_PATH}:/opt/ros/humble /usr/bin/cmake --install /home/aisd/RL_lab5/create3_ws/build/irobot_create_description
[0.183s] -- Install configuration: ""
[0.191s] -- Execute custom install script
[0.191s] -- Up-to-date symlink: /home/aisd/RL_lab5/create3_ws/install/irobot_create_description/share/irobot_create_description//meshes/body_visual.dae
[0.192s] -- Up-to-date symlink: /home/aisd/RL_lab5/create3_ws/install/irobot_create_description/share/irobot_create_description//meshes/bumper_collision.dae
[0.192s] -- Up-to-date symlink: /home/aisd/RL_lab5/create3_ws/install/irobot_create_description/share/irobot_create_description//meshes/bumper_visual.dae
[0.192s] -- Up-to-date symlink: /home/aisd/RL_lab5/create3_ws/install/irobot_create_description/share/irobot_create_description//meshes/dock/visual.dae
[0.192s] -- Up-to-date symlink: /home/aisd/RL_lab5/create3_ws/install/irobot_create_description/share/irobot_create_description//urdf/bumper.urdf.xacro
[0.193s] -- Up-to-date symlink: /home/aisd/RL_lab5/create3_ws/install/irobot_create_description/share/irobot_create_description//urdf/button.urdf.xacro
[0.193s] -- Up-to-date symlink: /home/aisd/RL_lab5/create3_ws/install/irobot_create_description/share/irobot_create_description//urdf/camera.urdf.xacro
[0.193s] -- Up-to-date symlink: /home/aisd/RL_lab5/create3_ws/install/irobot_create_description/share/irobot_create_description//urdf/caster.urdf.xacro
[0.193s] -- Up-to-date symlink: /home/aisd/RL_lab5/create3_ws/install/irobot_create_description/share/irobot_create_description//urdf/common_properties.urdf.xacro
[0.194s] -- Up-to-date symlink: /home/aisd/RL_lab5/create3_ws/install/irobot_create_description/share/irobot_create_description//urdf/create3.urdf.xacro
[0.194s] -- Up-to-date symlink: /home/aisd/RL_lab5/create3_ws/install/irobot_create_description/share/irobot_create_description//urdf/dock/ir_emitter.urdf.xacro
[0.195s] -- Up-to-date symlink: /home/aisd/RL_lab5/create3_ws/install/irobot_create_description/share/irobot_create_description//urdf/dock/standard_dock.urdf.xacro
[0.196s] -- Up-to-date symlink: /home/aisd/RL_lab5/create3_ws/install/irobot_create_description/share/irobot_create_description//urdf/sensors/cliff_sensor.urdf.xacro
[0.196s] -- Up-to-date symlink: /home/aisd/RL_lab5/create3_ws/install/irobot_create_description/share/irobot_create_description//urdf/sensors/imu.urdf.xacro
[0.196s] -- Up-to-date symlink: /home/aisd/RL_lab5/create3_ws/install/irobot_create_description/share/irobot_create_description//urdf/sensors/ir_intensity.urdf.xacro
[0.196s] -- Up-to-date symlink: /home/aisd/RL_lab5/create3_ws/install/irobot_create_description/share/irobot_create_description//urdf/sensors/ir_opcode_receivers.urdf.xacro
[0.220s] -- Up-to-date symlink: /home/aisd/RL_lab5/create3_ws/install/irobot_create_description/share/irobot_create_description//urdf/sensors/optical_mouse.urdf.xacro
[0.221s] -- Up-to-date symlink: /home/aisd/RL_lab5/create3_ws/install/irobot_create_description/share/irobot_create_description//urdf/wheel.urdf.xacro
[0.221s] -- Up-to-date symlink: /home/aisd/RL_lab5/create3_ws/install/irobot_create_description/share/irobot_create_description//urdf/wheel_drop.urdf.xacro
[0.221s] -- Up-to-date symlink: /home/aisd/RL_lab5/create3_ws/install/irobot_create_description/share/irobot_create_description//urdf/wheel_with_wheeldrop.urdf.xacro
[0.221s] -- Up-to-date symlink: /home/aisd/RL_lab5/create3_ws/install/irobot_create_description/share/ament_index/resource_index/package_run_dependencies/irobot_create_description
[0.222s] -- Up-to-date symlink: /home/aisd/RL_lab5/create3_ws/install/irobot_create_description/share/ament_index/resource_index/parent_prefix_path/irobot_create_description
[0.222s] -- Up-to-date symlink: /home/aisd/RL_lab5/create3_ws/install/irobot_create_description/share/irobot_create_description/environment/ament_prefix_path.sh
[0.222s] -- Up-to-date symlink: /home/aisd/RL_lab5/create3_ws/install/irobot_create_description/share/irobot_create_description/environment/ament_prefix_path.dsv
[0.222s] -- Up-to-date symlink: /home/aisd/RL_lab5/create3_ws/install/irobot_create_description/share/irobot_create_description/environment/path.sh
[0.222s] -- Up-to-date symlink: /home/aisd/RL_lab5/create3_ws/install/irobot_create_description/share/irobot_create_description/environment/path.dsv
[0.223s] -- Up-to-date symlink: /home/aisd/RL_lab5/create3_ws/install/irobot_create_description/share/irobot_create_description/local_setup.bash
[0.227s] -- Up-to-date symlink: /home/aisd/RL_lab5/create3_ws/install/irobot_create_description/share/irobot_create_description/local_setup.sh
[0.227s] -- Up-to-date symlink: /home/aisd/RL_lab5/create3_ws/install/irobot_create_description/share/irobot_create_description/local_setup.zsh
[0.229s] -- Up-to-date symlink: /home/aisd/RL_lab5/create3_ws/install/irobot_create_description/share/irobot_create_description/local_setup.dsv
[0.236s] -- Symlinking: /home/aisd/RL_lab5/create3_ws/install/irobot_create_description/share/irobot_create_description/package.dsv
[0.244s] -- Up-to-date symlink: /home/aisd/RL_lab5/create3_ws/install/irobot_create_description/share/ament_index/resource_index/packages/irobot_create_description
[0.245s] -- Up-to-date symlink: /home/aisd/RL_lab5/create3_ws/install/irobot_create_description/share/irobot_create_description/cmake/irobot_create_descriptionConfig.cmake
[0.249s] -- Up-to-date symlink: /home/aisd/RL_lab5/create3_ws/install/irobot_create_description/share/irobot_create_description/cmake/irobot_create_descriptionConfig-version.cmake
[0.250s] -- Up-to-date symlink: /home/aisd/RL_lab5/create3_ws/install/irobot_create_description/share/irobot_create_description/package.xml
[0.315s] Invoked command in '/home/aisd/RL_lab5/create3_ws/build/irobot_create_description' returned '0': CMAKE_PREFIX_PATH=${CMAKE_PREFIX_PATH}:/opt/ros/humble /usr/bin/cmake --install /home/aisd/RL_lab5/create3_ws/build/irobot_create_description
