[0.132s] Invoking command in '/home/aisd/RL_lab5/build/irobot_create_ignition_plugins': CMAKE_PREFIX_PATH=${CMAKE_PREFIX_PATH}:/opt/ros/humble /usr/bin/cmake --build /home/aisd/RL_lab5/build/irobot_create_ignition_plugins -- -j4 -l4
[0.304s] [ 16%] [34m[1mAutomatic MOC for target Create3Hmi[0m
[0.375s] [ 16%] Built target Create3Hmi_autogen
[0.411s] [35m[1mConsolidate compiler generated dependencies of target Create3Hmi[0m
[0.494s] [100%] Built target Create3Hmi
[0.532s] Invoked command in '/home/aisd/RL_lab5/build/irobot_create_ignition_plugins' returned '0': CMAKE_PREFIX_PATH=${CMAKE_PREFIX_PATH}:/opt/ros/humble /usr/bin/cmake --build /home/aisd/RL_lab5/build/irobot_create_ignition_plugins -- -j4 -l4
[0.535s] Invoking command in '/home/aisd/RL_lab5/build/irobot_create_ignition_plugins': CMAKE_PREFIX_PATH=${CMAKE_PREFIX_PATH}:/opt/ros/humble /usr/bin/cmake --install /home/aisd/RL_lab5/build/irobot_create_ignition_plugins
[0.641s] -- Install configuration: ""
[0.641s] -- Up-to-date: /home/aisd/RL_lab5/install/irobot_create_ignition_plugins/share/ament_index/resource_index/package_run_dependencies/irobot_create_ignition_plugins
[0.642s] -- Up-to-date: /home/aisd/RL_lab5/install/irobot_create_ignition_plugins/share/ament_index/resource_index/parent_prefix_path/irobot_create_ignition_plugins
[0.642s] -- Up-to-date: /home/aisd/RL_lab5/install/irobot_create_ignition_plugins/share/irobot_create_ignition_plugins/environment/ament_prefix_path.sh
[0.643s] -- Up-to-date: /home/aisd/RL_lab5/install/irobot_create_ignition_plugins/share/irobot_create_ignition_plugins/environment/ament_prefix_path.dsv
[0.643s] -- Up-to-date: /home/aisd/RL_lab5/install/irobot_create_ignition_plugins/share/irobot_create_ignition_plugins/environment/path.sh
[0.643s] -- Up-to-date: /home/aisd/RL_lab5/install/irobot_create_ignition_plugins/share/irobot_create_ignition_plugins/environment/path.dsv
[0.643s] -- Up-to-date: /home/aisd/RL_lab5/install/irobot_create_ignition_plugins/share/irobot_create_ignition_plugins/local_setup.bash
[0.643s] -- Up-to-date: /home/aisd/RL_lab5/install/irobot_create_ignition_plugins/share/irobot_create_ignition_plugins/local_setup.sh
[0.644s] -- Up-to-date: /home/aisd/RL_lab5/install/irobot_create_ignition_plugins/share/irobot_create_ignition_plugins/local_setup.zsh
[0.644s] -- Up-to-date: /home/aisd/RL_lab5/install/irobot_create_ignition_plugins/share/irobot_create_ignition_plugins/local_setup.dsv
[0.644s] -- Installing: /home/aisd/RL_lab5/install/irobot_create_ignition_plugins/share/irobot_create_ignition_plugins/package.dsv
[0.644s] -- Up-to-date: /home/aisd/RL_lab5/install/irobot_create_ignition_plugins/share/ament_index/resource_index/packages/irobot_create_ignition_plugins
[0.644s] -- Up-to-date: /home/aisd/RL_lab5/install/irobot_create_ignition_plugins/share/irobot_create_ignition_plugins/cmake/irobot_create_ignition_pluginsConfig.cmake
[0.644s] -- Up-to-date: /home/aisd/RL_lab5/install/irobot_create_ignition_plugins/share/irobot_create_ignition_plugins/cmake/irobot_create_ignition_pluginsConfig-version.cmake
[0.644s] -- Up-to-date: /home/aisd/RL_lab5/install/irobot_create_ignition_plugins/share/irobot_create_ignition_plugins/package.xml
[0.671s] -- Up-to-date: /home/aisd/RL_lab5/install/irobot_create_ignition_plugins/share/irobot_create_ignition_plugins/lib/libCreate3Hmi.so
[0.675s] Invoked command in '/home/aisd/RL_lab5/build/irobot_create_ignition_plugins' returned '0': CMAKE_PREFIX_PATH=${CMAKE_PREFIX_PATH}:/opt/ros/humble /usr/bin/cmake --install /home/aisd/RL_lab5/build/irobot_create_ignition_plugins
