[0.035s] Invoking command in '/home/aisd/RL_lab5/build/irobot_create_nodes': CMAKE_PREFIX_PATH=/home/aisd/RL_lab5/install/irobot_create_toolbox:/home/aisd/RL_lab5/install/irobot_create_ignition_sim:/home/aisd/RL_lab5/install/irobot_create_ignition_bringup:/home/aisd/RL_lab5/install/irobot_create_gazebo_sim:/home/aisd/RL_lab5/install/irobot_create_gazebo_bringup:/home/aisd/RL_lab5/install/irobot_create_common_bringup:/home/aisd/RL_lab5/install/irobot_create_nodes:/home/aisd/RL_lab5/install/irobot_create_ignition_toolbox:/home/aisd/RL_lab5/install/irobot_create_gazebo_plugins:/home/aisd/RL_lab5/install/irobot_create_ignition_plugins:/home/aisd/RL_lab5/install/irobot_create_description:/home/aisd/RL_lab5/install/irobot_create_control:/home/aisd/RL_lab5/install/aws_robomaker_small_house_world:/opt/ros/humble LD_LIBRARY_PATH=/home/aisd/RL_lab5/install/irobot_create_toolbox/lib:/home/aisd/RL_lab5/install/irobot_create_nodes/lib:/home/aisd/RL_lab5/install/irobot_create_ignition_toolbox/lib:/home/aisd/RL_lab5/install/irobot_create_gazebo_plugins/lib:/usr/lib/x86_64-linux-gnu/gazebo-11/plugins:/opt/ros/humble/opt/rviz_ogre_vendor/lib:/opt/ros/humble/lib/x86_64-linux-gnu:/opt/ros/humble/lib /usr/bin/cmake --build /home/aisd/RL_lab5/build/irobot_create_nodes -- -j4 -l4
[0.363s] [35m[1mConsolidate compiler generated dependencies of target hazard_publisher_lib[0m
[0.363s] [35m[1mConsolidate compiler generated dependencies of target hazards_vector_publisher[0m
[0.364s] [  5%] Built target hazards_vector_publisher
[0.364s] [ 10%] Built target hazard_publisher_lib
[0.364s] [35m[1mConsolidate compiler generated dependencies of target ir_intensity_vector_publisher[0m
[0.375s] [35m[1mConsolidate compiler generated dependencies of target motion_control_lib[0m
[0.377s] [ 16%] Built target ir_intensity_vector_publisher
[0.444s] [35m[1mConsolidate compiler generated dependencies of target motion_control[0m
[0.502s] [ 35%] Built target motion_control_lib
[0.518s] [ 40%] Built target motion_control
[0.560s] [35m[1mConsolidate compiler generated dependencies of target wheel_status_publisher[0m
[0.590s] [35m[1mConsolidate compiler generated dependencies of target wheel_status_publisher_lib[0m
[0.652s] [ 45%] Built target wheel_status_publisher
[0.703s] [35m[1mConsolidate compiler generated dependencies of target robot_state_lib[0m
[0.716s] [ 51%] Built target wheel_status_publisher_lib
[0.776s] [35m[1mConsolidate compiler generated dependencies of target robot_state[0m
[0.793s] [ 56%] Built target robot_state_lib
[0.847s] [35m[1mConsolidate compiler generated dependencies of target ui_mgr_lib[0m
[0.856s] [ 62%] Built target robot_state
[0.926s] [35m[1mConsolidate compiler generated dependencies of target ui_mgr[0m
[0.943s] [ 67%] Built target ui_mgr_lib
[0.993s] [35m[1mConsolidate compiler generated dependencies of target mock_publisher_lib[0m
[1.027s] [ 72%] Built target ui_mgr
[1.078s] [ 78%] Built target mock_publisher_lib
[1.078s] [35m[1mConsolidate compiler generated dependencies of target mock_publisher[0m
[1.125s] [ 83%] Built target mock_publisher
[1.150s] [35m[1mConsolidate compiler generated dependencies of target kidnap_estimator_publisher[0m
[1.165s] [35m[1mConsolidate compiler generated dependencies of target kidnap_estimator_publisher_lib[0m
[1.189s] [ 89%] Built target kidnap_estimator_publisher
[1.208s] [ 94%] Built target kidnap_estimator_publisher_lib
[1.211s] [35m[1mConsolidate compiler generated dependencies of target ir_intensity_publisher_lib[0m
[1.248s] [100%] Built target ir_intensity_publisher_lib
[1.269s] Invoked command in '/home/aisd/RL_lab5/build/irobot_create_nodes' returned '0': CMAKE_PREFIX_PATH=/home/aisd/RL_lab5/install/irobot_create_toolbox:/home/aisd/RL_lab5/install/irobot_create_ignition_sim:/home/aisd/RL_lab5/install/irobot_create_ignition_bringup:/home/aisd/RL_lab5/install/irobot_create_gazebo_sim:/home/aisd/RL_lab5/install/irobot_create_gazebo_bringup:/home/aisd/RL_lab5/install/irobot_create_common_bringup:/home/aisd/RL_lab5/install/irobot_create_nodes:/home/aisd/RL_lab5/install/irobot_create_ignition_toolbox:/home/aisd/RL_lab5/install/irobot_create_gazebo_plugins:/home/aisd/RL_lab5/install/irobot_create_ignition_plugins:/home/aisd/RL_lab5/install/irobot_create_description:/home/aisd/RL_lab5/install/irobot_create_control:/home/aisd/RL_lab5/install/aws_robomaker_small_house_world:/opt/ros/humble LD_LIBRARY_PATH=/home/aisd/RL_lab5/install/irobot_create_toolbox/lib:/home/aisd/RL_lab5/install/irobot_create_nodes/lib:/home/aisd/RL_lab5/install/irobot_create_ignition_toolbox/lib:/home/aisd/RL_lab5/install/irobot_create_gazebo_plugins/lib:/usr/lib/x86_64-linux-gnu/gazebo-11/plugins:/opt/ros/humble/opt/rviz_ogre_vendor/lib:/opt/ros/humble/lib/x86_64-linux-gnu:/opt/ros/humble/lib /usr/bin/cmake --build /home/aisd/RL_lab5/build/irobot_create_nodes -- -j4 -l4
[1.270s] Invoking command in '/home/aisd/RL_lab5/build/irobot_create_nodes': CMAKE_PREFIX_PATH=/home/aisd/RL_lab5/install/irobot_create_toolbox:/home/aisd/RL_lab5/install/irobot_create_ignition_sim:/home/aisd/RL_lab5/install/irobot_create_ignition_bringup:/home/aisd/RL_lab5/install/irobot_create_gazebo_sim:/home/aisd/RL_lab5/install/irobot_create_gazebo_bringup:/home/aisd/RL_lab5/install/irobot_create_common_bringup:/home/aisd/RL_lab5/install/irobot_create_nodes:/home/aisd/RL_lab5/install/irobot_create_ignition_toolbox:/home/aisd/RL_lab5/install/irobot_create_gazebo_plugins:/home/aisd/RL_lab5/install/irobot_create_ignition_plugins:/home/aisd/RL_lab5/install/irobot_create_description:/home/aisd/RL_lab5/install/irobot_create_control:/home/aisd/RL_lab5/install/aws_robomaker_small_house_world:/opt/ros/humble LD_LIBRARY_PATH=/home/aisd/RL_lab5/install/irobot_create_toolbox/lib:/home/aisd/RL_lab5/install/irobot_create_nodes/lib:/home/aisd/RL_lab5/install/irobot_create_ignition_toolbox/lib:/home/aisd/RL_lab5/install/irobot_create_gazebo_plugins/lib:/usr/lib/x86_64-linux-gnu/gazebo-11/plugins:/opt/ros/humble/opt/rviz_ogre_vendor/lib:/opt/ros/humble/lib/x86_64-linux-gnu:/opt/ros/humble/lib /usr/bin/cmake --install /home/aisd/RL_lab5/build/irobot_create_nodes
[1.283s] -- Install configuration: ""
[1.283s] -- Up-to-date: /home/aisd/RL_lab5/install/irobot_create_nodes/lib/irobot_create_nodes/hazards_vector_publisher
[1.287s] -- Up-to-date: /home/aisd/RL_lab5/install/irobot_create_nodes/lib/irobot_create_nodes/ir_intensity_vector_publisher
[1.287s] -- Up-to-date: /home/aisd/RL_lab5/install/irobot_create_nodes/lib/irobot_create_nodes/motion_control
[1.289s] -- Up-to-date: /home/aisd/RL_lab5/install/irobot_create_nodes/lib/irobot_create_nodes/wheel_status_publisher
[1.290s] -- Up-to-date: /home/aisd/RL_lab5/install/irobot_create_nodes/lib/irobot_create_nodes/robot_state
[1.290s] -- Up-to-date: /home/aisd/RL_lab5/install/irobot_create_nodes/lib/irobot_create_nodes/ui_mgr
[1.291s] -- Up-to-date: /home/aisd/RL_lab5/install/irobot_create_nodes/lib/irobot_create_nodes/mock_publisher
[1.292s] -- Up-to-date: /home/aisd/RL_lab5/install/irobot_create_nodes/lib/irobot_create_nodes/kidnap_estimator_publisher
[1.292s] -- Up-to-date: /home/aisd/RL_lab5/install/irobot_create_nodes/lib/libhazard_publisher_lib.so
[1.292s] -- Up-to-date: /home/aisd/RL_lab5/install/irobot_create_nodes/lib/libir_intensity_publisher_lib.so
[1.293s] -- Up-to-date: /home/aisd/RL_lab5/install/irobot_create_nodes/lib/libmotion_control_lib.so
[1.293s] -- Up-to-date: /home/aisd/RL_lab5/install/irobot_create_nodes/lib/libwheel_status_publisher_lib.so
[1.294s] -- Up-to-date: /home/aisd/RL_lab5/install/irobot_create_nodes/lib/librobot_state_lib.so
[1.295s] -- Up-to-date: /home/aisd/RL_lab5/install/irobot_create_nodes/lib/libui_mgr_lib.so
[1.295s] -- Up-to-date: /home/aisd/RL_lab5/install/irobot_create_nodes/lib/libmock_publisher_lib.so
[1.297s] -- Up-to-date: /home/aisd/RL_lab5/install/irobot_create_nodes/lib/libkidnap_estimator_publisher_lib.so
[1.298s] -- Up-to-date: /home/aisd/RL_lab5/install/irobot_create_nodes/include
[1.298s] -- Up-to-date: /home/aisd/RL_lab5/install/irobot_create_nodes/include/irobot_create_nodes
[1.299s] -- Up-to-date: /home/aisd/RL_lab5/install/irobot_create_nodes/include/irobot_create_nodes/motion_control_node.hpp
[1.300s] -- Up-to-date: /home/aisd/RL_lab5/install/irobot_create_nodes/include/irobot_create_nodes/robot_state.hpp
[1.300s] -- Up-to-date: /home/aisd/RL_lab5/install/irobot_create_nodes/include/irobot_create_nodes/ir_intensity_vector_publisher.hpp
[1.300s] -- Up-to-date: /home/aisd/RL_lab5/install/irobot_create_nodes/include/irobot_create_nodes/hazards_vector_publisher.hpp
[1.300s] -- Up-to-date: /home/aisd/RL_lab5/install/irobot_create_nodes/include/irobot_create_nodes/kidnap_estimator_publisher.hpp
[1.301s] -- Up-to-date: /home/aisd/RL_lab5/install/irobot_create_nodes/include/irobot_create_nodes/wheels_publisher.hpp
[1.301s] -- Up-to-date: /home/aisd/RL_lab5/install/irobot_create_nodes/include/irobot_create_nodes/motion_control
[1.302s] -- Up-to-date: /home/aisd/RL_lab5/install/irobot_create_nodes/include/irobot_create_nodes/motion_control/wall_follow_states.hpp
[1.302s] -- Up-to-date: /home/aisd/RL_lab5/install/irobot_create_nodes/include/irobot_create_nodes/motion_control/simple_goal_controller.hpp
[1.302s] -- Up-to-date: /home/aisd/RL_lab5/install/irobot_create_nodes/include/irobot_create_nodes/motion_control/reflex_behavior.hpp
[1.303s] -- Up-to-date: /home/aisd/RL_lab5/install/irobot_create_nodes/include/irobot_create_nodes/motion_control/behaviors_scheduler.hpp
[1.303s] -- Up-to-date: /home/aisd/RL_lab5/install/irobot_create_nodes/include/irobot_create_nodes/motion_control/wall_follow_behavior.hpp
[1.303s] -- Up-to-date: /home/aisd/RL_lab5/install/irobot_create_nodes/include/irobot_create_nodes/motion_control/drive_goal_behaviors.hpp
[1.303s] -- Up-to-date: /home/aisd/RL_lab5/install/irobot_create_nodes/include/irobot_create_nodes/motion_control/docking_behavior.hpp
[1.304s] -- Up-to-date: /home/aisd/RL_lab5/install/irobot_create_nodes/include/irobot_create_nodes/ui_mgr.hpp
[1.304s] -- Up-to-date: /home/aisd/RL_lab5/install/irobot_create_nodes/include/irobot_create_nodes/mock_publisher.hpp
[1.304s] -- Up-to-date: /home/aisd/RL_lab5/install/irobot_create_nodes/share/irobot_create_nodes/environment/library_path.sh
[1.304s] -- Up-to-date: /home/aisd/RL_lab5/install/irobot_create_nodes/share/irobot_create_nodes/environment/library_path.dsv
[1.305s] -- Up-to-date: /home/aisd/RL_lab5/install/irobot_create_nodes/share/ament_index/resource_index/package_run_dependencies/irobot_create_nodes
[1.305s] -- Up-to-date: /home/aisd/RL_lab5/install/irobot_create_nodes/share/ament_index/resource_index/parent_prefix_path/irobot_create_nodes
[1.305s] -- Up-to-date: /home/aisd/RL_lab5/install/irobot_create_nodes/share/irobot_create_nodes/environment/ament_prefix_path.sh
[1.305s] -- Up-to-date: /home/aisd/RL_lab5/install/irobot_create_nodes/share/irobot_create_nodes/environment/ament_prefix_path.dsv
[1.305s] -- Up-to-date: /home/aisd/RL_lab5/install/irobot_create_nodes/share/irobot_create_nodes/environment/path.sh
[1.306s] -- Up-to-date: /home/aisd/RL_lab5/install/irobot_create_nodes/share/irobot_create_nodes/environment/path.dsv
[1.306s] -- Up-to-date: /home/aisd/RL_lab5/install/irobot_create_nodes/share/irobot_create_nodes/local_setup.bash
[1.307s] -- Up-to-date: /home/aisd/RL_lab5/install/irobot_create_nodes/share/irobot_create_nodes/local_setup.sh
[1.307s] -- Up-to-date: /home/aisd/RL_lab5/install/irobot_create_nodes/share/irobot_create_nodes/local_setup.zsh
[1.307s] -- Up-to-date: /home/aisd/RL_lab5/install/irobot_create_nodes/share/irobot_create_nodes/local_setup.dsv
[1.308s] -- Installing: /home/aisd/RL_lab5/install/irobot_create_nodes/share/irobot_create_nodes/package.dsv
[1.308s] -- Up-to-date: /home/aisd/RL_lab5/install/irobot_create_nodes/share/ament_index/resource_index/packages/irobot_create_nodes
[1.308s] -- Up-to-date: /home/aisd/RL_lab5/install/irobot_create_nodes/share/ament_index/resource_index/rclcpp_components/irobot_create_nodes
[1.308s] -- Up-to-date: /home/aisd/RL_lab5/install/irobot_create_nodes/share/irobot_create_nodes/cmake/ament_cmake_export_include_directories-extras.cmake
[1.308s] -- Up-to-date: /home/aisd/RL_lab5/install/irobot_create_nodes/share/irobot_create_nodes/cmake/ament_cmake_export_libraries-extras.cmake
[1.308s] -- Up-to-date: /home/aisd/RL_lab5/install/irobot_create_nodes/share/irobot_create_nodes/cmake/ament_cmake_export_dependencies-extras.cmake
[1.309s] -- Up-to-date: /home/aisd/RL_lab5/install/irobot_create_nodes/share/irobot_create_nodes/cmake/irobot_create_nodesConfig.cmake
[1.309s] -- Up-to-date: /home/aisd/RL_lab5/install/irobot_create_nodes/share/irobot_create_nodes/cmake/irobot_create_nodesConfig-version.cmake
[1.309s] -- Up-to-date: /home/aisd/RL_lab5/install/irobot_create_nodes/share/irobot_create_nodes/package.xml
[1.319s] Invoked command in '/home/aisd/RL_lab5/build/irobot_create_nodes' returned '0': CMAKE_PREFIX_PATH=/home/aisd/RL_lab5/install/irobot_create_toolbox:/home/aisd/RL_lab5/install/irobot_create_ignition_sim:/home/aisd/RL_lab5/install/irobot_create_ignition_bringup:/home/aisd/RL_lab5/install/irobot_create_gazebo_sim:/home/aisd/RL_lab5/install/irobot_create_gazebo_bringup:/home/aisd/RL_lab5/install/irobot_create_common_bringup:/home/aisd/RL_lab5/install/irobot_create_nodes:/home/aisd/RL_lab5/install/irobot_create_ignition_toolbox:/home/aisd/RL_lab5/install/irobot_create_gazebo_plugins:/home/aisd/RL_lab5/install/irobot_create_ignition_plugins:/home/aisd/RL_lab5/install/irobot_create_description:/home/aisd/RL_lab5/install/irobot_create_control:/home/aisd/RL_lab5/install/aws_robomaker_small_house_world:/opt/ros/humble LD_LIBRARY_PATH=/home/aisd/RL_lab5/install/irobot_create_toolbox/lib:/home/aisd/RL_lab5/install/irobot_create_nodes/lib:/home/aisd/RL_lab5/install/irobot_create_ignition_toolbox/lib:/home/aisd/RL_lab5/install/irobot_create_gazebo_plugins/lib:/usr/lib/x86_64-linux-gnu/gazebo-11/plugins:/opt/ros/humble/opt/rviz_ogre_vendor/lib:/opt/ros/humble/lib/x86_64-linux-gnu:/opt/ros/humble/lib /usr/bin/cmake --install /home/aisd/RL_lab5/build/irobot_create_nodes
